/var/spool/slurmd/job729307/slurm_script: line 12: $'\302\240': command not found
train_start          : 2012-01-01
train_end            : 2014-12-17
v_batch_size         : 32
h_batch_size         : 256
num_workers          : 4
time_covariates      : True
one_hot_id           : False
num_layers           : 5
kernel_size          : 7
res_block_size       : 32
bias                 : True
epochs               : 500
lr                   : 0.0005
dropout              : 0.0
stride               : 1
leveledinit          : True
clip                 : False
num_rolling_periods  : 7
length_rolling       : 24
model_save_path      : electricity/models/tcn_random.pt
writer_path          : electricity/runs/tcn_random
log_interval         : 5
print                : False
cuda:0
Creating dataset.
Receptive field of the model is 385 time points.
Train dataset
Dimension of X :  torch.Size([370, 8, 25944])
Dimension of Y :  torch.Size([370, 1, 25944])
Test dataset
Dimension of X :  torch.Size([370, 8, 576])
Dimension of Y :  torch.Size([370, 1, 576])
Number of learnable parameters : 67508
Shape of input and putput: 
torch.Size([32, 8, 256])
torch.Size([32, 1, 256])
Test set:
Loss: 6.022482
WAPE: 0.499074
MAPE: 5.178826
SMAPE: 0.573724
MAE: 0.248964
RMSE: 0.287823
Finished Training
