/var/spool/slurmd/job732483/slurm_script: line 12: $'\302\240': command not found
train_start          : 2012-01-01
train_end            : 2014-12-16
v_batch_size         : 32
h_batch_size         : 256
num_workers          : 4
time_covariates      : True
one_hot_id           : False
num_layers           : 5
kernel_size          : 7
res_block_size       : 32
bias                 : True
epochs               : 300
lr                   : 0.0005
dropout              : 0.2
stride               : 1
tenacity             : 7
leveledinit          : False
clip                 : True
num_rolling_periods  : 7
length_rolling       : 24
model_save_path      : electricity_dglo_data/models/tcn_tc_no_stop.pt
writer_path          : electricity_dglo_data/runs/tcn_tc_no_stop
log_interval         : 500
print                : True
cuda:0
Creating dataset.
Receptive field of the model is 385 time points.
Train dataset
Dimension of X :  torch.Size([370, 8, 25944])
Dimension of Y :  torch.Size([370, 1, 25944])
Test dataset
Dimension of X :  torch.Size([370, 8, 576])
Dimension of Y :  torch.Size([370, 1, 576])
25944
576
Number of learnable parameters : 67508
Train Epoch:  1[ 16000/ 37497(43%)]	Learning rate: 0.0005	Loss: 0.024963
Train Epoch:  1[ 32000/ 37497(85%)]	Learning rate: 0.0005	Loss: 0.019550
Test set metrics:
Loss: 6.128459
WAPE: 0.425644
MAPE: 1.415538
SMAPE: 0.614319
MAE: 910.021545
RMSE: 5922.296387
Train Epoch:  2[ 16000/ 37497(43%)]	Learning rate: 0.0005	Loss: 0.016165
Train Epoch:  2[ 32000/ 37497(85%)]	Learning rate: 0.0005	Loss: 0.014135
Test set metrics:
Loss: 4.606637
WAPE: 0.262122
MAPE: 1.450662
SMAPE: 0.495561
MAE: 560.413757
RMSE: 2627.098389
Train Epoch:  3[ 16000/ 37497(43%)]	Learning rate: 0.0005	Loss: 0.010582
Train Epoch:  3[ 32000/ 37497(85%)]	Learning rate: 0.0005	Loss: 0.008344
Test set metrics:
Loss: 3.867753
WAPE: 0.196398
MAPE: 0.605946
SMAPE: 0.358763
MAE: 419.895813
RMSE: 2273.100098
Train Epoch:  4[ 16000/ 37497(43%)]	Learning rate: 0.0005	Loss: 0.007529
Train Epoch:  4[ 32000/ 37497(85%)]	Learning rate: 0.0005	Loss: 0.007233
Test set metrics:
Loss: 3.705967
WAPE: 0.192451
MAPE: 0.570558
SMAPE: 0.367759
MAE: 411.457825
RMSE: 2280.005859
Train Epoch:  5[ 16000/ 37497(43%)]	Learning rate: 0.0005	Loss: 0.006965
Train Epoch:  5[ 32000/ 37497(85%)]	Learning rate: 0.0005	Loss: 0.006793
Test set metrics:
Loss: 3.557681
WAPE: 0.184341
MAPE: 0.620493
SMAPE: 0.325511
MAE: 394.119263
RMSE: 2172.613281
Train Epoch:  6[ 16000/ 37497(43%)]	Learning rate: 0.0005	Loss: 0.006589
Train Epoch:  6[ 32000/ 37497(85%)]	Learning rate: 0.0005	Loss: 0.006493
Test set metrics:
Loss: 3.344589
WAPE: 0.162776
MAPE: 0.608832
SMAPE: 0.314247
MAE: 348.012390
RMSE: 1647.578613
Train Epoch:  7[ 16000/ 37497(43%)]	Learning rate: 0.0005	Loss: 0.006376
Train Epoch:  7[ 32000/ 37497(85%)]	Learning rate: 0.0005	Loss: 0.006256
Test set metrics:
Loss: 3.336666
WAPE: 0.171683
MAPE: 0.606090
SMAPE: 0.330874
MAE: 367.055939
RMSE: 2005.921509
Train Epoch:  8[ 16000/ 37497(43%)]	Learning rate: 0.0005	Loss: 0.006203
Train Epoch:  8[ 32000/ 37497(85%)]	Learning rate: 0.0005	Loss: 0.006146
Test set metrics:
Loss: 3.282742
WAPE: 0.150809
MAPE: 0.563569
SMAPE: 0.367802
MAE: 322.428253
RMSE: 1247.798950
Train Epoch:  9[ 16000/ 37497(43%)]	Learning rate: 0.0005	Loss: 0.006076
Train Epoch:  9[ 32000/ 37497(85%)]	Learning rate: 0.0005	Loss: 0.006006
Test set metrics:
Loss: 3.125333
WAPE: 0.142472
MAPE: 0.535937
SMAPE: 0.330110
MAE: 304.604248
RMSE: 1236.282715
Train Epoch: 10[ 16000/ 37497(43%)]	Learning rate: 0.0005	Loss: 0.005975
Train Epoch: 10[ 32000/ 37497(85%)]	Learning rate: 0.0005	Loss: 0.005910
Test set metrics:
Loss: 3.118446
WAPE: 0.145984
MAPE: 0.524802
SMAPE: 0.321269
MAE: 312.112976
RMSE: 1369.981934
Train Epoch: 11[ 16000/ 37497(43%)]	Learning rate: 0.0005	Loss: 0.005859
Train Epoch: 11[ 32000/ 37497(85%)]	Learning rate: 0.0005	Loss: 0.005812
Test set metrics:
Loss: 3.074560
WAPE: 0.153169
MAPE: 0.500406
SMAPE: 0.335747
MAE: 327.473480
RMSE: 1464.472656
Train Epoch: 12[ 16000/ 37497(43%)]	Learning rate: 0.0005	Loss: 0.005786
Train Epoch: 12[ 32000/ 37497(85%)]	Learning rate: 0.0005	Loss: 0.005728
Test set metrics:
Loss: 3.104575
WAPE: 0.155942
MAPE: 0.555987
SMAPE: 0.319235
MAE: 333.401764
RMSE: 1640.783081
Train Epoch: 13[ 16000/ 37497(43%)]	Learning rate: 0.0005	Loss: 0.005707
Train Epoch: 13[ 32000/ 37497(85%)]	Learning rate: 0.0005	Loss: 0.005673
Test set metrics:
Loss: 3.073857
WAPE: 0.153490
MAPE: 0.524688
SMAPE: 0.353131
MAE: 328.159790
RMSE: 1426.132080
Train Epoch: 14[ 16000/ 37497(43%)]	Learning rate: 0.0005	Loss: 0.005638
Train Epoch: 14[ 32000/ 37497(85%)]	Learning rate: 0.0005	Loss: 0.005628
Test set metrics:
Loss: 3.040710
WAPE: 0.149054
MAPE: 0.510429
SMAPE: 0.365997
MAE: 318.676483
RMSE: 1384.126709
Train Epoch: 15[ 16000/ 37497(43%)]	Learning rate: 0.0005	Loss: 0.005584
Train Epoch: 15[ 32000/ 37497(85%)]	Learning rate: 0.0005	Loss: 0.005572
Test set metrics:
Loss: 2.965294
WAPE: 0.147166
MAPE: 0.533019
SMAPE: 0.331780
MAE: 314.639465
RMSE: 1380.076782
Train Epoch: 16[ 16000/ 37497(43%)]	Learning rate: 0.0005	Loss: 0.005524
Train Epoch: 16[ 32000/ 37497(85%)]	Learning rate: 0.0005	Loss: 0.005523
Test set metrics:
Loss: 2.950682
WAPE: 0.142681
MAPE: 0.535710
SMAPE: 0.312908
MAE: 305.051117
RMSE: 1366.736938
Train Epoch: 17[ 16000/ 37497(43%)]	Learning rate: 0.0005	Loss: 0.005487
Train Epoch: 17[ 32000/ 37497(85%)]	Learning rate: 0.0005	Loss: 0.005465
Test set metrics:
Loss: 3.023512
WAPE: 0.146832
MAPE: 0.519797
SMAPE: 0.362101
MAE: 313.924286
RMSE: 1243.380127
Train Epoch: 18[ 16000/ 37497(43%)]	Learning rate: 0.0005	Loss: 0.005451
Train Epoch: 18[ 32000/ 37497(85%)]	Learning rate: 0.0005	Loss: 0.005432
Test set metrics:
Loss: 2.938864
WAPE: 0.134141
MAPE: 0.549444
SMAPE: 0.322595
MAE: 286.791321
RMSE: 1162.139893
Train Epoch: 19[ 16000/ 37497(43%)]	Learning rate: 0.0005	Loss: 0.005405
Train Epoch: 19[ 32000/ 37497(85%)]	Learning rate: 0.0005	Loss: 0.005380
Test set metrics:
Loss: 2.928603
WAPE: 0.140542
MAPE: 0.514983
SMAPE: 0.365803
MAE: 300.477142
RMSE: 1187.581055
Train Epoch: 20[ 16000/ 37497(43%)]	Learning rate: 0.0005	Loss: 0.005387
Train Epoch: 20[ 32000/ 37497(85%)]	Learning rate: 0.0005	Loss: 0.005363
Test set metrics:
Loss: 2.971782
WAPE: 0.140786
MAPE: 0.521587
SMAPE: 0.327970
MAE: 300.999390
RMSE: 1248.654663
Train Epoch: 21[ 16000/ 37497(43%)]	Learning rate: 0.0005	Loss: 0.005350
Train Epoch: 21[ 32000/ 37497(85%)]	Learning rate: 0.0005	Loss: 0.005323
Test set metrics:
Loss: 2.961144
WAPE: 0.138677
MAPE: 0.509213
SMAPE: 0.330673
MAE: 296.489990
RMSE: 1263.481567
Train Epoch: 22[ 16000/ 37497(43%)]	Learning rate: 0.0005	Loss: 0.005320
Train Epoch: 22[ 32000/ 37497(85%)]	Learning rate: 0.0005	Loss: 0.005305
Test set metrics:
Loss: 2.927858
WAPE: 0.138301
MAPE: 0.508898
SMAPE: 0.328867
MAE: 295.686554
RMSE: 1210.615601
Train Epoch: 23[ 16000/ 37497(43%)]	Learning rate: 0.0005	Loss: 0.005293
Train Epoch: 23[ 32000/ 37497(85%)]	Learning rate: 0.0005	Loss: 0.005278
Test set metrics:
Loss: 2.944479
WAPE: 0.139889
MAPE: 0.523788
SMAPE: 0.339318
MAE: 299.080444
RMSE: 1191.671753
Train Epoch: 24[ 16000/ 37497(43%)]	Learning rate: 0.0005	Loss: 0.005267
Train Epoch: 24[ 32000/ 37497(85%)]	Learning rate: 0.0005	Loss: 0.005245
Test set metrics:
Loss: 2.912429
WAPE: 0.139386
MAPE: 0.533119
SMAPE: 0.308922
MAE: 298.005737
RMSE: 1390.142334
Train Epoch: 25[ 16000/ 37497(43%)]	Learning rate: 0.0005	Loss: 0.005239
Train Epoch: 25[ 32000/ 37497(85%)]	Learning rate: 0.0005	Loss: 0.005231
Test set metrics:
Loss: 2.852201
WAPE: 0.131898
MAPE: 0.513736
SMAPE: 0.304707
MAE: 281.996002
RMSE: 1177.897217
Train Epoch: 26[ 16000/ 37497(43%)]	Learning rate: 0.0005	Loss: 0.005188
Train Epoch: 26[ 32000/ 37497(85%)]	Learning rate: 0.0005	Loss: 0.005206
Test set metrics:
Loss: 2.898231
WAPE: 0.134867
MAPE: 0.526257
SMAPE: 0.306321
MAE: 288.343597
RMSE: 1178.145508
Train Epoch: 27[ 16000/ 37497(43%)]	Learning rate: 0.0005	Loss: 0.005191
Train Epoch: 27[ 32000/ 37497(85%)]	Learning rate: 0.0005	Loss: 0.005178
Test set metrics:
Loss: 2.923166
WAPE: 0.139359
MAPE: 0.513422
SMAPE: 0.343011
MAE: 297.946899
RMSE: 1183.296875
Train Epoch: 28[ 16000/ 37497(43%)]	Learning rate: 0.0005	Loss: 0.005169
Train Epoch: 28[ 32000/ 37497(85%)]	Learning rate: 0.0005	Loss: 0.005173
Test set metrics:
Loss: 2.888514
WAPE: 0.138367
MAPE: 0.508238
SMAPE: 0.333408
MAE: 295.826996
RMSE: 1170.965088
Train Epoch: 29[ 16000/ 37497(43%)]	Learning rate: 0.0005	Loss: 0.005163
Train Epoch: 29[ 32000/ 37497(85%)]	Learning rate: 0.0005	Loss: 0.005133
Test set metrics:
Loss: 2.888909
WAPE: 0.131022
MAPE: 0.566734
SMAPE: 0.309184
MAE: 280.123230
RMSE: 1104.525879
Train Epoch: 30[ 16000/ 37497(43%)]	Learning rate: 0.0005	Loss: 0.005129
Train Epoch: 30[ 32000/ 37497(85%)]	Learning rate: 0.0005	Loss: 0.005122
Test set metrics:
Loss: 2.957147
WAPE: 0.141627
MAPE: 0.538232
SMAPE: 0.323923
MAE: 302.796173
RMSE: 1214.939575
Train Epoch: 31[ 16000/ 37497(43%)]	Learning rate: 0.0005	Loss: 0.005135
Train Epoch: 31[ 32000/ 37497(85%)]	Learning rate: 0.0005	Loss: 0.005094
Test set metrics:
Loss: 2.894305
WAPE: 0.135962
MAPE: 0.530670
SMAPE: 0.320388
MAE: 290.684357
RMSE: 1166.925537
Train Epoch: 32[ 16000/ 37497(43%)]	Learning rate: 0.0005	Loss: 0.005076
Train Epoch: 32[ 32000/ 37497(85%)]	Learning rate: 0.0005	Loss: 0.005099
Test set metrics:
Loss: 2.837302
WAPE: 0.129630
MAPE: 0.536909
SMAPE: 0.298911
MAE: 277.146790
RMSE: 1156.259399
Train Epoch: 33[ 16000/ 37497(43%)]	Learning rate: 0.0005	Loss: 0.005074
Train Epoch: 33[ 32000/ 37497(85%)]	Learning rate: 0.0005	Loss: 0.005081
Test set metrics:
Loss: 2.819688
WAPE: 0.132367
MAPE: 0.534438
SMAPE: 0.314518
MAE: 282.998444
RMSE: 1202.215454
Train Epoch: 34[ 16000/ 37497(43%)]	Learning rate: 0.0005	Loss: 0.005061
Train Epoch: 34[ 32000/ 37497(85%)]	Learning rate: 0.0005	Loss: 0.005063
Test set metrics:
Loss: 2.880470
WAPE: 0.136219
MAPE: 0.501922
SMAPE: 0.316674
MAE: 291.234863
RMSE: 1274.047974
Train Epoch: 35[ 16000/ 37497(43%)]	Learning rate: 0.0005	Loss: 0.005058
Train Epoch: 35[ 32000/ 37497(85%)]	Learning rate: 0.0005	Loss: 0.005045
Test set metrics:
Loss: 2.844866
WAPE: 0.129237
MAPE: 0.525899
SMAPE: 0.318932
MAE: 276.307587
RMSE: 1124.418457
Train Epoch: 36[ 16000/ 37497(43%)]	Learning rate: 0.0005	Loss: 0.005022
Train Epoch: 36[ 32000/ 37497(85%)]	Learning rate: 0.0005	Loss: 0.005045
Test set metrics:
Loss: 2.868878
WAPE: 0.131580
MAPE: 0.521033
SMAPE: 0.309354
MAE: 281.316101
RMSE: 1135.984497
Train Epoch: 37[ 16000/ 37497(43%)]	Learning rate: 0.0005	Loss: 0.005020
Train Epoch: 37[ 32000/ 37497(85%)]	Learning rate: 0.0005	Loss: 0.005006
Test set metrics:
Loss: 2.865501
WAPE: 0.132668
MAPE: 0.532703
SMAPE: 0.314056
MAE: 283.643127
RMSE: 1135.664551
Train Epoch: 38[ 16000/ 37497(43%)]	Learning rate: 0.0005	Loss: 0.005009
Train Epoch: 38[ 32000/ 37497(85%)]	Learning rate: 0.0005	Loss: 0.004986
Test set metrics:
Loss: 2.832491
WAPE: 0.127649
MAPE: 0.528488
SMAPE: 0.295028
MAE: 272.911316
RMSE: 1146.584351
Train Epoch: 39[ 16000/ 37497(43%)]	Learning rate: 0.0005	Loss: 0.005002
Train Epoch: 39[ 32000/ 37497(85%)]	Learning rate: 0.0005	Loss: 0.004998
Test set metrics:
Loss: 2.873101
WAPE: 0.133425
MAPE: 0.497225
SMAPE: 0.324701
MAE: 285.261749
RMSE: 1231.572021
Train Epoch: 40[ 16000/ 37497(43%)]	Learning rate: 0.0005	Loss: 0.004983
Train Epoch: 40[ 32000/ 37497(85%)]	Learning rate: 0.0005	Loss: 0.004970
Test set metrics:
Loss: 2.883538
WAPE: 0.132548
MAPE: 0.491053
SMAPE: 0.331023
MAE: 283.385437
RMSE: 1117.966064
Train Epoch: 41[ 16000/ 37497(43%)]	Learning rate: 0.0005	Loss: 0.004981
Train Epoch: 41[ 32000/ 37497(85%)]	Learning rate: 0.0005	Loss: 0.004962
Test set metrics:
Loss: 2.786239
WAPE: 0.128646
MAPE: 0.494332
SMAPE: 0.326786
MAE: 275.044006
RMSE: 1076.248047
Train Epoch: 42[ 16000/ 37497(43%)]	Learning rate: 0.0005	Loss: 0.004963
Train Epoch: 42[ 32000/ 37497(85%)]	Learning rate: 0.0005	Loss: 0.004937
Test set metrics:
Loss: 2.883570
WAPE: 0.136820
MAPE: 0.528537
SMAPE: 0.349515
MAE: 292.518677
RMSE: 1170.001099
Train Epoch: 43[ 16000/ 37497(43%)]	Learning rate: 0.0005	Loss: 0.004960
Train Epoch: 43[ 32000/ 37497(85%)]	Learning rate: 0.0005	Loss: 0.004945
Test set metrics:
Loss: 2.875326
WAPE: 0.133675
MAPE: 0.496362
SMAPE: 0.339270
MAE: 285.795746
RMSE: 1160.776245
Train Epoch: 44[ 16000/ 37497(43%)]	Learning rate: 0.0005	Loss: 0.004916
Train Epoch: 44[ 32000/ 37497(85%)]	Learning rate: 0.0005	Loss: 0.004921
Test set metrics:
Loss: 2.851406
WAPE: 0.131265
MAPE: 0.477537
SMAPE: 0.314139
MAE: 280.642059
RMSE: 1109.215698
Train Epoch: 45[ 16000/ 37497(43%)]	Learning rate: 0.0005	Loss: 0.004928
Train Epoch: 45[ 32000/ 37497(85%)]	Learning rate: 0.0005	Loss: 0.004920
Test set metrics:
Loss: 2.831310
WAPE: 0.131733
MAPE: 0.486444
SMAPE: 0.319317
MAE: 281.643127
RMSE: 1168.021484
Train Epoch: 46[ 16000/ 37497(43%)]	Learning rate: 0.0005	Loss: 0.004921
Train Epoch: 46[ 32000/ 37497(85%)]	Learning rate: 0.0005	Loss: 0.004903
Test set metrics:
Loss: 2.843243
WAPE: 0.129249
MAPE: 0.483992
SMAPE: 0.308024
MAE: 276.333862
RMSE: 1144.189209
Train Epoch: 47[ 16000/ 37497(43%)]	Learning rate: 0.0005	Loss: 0.004918
Train Epoch: 47[ 32000/ 37497(85%)]	Learning rate: 0.0005	Loss: 0.004905
Test set metrics:
Loss: 2.883549
WAPE: 0.133197
MAPE: 0.496942
SMAPE: 0.302392
MAE: 284.774658
RMSE: 1234.375366
Train Epoch: 48[ 16000/ 37497(43%)]	Learning rate: 0.0005	Loss: 0.004901
Train Epoch: 48[ 32000/ 37497(85%)]	Learning rate: 0.0005	Loss: 0.004887
Test set metrics:
Loss: 2.833865
WAPE: 0.131017
MAPE: 0.479725
SMAPE: 0.302958
MAE: 280.112518
RMSE: 1147.173218
Train Epoch: 49[ 16000/ 37497(43%)]	Learning rate: 0.0005	Loss: 0.004906
Train Epoch: 49[ 32000/ 37497(85%)]	Learning rate: 0.0005	Loss: 0.004864
Test set metrics:
Loss: 2.822508
WAPE: 0.130672
MAPE: 0.495384
SMAPE: 0.310115
MAE: 279.375610
RMSE: 1150.270020
Train Epoch: 50[ 16000/ 37497(43%)]	Learning rate: 0.0005	Loss: 0.004892
Train Epoch: 50[ 32000/ 37497(85%)]	Learning rate: 0.0005	Loss: 0.004872
Test set metrics:
Loss: 2.799280
WAPE: 0.126174
MAPE: 0.508815
SMAPE: 0.292283
MAE: 269.758118
RMSE: 1118.905273
Train Epoch: 51[ 16000/ 37497(43%)]	Learning rate: 0.0005	Loss: 0.004861
Train Epoch: 51[ 32000/ 37497(85%)]	Learning rate: 0.0005	Loss: 0.004875
Test set metrics:
Loss: 2.862248
WAPE: 0.130521
MAPE: 0.492832
SMAPE: 0.306895
MAE: 279.051880
RMSE: 1112.431641
Train Epoch: 52[ 16000/ 37497(43%)]	Learning rate: 0.0005	Loss: 0.004853
Train Epoch: 52[ 32000/ 37497(85%)]	Learning rate: 0.0005	Loss: 0.004868
Test set metrics:
Loss: 2.845643
WAPE: 0.132854
MAPE: 0.500725
SMAPE: 0.326299
MAE: 284.040192
RMSE: 1144.535034
Train Epoch: 53[ 16000/ 37497(43%)]	Learning rate: 0.0005	Loss: 0.004865
Train Epoch: 53[ 32000/ 37497(85%)]	Learning rate: 0.0005	Loss: 0.004855
Test set metrics:
Loss: 2.812184
WAPE: 0.128089
MAPE: 0.536817
SMAPE: 0.301451
MAE: 273.851715
RMSE: 1085.062012
Train Epoch: 54[ 16000/ 37497(43%)]	Learning rate: 0.0005	Loss: 0.004835
Train Epoch: 54[ 32000/ 37497(85%)]	Learning rate: 0.0005	Loss: 0.004847
Test set metrics:
Loss: 2.804053
WAPE: 0.128202
MAPE: 0.474468
SMAPE: 0.299341
MAE: 274.094574
RMSE: 1090.146851
Train Epoch: 55[ 16000/ 37497(43%)]	Learning rate: 0.0005	Loss: 0.004862
Train Epoch: 55[ 32000/ 37497(85%)]	Learning rate: 0.0005	Loss: 0.004856
Test set metrics:
Loss: 2.788485
WAPE: 0.127272
MAPE: 0.500423
SMAPE: 0.289184
MAE: 272.106903
RMSE: 1154.156982
Train Epoch: 56[ 16000/ 37497(43%)]	Learning rate: 0.0005	Loss: 0.004832
Train Epoch: 56[ 32000/ 37497(85%)]	Learning rate: 0.0005	Loss: 0.004839
Test set metrics:
Loss: 2.854634
WAPE: 0.133081
MAPE: 0.462103
SMAPE: 0.310642
MAE: 284.524872
RMSE: 1139.771240
Train Epoch: 57[ 16000/ 37497(43%)]	Learning rate: 0.0005	Loss: 0.004820
Train Epoch: 57[ 32000/ 37497(85%)]	Learning rate: 0.0005	Loss: 0.004831
Test set metrics:
Loss: 2.843302
WAPE: 0.131202
MAPE: 0.484029
SMAPE: 0.315715
MAE: 280.508453
RMSE: 1119.350464
Train Epoch: 58[ 16000/ 37497(43%)]	Learning rate: 0.0005	Loss: 0.004825
Train Epoch: 58[ 32000/ 37497(85%)]	Learning rate: 0.0005	Loss: 0.004836
Test set metrics:
Loss: 2.797683
WAPE: 0.128675
MAPE: 0.498288
SMAPE: 0.333708
MAE: 275.106628
RMSE: 1059.644775
Train Epoch: 59[ 16000/ 37497(43%)]	Learning rate: 0.0005	Loss: 0.004803
Train Epoch: 59[ 32000/ 37497(85%)]	Learning rate: 0.0005	Loss: 0.004835
Test set metrics:
Loss: 2.823288
WAPE: 0.129310
MAPE: 0.521133
SMAPE: 0.322084
MAE: 276.462646
RMSE: 1140.287598
Train Epoch: 60[ 16000/ 37497(43%)]	Learning rate: 0.0005	Loss: 0.004800
Train Epoch: 60[ 32000/ 37497(85%)]	Learning rate: 0.0005	Loss: 0.004811
Test set metrics:
Loss: 2.819504
WAPE: 0.131881
MAPE: 0.499128
SMAPE: 0.340297
MAE: 281.959320
RMSE: 1155.284668
Train Epoch: 61[ 16000/ 37497(43%)]	Learning rate: 0.0005	Loss: 0.004807
Train Epoch: 61[ 32000/ 37497(85%)]	Learning rate: 0.0005	Loss: 0.004786
Test set metrics:
Loss: 2.877892
WAPE: 0.135781
MAPE: 0.485698
SMAPE: 0.324934
MAE: 290.297272
RMSE: 1171.487549
Train Epoch: 62[ 16000/ 37497(43%)]	Learning rate: 0.0005	Loss: 0.004801
Train Epoch: 62[ 32000/ 37497(85%)]	Learning rate: 0.0005	Loss: 0.004812
Test set metrics:
Loss: 2.805425
WAPE: 0.126637
MAPE: 0.492248
SMAPE: 0.297654
MAE: 270.747803
RMSE: 1092.728760
Train Epoch: 63[ 16000/ 37497(43%)]	Learning rate: 0.0005	Loss: 0.004812
Train Epoch: 63[ 32000/ 37497(85%)]	Learning rate: 0.0005	Loss: 0.004807
Test set metrics:
Loss: 2.782682
WAPE: 0.127339
MAPE: 0.529661
SMAPE: 0.314065
MAE: 272.249023
RMSE: 1080.985352
Train Epoch: 64[ 16000/ 37497(43%)]	Learning rate: 0.0005	Loss: 0.004788
Train Epoch: 64[ 32000/ 37497(85%)]	Learning rate: 0.0005	Loss: 0.004793
Test set metrics:
Loss: 2.868301
WAPE: 0.130704
MAPE: 0.483194
SMAPE: 0.315004
MAE: 279.442780
RMSE: 1152.861450
Train Epoch: 65[ 16000/ 37497(43%)]	Learning rate: 0.0005	Loss: 0.004788
Train Epoch: 65[ 32000/ 37497(85%)]	Learning rate: 0.0005	Loss: 0.004781
Test set metrics:
Loss: 2.823271
WAPE: 0.129353
MAPE: 0.510300
SMAPE: 0.337118
MAE: 276.555847
RMSE: 1095.402344
Train Epoch: 66[ 16000/ 37497(43%)]	Learning rate: 0.0005	Loss: 0.004787
Train Epoch: 66[ 32000/ 37497(85%)]	Learning rate: 0.0005	Loss: 0.004782
Test set metrics:
Loss: 2.826668
WAPE: 0.127664
MAPE: 0.490397
SMAPE: 0.298414
MAE: 272.943207
RMSE: 1184.197754
Train Epoch: 67[ 16000/ 37497(43%)]	Learning rate: 0.0005	Loss: 0.004766
Train Epoch: 67[ 32000/ 37497(85%)]	Learning rate: 0.0005	Loss: 0.004774
Test set metrics:
Loss: 2.813082
WAPE: 0.127724
MAPE: 0.495919
SMAPE: 0.288228
MAE: 273.071655
RMSE: 1124.991333
Train Epoch: 68[ 16000/ 37497(43%)]	Learning rate: 0.0005	Loss: 0.004762
Train Epoch: 68[ 32000/ 37497(85%)]	Learning rate: 0.0005	Loss: 0.004777
Test set metrics:
Loss: 2.819831
WAPE: 0.129681
MAPE: 0.478063
SMAPE: 0.306960
MAE: 277.257538
RMSE: 1121.291260
Train Epoch: 69[ 16000/ 37497(43%)]	Learning rate: 0.0005	Loss: 0.004761
Train Epoch: 69[ 32000/ 37497(85%)]	Learning rate: 0.0005	Loss: 0.004764
Test set metrics:
Loss: 2.807471
WAPE: 0.128337
MAPE: 0.487226
SMAPE: 0.307147
MAE: 274.382812
RMSE: 1114.986938
Train Epoch: 70[ 16000/ 37497(43%)]	Learning rate: 0.0005	Loss: 0.004746
Train Epoch: 70[ 32000/ 37497(85%)]	Learning rate: 0.0005	Loss: 0.004759
Test set metrics:
Loss: 2.828440
WAPE: 0.130259
MAPE: 0.483653
SMAPE: 0.319129
MAE: 278.492371
RMSE: 1097.364258
Train Epoch: 71[ 16000/ 37497(43%)]	Learning rate: 0.0005	Loss: 0.004757
Train Epoch: 71[ 32000/ 37497(85%)]	Learning rate: 0.0005	Loss: 0.004728
Test set metrics:
Loss: 2.865618
WAPE: 0.135820
MAPE: 0.498302
SMAPE: 0.325692
MAE: 290.381866
RMSE: 1208.186646
Train Epoch: 72[ 16000/ 37497(43%)]	Learning rate: 0.0005	Loss: 0.004741
Train Epoch: 72[ 32000/ 37497(85%)]	Learning rate: 0.0005	Loss: 0.004746
Test set metrics:
Loss: 2.771023
WAPE: 0.126282
MAPE: 0.489947
SMAPE: 0.298491
MAE: 269.988770
RMSE: 1093.104126
Train Epoch: 73[ 16000/ 37497(43%)]	Learning rate: 0.0005	Loss: 0.004750
Train Epoch: 73[ 32000/ 37497(85%)]	Learning rate: 0.0005	Loss: 0.004738
Test set metrics:
Loss: 2.855956
WAPE: 0.131047
MAPE: 0.486068
SMAPE: 0.304876
MAE: 280.176880
RMSE: 1140.442749
Train Epoch: 74[ 16000/ 37497(43%)]	Learning rate: 0.0005	Loss: 0.004743
Train Epoch: 74[ 32000/ 37497(85%)]	Learning rate: 0.0005	Loss: 0.004748
Test set metrics:
Loss: 2.830463
WAPE: 0.128058
MAPE: 0.496210
SMAPE: 0.299367
MAE: 273.786469
RMSE: 1099.360596
Train Epoch: 75[ 16000/ 37497(43%)]	Learning rate: 0.0005	Loss: 0.004726
Train Epoch: 75[ 32000/ 37497(85%)]	Learning rate: 0.0005	Loss: 0.004726
Test set metrics:
Loss: 2.857438
WAPE: 0.132427
MAPE: 0.479427
SMAPE: 0.330909
MAE: 283.126892
RMSE: 1118.776001
Train Epoch: 76[ 16000/ 37497(43%)]	Learning rate: 0.0005	Loss: 0.004737
Train Epoch: 76[ 32000/ 37497(85%)]	Learning rate: 0.0005	Loss: 0.004739
Test set metrics:
Loss: 2.832442
WAPE: 0.129250
MAPE: 0.486596
SMAPE: 0.312512
MAE: 276.335724
RMSE: 1164.766846
Train Epoch: 77[ 16000/ 37497(43%)]	Learning rate: 0.0005	Loss: 0.004724
Train Epoch: 77[ 32000/ 37497(85%)]	Learning rate: 0.0005	Loss: 0.004720
Test set metrics:
Loss: 2.842002
WAPE: 0.128979
MAPE: 0.457752
SMAPE: 0.295817
MAE: 275.755432
RMSE: 1166.714722
Train Epoch: 78[ 16000/ 37497(43%)]	Learning rate: 0.0005	Loss: 0.004727
Train Epoch: 78[ 32000/ 37497(85%)]	Learning rate: 0.0005	Loss: 0.004712
Test set metrics:
Loss: 2.839577
WAPE: 0.130586
MAPE: 0.474509
SMAPE: 0.299931
MAE: 279.192352
RMSE: 1181.569702
Train Epoch: 79[ 16000/ 37497(43%)]	Learning rate: 0.0005	Loss: 0.004707
Train Epoch: 79[ 32000/ 37497(85%)]	Learning rate: 0.0005	Loss: 0.004720
Test set metrics:
Loss: 2.803290
WAPE: 0.128913
MAPE: 0.486641
SMAPE: 0.308945
MAE: 275.613556
RMSE: 1212.666138
Train Epoch: 80[ 16000/ 37497(43%)]	Learning rate: 0.0005	Loss: 0.004726
Train Epoch: 80[ 32000/ 37497(85%)]	Learning rate: 0.0005	Loss: 0.004711
Test set metrics:
Loss: 2.794829
WAPE: 0.125685
MAPE: 0.463622
SMAPE: 0.288056
MAE: 268.712952
RMSE: 1123.484497
Train Epoch: 81[ 16000/ 37497(43%)]	Learning rate: 0.0005	Loss: 0.004702
Train Epoch: 81[ 32000/ 37497(85%)]	Learning rate: 0.0005	Loss: 0.004718
Test set metrics:
Loss: 2.793633
WAPE: 0.127472
MAPE: 0.455007
SMAPE: 0.299692
MAE: 272.533752
RMSE: 1150.486328
Train Epoch: 82[ 16000/ 37497(43%)]	Learning rate: 0.0005	Loss: 0.004702
Train Epoch: 82[ 32000/ 37497(85%)]	Learning rate: 0.0005	Loss: 0.004706
Test set metrics:
Loss: 2.792664
WAPE: 0.126637
MAPE: 0.473111
SMAPE: 0.299636
MAE: 270.749329
RMSE: 1075.421875
Train Epoch: 83[ 16000/ 37497(43%)]	Learning rate: 0.0005	Loss: 0.004686
Train Epoch: 83[ 32000/ 37497(85%)]	Learning rate: 0.0005	Loss: 0.004713
Test set metrics:
Loss: 2.812198
WAPE: 0.129191
MAPE: 0.480759
SMAPE: 0.295682
MAE: 276.209015
RMSE: 1178.672119
Train Epoch: 84[ 16000/ 37497(43%)]	Learning rate: 0.0005	Loss: 0.004691
Train Epoch: 84[ 32000/ 37497(85%)]	Learning rate: 0.0005	Loss: 0.004701
Test set metrics:
Loss: 2.822934
WAPE: 0.129609
MAPE: 0.476297
SMAPE: 0.317113
MAE: 277.102875
RMSE: 1101.260864
Train Epoch: 85[ 16000/ 37497(43%)]	Learning rate: 0.0005	Loss: 0.004676
Train Epoch: 85[ 32000/ 37497(85%)]	Learning rate: 0.0005	Loss: 0.004687
Test set metrics:
Loss: 2.824172
WAPE: 0.129554
MAPE: 0.488133
SMAPE: 0.301763
MAE: 276.985291
RMSE: 1111.465942
Train Epoch: 86[ 16000/ 37497(43%)]	Learning rate: 0.0005	Loss: 0.004687
Train Epoch: 86[ 32000/ 37497(85%)]	Learning rate: 0.0005	Loss: 0.004679
Test set metrics:
Loss: 2.783916
WAPE: 0.126601
MAPE: 0.496574
SMAPE: 0.294528
MAE: 270.672333
RMSE: 1137.895142
Train Epoch: 87[ 16000/ 37497(43%)]	Learning rate: 0.0005	Loss: 0.004682
Train Epoch: 87[ 32000/ 37497(85%)]	Learning rate: 0.0005	Loss: 0.004686
Test set metrics:
Loss: 2.853677
WAPE: 0.130521
MAPE: 0.486702
SMAPE: 0.299084
MAE: 279.051788
RMSE: 1208.618164
Train Epoch: 88[ 16000/ 37497(43%)]	Learning rate: 0.0005	Loss: 0.004689
Train Epoch: 88[ 32000/ 37497(85%)]	Learning rate: 0.0005	Loss: 0.004672
Test set metrics:
Loss: 2.783481
WAPE: 0.126865
MAPE: 0.507029
SMAPE: 0.308986
MAE: 271.236633
RMSE: 1116.468262
Train Epoch: 89[ 16000/ 37497(43%)]	Learning rate: 0.0005	Loss: 0.004666
Train Epoch: 89[ 32000/ 37497(85%)]	Learning rate: 0.0005	Loss: 0.004669
Test set metrics:
Loss: 2.816448
WAPE: 0.128098
MAPE: 0.467518
SMAPE: 0.310147
MAE: 273.872772
RMSE: 1160.011841
Train Epoch: 90[ 16000/ 37497(43%)]	Learning rate: 0.0005	Loss: 0.004670
Train Epoch: 90[ 32000/ 37497(85%)]	Learning rate: 0.0005	Loss: 0.004661
Test set metrics:
Loss: 2.783670
WAPE: 0.125962
MAPE: 0.479166
SMAPE: 0.298750
MAE: 269.305511
RMSE: 1121.880249
Train Epoch: 91[ 16000/ 37497(43%)]	Learning rate: 0.0005	Loss: 0.004660
Train Epoch: 91[ 32000/ 37497(85%)]	Learning rate: 0.0005	Loss: 0.004687
Test set metrics:
Loss: 2.793210
WAPE: 0.129705
MAPE: 0.475537
SMAPE: 0.315341
MAE: 277.306976
RMSE: 1120.459229
Train Epoch: 92[ 16000/ 37497(43%)]	Learning rate: 0.0005	Loss: 0.004666
Train Epoch: 92[ 32000/ 37497(85%)]	Learning rate: 0.0005	Loss: 0.004674
Test set metrics:
Loss: 2.849052
WAPE: 0.129368
MAPE: 0.466739
SMAPE: 0.292641
MAE: 276.587250
RMSE: 1190.960083
Train Epoch: 93[ 16000/ 37497(43%)]	Learning rate: 0.0005	Loss: 0.004679
Train Epoch: 93[ 32000/ 37497(85%)]	Learning rate: 0.0005	Loss: 0.004653
Test set metrics:
Loss: 2.796115
WAPE: 0.125598
MAPE: 0.461966
SMAPE: 0.297336
MAE: 268.526550
RMSE: 1063.605469
Train Epoch: 94[ 16000/ 37497(43%)]	Learning rate: 0.0005	Loss: 0.004664
Train Epoch: 94[ 32000/ 37497(85%)]	Learning rate: 0.0005	Loss: 0.004655
Test set metrics:
Loss: 2.829149
WAPE: 0.130540
MAPE: 0.480453
SMAPE: 0.313534
MAE: 279.092621
RMSE: 1135.674561
Train Epoch: 95[ 16000/ 37497(43%)]	Learning rate: 0.0005	Loss: 0.004647
Train Epoch: 95[ 32000/ 37497(85%)]	Learning rate: 0.0005	Loss: 0.004653
Test set metrics:
Loss: 2.813692
WAPE: 0.129401
MAPE: 0.493586
SMAPE: 0.309902
MAE: 276.657196
RMSE: 1204.386963
Train Epoch: 96[ 16000/ 37497(43%)]	Learning rate: 0.0005	Loss: 0.004657
Train Epoch: 96[ 32000/ 37497(85%)]	Learning rate: 0.0005	Loss: 0.004648
Test set metrics:
Loss: 2.737590
WAPE: 0.122853
MAPE: 0.476498
SMAPE: 0.286480
MAE: 262.658478
RMSE: 1062.432495
Train Epoch: 97[ 16000/ 37497(43%)]	Learning rate: 0.0005	Loss: 0.004634
Train Epoch: 97[ 32000/ 37497(85%)]	Learning rate: 0.0005	Loss: 0.004641
Test set metrics:
Loss: 2.768375
WAPE: 0.124578
MAPE: 0.482063
SMAPE: 0.291369
MAE: 266.346710
RMSE: 1090.550049
Train Epoch: 98[ 16000/ 37497(43%)]	Learning rate: 0.0005	Loss: 0.004626
Train Epoch: 98[ 32000/ 37497(85%)]	Learning rate: 0.0005	Loss: 0.004638
Test set metrics:
Loss: 2.836284
WAPE: 0.128477
MAPE: 0.467646
SMAPE: 0.285993
MAE: 274.681335
RMSE: 1181.916382
Train Epoch: 99[ 16000/ 37497(43%)]	Learning rate: 0.0005	Loss: 0.004642
Train Epoch: 99[ 32000/ 37497(85%)]	Learning rate: 0.0005	Loss: 0.004630
Test set metrics:
Loss: 2.839185
WAPE: 0.128460
MAPE: 0.464695
SMAPE: 0.305021
MAE: 274.645386
RMSE: 1165.972900
Train Epoch: 100[ 16000/ 37497(43%)]	Learning rate: 0.0005	Loss: 0.004630
Train Epoch: 100[ 32000/ 37497(85%)]	Learning rate: 0.0005	Loss: 0.004639
Test set metrics:
Loss: 2.797170
WAPE: 0.128579
MAPE: 0.481705
SMAPE: 0.324484
MAE: 274.901215
RMSE: 1133.267700
Train Epoch: 101[ 16000/ 37497(43%)]	Learning rate: 0.0005	Loss: 0.004622
Train Epoch: 101[ 32000/ 37497(85%)]	Learning rate: 0.0005	Loss: 0.004648
Test set metrics:
Loss: 2.824738
WAPE: 0.131421
MAPE: 0.488779
SMAPE: 0.323891
MAE: 280.976440
RMSE: 1181.145752
Train Epoch: 102[ 16000/ 37497(43%)]	Learning rate: 0.0005	Loss: 0.004626
Train Epoch: 102[ 32000/ 37497(85%)]	Learning rate: 0.0005	Loss: 0.004621
Test set metrics:
Loss: 2.797001
WAPE: 0.126431
MAPE: 0.471129
SMAPE: 0.305073
MAE: 270.307983
RMSE: 1114.914795
Train Epoch: 103[ 16000/ 37497(43%)]	Learning rate: 0.0005	Loss: 0.004623
Train Epoch: 103[ 32000/ 37497(85%)]	Learning rate: 0.0005	Loss: 0.004619
Test set metrics:
Loss: 2.862879
WAPE: 0.132411
MAPE: 0.473566
SMAPE: 0.302833
MAE: 283.092804
RMSE: 1247.275391
Train Epoch: 104[ 16000/ 37497(43%)]	Learning rate: 0.0005	Loss: 0.004618
Train Epoch: 104[ 32000/ 37497(85%)]	Learning rate: 0.0005	Loss: 0.004624
Test set metrics:
Loss: 2.811003
WAPE: 0.125265
MAPE: 0.459975
SMAPE: 0.290873
MAE: 267.814331
RMSE: 1121.490845
Train Epoch: 105[ 16000/ 37497(43%)]	Learning rate: 0.0005	Loss: 0.004630
Train Epoch: 105[ 32000/ 37497(85%)]	Learning rate: 0.0005	Loss: 0.004609
Test set metrics:
Loss: 2.806296
WAPE: 0.130611
MAPE: 0.487801
SMAPE: 0.321383
MAE: 279.244507
RMSE: 1138.888306
Train Epoch: 106[ 16000/ 37497(43%)]	Learning rate: 0.0005	Loss: 0.004623
Train Epoch: 106[ 32000/ 37497(85%)]	Learning rate: 0.0005	Loss: 0.004596
Test set metrics:
Loss: 2.856686
WAPE: 0.131598
MAPE: 0.480333
SMAPE: 0.307703
MAE: 281.355255
RMSE: 1196.458374
Train Epoch: 107[ 16000/ 37497(43%)]	Learning rate: 0.0005	Loss: 0.004631
Train Epoch: 107[ 32000/ 37497(85%)]	Learning rate: 0.0005	Loss: 0.004623
Test set metrics:
Loss: 2.789894
WAPE: 0.124460
MAPE: 0.463714
SMAPE: 0.289967
MAE: 266.095032
RMSE: 1115.979248
Train Epoch: 108[ 16000/ 37497(43%)]	Learning rate: 0.0005	Loss: 0.004604
Train Epoch: 108[ 32000/ 37497(85%)]	Learning rate: 0.0005	Loss: 0.004592
Test set metrics:
Loss: 2.771817
WAPE: 0.124997
MAPE: 0.485787
SMAPE: 0.315883
MAE: 267.242279
RMSE: 1079.864136
Train Epoch: 109[ 16000/ 37497(43%)]	Learning rate: 0.0005	Loss: 0.004604
Train Epoch: 109[ 32000/ 37497(85%)]	Learning rate: 0.0005	Loss: 0.004605
Test set metrics:
Loss: 2.827658
WAPE: 0.132406
MAPE: 0.479348
SMAPE: 0.292589
MAE: 283.082672
RMSE: 1236.733765
Train Epoch: 110[ 16000/ 37497(43%)]	Learning rate: 0.0005	Loss: 0.004610
Train Epoch: 110[ 32000/ 37497(85%)]	Learning rate: 0.0005	Loss: 0.004610
Test set metrics:
Loss: 2.831686
WAPE: 0.131139
MAPE: 0.494565
SMAPE: 0.301419
MAE: 280.372742
RMSE: 1197.602173
Train Epoch: 111[ 16000/ 37497(43%)]	Learning rate: 0.0005	Loss: 0.004592
Train Epoch: 111[ 32000/ 37497(85%)]	Learning rate: 0.0005	Loss: 0.004607
Test set metrics:
Loss: 2.787979
WAPE: 0.123751
MAPE: 0.475209
SMAPE: 0.296722
MAE: 264.577667
RMSE: 1071.199829
Train Epoch: 112[ 16000/ 37497(43%)]	Learning rate: 0.0005	Loss: 0.004575
Train Epoch: 112[ 32000/ 37497(85%)]	Learning rate: 0.0005	Loss: 0.004583
Test set metrics:
Loss: 2.787051
WAPE: 0.126255
MAPE: 0.499456
SMAPE: 0.301640
MAE: 269.932343
RMSE: 1100.881348
Train Epoch: 113[ 16000/ 37497(43%)]	Learning rate: 0.0005	Loss: 0.004594
Train Epoch: 113[ 32000/ 37497(85%)]	Learning rate: 0.0005	Loss: 0.004589
Test set metrics:
Loss: 2.789404
WAPE: 0.131103
MAPE: 0.459225
SMAPE: 0.309785
MAE: 280.297424
RMSE: 1144.414795
Train Epoch: 114[ 16000/ 37497(43%)]	Learning rate: 0.0005	Loss: 0.004593
Train Epoch: 114[ 32000/ 37497(85%)]	Learning rate: 0.0005	Loss: 0.004590
Test set metrics:
Loss: 2.835055
WAPE: 0.133225
MAPE: 0.478932
SMAPE: 0.311939
MAE: 284.833405
RMSE: 1207.812500
Train Epoch: 115[ 16000/ 37497(43%)]	Learning rate: 0.0005	Loss: 0.004573
Train Epoch: 115[ 32000/ 37497(85%)]	Learning rate: 0.0005	Loss: 0.004583
Test set metrics:
Loss: 2.844932
WAPE: 0.132092
MAPE: 0.486306
SMAPE: 0.304985
MAE: 282.412079
RMSE: 1233.787964
Train Epoch: 116[ 16000/ 37497(43%)]	Learning rate: 0.0005	Loss: 0.004572
Train Epoch: 116[ 32000/ 37497(85%)]	Learning rate: 0.0005	Loss: 0.004592
Test set metrics:
Loss: 2.806120
WAPE: 0.126368
MAPE: 0.468344
SMAPE: 0.301713
MAE: 270.173126
RMSE: 1145.097046
Train Epoch: 117[ 16000/ 37497(43%)]	Learning rate: 0.0005	Loss: 0.004589
Train Epoch: 117[ 32000/ 37497(85%)]	Learning rate: 0.0005	Loss: 0.004599
Test set metrics:
Loss: 2.795413
WAPE: 0.126244
MAPE: 0.473063
SMAPE: 0.307741
MAE: 269.908356
RMSE: 1115.342407
Train Epoch: 118[ 16000/ 37497(43%)]	Learning rate: 0.0005	Loss: 0.004580
Train Epoch: 118[ 32000/ 37497(85%)]	Learning rate: 0.0005	Loss: 0.004576
Test set metrics:
Loss: 2.746281
WAPE: 0.123445
MAPE: 0.468639
SMAPE: 0.292672
MAE: 263.923767
RMSE: 1101.690796
Train Epoch: 119[ 16000/ 37497(43%)]	Learning rate: 0.0005	Loss: 0.004566
Train Epoch: 119[ 32000/ 37497(85%)]	Learning rate: 0.0005	Loss: 0.004586
Test set metrics:
Loss: 2.824983
WAPE: 0.128233
MAPE: 0.501094
SMAPE: 0.299302
MAE: 274.160400
RMSE: 1122.475464
Train Epoch: 120[ 16000/ 37497(43%)]	Learning rate: 0.0005	Loss: 0.004579
Train Epoch: 120[ 32000/ 37497(85%)]	Learning rate: 0.0005	Loss: 0.004570
Test set metrics:
Loss: 2.814683
WAPE: 0.128319
MAPE: 0.479856
SMAPE: 0.286599
MAE: 274.345123
RMSE: 1193.624756
Train Epoch: 121[ 16000/ 37497(43%)]	Learning rate: 0.0005	Loss: 0.004577
Train Epoch: 121[ 32000/ 37497(85%)]	Learning rate: 0.0005	Loss: 0.004579
Test set metrics:
Loss: 2.780756
WAPE: 0.125117
MAPE: 0.486320
SMAPE: 0.286807
MAE: 267.498505
RMSE: 1132.202881
Train Epoch: 122[ 16000/ 37497(43%)]	Learning rate: 0.0005	Loss: 0.004582
Train Epoch: 122[ 32000/ 37497(85%)]	Learning rate: 0.0005	Loss: 0.004562
Test set metrics:
Loss: 2.812935
WAPE: 0.128370
MAPE: 0.483610
SMAPE: 0.293555
MAE: 274.453796
RMSE: 1198.382080
Train Epoch: 123[ 16000/ 37497(43%)]	Learning rate: 0.0005	Loss: 0.004568
Train Epoch: 123[ 32000/ 37497(85%)]	Learning rate: 0.0005	Loss: 0.004567
Test set metrics:
Loss: 2.778637
WAPE: 0.127530
MAPE: 0.509702
SMAPE: 0.306915
MAE: 272.658264
RMSE: 1151.030029
Train Epoch: 124[ 16000/ 37497(43%)]	Learning rate: 0.0005	Loss: 0.004575
Train Epoch: 124[ 32000/ 37497(85%)]	Learning rate: 0.0005	Loss: 0.004560
Test set metrics:
Loss: 2.747336
WAPE: 0.122415
MAPE: 0.487124
SMAPE: 0.285794
MAE: 261.722198
RMSE: 1090.409790
Train Epoch: 125[ 16000/ 37497(43%)]	Learning rate: 0.0005	Loss: 0.004549
Train Epoch: 125[ 32000/ 37497(85%)]	Learning rate: 0.0005	Loss: 0.004562
Test set metrics:
Loss: 2.782043
WAPE: 0.127427
MAPE: 0.468823
SMAPE: 0.290310
MAE: 272.438019
RMSE: 1136.619995
Train Epoch: 126[ 16000/ 37497(43%)]	Learning rate: 0.0005	Loss: 0.004575
Train Epoch: 126[ 32000/ 37497(85%)]	Learning rate: 0.0005	Loss: 0.004543
Test set metrics:
Loss: 2.792493
WAPE: 0.125640
MAPE: 0.463866
SMAPE: 0.292818
MAE: 268.617462
RMSE: 1147.301636
Train Epoch: 127[ 16000/ 37497(43%)]	Learning rate: 0.0005	Loss: 0.004556
Train Epoch: 127[ 32000/ 37497(85%)]	Learning rate: 0.0005	Loss: 0.004549
Test set metrics:
Loss: 2.824087
WAPE: 0.131361
MAPE: 0.462318
SMAPE: 0.300550
MAE: 280.848816
RMSE: 1274.689331
Train Epoch: 128[ 16000/ 37497(43%)]	Learning rate: 0.0005	Loss: 0.004554
Train Epoch: 128[ 32000/ 37497(85%)]	Learning rate: 0.0005	Loss: 0.004562
Test set metrics:
Loss: 2.809793
WAPE: 0.126798
MAPE: 0.487583
SMAPE: 0.286016
MAE: 271.093262
RMSE: 1089.212646
Train Epoch: 129[ 16000/ 37497(43%)]	Learning rate: 0.0005	Loss: 0.004560
Train Epoch: 129[ 32000/ 37497(85%)]	Learning rate: 0.0005	Loss: 0.004560
Test set metrics:
Loss: 2.774300
WAPE: 0.124322
MAPE: 0.466397
SMAPE: 0.297965
MAE: 265.798309
RMSE: 1094.349121
Train Epoch: 130[ 16000/ 37497(43%)]	Learning rate: 0.0005	Loss: 0.004558
Train Epoch: 130[ 32000/ 37497(85%)]	Learning rate: 0.0005	Loss: 0.004530
Test set metrics:
Loss: 2.798069
WAPE: 0.126571
MAPE: 0.470876
SMAPE: 0.308287
MAE: 270.607910
RMSE: 1092.759888
Train Epoch: 131[ 16000/ 37497(43%)]	Learning rate: 0.0005	Loss: 0.004541
Train Epoch: 131[ 32000/ 37497(85%)]	Learning rate: 0.0005	Loss: 0.004546
Test set metrics:
Loss: 2.796020
WAPE: 0.124946
MAPE: 0.501612
SMAPE: 0.297752
MAE: 267.133087
RMSE: 1108.897827
Train Epoch: 132[ 16000/ 37497(43%)]	Learning rate: 0.0005	Loss: 0.004562
Train Epoch: 132[ 32000/ 37497(85%)]	Learning rate: 0.0005	Loss: 0.004522
Test set metrics:
Loss: 2.821019
WAPE: 0.132559
MAPE: 0.467923
SMAPE: 0.293786
MAE: 283.408508
RMSE: 1223.128052
Train Epoch: 133[ 16000/ 37497(43%)]	Learning rate: 0.0005	Loss: 0.004539
Train Epoch: 133[ 32000/ 37497(85%)]	Learning rate: 0.0005	Loss: 0.004548
Test set metrics:
Loss: 2.811412
WAPE: 0.130797
MAPE: 0.487848
SMAPE: 0.316211
MAE: 279.641968
RMSE: 1206.280762
Train Epoch: 134[ 16000/ 37497(43%)]	Learning rate: 0.0005	Loss: 0.004552
Train Epoch: 134[ 32000/ 37497(85%)]	Learning rate: 0.0005	Loss: 0.004536
Test set metrics:
Loss: 2.803155
WAPE: 0.123837
MAPE: 0.482086
SMAPE: 0.285773
MAE: 264.762085
RMSE: 1121.230835
Train Epoch: 135[ 16000/ 37497(43%)]	Learning rate: 0.0005	Loss: 0.004514
Train Epoch: 135[ 32000/ 37497(85%)]	Learning rate: 0.0005	Loss: 0.004547
Test set metrics:
Loss: 2.773772
WAPE: 0.125681
MAPE: 0.494214
SMAPE: 0.288129
MAE: 268.704498
RMSE: 1149.659912
Train Epoch: 136[ 16000/ 37497(43%)]	Learning rate: 0.0005	Loss: 0.004541
Train Epoch: 136[ 32000/ 37497(85%)]	Learning rate: 0.0005	Loss: 0.004527
Test set metrics:
Loss: 2.783188
WAPE: 0.125844
MAPE: 0.480863
SMAPE: 0.284841
MAE: 269.052979
RMSE: 1122.397095
Train Epoch: 137[ 16000/ 37497(43%)]	Learning rate: 0.0005	Loss: 0.004528
Train Epoch: 137[ 32000/ 37497(85%)]	Learning rate: 0.0005	Loss: 0.004547
Test set metrics:
Loss: 2.751214
WAPE: 0.125324
MAPE: 0.483305
SMAPE: 0.308280
MAE: 267.941254
RMSE: 1087.172607
Train Epoch: 138[ 16000/ 37497(43%)]	Learning rate: 0.0005	Loss: 0.004527
Train Epoch: 138[ 32000/ 37497(85%)]	Learning rate: 0.0005	Loss: 0.004533
Test set metrics:
Loss: 2.780297
WAPE: 0.127247
MAPE: 0.525236
SMAPE: 0.306804
MAE: 272.053558
RMSE: 1159.240967
Train Epoch: 139[ 16000/ 37497(43%)]	Learning rate: 0.0005	Loss: 0.004527
Train Epoch: 139[ 32000/ 37497(85%)]	Learning rate: 0.0005	Loss: 0.004508
Test set metrics:
Loss: 2.787870
WAPE: 0.124670
MAPE: 0.490058
SMAPE: 0.298331
MAE: 266.543823
RMSE: 1163.342896
Train Epoch: 140[ 16000/ 37497(43%)]	Learning rate: 0.0005	Loss: 0.004519
Train Epoch: 140[ 32000/ 37497(85%)]	Learning rate: 0.0005	Loss: 0.004532
Test set metrics:
Loss: 2.754071
WAPE: 0.123777
MAPE: 0.451196
SMAPE: 0.285826
MAE: 264.634521
RMSE: 1095.471924
Train Epoch: 141[ 16000/ 37497(43%)]	Learning rate: 0.0005	Loss: 0.004530
Train Epoch: 141[ 32000/ 37497(85%)]	Learning rate: 0.0005	Loss: 0.004521
Test set metrics:
Loss: 2.801532
WAPE: 0.128709
MAPE: 0.465743
SMAPE: 0.305116
MAE: 275.178802
RMSE: 1147.496094
Train Epoch: 142[ 16000/ 37497(43%)]	Learning rate: 0.0005	Loss: 0.004518
Train Epoch: 142[ 32000/ 37497(85%)]	Learning rate: 0.0005	Loss: 0.004513
Test set metrics:
Loss: 2.764117
WAPE: 0.124062
MAPE: 0.557332
SMAPE: 0.272709
MAE: 265.244110
RMSE: 1161.678589
Train Epoch: 143[ 16000/ 37497(43%)]	Learning rate: 0.0005	Loss: 0.004519
Train Epoch: 143[ 32000/ 37497(85%)]	Learning rate: 0.0005	Loss: 0.004522
Test set metrics:
Loss: 2.798514
WAPE: 0.126372
MAPE: 0.479196
SMAPE: 0.304278
MAE: 270.181061
RMSE: 1117.405884
Train Epoch: 144[ 16000/ 37497(43%)]	Learning rate: 0.0005	Loss: 0.004532
Train Epoch: 144[ 32000/ 37497(85%)]	Learning rate: 0.0005	Loss: 0.004510
Test set metrics:
Loss: 2.790589
WAPE: 0.126390
MAPE: 0.509769
SMAPE: 0.285952
MAE: 270.219696
RMSE: 1157.226807
Train Epoch: 145[ 16000/ 37497(43%)]	Learning rate: 0.0005	Loss: 0.004526
Train Epoch: 145[ 32000/ 37497(85%)]	Learning rate: 0.0005	Loss: 0.004513
Test set metrics:
Loss: 2.854665
WAPE: 0.133209
MAPE: 0.496856
SMAPE: 0.289299
MAE: 284.799835
RMSE: 1354.428345
Train Epoch: 146[ 16000/ 37497(43%)]	Learning rate: 0.0005	Loss: 0.004529
Train Epoch: 146[ 32000/ 37497(85%)]	Learning rate: 0.0005	Loss: 0.004510
Test set metrics:
Loss: 2.847502
WAPE: 0.131866
MAPE: 0.452962
SMAPE: 0.283838
MAE: 281.927582
RMSE: 1271.455933
Train Epoch: 147[ 16000/ 37497(43%)]	Learning rate: 0.0005	Loss: 0.004521
Train Epoch: 147[ 32000/ 37497(85%)]	Learning rate: 0.0005	Loss: 0.004501
Test set metrics:
Loss: 2.748596
WAPE: 0.123682
MAPE: 0.474795
SMAPE: 0.274728
MAE: 264.429901
RMSE: 1134.468994
Train Epoch: 148[ 16000/ 37497(43%)]	Learning rate: 0.0005	Loss: 0.004526
Train Epoch: 148[ 32000/ 37497(85%)]	Learning rate: 0.0005	Loss: 0.004520
Test set metrics:
Loss: 2.783700
WAPE: 0.129618
MAPE: 0.480862
SMAPE: 0.301570
MAE: 277.121948
RMSE: 1195.326416
Train Epoch: 149[ 16000/ 37497(43%)]	Learning rate: 0.0005	Loss: 0.004512
Train Epoch: 149[ 32000/ 37497(85%)]	Learning rate: 0.0005	Loss: 0.004502
Test set metrics:
Loss: 2.830368
WAPE: 0.131031
MAPE: 0.467686
SMAPE: 0.293301
MAE: 280.142700
RMSE: 1334.585083
Train Epoch: 150[ 16000/ 37497(43%)]	Learning rate: 0.0005	Loss: 0.004513
Train Epoch: 150[ 32000/ 37497(85%)]	Learning rate: 0.0005	Loss: 0.004496
Test set metrics:
Loss: 2.865500
WAPE: 0.134810
MAPE: 0.462224
SMAPE: 0.309660
MAE: 288.221161
RMSE: 1290.306641
Train Epoch: 151[ 16000/ 37497(43%)]	Learning rate: 0.0005	Loss: 0.004515
Train Epoch: 151[ 32000/ 37497(85%)]	Learning rate: 0.0005	Loss: 0.004508
Test set metrics:
Loss: 2.785719
WAPE: 0.127173
MAPE: 0.469315
SMAPE: 0.316065
MAE: 271.894226
RMSE: 1117.790161
Train Epoch: 152[ 16000/ 37497(43%)]	Learning rate: 0.0005	Loss: 0.004508
Train Epoch: 152[ 32000/ 37497(85%)]	Learning rate: 0.0005	Loss: 0.004501
Test set metrics:
Loss: 2.857278
WAPE: 0.133257
MAPE: 0.469503
SMAPE: 0.294200
MAE: 284.902924
RMSE: 1243.484497
Train Epoch: 153[ 16000/ 37497(43%)]	Learning rate: 0.0005	Loss: 0.004505
Train Epoch: 153[ 32000/ 37497(85%)]	Learning rate: 0.0005	Loss: 0.004497
Test set metrics:
Loss: 2.857660
WAPE: 0.133699
MAPE: 0.480194
SMAPE: 0.288758
MAE: 285.846313
RMSE: 1294.715088
Train Epoch: 154[ 16000/ 37497(43%)]	Learning rate: 0.0005	Loss: 0.004498
Train Epoch: 154[ 32000/ 37497(85%)]	Learning rate: 0.0005	Loss: 0.004507
Test set metrics:
Loss: 2.792254
WAPE: 0.125127
MAPE: 0.462923
SMAPE: 0.282678
MAE: 267.520264
RMSE: 1135.449951
Train Epoch: 155[ 16000/ 37497(43%)]	Learning rate: 0.0005	Loss: 0.004500
Train Epoch: 155[ 32000/ 37497(85%)]	Learning rate: 0.0005	Loss: 0.004509
Test set metrics:
Loss: 2.787675
WAPE: 0.125536
MAPE: 0.491030
SMAPE: 0.303794
MAE: 268.395416
RMSE: 1119.804688
Train Epoch: 156[ 16000/ 37497(43%)]	Learning rate: 0.0005	Loss: 0.004492
Train Epoch: 156[ 32000/ 37497(85%)]	Learning rate: 0.0005	Loss: 0.004506
Test set metrics:
Loss: 2.827151
WAPE: 0.131335
MAPE: 0.508914
SMAPE: 0.323555
MAE: 280.792572
RMSE: 1254.324463
Train Epoch: 157[ 16000/ 37497(43%)]	Learning rate: 0.0005	Loss: 0.004491
Train Epoch: 157[ 32000/ 37497(85%)]	Learning rate: 0.0005	Loss: 0.004502
Test set metrics:
Loss: 2.840214
WAPE: 0.130502
MAPE: 0.479666
SMAPE: 0.288903
MAE: 279.011169
RMSE: 1242.278809
Train Epoch: 158[ 16000/ 37497(43%)]	Learning rate: 0.0005	Loss: 0.004485
Train Epoch: 158[ 32000/ 37497(85%)]	Learning rate: 0.0005	Loss: 0.004473
Test set metrics:
Loss: 2.803961
WAPE: 0.128041
MAPE: 0.464003
SMAPE: 0.282182
MAE: 273.749542
RMSE: 1172.662720
Train Epoch: 159[ 16000/ 37497(43%)]	Learning rate: 0.0005	Loss: 0.004508
Train Epoch: 159[ 32000/ 37497(85%)]	Learning rate: 0.0005	Loss: 0.004489
Test set metrics:
Loss: 2.859626
WAPE: 0.130758
MAPE: 0.462675
SMAPE: 0.294648
MAE: 279.558472
RMSE: 1270.385620
Train Epoch: 160[ 16000/ 37497(43%)]	Learning rate: 0.0005	Loss: 0.004502
Train Epoch: 160[ 32000/ 37497(85%)]	Learning rate: 0.0005	Loss: 0.004473
Test set metrics:
Loss: 2.777794
WAPE: 0.126546
MAPE: 0.467802
SMAPE: 0.283853
MAE: 270.553558
RMSE: 1156.769531
Train Epoch: 161[ 16000/ 37497(43%)]	Learning rate: 0.0005	Loss: 0.004482
Train Epoch: 161[ 32000/ 37497(85%)]	Learning rate: 0.0005	Loss: 0.004499
Test set metrics:
Loss: 2.748833
WAPE: 0.124403
MAPE: 0.450543
SMAPE: 0.283082
MAE: 265.971222
RMSE: 1166.555786
Train Epoch: 162[ 16000/ 37497(43%)]	Learning rate: 0.0005	Loss: 0.004488
Train Epoch: 162[ 32000/ 37497(85%)]	Learning rate: 0.0005	Loss: 0.004491
Test set metrics:
Loss: 2.802564
WAPE: 0.126491
MAPE: 0.478500
SMAPE: 0.304855
MAE: 270.436340
RMSE: 1134.146973
Train Epoch: 163[ 16000/ 37497(43%)]	Learning rate: 0.0005	Loss: 0.004496
Train Epoch: 163[ 32000/ 37497(85%)]	Learning rate: 0.0005	Loss: 0.004477
Test set metrics:
Loss: 2.832718
WAPE: 0.129831
MAPE: 0.492267
SMAPE: 0.275827
MAE: 277.578033
RMSE: 1229.093994
Train Epoch: 164[ 16000/ 37497(43%)]	Learning rate: 0.0005	Loss: 0.004483
Train Epoch: 164[ 32000/ 37497(85%)]	Learning rate: 0.0005	Loss: 0.004477
Test set metrics:
Loss: 2.835116
WAPE: 0.132382
MAPE: 0.461725
SMAPE: 0.292554
MAE: 283.032104
RMSE: 1296.801025
Train Epoch: 165[ 16000/ 37497(43%)]	Learning rate: 0.0005	Loss: 0.004476
Train Epoch: 165[ 32000/ 37497(85%)]	Learning rate: 0.0005	Loss: 0.004478
Test set metrics:
Loss: 2.788778
WAPE: 0.127632
MAPE: 0.469672
SMAPE: 0.301310
MAE: 272.875580
RMSE: 1157.882202
Train Epoch: 166[ 16000/ 37497(43%)]	Learning rate: 0.0005	Loss: 0.004472
Train Epoch: 166[ 32000/ 37497(85%)]	Learning rate: 0.0005	Loss: 0.004452
Test set metrics:
Loss: 2.814189
WAPE: 0.132043
MAPE: 0.492203
SMAPE: 0.309261
MAE: 282.306091
RMSE: 1304.984375
Train Epoch: 167[ 16000/ 37497(43%)]	Learning rate: 0.0005	Loss: 0.004477
Train Epoch: 167[ 32000/ 37497(85%)]	Learning rate: 0.0005	Loss: 0.004491
Test set metrics:
Loss: 2.821837
WAPE: 0.131118
MAPE: 0.469876
SMAPE: 0.295795
MAE: 280.329620
RMSE: 1277.334473
Train Epoch: 168[ 16000/ 37497(43%)]	Learning rate: 0.0005	Loss: 0.004473
Train Epoch: 168[ 32000/ 37497(85%)]	Learning rate: 0.0005	Loss: 0.004469
Test set metrics:
Loss: 2.790470
WAPE: 0.125633
MAPE: 0.463361
SMAPE: 0.279619
MAE: 268.601837
RMSE: 1148.149414
Train Epoch: 169[ 16000/ 37497(43%)]	Learning rate: 0.0005	Loss: 0.004484
Train Epoch: 169[ 32000/ 37497(85%)]	Learning rate: 0.0005	Loss: 0.004469
Test set metrics:
Loss: 2.871044
WAPE: 0.133196
MAPE: 0.485718
SMAPE: 0.305203
MAE: 284.770996
RMSE: 1223.697876
Train Epoch: 170[ 16000/ 37497(43%)]	Learning rate: 0.0005	Loss: 0.004479
Train Epoch: 170[ 32000/ 37497(85%)]	Learning rate: 0.0005	Loss: 0.004465
Test set metrics:
Loss: 2.845438
WAPE: 0.134055
MAPE: 0.486988
SMAPE: 0.300265
MAE: 286.608582
RMSE: 1267.878662
Train Epoch: 171[ 16000/ 37497(43%)]	Learning rate: 0.0005	Loss: 0.004475
Train Epoch: 171[ 32000/ 37497(85%)]	Learning rate: 0.0005	Loss: 0.004467
Test set metrics:
Loss: 2.794984
WAPE: 0.126417
MAPE: 0.455892
SMAPE: 0.280580
MAE: 270.278229
RMSE: 1174.437012
Train Epoch: 172[ 16000/ 37497(43%)]	Learning rate: 0.0005	Loss: 0.004471
Train Epoch: 172[ 32000/ 37497(85%)]	Learning rate: 0.0005	Loss: 0.004485
Test set metrics:
Loss: 2.793481
WAPE: 0.126470
MAPE: 0.461731
SMAPE: 0.289759
MAE: 270.390350
RMSE: 1176.237915
Train Epoch: 173[ 16000/ 37497(43%)]	Learning rate: 0.0005	Loss: 0.004449
Train Epoch: 173[ 32000/ 37497(85%)]	Learning rate: 0.0005	Loss: 0.004483
Test set metrics:
Loss: 2.810684
WAPE: 0.130682
MAPE: 0.463216
SMAPE: 0.307356
MAE: 279.396332
RMSE: 1200.712646
Train Epoch: 174[ 16000/ 37497(43%)]	Learning rate: 0.0005	Loss: 0.004466
Train Epoch: 174[ 32000/ 37497(85%)]	Learning rate: 0.0005	Loss: 0.004462
Test set metrics:
Loss: 2.788040
WAPE: 0.128022
MAPE: 0.446306
SMAPE: 0.292441
MAE: 273.709869
RMSE: 1124.227417
Train Epoch: 175[ 16000/ 37497(43%)]	Learning rate: 0.0005	Loss: 0.004473
Train Epoch: 175[ 32000/ 37497(85%)]	Learning rate: 0.0005	Loss: 0.004465
Test set metrics:
Loss: 2.820998
WAPE: 0.131072
MAPE: 0.462591
SMAPE: 0.301942
MAE: 280.230438
RMSE: 1178.431152
Train Epoch: 176[ 16000/ 37497(43%)]	Learning rate: 0.0005	Loss: 0.004460
Train Epoch: 176[ 32000/ 37497(85%)]	Learning rate: 0.0005	Loss: 0.004448
Test set metrics:
Loss: 2.873586
WAPE: 0.137336
MAPE: 0.472307
SMAPE: 0.299323
MAE: 293.623352
RMSE: 1285.175415
Train Epoch: 177[ 16000/ 37497(43%)]	Learning rate: 0.0005	Loss: 0.004448
Train Epoch: 177[ 32000/ 37497(85%)]	Learning rate: 0.0005	Loss: 0.004470
Test set metrics:
Loss: 2.760734
WAPE: 0.124097
MAPE: 0.459291
SMAPE: 0.276684
MAE: 265.318237
RMSE: 1122.041138
Train Epoch: 178[ 16000/ 37497(43%)]	Learning rate: 0.0005	Loss: 0.004455
Train Epoch: 178[ 32000/ 37497(85%)]	Learning rate: 0.0005	Loss: 0.004454
Test set metrics:
Loss: 2.798688
WAPE: 0.129650
MAPE: 0.464246
SMAPE: 0.290838
MAE: 277.189301
RMSE: 1208.441162
Train Epoch: 179[ 16000/ 37497(43%)]	Learning rate: 0.0005	Loss: 0.004455
Train Epoch: 179[ 32000/ 37497(85%)]	Learning rate: 0.0005	Loss: 0.004464
Test set metrics:
Loss: 2.758155
WAPE: 0.124740
MAPE: 0.509760
SMAPE: 0.279638
MAE: 266.693237
RMSE: 1120.119507
Train Epoch: 180[ 16000/ 37497(43%)]	Learning rate: 0.0005	Loss: 0.004457
Train Epoch: 180[ 32000/ 37497(85%)]	Learning rate: 0.0005	Loss: 0.004468
Test set metrics:
Loss: 2.863610
WAPE: 0.133532
MAPE: 0.470973
SMAPE: 0.306264
MAE: 285.489532
RMSE: 1228.423218
Train Epoch: 181[ 16000/ 37497(43%)]	Learning rate: 0.0005	Loss: 0.004471
Train Epoch: 181[ 32000/ 37497(85%)]	Learning rate: 0.0005	Loss: 0.004440
Test set metrics:
Loss: 2.856203
WAPE: 0.127727
MAPE: 0.470348
SMAPE: 0.285251
MAE: 273.079468
RMSE: 1243.563843
Train Epoch: 182[ 16000/ 37497(43%)]	Learning rate: 0.0005	Loss: 0.004453
Train Epoch: 182[ 32000/ 37497(85%)]	Learning rate: 0.0005	Loss: 0.004452
Test set metrics:
Loss: 2.872725
WAPE: 0.133601
MAPE: 0.461465
SMAPE: 0.289201
MAE: 285.636810
RMSE: 1300.465454
Train Epoch: 183[ 16000/ 37497(43%)]	Learning rate: 0.0005	Loss: 0.004461
Train Epoch: 183[ 32000/ 37497(85%)]	Learning rate: 0.0005	Loss: 0.004439
Test set metrics:
Loss: 2.825051
WAPE: 0.129838
MAPE: 0.463756
SMAPE: 0.297461
MAE: 277.592773
RMSE: 1242.950195
Train Epoch: 184[ 16000/ 37497(43%)]	Learning rate: 0.0005	Loss: 0.004447
Train Epoch: 184[ 32000/ 37497(85%)]	Learning rate: 0.0005	Loss: 0.004446
Test set metrics:
Loss: 2.826326
WAPE: 0.130905
MAPE: 0.465589
SMAPE: 0.285068
MAE: 279.872467
RMSE: 1196.573120
Train Epoch: 185[ 16000/ 37497(43%)]	Learning rate: 0.0005	Loss: 0.004438
Train Epoch: 185[ 32000/ 37497(85%)]	Learning rate: 0.0005	Loss: 0.004446
Test set metrics:
Loss: 2.802788
WAPE: 0.125792
MAPE: 0.480743
SMAPE: 0.281522
MAE: 268.941711
RMSE: 1164.161255
Train Epoch: 186[ 16000/ 37497(43%)]	Learning rate: 0.0005	Loss: 0.004445
Train Epoch: 186[ 32000/ 37497(85%)]	Learning rate: 0.0005	Loss: 0.004453
Test set metrics:
Loss: 2.760086
WAPE: 0.124502
MAPE: 0.468902
SMAPE: 0.286307
MAE: 266.183319
RMSE: 1118.583008
Train Epoch: 187[ 16000/ 37497(43%)]	Learning rate: 0.0005	Loss: 0.004453
Train Epoch: 187[ 32000/ 37497(85%)]	Learning rate: 0.0005	Loss: 0.004444
Test set metrics:
Loss: 2.764152
WAPE: 0.124368
MAPE: 0.491916
SMAPE: 0.278011
MAE: 265.896912
RMSE: 1156.759155
Train Epoch: 188[ 16000/ 37497(43%)]	Learning rate: 0.0005	Loss: 0.004451
Train Epoch: 188[ 32000/ 37497(85%)]	Learning rate: 0.0005	Loss: 0.004441
Test set metrics:
Loss: 2.809450
WAPE: 0.129193
MAPE: 0.505185
SMAPE: 0.301633
MAE: 276.213074
RMSE: 1243.660156
Train Epoch: 189[ 16000/ 37497(43%)]	Learning rate: 0.0005	Loss: 0.004460
Train Epoch: 189[ 32000/ 37497(85%)]	Learning rate: 0.0005	Loss: 0.004451
Test set metrics:
Loss: 2.801337
WAPE: 0.129164
MAPE: 0.474040
SMAPE: 0.294981
MAE: 276.151520
RMSE: 1160.838623
Train Epoch: 190[ 16000/ 37497(43%)]	Learning rate: 0.0005	Loss: 0.004434
Train Epoch: 190[ 32000/ 37497(85%)]	Learning rate: 0.0005	Loss: 0.004433
Test set metrics:
Loss: 2.761793
WAPE: 0.121072
MAPE: 0.492232
SMAPE: 0.275428
MAE: 258.851349
RMSE: 1085.635864
Train Epoch: 191[ 16000/ 37497(43%)]	Learning rate: 0.0005	Loss: 0.004425
Train Epoch: 191[ 32000/ 37497(85%)]	Learning rate: 0.0005	Loss: 0.004446
Test set metrics:
Loss: 2.789482
WAPE: 0.127369
MAPE: 0.499531
SMAPE: 0.271294
MAE: 272.313049
RMSE: 1246.605103
Train Epoch: 192[ 16000/ 37497(43%)]	Learning rate: 0.0005	Loss: 0.004443
Train Epoch: 192[ 32000/ 37497(85%)]	Learning rate: 0.0005	Loss: 0.004455
Test set metrics:
Loss: 2.822682
WAPE: 0.129615
MAPE: 0.472441
SMAPE: 0.289599
MAE: 277.114990
RMSE: 1260.314453
Train Epoch: 193[ 16000/ 37497(43%)]	Learning rate: 0.0005	Loss: 0.004429
Train Epoch: 193[ 32000/ 37497(85%)]	Learning rate: 0.0005	Loss: 0.004445
Test set metrics:
Loss: 2.810369
WAPE: 0.127495
MAPE: 0.478718
SMAPE: 0.288862
MAE: 272.583130
RMSE: 1174.434692
Train Epoch: 194[ 16000/ 37497(43%)]	Learning rate: 0.0005	Loss: 0.004419
Train Epoch: 194[ 32000/ 37497(85%)]	Learning rate: 0.0005	Loss: 0.004445
Test set metrics:
Loss: 2.816927
WAPE: 0.130562
MAPE: 0.466644
SMAPE: 0.297859
MAE: 279.140930
RMSE: 1218.626587
Train Epoch: 195[ 16000/ 37497(43%)]	Learning rate: 0.0005	Loss: 0.004432
Train Epoch: 195[ 32000/ 37497(85%)]	Learning rate: 0.0005	Loss: 0.004449
Test set metrics:
Loss: 2.805974
WAPE: 0.126136
MAPE: 0.469818
SMAPE: 0.294011
MAE: 269.676971
RMSE: 1113.917236
Train Epoch: 196[ 16000/ 37497(43%)]	Learning rate: 0.0005	Loss: 0.004428
Train Epoch: 196[ 32000/ 37497(85%)]	Learning rate: 0.0005	Loss: 0.004428
Test set metrics:
Loss: 2.816368
WAPE: 0.126083
MAPE: 0.495280
SMAPE: 0.271379
MAE: 269.563873
RMSE: 1199.956787
Train Epoch: 197[ 16000/ 37497(43%)]	Learning rate: 0.0005	Loss: 0.004414
Train Epoch: 197[ 32000/ 37497(85%)]	Learning rate: 0.0005	Loss: 0.004435
Test set metrics:
Loss: 2.763947
WAPE: 0.125049
MAPE: 0.465258
SMAPE: 0.285929
MAE: 267.352631
RMSE: 1179.150391
Train Epoch: 198[ 16000/ 37497(43%)]	Learning rate: 0.0005	Loss: 0.004432
Train Epoch: 198[ 32000/ 37497(85%)]	Learning rate: 0.0005	Loss: 0.004441
Test set metrics:
Loss: 2.813355
WAPE: 0.130240
MAPE: 0.482184
SMAPE: 0.302676
MAE: 278.450714
RMSE: 1203.117310
Train Epoch: 199[ 16000/ 37497(43%)]	Learning rate: 0.0005	Loss: 0.004425
Train Epoch: 199[ 32000/ 37497(85%)]	Learning rate: 0.0005	Loss: 0.004422
Test set metrics:
Loss: 2.830596
WAPE: 0.134328
MAPE: 0.468377
SMAPE: 0.308764
MAE: 287.192047
RMSE: 1241.274414
Train Epoch: 200[ 16000/ 37497(43%)]	Learning rate: 0.0005	Loss: 0.004443
Train Epoch: 200[ 32000/ 37497(85%)]	Learning rate: 0.0005	Loss: 0.004423
Test set metrics:
Loss: 2.813495
WAPE: 0.131349
MAPE: 0.477791
SMAPE: 0.296477
MAE: 280.822784
RMSE: 1179.752686
Train Epoch: 201[ 16000/ 37497(43%)]	Learning rate: 0.0005	Loss: 0.004438
Train Epoch: 201[ 32000/ 37497(85%)]	Learning rate: 0.0005	Loss: 0.004416
Test set metrics:
Loss: 2.813736
WAPE: 0.131294
MAPE: 0.472083
SMAPE: 0.307010
MAE: 280.706055
RMSE: 1192.421509
Train Epoch: 202[ 16000/ 37497(43%)]	Learning rate: 0.0005	Loss: 0.004416
Train Epoch: 202[ 32000/ 37497(85%)]	Learning rate: 0.0005	Loss: 0.004438
Test set metrics:
Loss: 2.836759
WAPE: 0.133314
MAPE: 0.455854
SMAPE: 0.282392
MAE: 285.022919
RMSE: 1292.059692
Train Epoch: 203[ 16000/ 37497(43%)]	Learning rate: 0.0005	Loss: 0.004430
Train Epoch: 203[ 32000/ 37497(85%)]	Learning rate: 0.0005	Loss: 0.004423
Test set metrics:
Loss: 2.766758
WAPE: 0.125403
MAPE: 0.470772
SMAPE: 0.280197
MAE: 268.109070
RMSE: 1153.513428
Train Epoch: 204[ 16000/ 37497(43%)]	Learning rate: 0.0005	Loss: 0.004426
Train Epoch: 204[ 32000/ 37497(85%)]	Learning rate: 0.0005	Loss: 0.004413
Test set metrics:
Loss: 2.784527
WAPE: 0.125392
MAPE: 0.487416
SMAPE: 0.290683
MAE: 268.085876
RMSE: 1137.798096
Train Epoch: 205[ 16000/ 37497(43%)]	Learning rate: 0.0005	Loss: 0.004432
Train Epoch: 205[ 32000/ 37497(85%)]	Learning rate: 0.0005	Loss: 0.004418
Test set metrics:
Loss: 2.792622
WAPE: 0.128464
MAPE: 0.460692
SMAPE: 0.286084
MAE: 274.654755
RMSE: 1195.542358
Train Epoch: 206[ 16000/ 37497(43%)]	Learning rate: 0.0005	Loss: 0.004424
Train Epoch: 206[ 32000/ 37497(85%)]	Learning rate: 0.0005	Loss: 0.004410
Test set metrics:
Loss: 2.772583
WAPE: 0.125116
MAPE: 0.468607
SMAPE: 0.276156
MAE: 267.496094
RMSE: 1145.202881
Train Epoch: 207[ 16000/ 37497(43%)]	Learning rate: 0.0005	Loss: 0.004429
Train Epoch: 207[ 32000/ 37497(85%)]	Learning rate: 0.0005	Loss: 0.004403
Test set metrics:
Loss: 2.771229
WAPE: 0.121591
MAPE: 0.470459
SMAPE: 0.271544
MAE: 259.960175
RMSE: 1090.276733
Train Epoch: 208[ 16000/ 37497(43%)]	Learning rate: 0.0005	Loss: 0.004412
Train Epoch: 208[ 32000/ 37497(85%)]	Learning rate: 0.0005	Loss: 0.004425
Test set metrics:
Loss: 2.789880
WAPE: 0.128715
MAPE: 0.457864
SMAPE: 0.276018
MAE: 275.190857
RMSE: 1210.800049
Train Epoch: 209[ 16000/ 37497(43%)]	Learning rate: 0.0005	Loss: 0.004406
Train Epoch: 209[ 32000/ 37497(85%)]	Learning rate: 0.0005	Loss: 0.004420
Test set metrics:
Loss: 2.825118
WAPE: 0.133869
MAPE: 0.480000
SMAPE: 0.292182
MAE: 286.211151
RMSE: 1247.219482
Train Epoch: 210[ 16000/ 37497(43%)]	Learning rate: 0.0005	Loss: 0.004432
Train Epoch: 210[ 32000/ 37497(85%)]	Learning rate: 0.0005	Loss: 0.004392
Test set metrics:
Loss: 2.766510
WAPE: 0.123711
MAPE: 0.455744
SMAPE: 0.285140
MAE: 264.492249
RMSE: 1108.145874
Train Epoch: 211[ 16000/ 37497(43%)]	Learning rate: 0.0005	Loss: 0.004409
Train Epoch: 211[ 32000/ 37497(85%)]	Learning rate: 0.0005	Loss: 0.004416
Test set metrics:
Loss: 2.822805
WAPE: 0.132159
MAPE: 0.477523
SMAPE: 0.304289
MAE: 282.554077
RMSE: 1248.653687
Train Epoch: 212[ 16000/ 37497(43%)]	Learning rate: 0.0005	Loss: 0.004409
Train Epoch: 212[ 32000/ 37497(85%)]	Learning rate: 0.0005	Loss: 0.004429
Test set metrics:
Loss: 2.840471
WAPE: 0.133752
MAPE: 0.461366
SMAPE: 0.298154
MAE: 285.959351
RMSE: 1301.352539
Train Epoch: 213[ 16000/ 37497(43%)]	Learning rate: 0.0005	Loss: 0.004411
Train Epoch: 213[ 32000/ 37497(85%)]	Learning rate: 0.0005	Loss: 0.004403
Test set metrics:
Loss: 2.812684
WAPE: 0.125618
MAPE: 0.464114
SMAPE: 0.290731
MAE: 268.569672
RMSE: 1112.050415
Train Epoch: 214[ 16000/ 37497(43%)]	Learning rate: 0.0005	Loss: 0.004411
Train Epoch: 214[ 32000/ 37497(85%)]	Learning rate: 0.0005	Loss: 0.004402
Test set metrics:
Loss: 2.805031
WAPE: 0.126657
MAPE: 0.462819
SMAPE: 0.289965
MAE: 270.791840
RMSE: 1156.959595
Train Epoch: 215[ 16000/ 37497(43%)]	Learning rate: 0.0005	Loss: 0.004407
Train Epoch: 215[ 32000/ 37497(85%)]	Learning rate: 0.0005	Loss: 0.004418
Test set metrics:
Loss: 2.850625
WAPE: 0.131307
MAPE: 0.462037
SMAPE: 0.288066
MAE: 280.733612
RMSE: 1228.486084
Train Epoch: 216[ 16000/ 37497(43%)]	Learning rate: 0.0005	Loss: 0.004402
Train Epoch: 216[ 32000/ 37497(85%)]	Learning rate: 0.0005	Loss: 0.004406
Test set metrics:
Loss: 2.800700
WAPE: 0.125689
MAPE: 0.466241
SMAPE: 0.297051
MAE: 268.721710
RMSE: 1135.348877
Train Epoch: 217[ 16000/ 37497(43%)]	Learning rate: 0.0005	Loss: 0.004405
Train Epoch: 217[ 32000/ 37497(85%)]	Learning rate: 0.0005	Loss: 0.004414
Test set metrics:
Loss: 2.826145
WAPE: 0.126931
MAPE: 0.499970
SMAPE: 0.266747
MAE: 271.377899
RMSE: 1249.179321
Train Epoch: 218[ 16000/ 37497(43%)]	Learning rate: 0.0005	Loss: 0.004403
Train Epoch: 218[ 32000/ 37497(85%)]	Learning rate: 0.0005	Loss: 0.004419
Test set metrics:
Loss: 2.777352
WAPE: 0.125607
MAPE: 0.465414
SMAPE: 0.282649
MAE: 268.546295
RMSE: 1145.772949
Train Epoch: 219[ 16000/ 37497(43%)]	Learning rate: 0.0005	Loss: 0.004402
Train Epoch: 219[ 32000/ 37497(85%)]	Learning rate: 0.0005	Loss: 0.004400
Test set metrics:
Loss: 2.764953
WAPE: 0.123738
MAPE: 0.464614
SMAPE: 0.280042
MAE: 264.550018
RMSE: 1139.127686
Train Epoch: 220[ 16000/ 37497(43%)]	Learning rate: 0.0005	Loss: 0.004392
Train Epoch: 220[ 32000/ 37497(85%)]	Learning rate: 0.0005	Loss: 0.004432
Test set metrics:
Loss: 2.823021
WAPE: 0.126718
MAPE: 0.483477
SMAPE: 0.281945
MAE: 270.921661
RMSE: 1192.715088
Train Epoch: 221[ 16000/ 37497(43%)]	Learning rate: 0.0005	Loss: 0.004404
Train Epoch: 221[ 32000/ 37497(85%)]	Learning rate: 0.0005	Loss: 0.004413
Test set metrics:
Loss: 2.765482
WAPE: 0.125402
MAPE: 0.490462
SMAPE: 0.283843
MAE: 268.107300
RMSE: 1174.653687
Train Epoch: 222[ 16000/ 37497(43%)]	Learning rate: 0.0005	Loss: 0.004423
Train Epoch: 222[ 32000/ 37497(85%)]	Learning rate: 0.0005	Loss: 0.004386
Test set metrics:
Loss: 2.787238
WAPE: 0.125314
MAPE: 0.459099
SMAPE: 0.278677
MAE: 267.920013
RMSE: 1171.676270
Train Epoch: 223[ 16000/ 37497(43%)]	Learning rate: 0.0005	Loss: 0.004406
Train Epoch: 223[ 32000/ 37497(85%)]	Learning rate: 0.0005	Loss: 0.004403
Test set metrics:
Loss: 2.781658
WAPE: 0.124564
MAPE: 0.473133
SMAPE: 0.273819
MAE: 266.317108
RMSE: 1131.581665
Train Epoch: 224[ 16000/ 37497(43%)]	Learning rate: 0.0005	Loss: 0.004424
Train Epoch: 224[ 32000/ 37497(85%)]	Learning rate: 0.0005	Loss: 0.004389
Test set metrics:
Loss: 2.830315
WAPE: 0.131262
MAPE: 0.470059
SMAPE: 0.279753
MAE: 280.637634
RMSE: 1224.516235
Train Epoch: 225[ 16000/ 37497(43%)]	Learning rate: 0.0005	Loss: 0.004417
Train Epoch: 225[ 32000/ 37497(85%)]	Learning rate: 0.0005	Loss: 0.004384
Test set metrics:
Loss: 2.825357
WAPE: 0.128680
MAPE: 0.488931
SMAPE: 0.276581
MAE: 275.117188
RMSE: 1252.937378
Train Epoch: 226[ 16000/ 37497(43%)]	Learning rate: 0.0005	Loss: 0.004406
Train Epoch: 226[ 32000/ 37497(85%)]	Learning rate: 0.0005	Loss: 0.004403
Test set metrics:
Loss: 2.828664
WAPE: 0.132440
MAPE: 0.471525
SMAPE: 0.292440
MAE: 283.155060
RMSE: 1239.034424
Train Epoch: 227[ 16000/ 37497(43%)]	Learning rate: 0.0005	Loss: 0.004394
Train Epoch: 227[ 32000/ 37497(85%)]	Learning rate: 0.0005	Loss: 0.004387
Test set metrics:
Loss: 2.800059
WAPE: 0.128507
MAPE: 0.464566
SMAPE: 0.276746
MAE: 274.746765
RMSE: 1211.232788
Train Epoch: 228[ 16000/ 37497(43%)]	Learning rate: 0.0005	Loss: 0.004415
Train Epoch: 228[ 32000/ 37497(85%)]	Learning rate: 0.0005	Loss: 0.004378
Test set metrics:
Loss: 2.814572
WAPE: 0.129125
MAPE: 0.475848
SMAPE: 0.287311
MAE: 276.068634
RMSE: 1185.225342
Train Epoch: 229[ 16000/ 37497(43%)]	Learning rate: 0.0005	Loss: 0.004392
Train Epoch: 229[ 32000/ 37497(85%)]	Learning rate: 0.0005	Loss: 0.004385
Test set metrics:
Loss: 2.814505
WAPE: 0.129049
MAPE: 0.457961
SMAPE: 0.279864
MAE: 275.904266
RMSE: 1194.964722
Train Epoch: 230[ 16000/ 37497(43%)]	Learning rate: 0.0005	Loss: 0.004411
Train Epoch: 230[ 32000/ 37497(85%)]	Learning rate: 0.0005	Loss: 0.004395
Test set metrics:
Loss: 2.835137
WAPE: 0.130055
MAPE: 0.489881
SMAPE: 0.301454
MAE: 278.055359
RMSE: 1187.484375
Train Epoch: 231[ 16000/ 37497(43%)]	Learning rate: 0.0005	Loss: 0.004380
Train Epoch: 231[ 32000/ 37497(85%)]	Learning rate: 0.0005	Loss: 0.004397
Test set metrics:
Loss: 2.806145
WAPE: 0.128150
MAPE: 0.475720
SMAPE: 0.284765
MAE: 273.982300
RMSE: 1168.989624
Train Epoch: 232[ 16000/ 37497(43%)]	Learning rate: 0.0005	Loss: 0.004397
Train Epoch: 232[ 32000/ 37497(85%)]	Learning rate: 0.0005	Loss: 0.004400
Test set metrics:
Loss: 2.796149
WAPE: 0.125733
MAPE: 0.504838
SMAPE: 0.274987
MAE: 268.815155
RMSE: 1136.168457
Train Epoch: 233[ 16000/ 37497(43%)]	Learning rate: 0.0005	Loss: 0.004384
Train Epoch: 233[ 32000/ 37497(85%)]	Learning rate: 0.0005	Loss: 0.004407
Test set metrics:
Loss: 2.827517
WAPE: 0.131513
MAPE: 0.473623
SMAPE: 0.299480
MAE: 281.173462
RMSE: 1184.553711
Train Epoch: 234[ 16000/ 37497(43%)]	Learning rate: 0.0005	Loss: 0.004386
Train Epoch: 234[ 32000/ 37497(85%)]	Learning rate: 0.0005	Loss: 0.004402
Test set metrics:
Loss: 2.809961
WAPE: 0.129975
MAPE: 0.478236
SMAPE: 0.286937
MAE: 277.885406
RMSE: 1245.330078
Train Epoch: 235[ 16000/ 37497(43%)]	Learning rate: 0.0005	Loss: 0.004396
Train Epoch: 235[ 32000/ 37497(85%)]	Learning rate: 0.0005	Loss: 0.004383
Test set metrics:
Loss: 2.788837
WAPE: 0.127895
MAPE: 0.471860
SMAPE: 0.305596
MAE: 273.437531
RMSE: 1109.509399
Train Epoch: 236[ 16000/ 37497(43%)]	Learning rate: 0.0005	Loss: 0.004389
Train Epoch: 236[ 32000/ 37497(85%)]	Learning rate: 0.0005	Loss: 0.004386
Test set metrics:
Loss: 2.790166
WAPE: 0.129312
MAPE: 0.487134
SMAPE: 0.289262
MAE: 276.466797
RMSE: 1183.185913
Train Epoch: 237[ 16000/ 37497(43%)]	Learning rate: 0.0005	Loss: 0.004397
Train Epoch: 237[ 32000/ 37497(85%)]	Learning rate: 0.0005	Loss: 0.004385
Test set metrics:
Loss: 2.765995
WAPE: 0.122905
MAPE: 0.468191
SMAPE: 0.285356
MAE: 262.769226
RMSE: 1109.867188
Train Epoch: 238[ 16000/ 37497(43%)]	Learning rate: 0.0005	Loss: 0.004372
Train Epoch: 238[ 32000/ 37497(85%)]	Learning rate: 0.0005	Loss: 0.004383
Test set metrics:
Loss: 2.802118
WAPE: 0.127143
MAPE: 0.456493
SMAPE: 0.281651
MAE: 271.830170
RMSE: 1146.663452
Train Epoch: 239[ 16000/ 37497(43%)]	Learning rate: 0.0005	Loss: 0.004394
Train Epoch: 239[ 32000/ 37497(85%)]	Learning rate: 0.0005	Loss: 0.004369
Test set metrics:
Loss: 2.847264
WAPE: 0.129456
MAPE: 0.456684
SMAPE: 0.285777
MAE: 276.774506
RMSE: 1249.672607
Train Epoch: 240[ 16000/ 37497(43%)]	Learning rate: 0.0005	Loss: 0.004391
Train Epoch: 240[ 32000/ 37497(85%)]	Learning rate: 0.0005	Loss: 0.004371
Test set metrics:
Loss: 2.834700
WAPE: 0.132095
MAPE: 0.459402
SMAPE: 0.289632
MAE: 282.417572
RMSE: 1228.951782
Train Epoch: 241[ 16000/ 37497(43%)]	Learning rate: 0.0005	Loss: 0.004384
Train Epoch: 241[ 32000/ 37497(85%)]	Learning rate: 0.0005	Loss: 0.004378
Test set metrics:
Loss: 2.813897
WAPE: 0.129184
MAPE: 0.462737
SMAPE: 0.280494
MAE: 276.194550
RMSE: 1167.728882
Train Epoch: 242[ 16000/ 37497(43%)]	Learning rate: 0.0005	Loss: 0.004382
Train Epoch: 242[ 32000/ 37497(85%)]	Learning rate: 0.0005	Loss: 0.004403
Test set metrics:
Loss: 2.825110
WAPE: 0.130584
MAPE: 0.470619
SMAPE: 0.294913
MAE: 279.187592
RMSE: 1226.905762
Train Epoch: 243[ 16000/ 37497(43%)]	Learning rate: 0.0005	Loss: 0.004379
Train Epoch: 243[ 32000/ 37497(85%)]	Learning rate: 0.0005	Loss: 0.004369
Test set metrics:
Loss: 2.784885
WAPE: 0.124962
MAPE: 0.475984
SMAPE: 0.291663
MAE: 267.167755
RMSE: 1138.264526
Train Epoch: 244[ 16000/ 37497(43%)]	Learning rate: 0.0005	Loss: 0.004370
Train Epoch: 244[ 32000/ 37497(85%)]	Learning rate: 0.0005	Loss: 0.004383
Test set metrics:
Loss: 2.822909
WAPE: 0.126334
MAPE: 0.494814
SMAPE: 0.274417
MAE: 270.100525
RMSE: 1193.285278
Train Epoch: 245[ 16000/ 37497(43%)]	Learning rate: 0.0005	Loss: 0.004383
Train Epoch: 245[ 32000/ 37497(85%)]	Learning rate: 0.0005	Loss: 0.004372
Test set metrics:
Loss: 2.794589
WAPE: 0.127025
MAPE: 0.492722
SMAPE: 0.279042
MAE: 271.577515
RMSE: 1142.742798
Train Epoch: 246[ 16000/ 37497(43%)]	Learning rate: 0.0005	Loss: 0.004378
Train Epoch: 246[ 32000/ 37497(85%)]	Learning rate: 0.0005	Loss: 0.004365
Test set metrics:
Loss: 2.822188
WAPE: 0.127107
MAPE: 0.476143
SMAPE: 0.290965
MAE: 271.753784
RMSE: 1183.261353
Train Epoch: 247[ 16000/ 37497(43%)]	Learning rate: 0.0005	Loss: 0.004379
Train Epoch: 247[ 32000/ 37497(85%)]	Learning rate: 0.0005	Loss: 0.004386
Test set metrics:
Loss: 2.804316
WAPE: 0.128404
MAPE: 0.459307
SMAPE: 0.294081
MAE: 274.526825
RMSE: 1178.420410
Train Epoch: 248[ 16000/ 37497(43%)]	Learning rate: 0.0005	Loss: 0.004360
Train Epoch: 248[ 32000/ 37497(85%)]	Learning rate: 0.0005	Loss: 0.004400
Test set metrics:
Loss: 2.812990
WAPE: 0.128313
MAPE: 0.472143
SMAPE: 0.299692
MAE: 274.332611
RMSE: 1152.610718
Train Epoch: 249[ 16000/ 37497(43%)]	Learning rate: 0.0005	Loss: 0.004375
Train Epoch: 249[ 32000/ 37497(85%)]	Learning rate: 0.0005	Loss: 0.004386
Test set metrics:
Loss: 2.828003
WAPE: 0.128487
MAPE: 0.476587
SMAPE: 0.290528
MAE: 274.703674
RMSE: 1198.654297
Train Epoch: 250[ 16000/ 37497(43%)]	Learning rate: 0.0005	Loss: 0.004383
Train Epoch: 250[ 32000/ 37497(85%)]	Learning rate: 0.0005	Loss: 0.004360
Test set metrics:
Loss: 2.794650
WAPE: 0.124579
MAPE: 0.500178
SMAPE: 0.279900
MAE: 266.348450
RMSE: 1150.139404
Train Epoch: 251[ 16000/ 37497(43%)]	Learning rate: 0.0005	Loss: 0.004373
Train Epoch: 251[ 32000/ 37497(85%)]	Learning rate: 0.0005	Loss: 0.004364
Test set metrics:
Loss: 2.814728
WAPE: 0.128739
MAPE: 0.464406
SMAPE: 0.286694
MAE: 275.242371
RMSE: 1162.274292
Train Epoch: 252[ 16000/ 37497(43%)]	Learning rate: 0.0005	Loss: 0.004385
Train Epoch: 252[ 32000/ 37497(85%)]	Learning rate: 0.0005	Loss: 0.004383
Test set metrics:
Loss: 2.815648
WAPE: 0.128754
MAPE: 0.486234
SMAPE: 0.290682
MAE: 275.274200
RMSE: 1192.164795
Train Epoch: 253[ 16000/ 37497(43%)]	Learning rate: 0.0005	Loss: 0.004368
Train Epoch: 253[ 32000/ 37497(85%)]	Learning rate: 0.0005	Loss: 0.004370
Test set metrics:
Loss: 2.791211
WAPE: 0.125281
MAPE: 0.454361
SMAPE: 0.283529
MAE: 267.849762
RMSE: 1169.103760
Train Epoch: 254[ 16000/ 37497(43%)]	Learning rate: 0.0005	Loss: 0.004391
Train Epoch: 254[ 32000/ 37497(85%)]	Learning rate: 0.0005	Loss: 0.004353
Test set metrics:
Loss: 2.814071
WAPE: 0.126826
MAPE: 0.487375
SMAPE: 0.290025
MAE: 271.152069
RMSE: 1168.815552
Train Epoch: 255[ 16000/ 37497(43%)]	Learning rate: 0.0005	Loss: 0.004367
Train Epoch: 255[ 32000/ 37497(85%)]	Learning rate: 0.0005	Loss: 0.004358
Test set metrics:
Loss: 2.828482
WAPE: 0.128624
MAPE: 0.470419
SMAPE: 0.286639
MAE: 274.995941
RMSE: 1217.935669
Train Epoch: 256[ 16000/ 37497(43%)]	Learning rate: 0.0005	Loss: 0.004369
Train Epoch: 256[ 32000/ 37497(85%)]	Learning rate: 0.0005	Loss: 0.004389
Test set metrics:
Loss: 2.825153
WAPE: 0.130611
MAPE: 0.489085
SMAPE: 0.290369
MAE: 279.245056
RMSE: 1215.122803
Train Epoch: 257[ 16000/ 37497(43%)]	Learning rate: 0.0005	Loss: 0.004368
Train Epoch: 257[ 32000/ 37497(85%)]	Learning rate: 0.0005	Loss: 0.004360
Test set metrics:
Loss: 2.761939
WAPE: 0.122297
MAPE: 0.458391
SMAPE: 0.281491
MAE: 261.470032
RMSE: 1079.006714
Train Epoch: 258[ 16000/ 37497(43%)]	Learning rate: 0.0005	Loss: 0.004360
Train Epoch: 258[ 32000/ 37497(85%)]	Learning rate: 0.0005	Loss: 0.004371
Test set metrics:
Loss: 2.802702
WAPE: 0.127123
MAPE: 0.480975
SMAPE: 0.282592
MAE: 271.788025
RMSE: 1158.097900
Train Epoch: 259[ 16000/ 37497(43%)]	Learning rate: 0.0005	Loss: 0.004361
Train Epoch: 259[ 32000/ 37497(85%)]	Learning rate: 0.0005	Loss: 0.004370
Test set metrics:
Loss: 2.824800
WAPE: 0.131806
MAPE: 0.489710
SMAPE: 0.297488
MAE: 281.798737
RMSE: 1243.628906
Train Epoch: 260[ 16000/ 37497(43%)]	Learning rate: 0.0005	Loss: 0.004355
Train Epoch: 260[ 32000/ 37497(85%)]	Learning rate: 0.0005	Loss: 0.004367
Test set metrics:
Loss: 2.801557
WAPE: 0.126148
MAPE: 0.466266
SMAPE: 0.270669
MAE: 269.704010
RMSE: 1223.079956
Train Epoch: 261[ 16000/ 37497(43%)]	Learning rate: 0.0005	Loss: 0.004350
Train Epoch: 261[ 32000/ 37497(85%)]	Learning rate: 0.0005	Loss: 0.004365
Test set metrics:
Loss: 2.828968
WAPE: 0.129454
MAPE: 0.482928
SMAPE: 0.291714
MAE: 276.771576
RMSE: 1201.272095
Train Epoch: 262[ 16000/ 37497(43%)]	Learning rate: 0.0005	Loss: 0.004369
Train Epoch: 262[ 32000/ 37497(85%)]	Learning rate: 0.0005	Loss: 0.004362
Test set metrics:
Loss: 2.813704
WAPE: 0.128478
MAPE: 0.460060
SMAPE: 0.281282
MAE: 274.684479
RMSE: 1192.820190
Train Epoch: 263[ 16000/ 37497(43%)]	Learning rate: 0.0005	Loss: 0.004366
Train Epoch: 263[ 32000/ 37497(85%)]	Learning rate: 0.0005	Loss: 0.004362
Test set metrics:
Loss: 2.794965
WAPE: 0.126207
MAPE: 0.496565
SMAPE: 0.288265
MAE: 269.829498
RMSE: 1150.868774
Train Epoch: 264[ 16000/ 37497(43%)]	Learning rate: 0.0005	Loss: 0.004354
Train Epoch: 264[ 32000/ 37497(85%)]	Learning rate: 0.0005	Loss: 0.004368
Test set metrics:
Loss: 2.796788
WAPE: 0.124561
MAPE: 0.459412
SMAPE: 0.283015
MAE: 266.308899
RMSE: 1141.524414
Train Epoch: 265[ 16000/ 37497(43%)]	Learning rate: 0.0005	Loss: 0.004376
Train Epoch: 265[ 32000/ 37497(85%)]	Learning rate: 0.0005	Loss: 0.004357
Test set metrics:
Loss: 2.811473
WAPE: 0.125015
MAPE: 0.449836
SMAPE: 0.276292
MAE: 267.281403
RMSE: 1155.126465
Train Epoch: 266[ 16000/ 37497(43%)]	Learning rate: 0.0005	Loss: 0.004369
Train Epoch: 266[ 32000/ 37497(85%)]	Learning rate: 0.0005	Loss: 0.004358
Test set metrics:
Loss: 2.813525
WAPE: 0.127348
MAPE: 0.476961
SMAPE: 0.288106
MAE: 272.269318
RMSE: 1255.082642
Train Epoch: 267[ 16000/ 37497(43%)]	Learning rate: 0.0005	Loss: 0.004360
Train Epoch: 267[ 32000/ 37497(85%)]	Learning rate: 0.0005	Loss: 0.004360
Test set metrics:
Loss: 2.828495
WAPE: 0.127640
MAPE: 0.464500
SMAPE: 0.300156
MAE: 272.893372
RMSE: 1172.044434
Train Epoch: 268[ 16000/ 37497(43%)]	Learning rate: 0.0005	Loss: 0.004370
Train Epoch: 268[ 32000/ 37497(85%)]	Learning rate: 0.0005	Loss: 0.004349
Test set metrics:
Loss: 2.797609
WAPE: 0.125812
MAPE: 0.441377
SMAPE: 0.282347
MAE: 268.983734
RMSE: 1140.830444
Train Epoch: 269[ 16000/ 37497(43%)]	Learning rate: 0.0005	Loss: 0.004342
Train Epoch: 269[ 32000/ 37497(85%)]	Learning rate: 0.0005	Loss: 0.004364
Test set metrics:
Loss: 2.775907
WAPE: 0.125516
MAPE: 0.459849
SMAPE: 0.272054
MAE: 268.351105
RMSE: 1148.438965
Train Epoch: 270[ 16000/ 37497(43%)]	Learning rate: 0.0005	Loss: 0.004365
Train Epoch: 270[ 32000/ 37497(85%)]	Learning rate: 0.0005	Loss: 0.004362
Test set metrics:
Loss: 2.838152
WAPE: 0.131503
MAPE: 0.468571
SMAPE: 0.293201
MAE: 281.152222
RMSE: 1203.657837
Train Epoch: 271[ 16000/ 37497(43%)]	Learning rate: 0.0005	Loss: 0.004360
Train Epoch: 271[ 32000/ 37497(85%)]	Learning rate: 0.0005	Loss: 0.004342
Test set metrics:
Loss: 2.832192
WAPE: 0.127236
MAPE: 0.479703
SMAPE: 0.278333
MAE: 272.029816
RMSE: 1185.407837
Train Epoch: 272[ 16000/ 37497(43%)]	Learning rate: 0.0005	Loss: 0.004342
Train Epoch: 272[ 32000/ 37497(85%)]	Learning rate: 0.0005	Loss: 0.004360
Test set metrics:
Loss: 2.809171
WAPE: 0.125322
MAPE: 0.469234
SMAPE: 0.281336
MAE: 267.936188
RMSE: 1139.345703
Train Epoch: 273[ 16000/ 37497(43%)]	Learning rate: 0.0005	Loss: 0.004367
Train Epoch: 273[ 32000/ 37497(85%)]	Learning rate: 0.0005	Loss: 0.004336
Test set metrics:
Loss: 2.857341
WAPE: 0.131299
MAPE: 0.456854
SMAPE: 0.278795
MAE: 280.716217
RMSE: 1291.580200
Train Epoch: 274[ 16000/ 37497(43%)]	Learning rate: 0.0005	Loss: 0.004359
Train Epoch: 274[ 32000/ 37497(85%)]	Learning rate: 0.0005	Loss: 0.004336
Test set metrics:
Loss: 2.815873
WAPE: 0.126648
MAPE: 0.472255
SMAPE: 0.273248
MAE: 270.771210
RMSE: 1176.824219
Train Epoch: 275[ 16000/ 37497(43%)]	Learning rate: 0.0005	Loss: 0.004341
Train Epoch: 275[ 32000/ 37497(85%)]	Learning rate: 0.0005	Loss: 0.004355
Test set metrics:
Loss: 2.851748
WAPE: 0.127301
MAPE: 0.462498
SMAPE: 0.274772
MAE: 272.167786
RMSE: 1170.370239
Train Epoch: 276[ 16000/ 37497(43%)]	Learning rate: 0.0005	Loss: 0.004354
Train Epoch: 276[ 32000/ 37497(85%)]	Learning rate: 0.0005	Loss: 0.004346
Test set metrics:
Loss: 2.828718
WAPE: 0.127368
MAPE: 0.450901
SMAPE: 0.287142
MAE: 272.311035
RMSE: 1167.698853
Train Epoch: 277[ 16000/ 37497(43%)]	Learning rate: 0.0005	Loss: 0.004333
Train Epoch: 277[ 32000/ 37497(85%)]	Learning rate: 0.0005	Loss: 0.004347
Test set metrics:
Loss: 2.825333
WAPE: 0.129050
MAPE: 0.454011
SMAPE: 0.276972
MAE: 275.906982
RMSE: 1218.056885
Train Epoch: 278[ 16000/ 37497(43%)]	Learning rate: 0.0005	Loss: 0.004345
Train Epoch: 278[ 32000/ 37497(85%)]	Learning rate: 0.0005	Loss: 0.004355
Test set metrics:
Loss: 2.799049
WAPE: 0.129202
MAPE: 0.475211
SMAPE: 0.290455
MAE: 276.232605
RMSE: 1237.858643
Train Epoch: 279[ 16000/ 37497(43%)]	Learning rate: 0.0005	Loss: 0.004350
Train Epoch: 279[ 32000/ 37497(85%)]	Learning rate: 0.0005	Loss: 0.004355
Test set metrics:
Loss: 2.821912
WAPE: 0.126776
MAPE: 0.481752
SMAPE: 0.279748
MAE: 271.044861
RMSE: 1188.608887
Train Epoch: 280[ 16000/ 37497(43%)]	Learning rate: 0.0005	Loss: 0.004341
Train Epoch: 280[ 32000/ 37497(85%)]	Learning rate: 0.0005	Loss: 0.004362
Test set metrics:
Loss: 2.839750
WAPE: 0.130197
MAPE: 0.466246
SMAPE: 0.301117
MAE: 278.359802
RMSE: 1199.801025
Train Epoch: 281[ 16000/ 37497(43%)]	Learning rate: 0.0005	Loss: 0.004345
Train Epoch: 281[ 32000/ 37497(85%)]	Learning rate: 0.0005	Loss: 0.004345
Test set metrics:
Loss: 2.796320
WAPE: 0.126728
MAPE: 0.462795
SMAPE: 0.283212
MAE: 270.942963
RMSE: 1211.827271
Train Epoch: 282[ 16000/ 37497(43%)]	Learning rate: 0.0005	Loss: 0.004352
Train Epoch: 282[ 32000/ 37497(85%)]	Learning rate: 0.0005	Loss: 0.004359
Test set metrics:
Loss: 2.805913
WAPE: 0.124324
MAPE: 0.463279
SMAPE: 0.276829
MAE: 265.803864
RMSE: 1142.797363
Train Epoch: 283[ 16000/ 37497(43%)]	Learning rate: 0.0005	Loss: 0.004342
Train Epoch: 283[ 32000/ 37497(85%)]	Learning rate: 0.0005	Loss: 0.004347
Test set metrics:
Loss: 2.840881
WAPE: 0.130758
MAPE: 0.470721
SMAPE: 0.282027
MAE: 279.559326
RMSE: 1267.501343
Train Epoch: 284[ 16000/ 37497(43%)]	Learning rate: 0.0005	Loss: 0.004338
Train Epoch: 284[ 32000/ 37497(85%)]	Learning rate: 0.0005	Loss: 0.004353
Test set metrics:
Loss: 2.827836
WAPE: 0.127923
MAPE: 0.469318
SMAPE: 0.289831
MAE: 273.498535
RMSE: 1210.327026
Train Epoch: 285[ 16000/ 37497(43%)]	Learning rate: 0.0005	Loss: 0.004350
Train Epoch: 285[ 32000/ 37497(85%)]	Learning rate: 0.0005	Loss: 0.004338
Test set metrics:
Loss: 2.820635
WAPE: 0.127022
MAPE: 0.463906
SMAPE: 0.274152
MAE: 271.570679
RMSE: 1225.585938
Train Epoch: 286[ 16000/ 37497(43%)]	Learning rate: 0.0005	Loss: 0.004340
Train Epoch: 286[ 32000/ 37497(85%)]	Learning rate: 0.0005	Loss: 0.004329
Test set metrics:
Loss: 2.909548
WAPE: 0.137021
MAPE: 0.452665
SMAPE: 0.290524
MAE: 292.949829
RMSE: 1404.765747
Train Epoch: 287[ 16000/ 37497(43%)]	Learning rate: 0.0005	Loss: 0.004333
Train Epoch: 287[ 32000/ 37497(85%)]	Learning rate: 0.0005	Loss: 0.004346
Test set metrics:
Loss: 2.788299
WAPE: 0.127258
MAPE: 0.469884
SMAPE: 0.289774
MAE: 272.076813
RMSE: 1148.152466
Train Epoch: 288[ 16000/ 37497(43%)]	Learning rate: 0.0005	Loss: 0.004336
Train Epoch: 288[ 32000/ 37497(85%)]	Learning rate: 0.0005	Loss: 0.004340
Test set metrics:
Loss: 2.879374
WAPE: 0.137290
MAPE: 0.452505
SMAPE: 0.290458
MAE: 293.524475
RMSE: 1259.675049
Train Epoch: 289[ 16000/ 37497(43%)]	Learning rate: 0.0005	Loss: 0.004325
Train Epoch: 289[ 32000/ 37497(85%)]	Learning rate: 0.0005	Loss: 0.004346
Test set metrics:
Loss: 2.847872
WAPE: 0.130095
MAPE: 0.469497
SMAPE: 0.285521
MAE: 278.140656
RMSE: 1191.910645
Train Epoch: 290[ 16000/ 37497(43%)]	Learning rate: 0.0005	Loss: 0.004327
Train Epoch: 290[ 32000/ 37497(85%)]	Learning rate: 0.0005	Loss: 0.004339
Test set metrics:
Loss: 2.800067
WAPE: 0.124431
MAPE: 0.467643
SMAPE: 0.273670
MAE: 266.031586
RMSE: 1164.127197
Train Epoch: 291[ 16000/ 37497(43%)]	Learning rate: 0.0005	Loss: 0.004335
Train Epoch: 291[ 32000/ 37497(85%)]	Learning rate: 0.0005	Loss: 0.004348
Test set metrics:
Loss: 2.822419
WAPE: 0.126033
MAPE: 0.463827
SMAPE: 0.284188
MAE: 269.456573
RMSE: 1136.592407
Train Epoch: 292[ 16000/ 37497(43%)]	Learning rate: 0.0005	Loss: 0.004336
Train Epoch: 292[ 32000/ 37497(85%)]	Learning rate: 0.0005	Loss: 0.004333
Test set metrics:
Loss: 2.783861
WAPE: 0.125180
MAPE: 0.462582
SMAPE: 0.275898
MAE: 267.633972
RMSE: 1190.004395
Train Epoch: 293[ 16000/ 37497(43%)]	Learning rate: 0.0005	Loss: 0.004336
Train Epoch: 293[ 32000/ 37497(85%)]	Learning rate: 0.0005	Loss: 0.004334
Test set metrics:
Loss: 2.828570
WAPE: 0.128708
MAPE: 0.447535
SMAPE: 0.286446
MAE: 275.177124
RMSE: 1202.125854
Train Epoch: 294[ 16000/ 37497(43%)]	Learning rate: 0.0005	Loss: 0.004342
Train Epoch: 294[ 32000/ 37497(85%)]	Learning rate: 0.0005	Loss: 0.004326
Test set metrics:
Loss: 2.794212
WAPE: 0.125573
MAPE: 0.470414
SMAPE: 0.276246
MAE: 268.472839
RMSE: 1214.345581
Train Epoch: 295[ 16000/ 37497(43%)]	Learning rate: 0.0005	Loss: 0.004335
Train Epoch: 295[ 32000/ 37497(85%)]	Learning rate: 0.0005	Loss: 0.004339
Test set metrics:
Loss: 2.838468
WAPE: 0.129799
MAPE: 0.463172
SMAPE: 0.287788
MAE: 277.508514
RMSE: 1213.060181
Train Epoch: 296[ 16000/ 37497(43%)]	Learning rate: 0.0005	Loss: 0.004333
Train Epoch: 296[ 32000/ 37497(85%)]	Learning rate: 0.0005	Loss: 0.004334
Test set metrics:
Loss: 2.815900
WAPE: 0.129404
MAPE: 0.463605
SMAPE: 0.287413
MAE: 276.665161
RMSE: 1199.008301
Train Epoch: 297[ 16000/ 37497(43%)]	Learning rate: 0.0005	Loss: 0.004334
Train Epoch: 297[ 32000/ 37497(85%)]	Learning rate: 0.0005	Loss: 0.004354
Test set metrics:
Loss: 2.781167
WAPE: 0.122836
MAPE: 0.463557
SMAPE: 0.272633
MAE: 262.621490
RMSE: 1091.117676
Train Epoch: 298[ 16000/ 37497(43%)]	Learning rate: 0.0005	Loss: 0.004322
Train Epoch: 298[ 32000/ 37497(85%)]	Learning rate: 0.0005	Loss: 0.004339
Test set metrics:
Loss: 2.860248
WAPE: 0.132075
MAPE: 0.446178
SMAPE: 0.284516
MAE: 282.374512
RMSE: 1221.397461
Train Epoch: 299[ 16000/ 37497(43%)]	Learning rate: 0.0005	Loss: 0.004335
Train Epoch: 299[ 32000/ 37497(85%)]	Learning rate: 0.0005	Loss: 0.004335
Test set metrics:
Loss: 2.814714
WAPE: 0.125117
MAPE: 0.460873
SMAPE: 0.283932
MAE: 267.498718
RMSE: 1110.315552
Train Epoch: 300[ 16000/ 37497(43%)]	Learning rate: 0.0005	Loss: 0.004334
Train Epoch: 300[ 32000/ 37497(85%)]	Learning rate: 0.0005	Loss: 0.004319
Test set metrics:
Loss: 2.854954
WAPE: 0.129359
MAPE: 0.471735
SMAPE: 0.284296
MAE: 276.568207
RMSE: 1216.542480
Test set:
Loss: 2.859660
WAPE: 0.129359
MAPE: 0.471735
SMAPE: 0.284296
MAE: 276.568207
RMSE: 1216.542480
Finished Training
