/var/spool/slurmd/job732421/slurm_script: line 12: $'\302\240': command not found
train_start          : 2012-01-01
train_end            : 2014-12-16
v_batch_size         : 32
h_batch_size         : 256
num_workers          : 4
time_covariates      : False
one_hot_id           : False
num_layers           : 5
kernel_size          : 7
res_block_size       : 32
bias                 : True
epochs               : 300
lr                   : 0.0005
dropout              : 0.2
stride               : 1
tenacity             : 7
leveledinit          : False
clip                 : True
num_rolling_periods  : 7
length_rolling       : 24
model_save_path      : electricity_dglo_data/models/tcn_plain.pt
writer_path          : electricity_dglo_data/runs/tcn_plain
log_interval         : 500
print                : False
cuda:0
Creating dataset.
Receptive field of the model is 385 time points.
Train dataset
Dimension of X :  torch.Size([370, 1, 25944])
Dimension of Y :  torch.Size([370, 1, 25944])
Test dataset
Dimension of X :  torch.Size([370, 1, 576])
Dimension of Y :  torch.Size([370, 1, 576])
25944
576
Number of learnable parameters : 65716
Test set:
Loss: 3.746384
WAPE: 0.304367
MAPE: 4.421289
SMAPE: 0.533850
MAE: 650.733582
RMSE: 3049.593994
Finished Training
