/var/spool/slurmd/job732446/slurm_script: line 12: $'\302\240': command not found
train_start          : 2012-01-01
train_end            : 2014-12-16
v_batch_size         : 32
h_batch_size         : 256
num_workers          : 4
time_covariates      : False
one_hot_id           : False
num_layers           : 5
kernel_size          : 7
res_block_size       : 32
bias                 : True
epochs               : 300
lr                   : 0.0005
dropout              : 0.2
stride               : 1
tenacity             : 7
leveledinit          : False
clip                 : True
num_rolling_periods  : 7
length_rolling       : 24
model_save_path      : electricity_dglo_data/models/tcn_print.pt
writer_path          : electricity_dglo_data/runs/tcn_print
log_interval         : 500
print                : True
cuda:0
Creating dataset.
Receptive field of the model is 385 time points.
Train dataset
Dimension of X :  torch.Size([370, 1, 25944])
Dimension of Y :  torch.Size([370, 1, 25944])
Test dataset
Dimension of X :  torch.Size([370, 1, 576])
Dimension of Y :  torch.Size([370, 1, 576])
25944
576
Number of learnable parameters : 65716
Train Epoch:  1[ 16000/ 37497(43%)]	Learning rate: 0.0005	Loss: 0.025552
Train Epoch:  1[ 32000/ 37497(85%)]	Learning rate: 0.0005	Loss: 0.020777
Test set metrics:
Loss: 6.186322
WAPE: 0.443700
MAPE: 1.358833
SMAPE: 0.609328
MAE: 948.625610
RMSE: 6629.067383
Train Epoch:  2[ 16000/ 37497(43%)]	Learning rate: 0.0005	Loss: 0.016740
Train Epoch:  2[ 32000/ 37497(85%)]	Learning rate: 0.0005	Loss: 0.015122
Test set metrics:
Loss: 4.872343
WAPE: 0.307687
MAPE: 1.701688
SMAPE: 0.602776
MAE: 657.830750
RMSE: 3425.696533
Train Epoch:  3[ 16000/ 37497(43%)]	Learning rate: 0.0005	Loss: 0.013943
Train Epoch:  3[ 32000/ 37497(85%)]	Learning rate: 0.0005	Loss: 0.013393
Test set metrics:
Loss: 4.462878
WAPE: 0.295297
MAPE: 1.851495
SMAPE: 0.610817
MAE: 631.342468
RMSE: 3105.979492
Train Epoch:  4[ 16000/ 37497(43%)]	Learning rate: 0.0005	Loss: 0.012774
Train Epoch:  4[ 32000/ 37497(85%)]	Learning rate: 0.0005	Loss: 0.012469
Test set metrics:
Loss: 4.280401
WAPE: 0.292721
MAPE: 2.060574
SMAPE: 0.629325
MAE: 625.833923
RMSE: 2914.297607
Train Epoch:  5[ 16000/ 37497(43%)]	Learning rate: 0.0005	Loss: 0.012093
Train Epoch:  5[ 32000/ 37497(85%)]	Learning rate: 0.0005	Loss: 0.011910
Test set metrics:
Loss: 4.134240
WAPE: 0.280852
MAPE: 2.143497
SMAPE: 0.541346
MAE: 600.457764
RMSE: 2821.076904
Train Epoch:  6[ 16000/ 37497(43%)]	Learning rate: 0.0005	Loss: 0.011701
Train Epoch:  6[ 32000/ 37497(85%)]	Learning rate: 0.0005	Loss: 0.011572
Test set metrics:
Loss: 4.015817
WAPE: 0.277778
MAPE: 2.153734
SMAPE: 0.552435
MAE: 593.885620
RMSE: 2631.286133
Train Epoch:  7[ 16000/ 37497(43%)]	Learning rate: 0.0005	Loss: 0.011419
Train Epoch:  7[ 32000/ 37497(85%)]	Learning rate: 0.0005	Loss: 0.011349
Test set metrics:
Loss: 4.015751
WAPE: 0.278603
MAPE: 1.944428
SMAPE: 0.603714
MAE: 595.649536
RMSE: 2599.642334
Train Epoch:  8[ 16000/ 37497(43%)]	Learning rate: 0.0005	Loss: 0.011230
Train Epoch:  8[ 32000/ 37497(85%)]	Learning rate: 0.0005	Loss: 0.011119
Test set metrics:
Loss: 3.948434
WAPE: 0.271850
MAPE: 2.239422
SMAPE: 0.620864
MAE: 581.213196
RMSE: 2490.940918
Train Epoch:  9[ 16000/ 37497(43%)]	Learning rate: 0.0005	Loss: 0.011042
Train Epoch:  9[ 32000/ 37497(85%)]	Learning rate: 0.0005	Loss: 0.010992
Test set metrics:
Loss: 4.035681
WAPE: 0.284270
MAPE: 2.283927
SMAPE: 0.623226
MAE: 607.765381
RMSE: 2633.647461
Train Epoch: 10[ 16000/ 37497(43%)]	Learning rate: 0.0005	Loss: 0.010889
Train Epoch: 10[ 32000/ 37497(85%)]	Learning rate: 0.0005	Loss: 0.010841
Test set metrics:
Loss: 3.955888
WAPE: 0.275109
MAPE: 2.230177
SMAPE: 0.560331
MAE: 588.178955
RMSE: 2608.464355
Train Epoch: 11[ 16000/ 37497(43%)]	Learning rate: 0.0005	Loss: 0.010771
Train Epoch: 11[ 32000/ 37497(85%)]	Learning rate: 0.0005	Loss: 0.010714
Test set metrics:
Loss: 3.935170
WAPE: 0.270725
MAPE: 2.391195
SMAPE: 0.538218
MAE: 578.806458
RMSE: 2601.537354
Train Epoch: 12[ 16000/ 37497(43%)]	Learning rate: 0.0005	Loss: 0.010652
Train Epoch: 12[ 32000/ 37497(85%)]	Learning rate: 0.0005	Loss: 0.010628
Test set metrics:
Loss: 4.047882
WAPE: 0.312036
MAPE: 3.787905
SMAPE: 0.554226
MAE: 667.128296
RMSE: 3016.805176
Train Epoch: 13[ 16000/ 37497(43%)]	Learning rate: 0.0005	Loss: 0.010592
Train Epoch: 13[ 32000/ 37497(85%)]	Learning rate: 0.0005	Loss: 0.010514
Test set metrics:
Loss: 4.003456
WAPE: 0.289147
MAPE: 3.161515
SMAPE: 0.566511
MAE: 618.191956
RMSE: 2761.729736
Train Epoch: 14[ 16000/ 37497(43%)]	Learning rate: 0.0005	Loss: 0.010466
Train Epoch: 14[ 32000/ 37497(85%)]	Learning rate: 0.0005	Loss: 0.010442
Test set metrics:
Loss: 4.014130
WAPE: 0.386457
MAPE: 6.424238
SMAPE: 0.593730
MAE: 826.240479
RMSE: 3980.418213
Train Epoch: 15[ 16000/ 37497(43%)]	Learning rate: 0.0005	Loss: 0.010373
Train Epoch: 15[ 32000/ 37497(85%)]	Learning rate: 0.0005	Loss: 0.010366
Test set metrics:
Loss: 4.067656
WAPE: 0.384055
MAPE: 6.207545
SMAPE: 0.606789
MAE: 821.105896
RMSE: 4046.513428
Train Epoch: 16[ 16000/ 37497(43%)]	Learning rate: 0.0005	Loss: 0.010293
Train Epoch: 16[ 32000/ 37497(85%)]	Learning rate: 0.0005	Loss: 0.010276
Test set metrics:
Loss: 4.038676
WAPE: 0.283272
MAPE: 3.077608
SMAPE: 0.555870
MAE: 605.631226
RMSE: 2813.812988
Train Epoch: 17[ 16000/ 37497(43%)]	Learning rate: 0.0005	Loss: 0.010231
Train Epoch: 17[ 32000/ 37497(85%)]	Learning rate: 0.0005	Loss: 0.010215
Test set metrics:
Loss: 3.977009
WAPE: 0.314965
MAPE: 4.002435
SMAPE: 0.575630
MAE: 673.392273
RMSE: 3122.531494
Train Epoch: 18[ 16000/ 37497(43%)]	Learning rate: 0.0005	Loss: 0.010159
Train Epoch: 18[ 32000/ 37497(85%)]	Learning rate: 0.0005	Loss: 0.010132
Test set metrics:
Loss: 4.015652
WAPE: 0.293507
MAPE: 3.162473
SMAPE: 0.614244
MAE: 627.515564
RMSE: 2717.291748
Test set:
Loss: 4.039477
WAPE: 0.293507
MAPE: 3.162472
SMAPE: 0.614244
MAE: 627.515503
RMSE: 2717.291748
Finished Training
