/var/spool/slurmd/job732447/slurm_script: line 12: $'\302\240': command not found
train_start          : 2012-01-01
train_end            : 2014-12-16
v_batch_size         : 32
h_batch_size         : 256
num_workers          : 4
time_covariates      : True
one_hot_id           : False
num_layers           : 5
kernel_size          : 7
res_block_size       : 32
bias                 : True
epochs               : 300
lr                   : 0.0005
dropout              : 0.2
stride               : 1
tenacity             : 7
leveledinit          : True
clip                 : True
num_rolling_periods  : 7
length_rolling       : 24
model_save_path      : electricity_dglo_data/models/tcn_no_stop.pt
writer_path          : electricity_dglo_data/runs/tcn_no_stop
log_interval         : 500
print                : True
cuda:0
Creating dataset.
Receptive field of the model is 385 time points.
Train dataset
Dimension of X :  torch.Size([370, 8, 25944])
Dimension of Y :  torch.Size([370, 1, 25944])
Test dataset
Dimension of X :  torch.Size([370, 8, 576])
Dimension of Y :  torch.Size([370, 1, 576])
25944
576
Number of learnable parameters : 67508
Train Epoch:  1[ 16000/ 37497(43%)]	Learning rate: 0.0005	Loss: 0.025031
Train Epoch:  1[ 32000/ 37497(85%)]	Learning rate: 0.0005	Loss: 0.012602
Test set metrics:
Loss: 4.523662
WAPE: 0.198604
MAPE: 0.771923
SMAPE: 0.388245
MAE: 424.613647
RMSE: 2077.698730
Train Epoch:  2[ 16000/ 37497(43%)]	Learning rate: 0.0005	Loss: 0.009127
Train Epoch:  2[ 32000/ 37497(85%)]	Learning rate: 0.0005	Loss: 0.008557
Test set metrics:
Loss: 4.108704
WAPE: 0.192590
MAPE: 0.589416
SMAPE: 0.353520
MAE: 411.754547
RMSE: 2011.873169
Train Epoch:  3[ 16000/ 37497(43%)]	Learning rate: 0.0005	Loss: 0.008019
Train Epoch:  3[ 32000/ 37497(85%)]	Learning rate: 0.0005	Loss: 0.007660
Test set metrics:
Loss: 3.910449
WAPE: 0.179098
MAPE: 0.606554
SMAPE: 0.355811
MAE: 382.909851
RMSE: 1983.797119
Train Epoch:  4[ 16000/ 37497(43%)]	Learning rate: 0.0005	Loss: 0.007340
Train Epoch:  4[ 32000/ 37497(85%)]	Learning rate: 0.0005	Loss: 0.007151
Test set metrics:
Loss: 3.936378
WAPE: 0.184625
MAPE: 0.553032
SMAPE: 0.404258
MAE: 394.725464
RMSE: 2057.313721
Train Epoch:  5[ 16000/ 37497(43%)]	Learning rate: 0.0005	Loss: 0.006927
Train Epoch:  5[ 32000/ 37497(85%)]	Learning rate: 0.0005	Loss: 0.006802
Test set metrics:
Loss: 3.562323
WAPE: 0.143723
MAPE: 0.623468
SMAPE: 0.329425
MAE: 307.278107
RMSE: 1266.364136
Train Epoch:  6[ 16000/ 37497(43%)]	Learning rate: 0.0005	Loss: 0.006662
Train Epoch:  6[ 32000/ 37497(85%)]	Learning rate: 0.0005	Loss: 0.006549
Test set metrics:
Loss: 3.670918
WAPE: 0.166162
MAPE: 0.517061
SMAPE: 0.370722
MAE: 355.252350
RMSE: 1793.133179
Train Epoch:  7[ 16000/ 37497(43%)]	Learning rate: 0.0005	Loss: 0.006463
Train Epoch:  7[ 32000/ 37497(85%)]	Learning rate: 0.0005	Loss: 0.006370
Test set metrics:
Loss: 3.461242
WAPE: 0.145616
MAPE: 0.451779
SMAPE: 0.317562
MAE: 311.324768
RMSE: 1462.983887
Train Epoch:  8[ 16000/ 37497(43%)]	Learning rate: 0.0005	Loss: 0.006279
Train Epoch:  8[ 32000/ 37497(85%)]	Learning rate: 0.0005	Loss: 0.006221
Test set metrics:
Loss: 3.530209
WAPE: 0.158908
MAPE: 0.446842
SMAPE: 0.365025
MAE: 339.742554
RMSE: 1794.198486
Train Epoch:  9[ 16000/ 37497(43%)]	Learning rate: 0.0005	Loss: 0.006144
Train Epoch:  9[ 32000/ 37497(85%)]	Learning rate: 0.0005	Loss: 0.006075
Test set metrics:
Loss: 3.279451
WAPE: 0.141069
MAPE: 0.490251
SMAPE: 0.306162
MAE: 301.604889
RMSE: 1354.477417
Train Epoch: 10[ 16000/ 37497(43%)]	Learning rate: 0.0005	Loss: 0.006022
Train Epoch: 10[ 32000/ 37497(85%)]	Learning rate: 0.0005	Loss: 0.005953
Test set metrics:
Loss: 3.292934
WAPE: 0.143483
MAPE: 0.523276
SMAPE: 0.326527
MAE: 306.764740
RMSE: 1436.540649
Train Epoch: 11[ 16000/ 37497(43%)]	Learning rate: 0.0005	Loss: 0.005884
Train Epoch: 11[ 32000/ 37497(85%)]	Learning rate: 0.0005	Loss: 0.005855
Test set metrics:
Loss: 3.209587
WAPE: 0.139907
MAPE: 0.492000
SMAPE: 0.326885
MAE: 299.119690
RMSE: 1284.345093
Train Epoch: 12[ 16000/ 37497(43%)]	Learning rate: 0.0005	Loss: 0.005780
Train Epoch: 12[ 32000/ 37497(85%)]	Learning rate: 0.0005	Loss: 0.005774
Test set metrics:
Loss: 3.245777
WAPE: 0.148153
MAPE: 0.538521
SMAPE: 0.357948
MAE: 316.748871
RMSE: 1274.881104
Train Epoch: 13[ 16000/ 37497(43%)]	Learning rate: 0.0005	Loss: 0.005743
Train Epoch: 13[ 32000/ 37497(85%)]	Learning rate: 0.0005	Loss: 0.005691
Test set metrics:
Loss: 3.126464
WAPE: 0.141711
MAPE: 0.671032
SMAPE: 0.303741
MAE: 302.975983
RMSE: 1247.080566
Train Epoch: 14[ 16000/ 37497(43%)]	Learning rate: 0.0005	Loss: 0.005668
Train Epoch: 14[ 32000/ 37497(85%)]	Learning rate: 0.0005	Loss: 0.005645
Test set metrics:
Loss: 3.212940
WAPE: 0.145884
MAPE: 0.620102
SMAPE: 0.347013
MAE: 311.898621
RMSE: 1434.475464
Train Epoch: 15[ 16000/ 37497(43%)]	Learning rate: 0.0005	Loss: 0.005567
Train Epoch: 15[ 32000/ 37497(85%)]	Learning rate: 0.0005	Loss: 0.005564
Test set metrics:
Loss: 3.225087
WAPE: 0.153138
MAPE: 0.521090
SMAPE: 0.357944
MAE: 327.407196
RMSE: 1322.944336
Train Epoch: 16[ 16000/ 37497(43%)]	Learning rate: 0.0005	Loss: 0.005526
Train Epoch: 16[ 32000/ 37497(85%)]	Learning rate: 0.0005	Loss: 0.005522
Test set metrics:
Loss: 3.070624
WAPE: 0.140846
MAPE: 0.490859
SMAPE: 0.302986
MAE: 301.127014
RMSE: 1390.153442
Train Epoch: 17[ 16000/ 37497(43%)]	Learning rate: 0.0005	Loss: 0.005460
Train Epoch: 17[ 32000/ 37497(85%)]	Learning rate: 0.0005	Loss: 0.005470
Test set metrics:
Loss: 3.150474
WAPE: 0.144251
MAPE: 0.549779
SMAPE: 0.366698
MAE: 308.406036
RMSE: 1251.219604
Train Epoch: 18[ 16000/ 37497(43%)]	Learning rate: 0.0005	Loss: 0.005432
Train Epoch: 18[ 32000/ 37497(85%)]	Learning rate: 0.0005	Loss: 0.005430
Test set metrics:
Loss: 3.137448
WAPE: 0.145876
MAPE: 0.469327
SMAPE: 0.329031
MAE: 311.881165
RMSE: 1570.990234
Train Epoch: 19[ 16000/ 37497(43%)]	Learning rate: 0.0005	Loss: 0.005383
Train Epoch: 19[ 32000/ 37497(85%)]	Learning rate: 0.0005	Loss: 0.005402
Test set metrics:
Loss: 3.052224
WAPE: 0.141549
MAPE: 0.436328
SMAPE: 0.351270
MAE: 302.630066
RMSE: 1187.210327
Train Epoch: 20[ 16000/ 37497(43%)]	Learning rate: 0.0005	Loss: 0.005355
Train Epoch: 20[ 32000/ 37497(85%)]	Learning rate: 0.0005	Loss: 0.005336
Test set metrics:
Loss: 3.029770
WAPE: 0.137181
MAPE: 0.609166
SMAPE: 0.326209
MAE: 293.290955
RMSE: 1168.930908
Train Epoch: 21[ 16000/ 37497(43%)]	Learning rate: 0.0005	Loss: 0.005314
Train Epoch: 21[ 32000/ 37497(85%)]	Learning rate: 0.0005	Loss: 0.005307
Test set metrics:
Loss: 3.058427
WAPE: 0.146118
MAPE: 0.507949
SMAPE: 0.344298
MAE: 312.397919
RMSE: 1278.671997
Train Epoch: 22[ 16000/ 37497(43%)]	Learning rate: 0.0005	Loss: 0.005277
Train Epoch: 22[ 32000/ 37497(85%)]	Learning rate: 0.0005	Loss: 0.005265
Test set metrics:
Loss: 3.021355
WAPE: 0.136204
MAPE: 0.534803
SMAPE: 0.337030
MAE: 291.203308
RMSE: 1196.905884
Train Epoch: 23[ 16000/ 37497(43%)]	Learning rate: 0.0005	Loss: 0.005287
Train Epoch: 23[ 32000/ 37497(85%)]	Learning rate: 0.0005	Loss: 0.005227
Test set metrics:
Loss: 3.044306
WAPE: 0.145005
MAPE: 0.518051
SMAPE: 0.346574
MAE: 310.019409
RMSE: 1245.620483
Train Epoch: 24[ 16000/ 37497(43%)]	Learning rate: 0.0005	Loss: 0.005232
Train Epoch: 24[ 32000/ 37497(85%)]	Learning rate: 0.0005	Loss: 0.005218
Test set metrics:
Loss: 3.025102
WAPE: 0.144917
MAPE: 0.509062
SMAPE: 0.351554
MAE: 309.831787
RMSE: 1242.841309
Train Epoch: 25[ 16000/ 37497(43%)]	Learning rate: 0.0005	Loss: 0.005188
Train Epoch: 25[ 32000/ 37497(85%)]	Learning rate: 0.0005	Loss: 0.005197
Test set metrics:
Loss: 2.943750
WAPE: 0.131856
MAPE: 0.536751
SMAPE: 0.298214
MAE: 281.907440
RMSE: 1190.694458
Train Epoch: 26[ 16000/ 37497(43%)]	Learning rate: 0.0005	Loss: 0.005176
Train Epoch: 26[ 32000/ 37497(85%)]	Learning rate: 0.0005	Loss: 0.005167
Test set metrics:
Loss: 2.942361
WAPE: 0.134635
MAPE: 0.422824
SMAPE: 0.323115
MAE: 287.849060
RMSE: 1238.757080
Train Epoch: 27[ 16000/ 37497(43%)]	Learning rate: 0.0005	Loss: 0.005133
Train Epoch: 27[ 32000/ 37497(85%)]	Learning rate: 0.0005	Loss: 0.005165
Test set metrics:
Loss: 2.951400
WAPE: 0.136301
MAPE: 0.432073
SMAPE: 0.313094
MAE: 291.410645
RMSE: 1278.247925
Train Epoch: 28[ 16000/ 37497(43%)]	Learning rate: 0.0005	Loss: 0.005141
Train Epoch: 28[ 32000/ 37497(85%)]	Learning rate: 0.0005	Loss: 0.005114
Test set metrics:
Loss: 3.032973
WAPE: 0.149019
MAPE: 0.508677
SMAPE: 0.349809
MAE: 318.601868
RMSE: 1343.135742
Train Epoch: 29[ 16000/ 37497(43%)]	Learning rate: 0.0005	Loss: 0.005114
Train Epoch: 29[ 32000/ 37497(85%)]	Learning rate: 0.0005	Loss: 0.005097
Test set metrics:
Loss: 2.996955
WAPE: 0.141931
MAPE: 0.666545
SMAPE: 0.326516
MAE: 303.446411
RMSE: 1259.713135
Train Epoch: 30[ 16000/ 37497(43%)]	Learning rate: 0.0005	Loss: 0.005101
Train Epoch: 30[ 32000/ 37497(85%)]	Learning rate: 0.0005	Loss: 0.005089
Test set metrics:
Loss: 2.966591
WAPE: 0.143165
MAPE: 0.497278
SMAPE: 0.319294
MAE: 306.085205
RMSE: 1232.185547
Train Epoch: 31[ 16000/ 37497(43%)]	Learning rate: 0.0005	Loss: 0.005053
Train Epoch: 31[ 32000/ 37497(85%)]	Learning rate: 0.0005	Loss: 0.005061
Test set metrics:
Loss: 2.902101
WAPE: 0.131620
MAPE: 0.541663
SMAPE: 0.315451
MAE: 281.402771
RMSE: 1144.470825
Train Epoch: 32[ 16000/ 37497(43%)]	Learning rate: 0.0005	Loss: 0.005033
Train Epoch: 32[ 32000/ 37497(85%)]	Learning rate: 0.0005	Loss: 0.005065
Test set metrics:
Loss: 2.981539
WAPE: 0.146108
MAPE: 0.431814
SMAPE: 0.344898
MAE: 312.376465
RMSE: 1318.700562
Train Epoch: 33[ 16000/ 37497(43%)]	Learning rate: 0.0005	Loss: 0.005048
Train Epoch: 33[ 32000/ 37497(85%)]	Learning rate: 0.0005	Loss: 0.005026
Test set metrics:
Loss: 2.907690
WAPE: 0.133797
MAPE: 0.392629
SMAPE: 0.315232
MAE: 286.056946
RMSE: 1270.683716
Train Epoch: 34[ 16000/ 37497(43%)]	Learning rate: 0.0005	Loss: 0.005033
Train Epoch: 34[ 32000/ 37497(85%)]	Learning rate: 0.0005	Loss: 0.005017
Test set metrics:
Loss: 2.935570
WAPE: 0.142796
MAPE: 0.462792
SMAPE: 0.336264
MAE: 305.296326
RMSE: 1236.639648
Train Epoch: 35[ 16000/ 37497(43%)]	Learning rate: 0.0005	Loss: 0.005015
Train Epoch: 35[ 32000/ 37497(85%)]	Learning rate: 0.0005	Loss: 0.004988
Test set metrics:
Loss: 2.987199
WAPE: 0.147819
MAPE: 0.516607
SMAPE: 0.337247
MAE: 316.035461
RMSE: 1369.103271
Train Epoch: 36[ 16000/ 37497(43%)]	Learning rate: 0.0005	Loss: 0.004996
Train Epoch: 36[ 32000/ 37497(85%)]	Learning rate: 0.0005	Loss: 0.004990
Test set metrics:
Loss: 2.927239
WAPE: 0.137016
MAPE: 0.430888
SMAPE: 0.310439
MAE: 292.937714
RMSE: 1443.969482
Train Epoch: 37[ 16000/ 37497(43%)]	Learning rate: 0.0005	Loss: 0.004975
Train Epoch: 37[ 32000/ 37497(85%)]	Learning rate: 0.0005	Loss: 0.004975
Test set metrics:
Loss: 3.050630
WAPE: 0.152655
MAPE: 0.444828
SMAPE: 0.343174
MAE: 326.374573
RMSE: 1536.176270
Train Epoch: 38[ 16000/ 37497(43%)]	Learning rate: 0.0005	Loss: 0.004977
Train Epoch: 38[ 32000/ 37497(85%)]	Learning rate: 0.0005	Loss: 0.004951
Test set metrics:
Loss: 3.000813
WAPE: 0.149479
MAPE: 0.410437
SMAPE: 0.339553
MAE: 319.583557
RMSE: 1573.406738
Train Epoch: 39[ 16000/ 37497(43%)]	Learning rate: 0.0005	Loss: 0.004954
Train Epoch: 39[ 32000/ 37497(85%)]	Learning rate: 0.0005	Loss: 0.004935
Test set metrics:
Loss: 2.879912
WAPE: 0.132908
MAPE: 0.450009
SMAPE: 0.315438
MAE: 284.156128
RMSE: 1256.398804
Train Epoch: 40[ 16000/ 37497(43%)]	Learning rate: 0.0005	Loss: 0.004941
Train Epoch: 40[ 32000/ 37497(85%)]	Learning rate: 0.0005	Loss: 0.004945
Test set metrics:
Loss: 2.963444
WAPE: 0.143376
MAPE: 0.428430
SMAPE: 0.321397
MAE: 306.536987
RMSE: 1345.072144
Train Epoch: 41[ 16000/ 37497(43%)]	Learning rate: 0.0005	Loss: 0.004930
Train Epoch: 41[ 32000/ 37497(85%)]	Learning rate: 0.0005	Loss: 0.004918
Test set metrics:
Loss: 2.922313
WAPE: 0.141380
MAPE: 0.411073
SMAPE: 0.324431
MAE: 302.269348
RMSE: 1256.520020
Train Epoch: 42[ 16000/ 37497(43%)]	Learning rate: 0.0005	Loss: 0.004910
Train Epoch: 42[ 32000/ 37497(85%)]	Learning rate: 0.0005	Loss: 0.004909
Test set metrics:
Loss: 2.918660
WAPE: 0.134186
MAPE: 0.417014
SMAPE: 0.325173
MAE: 286.888275
RMSE: 1166.655273
Train Epoch: 43[ 16000/ 37497(43%)]	Learning rate: 0.0005	Loss: 0.004890
Train Epoch: 43[ 32000/ 37497(85%)]	Learning rate: 0.0005	Loss: 0.004915
Test set metrics:
Loss: 2.932268
WAPE: 0.140578
MAPE: 0.380213
SMAPE: 0.324637
MAE: 300.554688
RMSE: 1367.717163
Train Epoch: 44[ 16000/ 37497(43%)]	Learning rate: 0.0005	Loss: 0.004890
Train Epoch: 44[ 32000/ 37497(85%)]	Learning rate: 0.0005	Loss: 0.004879
Test set metrics:
Loss: 2.936844
WAPE: 0.143350
MAPE: 0.400323
SMAPE: 0.336148
MAE: 306.481476
RMSE: 1305.236694
Train Epoch: 45[ 16000/ 37497(43%)]	Learning rate: 0.0005	Loss: 0.004892
Train Epoch: 45[ 32000/ 37497(85%)]	Learning rate: 0.0005	Loss: 0.004875
Test set metrics:
Loss: 2.971449
WAPE: 0.145647
MAPE: 0.475504
SMAPE: 0.323387
MAE: 311.391632
RMSE: 1370.804810
Train Epoch: 46[ 16000/ 37497(43%)]	Learning rate: 0.0005	Loss: 0.004872
Train Epoch: 46[ 32000/ 37497(85%)]	Learning rate: 0.0005	Loss: 0.004875
Test set metrics:
Loss: 2.982797
WAPE: 0.151291
MAPE: 0.446665
SMAPE: 0.341390
MAE: 323.458740
RMSE: 1504.200317
Train Epoch: 47[ 16000/ 37497(43%)]	Learning rate: 0.0005	Loss: 0.004849
Train Epoch: 47[ 32000/ 37497(85%)]	Learning rate: 0.0005	Loss: 0.004881
Test set metrics:
Loss: 2.964566
WAPE: 0.149103
MAPE: 0.424372
SMAPE: 0.334863
MAE: 318.780212
RMSE: 1426.583740
Train Epoch: 48[ 16000/ 37497(43%)]	Learning rate: 0.0005	Loss: 0.004872
Train Epoch: 48[ 32000/ 37497(85%)]	Learning rate: 0.0005	Loss: 0.004848
Test set metrics:
Loss: 2.938727
WAPE: 0.141449
MAPE: 0.442235
SMAPE: 0.316741
MAE: 302.416931
RMSE: 1374.166504
Train Epoch: 49[ 16000/ 37497(43%)]	Learning rate: 0.0005	Loss: 0.004854
Train Epoch: 49[ 32000/ 37497(85%)]	Learning rate: 0.0005	Loss: 0.004848
Test set metrics:
Loss: 2.988811
WAPE: 0.143419
MAPE: 0.406649
SMAPE: 0.330679
MAE: 306.628815
RMSE: 1390.199707
Train Epoch: 50[ 16000/ 37497(43%)]	Learning rate: 0.0005	Loss: 0.004833
Train Epoch: 50[ 32000/ 37497(85%)]	Learning rate: 0.0005	Loss: 0.004828
Test set metrics:
Loss: 2.912621
WAPE: 0.142960
MAPE: 0.387228
SMAPE: 0.328650
MAE: 305.647461
RMSE: 1360.371704
Train Epoch: 51[ 16000/ 37497(43%)]	Learning rate: 0.0005	Loss: 0.004828
Train Epoch: 51[ 32000/ 37497(85%)]	Learning rate: 0.0005	Loss: 0.004832
Test set metrics:
Loss: 2.919563
WAPE: 0.140383
MAPE: 0.387407
SMAPE: 0.323981
MAE: 300.137482
RMSE: 1369.240601
Train Epoch: 52[ 16000/ 37497(43%)]	Learning rate: 0.0005	Loss: 0.004818
Train Epoch: 52[ 32000/ 37497(85%)]	Learning rate: 0.0005	Loss: 0.004795
Test set metrics:
Loss: 2.878277
WAPE: 0.141514
MAPE: 0.372700
SMAPE: 0.342804
MAE: 302.555603
RMSE: 1322.619507
Train Epoch: 53[ 16000/ 37497(43%)]	Learning rate: 0.0005	Loss: 0.004819
Train Epoch: 53[ 32000/ 37497(85%)]	Learning rate: 0.0005	Loss: 0.004807
Test set metrics:
Loss: 2.923769
WAPE: 0.141918
MAPE: 0.379443
SMAPE: 0.317594
MAE: 303.419464
RMSE: 1323.600586
Train Epoch: 54[ 16000/ 37497(43%)]	Learning rate: 0.0005	Loss: 0.004799
Train Epoch: 54[ 32000/ 37497(85%)]	Learning rate: 0.0005	Loss: 0.004815
Test set metrics:
Loss: 2.965795
WAPE: 0.146540
MAPE: 0.380146
SMAPE: 0.325471
MAE: 313.300995
RMSE: 1381.915405
Train Epoch: 55[ 16000/ 37497(43%)]	Learning rate: 0.0005	Loss: 0.004800
Train Epoch: 55[ 32000/ 37497(85%)]	Learning rate: 0.0005	Loss: 0.004813
Test set metrics:
Loss: 2.917411
WAPE: 0.138191
MAPE: 0.419976
SMAPE: 0.313799
MAE: 295.449677
RMSE: 1316.928711
Train Epoch: 56[ 16000/ 37497(43%)]	Learning rate: 0.0005	Loss: 0.004794
Train Epoch: 56[ 32000/ 37497(85%)]	Learning rate: 0.0005	Loss: 0.004800
Test set metrics:
Loss: 2.854716
WAPE: 0.131065
MAPE: 0.423405
SMAPE: 0.316902
MAE: 280.215759
RMSE: 1187.873047
Train Epoch: 57[ 16000/ 37497(43%)]	Learning rate: 0.0005	Loss: 0.004782
Train Epoch: 57[ 32000/ 37497(85%)]	Learning rate: 0.0005	Loss: 0.004769
Test set metrics:
Loss: 2.888144
WAPE: 0.137051
MAPE: 0.384273
SMAPE: 0.315760
MAE: 293.013092
RMSE: 1261.232178
Train Epoch: 58[ 16000/ 37497(43%)]	Learning rate: 0.0005	Loss: 0.004788
Train Epoch: 58[ 32000/ 37497(85%)]	Learning rate: 0.0005	Loss: 0.004775
Test set metrics:
Loss: 2.929375
WAPE: 0.143450
MAPE: 0.395342
SMAPE: 0.329344
MAE: 306.694763
RMSE: 1319.716797
Train Epoch: 59[ 16000/ 37497(43%)]	Learning rate: 0.0005	Loss: 0.004764
Train Epoch: 59[ 32000/ 37497(85%)]	Learning rate: 0.0005	Loss: 0.004763
Test set metrics:
Loss: 2.858156
WAPE: 0.136469
MAPE: 0.405085
SMAPE: 0.317731
MAE: 291.769562
RMSE: 1307.314697
Train Epoch: 60[ 16000/ 37497(43%)]	Learning rate: 0.0005	Loss: 0.004770
Train Epoch: 60[ 32000/ 37497(85%)]	Learning rate: 0.0005	Loss: 0.004767
Test set metrics:
Loss: 2.828376
WAPE: 0.131702
MAPE: 0.386214
SMAPE: 0.320644
MAE: 281.577972
RMSE: 1176.041504
Train Epoch: 61[ 16000/ 37497(43%)]	Learning rate: 0.0005	Loss: 0.004774
Train Epoch: 61[ 32000/ 37497(85%)]	Learning rate: 0.0005	Loss: 0.004737
Test set metrics:
Loss: 2.909080
WAPE: 0.139624
MAPE: 0.460537
SMAPE: 0.326234
MAE: 298.514740
RMSE: 1359.598877
Train Epoch: 62[ 16000/ 37497(43%)]	Learning rate: 0.0005	Loss: 0.004756
Train Epoch: 62[ 32000/ 37497(85%)]	Learning rate: 0.0005	Loss: 0.004756
Test set metrics:
Loss: 2.828968
WAPE: 0.125750
MAPE: 0.348500
SMAPE: 0.305636
MAE: 268.852081
RMSE: 1150.530640
Train Epoch: 63[ 16000/ 37497(43%)]	Learning rate: 0.0005	Loss: 0.004759
Train Epoch: 63[ 32000/ 37497(85%)]	Learning rate: 0.0005	Loss: 0.004744
Test set metrics:
Loss: 2.885456
WAPE: 0.137427
MAPE: 0.474368
SMAPE: 0.306746
MAE: 293.816681
RMSE: 1229.080444
Train Epoch: 64[ 16000/ 37497(43%)]	Learning rate: 0.0005	Loss: 0.004719
Train Epoch: 64[ 32000/ 37497(85%)]	Learning rate: 0.0005	Loss: 0.004741
Test set metrics:
Loss: 2.930101
WAPE: 0.144470
MAPE: 0.433006
SMAPE: 0.322459
MAE: 308.874176
RMSE: 1440.260010
Train Epoch: 65[ 16000/ 37497(43%)]	Learning rate: 0.0005	Loss: 0.004740
Train Epoch: 65[ 32000/ 37497(85%)]	Learning rate: 0.0005	Loss: 0.004759
Test set metrics:
Loss: 2.947836
WAPE: 0.146876
MAPE: 0.475903
SMAPE: 0.312490
MAE: 314.020081
RMSE: 1422.061401
Train Epoch: 66[ 16000/ 37497(43%)]	Learning rate: 0.0005	Loss: 0.004738
Train Epoch: 66[ 32000/ 37497(85%)]	Learning rate: 0.0005	Loss: 0.004719
Test set metrics:
Loss: 2.823110
WAPE: 0.130171
MAPE: 0.381662
SMAPE: 0.304183
MAE: 278.304535
RMSE: 1225.462036
Train Epoch: 67[ 16000/ 37497(43%)]	Learning rate: 0.0005	Loss: 0.004720
Train Epoch: 67[ 32000/ 37497(85%)]	Learning rate: 0.0005	Loss: 0.004710
Test set metrics:
Loss: 2.909584
WAPE: 0.142342
MAPE: 0.450735
SMAPE: 0.299013
MAE: 304.325653
RMSE: 1417.963135
Train Epoch: 68[ 16000/ 37497(43%)]	Learning rate: 0.0005	Loss: 0.004702
Train Epoch: 68[ 32000/ 37497(85%)]	Learning rate: 0.0005	Loss: 0.004725
Test set metrics:
Loss: 2.886100
WAPE: 0.135369
MAPE: 0.419656
SMAPE: 0.319891
MAE: 289.416626
RMSE: 1293.756714
Train Epoch: 69[ 16000/ 37497(43%)]	Learning rate: 0.0005	Loss: 0.004716
Train Epoch: 69[ 32000/ 37497(85%)]	Learning rate: 0.0005	Loss: 0.004699
Test set metrics:
Loss: 2.953379
WAPE: 0.149654
MAPE: 0.390921
SMAPE: 0.321825
MAE: 319.957520
RMSE: 1416.839111
Train Epoch: 70[ 16000/ 37497(43%)]	Learning rate: 0.0005	Loss: 0.004703
Train Epoch: 70[ 32000/ 37497(85%)]	Learning rate: 0.0005	Loss: 0.004712
Test set metrics:
Loss: 2.950259
WAPE: 0.149827
MAPE: 0.393408
SMAPE: 0.337799
MAE: 320.328613
RMSE: 1430.949585
Train Epoch: 71[ 16000/ 37497(43%)]	Learning rate: 0.0005	Loss: 0.004687
Train Epoch: 71[ 32000/ 37497(85%)]	Learning rate: 0.0005	Loss: 0.004679
Test set metrics:
Loss: 2.916083
WAPE: 0.138767
MAPE: 0.406616
SMAPE: 0.300917
MAE: 296.681946
RMSE: 1449.403442
Train Epoch: 72[ 16000/ 37497(43%)]	Learning rate: 0.0005	Loss: 0.004688
Train Epoch: 72[ 32000/ 37497(85%)]	Learning rate: 0.0005	Loss: 0.004679
Test set metrics:
Loss: 2.918200
WAPE: 0.140719
MAPE: 0.402080
SMAPE: 0.309196
MAE: 300.855225
RMSE: 1402.093872
Train Epoch: 73[ 16000/ 37497(43%)]	Learning rate: 0.0005	Loss: 0.004687
Train Epoch: 73[ 32000/ 37497(85%)]	Learning rate: 0.0005	Loss: 0.004683
Test set metrics:
Loss: 2.868787
WAPE: 0.138855
MAPE: 0.418335
SMAPE: 0.316846
MAE: 296.869934
RMSE: 1284.758179
Train Epoch: 74[ 16000/ 37497(43%)]	Learning rate: 0.0005	Loss: 0.004672
Train Epoch: 74[ 32000/ 37497(85%)]	Learning rate: 0.0005	Loss: 0.004669
Test set metrics:
Loss: 2.827750
WAPE: 0.131406
MAPE: 0.386394
SMAPE: 0.288057
MAE: 280.943451
RMSE: 1293.956543
Train Epoch: 75[ 16000/ 37497(43%)]	Learning rate: 0.0005	Loss: 0.004673
Train Epoch: 75[ 32000/ 37497(85%)]	Learning rate: 0.0005	Loss: 0.004666
Test set metrics:
Loss: 2.893274
WAPE: 0.142066
MAPE: 0.448145
SMAPE: 0.323671
MAE: 303.735901
RMSE: 1357.416992
Train Epoch: 76[ 16000/ 37497(43%)]	Learning rate: 0.0005	Loss: 0.004667
Train Epoch: 76[ 32000/ 37497(85%)]	Learning rate: 0.0005	Loss: 0.004671
Test set metrics:
Loss: 2.813925
WAPE: 0.129941
MAPE: 0.382738
SMAPE: 0.324789
MAE: 277.811829
RMSE: 1137.626953
Train Epoch: 77[ 16000/ 37497(43%)]	Learning rate: 0.0005	Loss: 0.004675
Train Epoch: 77[ 32000/ 37497(85%)]	Learning rate: 0.0005	Loss: 0.004668
Test set metrics:
Loss: 2.822866
WAPE: 0.134359
MAPE: 0.378584
SMAPE: 0.311402
MAE: 287.257965
RMSE: 1262.058594
Train Epoch: 78[ 16000/ 37497(43%)]	Learning rate: 0.0005	Loss: 0.004662
Train Epoch: 78[ 32000/ 37497(85%)]	Learning rate: 0.0005	Loss: 0.004663
Test set metrics:
Loss: 2.887706
WAPE: 0.140043
MAPE: 0.391815
SMAPE: 0.299328
MAE: 299.409637
RMSE: 1387.704712
Train Epoch: 79[ 16000/ 37497(43%)]	Learning rate: 0.0005	Loss: 0.004656
Train Epoch: 79[ 32000/ 37497(85%)]	Learning rate: 0.0005	Loss: 0.004664
Test set metrics:
Loss: 2.858612
WAPE: 0.138724
MAPE: 0.388455
SMAPE: 0.311971
MAE: 296.590363
RMSE: 1281.936523
Train Epoch: 80[ 16000/ 37497(43%)]	Learning rate: 0.0005	Loss: 0.004659
Train Epoch: 80[ 32000/ 37497(85%)]	Learning rate: 0.0005	Loss: 0.004655
Test set metrics:
Loss: 2.865755
WAPE: 0.143513
MAPE: 0.370841
SMAPE: 0.312209
MAE: 306.828247
RMSE: 1390.015625
Train Epoch: 81[ 16000/ 37497(43%)]	Learning rate: 0.0005	Loss: 0.004646
Train Epoch: 81[ 32000/ 37497(85%)]	Learning rate: 0.0005	Loss: 0.004647
Test set metrics:
Loss: 2.876892
WAPE: 0.140247
MAPE: 0.354279
SMAPE: 0.311957
MAE: 299.847382
RMSE: 1406.303101
Train Epoch: 82[ 16000/ 37497(43%)]	Learning rate: 0.0005	Loss: 0.004625
Train Epoch: 82[ 32000/ 37497(85%)]	Learning rate: 0.0005	Loss: 0.004647
Test set metrics:
Loss: 2.927167
WAPE: 0.151898
MAPE: 0.426024
SMAPE: 0.324081
MAE: 324.755737
RMSE: 1358.128662
Train Epoch: 83[ 16000/ 37497(43%)]	Learning rate: 0.0005	Loss: 0.004655
Train Epoch: 83[ 32000/ 37497(85%)]	Learning rate: 0.0005	Loss: 0.004633
Test set metrics:
Loss: 2.901991
WAPE: 0.144754
MAPE: 0.415201
SMAPE: 0.310112
MAE: 309.482697
RMSE: 1514.479370
Train Epoch: 84[ 16000/ 37497(43%)]	Learning rate: 0.0005	Loss: 0.004633
Train Epoch: 84[ 32000/ 37497(85%)]	Learning rate: 0.0005	Loss: 0.004631
Test set metrics:
Loss: 2.801691
WAPE: 0.132506
MAPE: 0.407838
SMAPE: 0.296910
MAE: 283.296234
RMSE: 1255.377197
Train Epoch: 85[ 16000/ 37497(43%)]	Learning rate: 0.0005	Loss: 0.004622
Train Epoch: 85[ 32000/ 37497(85%)]	Learning rate: 0.0005	Loss: 0.004624
Test set metrics:
Loss: 2.846892
WAPE: 0.134179
MAPE: 0.368250
SMAPE: 0.307858
MAE: 286.872986
RMSE: 1293.073608
Train Epoch: 86[ 16000/ 37497(43%)]	Learning rate: 0.0005	Loss: 0.004630
Train Epoch: 86[ 32000/ 37497(85%)]	Learning rate: 0.0005	Loss: 0.004606
Test set metrics:
Loss: 2.821939
WAPE: 0.135271
MAPE: 0.446364
SMAPE: 0.320303
MAE: 289.207977
RMSE: 1199.092529
Train Epoch: 87[ 16000/ 37497(43%)]	Learning rate: 0.0005	Loss: 0.004634
Train Epoch: 87[ 32000/ 37497(85%)]	Learning rate: 0.0005	Loss: 0.004610
Test set metrics:
Loss: 2.895750
WAPE: 0.145390
MAPE: 0.402081
SMAPE: 0.312493
MAE: 310.843018
RMSE: 1350.564087
Train Epoch: 88[ 16000/ 37497(43%)]	Learning rate: 0.0005	Loss: 0.004615
Train Epoch: 88[ 32000/ 37497(85%)]	Learning rate: 0.0005	Loss: 0.004642
Test set metrics:
Loss: 2.866441
WAPE: 0.143135
MAPE: 0.384760
SMAPE: 0.312455
MAE: 306.020264
RMSE: 1438.283081
Train Epoch: 89[ 16000/ 37497(43%)]	Learning rate: 0.0005	Loss: 0.004609
Train Epoch: 89[ 32000/ 37497(85%)]	Learning rate: 0.0005	Loss: 0.004614
Test set metrics:
Loss: 2.825377
WAPE: 0.132238
MAPE: 0.498480
SMAPE: 0.303330
MAE: 282.723938
RMSE: 1249.741943
Train Epoch: 90[ 16000/ 37497(43%)]	Learning rate: 0.0005	Loss: 0.004602
Train Epoch: 90[ 32000/ 37497(85%)]	Learning rate: 0.0005	Loss: 0.004589
Test set metrics:
Loss: 2.906094
WAPE: 0.143790
MAPE: 0.449043
SMAPE: 0.301811
MAE: 307.422272
RMSE: 1372.908691
Train Epoch: 91[ 16000/ 37497(43%)]	Learning rate: 0.0005	Loss: 0.004584
Train Epoch: 91[ 32000/ 37497(85%)]	Learning rate: 0.0005	Loss: 0.004610
Test set metrics:
Loss: 2.825239
WAPE: 0.132006
MAPE: 0.420606
SMAPE: 0.283490
MAE: 282.226746
RMSE: 1364.517822
Train Epoch: 92[ 16000/ 37497(43%)]	Learning rate: 0.0005	Loss: 0.004585
Train Epoch: 92[ 32000/ 37497(85%)]	Learning rate: 0.0005	Loss: 0.004610
Test set metrics:
Loss: 2.881062
WAPE: 0.143176
MAPE: 0.419691
SMAPE: 0.321173
MAE: 306.109161
RMSE: 1356.916016
Train Epoch: 93[ 16000/ 37497(43%)]	Learning rate: 0.0005	Loss: 0.004599
Train Epoch: 93[ 32000/ 37497(85%)]	Learning rate: 0.0005	Loss: 0.004614
Test set metrics:
Loss: 2.880395
WAPE: 0.142271
MAPE: 0.419795
SMAPE: 0.311763
MAE: 304.174652
RMSE: 1401.031738
Train Epoch: 94[ 16000/ 37497(43%)]	Learning rate: 0.0005	Loss: 0.004599
Train Epoch: 94[ 32000/ 37497(85%)]	Learning rate: 0.0005	Loss: 0.004585
Test set metrics:
Loss: 2.764773
WAPE: 0.130705
MAPE: 0.459630
SMAPE: 0.311537
MAE: 279.445465
RMSE: 1163.547485
Train Epoch: 95[ 16000/ 37497(43%)]	Learning rate: 0.0005	Loss: 0.004577
Train Epoch: 95[ 32000/ 37497(85%)]	Learning rate: 0.0005	Loss: 0.004587
Test set metrics:
Loss: 2.834689
WAPE: 0.137332
MAPE: 0.359917
SMAPE: 0.318560
MAE: 293.615173
RMSE: 1246.609741
Train Epoch: 96[ 16000/ 37497(43%)]	Learning rate: 0.0005	Loss: 0.004579
Train Epoch: 96[ 32000/ 37497(85%)]	Learning rate: 0.0005	Loss: 0.004601
Test set metrics:
Loss: 2.865041
WAPE: 0.142268
MAPE: 0.378699
SMAPE: 0.311678
MAE: 304.166748
RMSE: 1371.238037
Train Epoch: 97[ 16000/ 37497(43%)]	Learning rate: 0.0005	Loss: 0.004576
Train Epoch: 97[ 32000/ 37497(85%)]	Learning rate: 0.0005	Loss: 0.004591
Test set metrics:
Loss: 2.862409
WAPE: 0.138500
MAPE: 0.412998
SMAPE: 0.310247
MAE: 296.112396
RMSE: 1297.928589
Train Epoch: 98[ 16000/ 37497(43%)]	Learning rate: 0.0005	Loss: 0.004563
Train Epoch: 98[ 32000/ 37497(85%)]	Learning rate: 0.0005	Loss: 0.004582
Test set metrics:
Loss: 2.790984
WAPE: 0.136360
MAPE: 0.436338
SMAPE: 0.311020
MAE: 291.536377
RMSE: 1240.717529
Train Epoch: 99[ 16000/ 37497(43%)]	Learning rate: 0.0005	Loss: 0.004569
Train Epoch: 99[ 32000/ 37497(85%)]	Learning rate: 0.0005	Loss: 0.004561
Test set metrics:
Loss: 2.787444
WAPE: 0.132643
MAPE: 0.353557
SMAPE: 0.303830
MAE: 283.589844
RMSE: 1265.192383
Train Epoch: 100[ 16000/ 37497(43%)]	Learning rate: 0.0005	Loss: 0.004563
Train Epoch: 100[ 32000/ 37497(85%)]	Learning rate: 0.0005	Loss: 0.004581
Test set metrics:
Loss: 2.883192
WAPE: 0.148400
MAPE: 0.421057
SMAPE: 0.306622
MAE: 317.277405
RMSE: 1458.128296
Train Epoch: 101[ 16000/ 37497(43%)]	Learning rate: 0.0005	Loss: 0.004562
Train Epoch: 101[ 32000/ 37497(85%)]	Learning rate: 0.0005	Loss: 0.004572
Test set metrics:
Loss: 2.735266
WAPE: 0.126951
MAPE: 0.525546
SMAPE: 0.290119
MAE: 271.418915
RMSE: 1147.608154
Train Epoch: 102[ 16000/ 37497(43%)]	Learning rate: 0.0005	Loss: 0.004560
Train Epoch: 102[ 32000/ 37497(85%)]	Learning rate: 0.0005	Loss: 0.004570
Test set metrics:
Loss: 2.838147
WAPE: 0.141387
MAPE: 0.443081
SMAPE: 0.305749
MAE: 302.284180
RMSE: 1430.207397
Train Epoch: 103[ 16000/ 37497(43%)]	Learning rate: 0.0005	Loss: 0.004580
Train Epoch: 103[ 32000/ 37497(85%)]	Learning rate: 0.0005	Loss: 0.004544
Test set metrics:
Loss: 2.834415
WAPE: 0.140515
MAPE: 0.375759
SMAPE: 0.326458
MAE: 300.419464
RMSE: 1318.990601
Train Epoch: 104[ 16000/ 37497(43%)]	Learning rate: 0.0005	Loss: 0.004570
Train Epoch: 104[ 32000/ 37497(85%)]	Learning rate: 0.0005	Loss: 0.004554
Test set metrics:
Loss: 2.829960
WAPE: 0.136578
MAPE: 0.395740
SMAPE: 0.298140
MAE: 292.002899
RMSE: 1324.055054
Train Epoch: 105[ 16000/ 37497(43%)]	Learning rate: 0.0005	Loss: 0.004543
Train Epoch: 105[ 32000/ 37497(85%)]	Learning rate: 0.0005	Loss: 0.004556
Test set metrics:
Loss: 2.795350
WAPE: 0.140331
MAPE: 0.405536
SMAPE: 0.305362
MAE: 300.026978
RMSE: 1305.557495
Train Epoch: 106[ 16000/ 37497(43%)]	Learning rate: 0.0005	Loss: 0.004563
Train Epoch: 106[ 32000/ 37497(85%)]	Learning rate: 0.0005	Loss: 0.004558
Test set metrics:
Loss: 2.845205
WAPE: 0.137828
MAPE: 0.383038
SMAPE: 0.301347
MAE: 294.674133
RMSE: 1305.352783
Train Epoch: 107[ 16000/ 37497(43%)]	Learning rate: 0.0005	Loss: 0.004552
Train Epoch: 107[ 32000/ 37497(85%)]	Learning rate: 0.0005	Loss: 0.004559
Test set metrics:
Loss: 2.810714
WAPE: 0.139699
MAPE: 0.371513
SMAPE: 0.313310
MAE: 298.675842
RMSE: 1336.358765
Train Epoch: 108[ 16000/ 37497(43%)]	Learning rate: 0.0005	Loss: 0.004543
Train Epoch: 108[ 32000/ 37497(85%)]	Learning rate: 0.0005	Loss: 0.004555
Test set metrics:
Loss: 2.761923
WAPE: 0.130785
MAPE: 0.380944
SMAPE: 0.298314
MAE: 279.616943
RMSE: 1251.694580
Train Epoch: 109[ 16000/ 37497(43%)]	Learning rate: 0.0005	Loss: 0.004545
Train Epoch: 109[ 32000/ 37497(85%)]	Learning rate: 0.0005	Loss: 0.004555
Test set metrics:
Loss: 2.806727
WAPE: 0.137427
MAPE: 0.410400
SMAPE: 0.306067
MAE: 293.817505
RMSE: 1257.120972
Train Epoch: 110[ 16000/ 37497(43%)]	Learning rate: 0.0005	Loss: 0.004551
Train Epoch: 110[ 32000/ 37497(85%)]	Learning rate: 0.0005	Loss: 0.004534
Test set metrics:
Loss: 2.783108
WAPE: 0.133511
MAPE: 0.406429
SMAPE: 0.295376
MAE: 285.445038
RMSE: 1231.347778
Train Epoch: 111[ 16000/ 37497(43%)]	Learning rate: 0.0005	Loss: 0.004526
Train Epoch: 111[ 32000/ 37497(85%)]	Learning rate: 0.0005	Loss: 0.004542
Test set metrics:
Loss: 2.860658
WAPE: 0.141253
MAPE: 0.352411
SMAPE: 0.301204
MAE: 301.996887
RMSE: 1451.475830
Train Epoch: 112[ 16000/ 37497(43%)]	Learning rate: 0.0005	Loss: 0.004537
Train Epoch: 112[ 32000/ 37497(85%)]	Learning rate: 0.0005	Loss: 0.004522
Test set metrics:
Loss: 2.765164
WAPE: 0.128917
MAPE: 0.363271
SMAPE: 0.292012
MAE: 275.622650
RMSE: 1204.070068
Train Epoch: 113[ 16000/ 37497(43%)]	Learning rate: 0.0005	Loss: 0.004543
Train Epoch: 113[ 32000/ 37497(85%)]	Learning rate: 0.0005	Loss: 0.004518
Test set metrics:
Loss: 2.847726
WAPE: 0.141422
MAPE: 0.417462
SMAPE: 0.298785
MAE: 302.359039
RMSE: 1378.500854
Train Epoch: 114[ 16000/ 37497(43%)]	Learning rate: 0.0005	Loss: 0.004521
Train Epoch: 114[ 32000/ 37497(85%)]	Learning rate: 0.0005	Loss: 0.004532
Test set metrics:
Loss: 2.828471
WAPE: 0.140002
MAPE: 0.369061
SMAPE: 0.298148
MAE: 299.321625
RMSE: 1355.891968
Train Epoch: 115[ 16000/ 37497(43%)]	Learning rate: 0.0005	Loss: 0.004515
Train Epoch: 115[ 32000/ 37497(85%)]	Learning rate: 0.0005	Loss: 0.004526
Test set metrics:
Loss: 2.821746
WAPE: 0.140100
MAPE: 0.366020
SMAPE: 0.309444
MAE: 299.532166
RMSE: 1375.819946
Train Epoch: 116[ 16000/ 37497(43%)]	Learning rate: 0.0005	Loss: 0.004527
Train Epoch: 116[ 32000/ 37497(85%)]	Learning rate: 0.0005	Loss: 0.004507
Test set metrics:
Loss: 2.830543
WAPE: 0.139648
MAPE: 0.370725
SMAPE: 0.309430
MAE: 298.566864
RMSE: 1265.993774
Train Epoch: 117[ 16000/ 37497(43%)]	Learning rate: 0.0005	Loss: 0.004523
Train Epoch: 117[ 32000/ 37497(85%)]	Learning rate: 0.0005	Loss: 0.004510
Test set metrics:
Loss: 2.763465
WAPE: 0.135410
MAPE: 0.445785
SMAPE: 0.314729
MAE: 289.505554
RMSE: 1261.020264
Train Epoch: 118[ 16000/ 37497(43%)]	Learning rate: 0.0005	Loss: 0.004512
Train Epoch: 118[ 32000/ 37497(85%)]	Learning rate: 0.0005	Loss: 0.004515
Test set metrics:
Loss: 2.877984
WAPE: 0.147345
MAPE: 0.436414
SMAPE: 0.303229
MAE: 315.022003
RMSE: 1412.105469
Train Epoch: 119[ 16000/ 37497(43%)]	Learning rate: 0.0005	Loss: 0.004519
Train Epoch: 119[ 32000/ 37497(85%)]	Learning rate: 0.0005	Loss: 0.004508
Test set metrics:
Loss: 2.784473
WAPE: 0.135144
MAPE: 0.425144
SMAPE: 0.308669
MAE: 288.936066
RMSE: 1280.503662
Train Epoch: 120[ 16000/ 37497(43%)]	Learning rate: 0.0005	Loss: 0.004516
Train Epoch: 120[ 32000/ 37497(85%)]	Learning rate: 0.0005	Loss: 0.004494
Test set metrics:
Loss: 2.804882
WAPE: 0.130423
MAPE: 0.370731
SMAPE: 0.287527
MAE: 278.843109
RMSE: 1256.944946
Train Epoch: 121[ 16000/ 37497(43%)]	Learning rate: 0.0005	Loss: 0.004523
Train Epoch: 121[ 32000/ 37497(85%)]	Learning rate: 0.0005	Loss: 0.004516
Test set metrics:
Loss: 2.768462
WAPE: 0.130504
MAPE: 0.429163
SMAPE: 0.288596
MAE: 279.016571
RMSE: 1275.687134
Train Epoch: 122[ 16000/ 37497(43%)]	Learning rate: 0.0005	Loss: 0.004503
Train Epoch: 122[ 32000/ 37497(85%)]	Learning rate: 0.0005	Loss: 0.004502
Test set metrics:
Loss: 2.786232
WAPE: 0.132571
MAPE: 0.406914
SMAPE: 0.287947
MAE: 283.434967
RMSE: 1275.133667
Train Epoch: 123[ 16000/ 37497(43%)]	Learning rate: 0.0005	Loss: 0.004499
Train Epoch: 123[ 32000/ 37497(85%)]	Learning rate: 0.0005	Loss: 0.004510
Test set metrics:
Loss: 2.838896
WAPE: 0.141613
MAPE: 0.358656
SMAPE: 0.305109
MAE: 302.766937
RMSE: 1410.609619
Train Epoch: 124[ 16000/ 37497(43%)]	Learning rate: 0.0005	Loss: 0.004501
Train Epoch: 124[ 32000/ 37497(85%)]	Learning rate: 0.0005	Loss: 0.004501
Test set metrics:
Loss: 2.836174
WAPE: 0.138192
MAPE: 0.358333
SMAPE: 0.299599
MAE: 295.451843
RMSE: 1323.850220
Train Epoch: 125[ 16000/ 37497(43%)]	Learning rate: 0.0005	Loss: 0.004492
Train Epoch: 125[ 32000/ 37497(85%)]	Learning rate: 0.0005	Loss: 0.004489
Test set metrics:
Loss: 2.792266
WAPE: 0.132296
MAPE: 0.379491
SMAPE: 0.305253
MAE: 282.847595
RMSE: 1332.586670
Train Epoch: 126[ 16000/ 37497(43%)]	Learning rate: 0.0005	Loss: 0.004492
Train Epoch: 126[ 32000/ 37497(85%)]	Learning rate: 0.0005	Loss: 0.004501
Test set metrics:
Loss: 2.770751
WAPE: 0.132780
MAPE: 0.352074
SMAPE: 0.301723
MAE: 283.881775
RMSE: 1259.388794
Train Epoch: 127[ 16000/ 37497(43%)]	Learning rate: 0.0005	Loss: 0.004491
Train Epoch: 127[ 32000/ 37497(85%)]	Learning rate: 0.0005	Loss: 0.004476
Test set metrics:
Loss: 2.849175
WAPE: 0.142249
MAPE: 0.367228
SMAPE: 0.308814
MAE: 304.126587
RMSE: 1403.934326
Train Epoch: 128[ 16000/ 37497(43%)]	Learning rate: 0.0005	Loss: 0.004483
Train Epoch: 128[ 32000/ 37497(85%)]	Learning rate: 0.0005	Loss: 0.004497
Test set metrics:
Loss: 2.802728
WAPE: 0.134454
MAPE: 0.424764
SMAPE: 0.301074
MAE: 287.461365
RMSE: 1245.086670
Train Epoch: 129[ 16000/ 37497(43%)]	Learning rate: 0.0005	Loss: 0.004506
Train Epoch: 129[ 32000/ 37497(85%)]	Learning rate: 0.0005	Loss: 0.004474
Test set metrics:
Loss: 2.838484
WAPE: 0.146731
MAPE: 0.430436
SMAPE: 0.313458
MAE: 313.709686
RMSE: 1365.039551
Train Epoch: 130[ 16000/ 37497(43%)]	Learning rate: 0.0005	Loss: 0.004477
Train Epoch: 130[ 32000/ 37497(85%)]	Learning rate: 0.0005	Loss: 0.004479
Test set metrics:
Loss: 2.814070
WAPE: 0.137643
MAPE: 0.382445
SMAPE: 0.295985
MAE: 294.279968
RMSE: 1352.373413
Train Epoch: 131[ 16000/ 37497(43%)]	Learning rate: 0.0005	Loss: 0.004487
Train Epoch: 131[ 32000/ 37497(85%)]	Learning rate: 0.0005	Loss: 0.004479
Test set metrics:
Loss: 2.844093
WAPE: 0.141977
MAPE: 0.415609
SMAPE: 0.293909
MAE: 303.545502
RMSE: 1341.204956
Train Epoch: 132[ 16000/ 37497(43%)]	Learning rate: 0.0005	Loss: 0.004472
Train Epoch: 132[ 32000/ 37497(85%)]	Learning rate: 0.0005	Loss: 0.004477
Test set metrics:
Loss: 2.816968
WAPE: 0.139392
MAPE: 0.418015
SMAPE: 0.295895
MAE: 298.017761
RMSE: 1311.057251
Train Epoch: 133[ 16000/ 37497(43%)]	Learning rate: 0.0005	Loss: 0.004492
Train Epoch: 133[ 32000/ 37497(85%)]	Learning rate: 0.0005	Loss: 0.004474
Test set metrics:
Loss: 2.832450
WAPE: 0.141889
MAPE: 0.391963
SMAPE: 0.304242
MAE: 303.357117
RMSE: 1416.358521
Train Epoch: 134[ 16000/ 37497(43%)]	Learning rate: 0.0005	Loss: 0.004463
Train Epoch: 134[ 32000/ 37497(85%)]	Learning rate: 0.0005	Loss: 0.004459
Test set metrics:
Loss: 2.784832
WAPE: 0.136445
MAPE: 0.397176
SMAPE: 0.311489
MAE: 291.717621
RMSE: 1245.073608
Train Epoch: 135[ 16000/ 37497(43%)]	Learning rate: 0.0005	Loss: 0.004449
Train Epoch: 135[ 32000/ 37497(85%)]	Learning rate: 0.0005	Loss: 0.004476
Test set metrics:
Loss: 2.819060
WAPE: 0.141433
MAPE: 0.371207
SMAPE: 0.310568
MAE: 302.381683
RMSE: 1430.721191
Train Epoch: 136[ 16000/ 37497(43%)]	Learning rate: 0.0005	Loss: 0.004451
Train Epoch: 136[ 32000/ 37497(85%)]	Learning rate: 0.0005	Loss: 0.004473
Test set metrics:
Loss: 2.751352
WAPE: 0.132984
MAPE: 0.387591
SMAPE: 0.295248
MAE: 284.318542
RMSE: 1270.418945
Train Epoch: 137[ 16000/ 37497(43%)]	Learning rate: 0.0005	Loss: 0.004469
Train Epoch: 137[ 32000/ 37497(85%)]	Learning rate: 0.0005	Loss: 0.004460
Test set metrics:
Loss: 2.769854
WAPE: 0.132592
MAPE: 0.383849
SMAPE: 0.294649
MAE: 283.479736
RMSE: 1306.237671
Train Epoch: 138[ 16000/ 37497(43%)]	Learning rate: 0.0005	Loss: 0.004452
Train Epoch: 138[ 32000/ 37497(85%)]	Learning rate: 0.0005	Loss: 0.004457
Test set metrics:
Loss: 2.804386
WAPE: 0.139155
MAPE: 0.360083
SMAPE: 0.329362
MAE: 297.510803
RMSE: 1320.651978
Train Epoch: 139[ 16000/ 37497(43%)]	Learning rate: 0.0005	Loss: 0.004464
Train Epoch: 139[ 32000/ 37497(85%)]	Learning rate: 0.0005	Loss: 0.004444
Test set metrics:
Loss: 2.789595
WAPE: 0.135998
MAPE: 0.366914
SMAPE: 0.300891
MAE: 290.761719
RMSE: 1297.118408
Train Epoch: 140[ 16000/ 37497(43%)]	Learning rate: 0.0005	Loss: 0.004452
Train Epoch: 140[ 32000/ 37497(85%)]	Learning rate: 0.0005	Loss: 0.004462
Test set metrics:
Loss: 2.850221
WAPE: 0.142412
MAPE: 0.395853
SMAPE: 0.305314
MAE: 304.475098
RMSE: 1409.822632
Train Epoch: 141[ 16000/ 37497(43%)]	Learning rate: 0.0005	Loss: 0.004456
Train Epoch: 141[ 32000/ 37497(85%)]	Learning rate: 0.0005	Loss: 0.004455
Test set metrics:
Loss: 2.773187
WAPE: 0.132986
MAPE: 0.354235
SMAPE: 0.300476
MAE: 284.321930
RMSE: 1246.827393
Train Epoch: 142[ 16000/ 37497(43%)]	Learning rate: 0.0005	Loss: 0.004475
Train Epoch: 142[ 32000/ 37497(85%)]	Learning rate: 0.0005	Loss: 0.004451
Test set metrics:
Loss: 2.811207
WAPE: 0.141140
MAPE: 0.438006
SMAPE: 0.302045
MAE: 301.754913
RMSE: 1398.660278
Train Epoch: 143[ 16000/ 37497(43%)]	Learning rate: 0.0005	Loss: 0.004459
Train Epoch: 143[ 32000/ 37497(85%)]	Learning rate: 0.0005	Loss: 0.004433
Test set metrics:
Loss: 2.810512
WAPE: 0.136854
MAPE: 0.447801
SMAPE: 0.296855
MAE: 292.592224
RMSE: 1232.533569
Train Epoch: 144[ 16000/ 37497(43%)]	Learning rate: 0.0005	Loss: 0.004453
Train Epoch: 144[ 32000/ 37497(85%)]	Learning rate: 0.0005	Loss: 0.004449
Test set metrics:
Loss: 2.830797
WAPE: 0.144875
MAPE: 0.366835
SMAPE: 0.312433
MAE: 309.741058
RMSE: 1364.175659
Train Epoch: 145[ 16000/ 37497(43%)]	Learning rate: 0.0005	Loss: 0.004455
Train Epoch: 145[ 32000/ 37497(85%)]	Learning rate: 0.0005	Loss: 0.004439
Test set metrics:
Loss: 2.800178
WAPE: 0.135414
MAPE: 0.378229
SMAPE: 0.305475
MAE: 289.514496
RMSE: 1304.359741
Train Epoch: 146[ 16000/ 37497(43%)]	Learning rate: 0.0005	Loss: 0.004442
Train Epoch: 146[ 32000/ 37497(85%)]	Learning rate: 0.0005	Loss: 0.004440
Test set metrics:
Loss: 2.877560
WAPE: 0.145453
MAPE: 0.419424
SMAPE: 0.300687
MAE: 310.977509
RMSE: 1402.959473
Train Epoch: 147[ 16000/ 37497(43%)]	Learning rate: 0.0005	Loss: 0.004450
Train Epoch: 147[ 32000/ 37497(85%)]	Learning rate: 0.0005	Loss: 0.004432
Test set metrics:
Loss: 2.800792
WAPE: 0.135476
MAPE: 0.354073
SMAPE: 0.294636
MAE: 289.646423
RMSE: 1330.964844
Train Epoch: 148[ 16000/ 37497(43%)]	Learning rate: 0.0005	Loss: 0.004438
Train Epoch: 148[ 32000/ 37497(85%)]	Learning rate: 0.0005	Loss: 0.004463
Test set metrics:
Loss: 2.781202
WAPE: 0.133558
MAPE: 0.436451
SMAPE: 0.302066
MAE: 285.544464
RMSE: 1198.169189
Train Epoch: 149[ 16000/ 37497(43%)]	Learning rate: 0.0005	Loss: 0.004447
Train Epoch: 149[ 32000/ 37497(85%)]	Learning rate: 0.0005	Loss: 0.004429
Test set metrics:
Loss: 2.830120
WAPE: 0.139004
MAPE: 0.403012
SMAPE: 0.307421
MAE: 297.189911
RMSE: 1281.360474
Train Epoch: 150[ 16000/ 37497(43%)]	Learning rate: 0.0005	Loss: 0.004436
Train Epoch: 150[ 32000/ 37497(85%)]	Learning rate: 0.0005	Loss: 0.004461
Test set metrics:
Loss: 2.722635
WAPE: 0.127100
MAPE: 0.344858
SMAPE: 0.296379
MAE: 271.739258
RMSE: 1180.704590
Train Epoch: 151[ 16000/ 37497(43%)]	Learning rate: 0.0005	Loss: 0.004430
Train Epoch: 151[ 32000/ 37497(85%)]	Learning rate: 0.0005	Loss: 0.004433
Test set metrics:
Loss: 2.746226
WAPE: 0.129775
MAPE: 0.362880
SMAPE: 0.289164
MAE: 277.457001
RMSE: 1260.057983
Train Epoch: 152[ 16000/ 37497(43%)]	Learning rate: 0.0005	Loss: 0.004436
Train Epoch: 152[ 32000/ 37497(85%)]	Learning rate: 0.0005	Loss: 0.004429
Test set metrics:
Loss: 2.789982
WAPE: 0.137603
MAPE: 0.361809
SMAPE: 0.306461
MAE: 294.194580
RMSE: 1301.684204
Train Epoch: 153[ 16000/ 37497(43%)]	Learning rate: 0.0005	Loss: 0.004435
Train Epoch: 153[ 32000/ 37497(85%)]	Learning rate: 0.0005	Loss: 0.004458
Test set metrics:
Loss: 2.816523
WAPE: 0.137467
MAPE: 0.409031
SMAPE: 0.300863
MAE: 293.903290
RMSE: 1287.064331
Train Epoch: 154[ 16000/ 37497(43%)]	Learning rate: 0.0005	Loss: 0.004432
Train Epoch: 154[ 32000/ 37497(85%)]	Learning rate: 0.0005	Loss: 0.004443
Test set metrics:
Loss: 2.760456
WAPE: 0.131094
MAPE: 0.357544
SMAPE: 0.307652
MAE: 280.276642
RMSE: 1227.718994
Train Epoch: 155[ 16000/ 37497(43%)]	Learning rate: 0.0005	Loss: 0.004433
Train Epoch: 155[ 32000/ 37497(85%)]	Learning rate: 0.0005	Loss: 0.004432
Test set metrics:
Loss: 2.741358
WAPE: 0.127075
MAPE: 0.418686
SMAPE: 0.285314
MAE: 271.685089
RMSE: 1200.531982
Train Epoch: 156[ 16000/ 37497(43%)]	Learning rate: 0.0005	Loss: 0.004425
Train Epoch: 156[ 32000/ 37497(85%)]	Learning rate: 0.0005	Loss: 0.004428
Test set metrics:
Loss: 2.754188
WAPE: 0.134258
MAPE: 0.421953
SMAPE: 0.299035
MAE: 287.043091
RMSE: 1212.930176
Train Epoch: 157[ 16000/ 37497(43%)]	Learning rate: 0.0005	Loss: 0.004424
Train Epoch: 157[ 32000/ 37497(85%)]	Learning rate: 0.0005	Loss: 0.004423
Test set metrics:
Loss: 2.732674
WAPE: 0.127452
MAPE: 0.388312
SMAPE: 0.285566
MAE: 272.490448
RMSE: 1195.682617
Train Epoch: 158[ 16000/ 37497(43%)]	Learning rate: 0.0005	Loss: 0.004425
Train Epoch: 158[ 32000/ 37497(85%)]	Learning rate: 0.0005	Loss: 0.004415
Test set metrics:
Loss: 2.815628
WAPE: 0.137567
MAPE: 0.372190
SMAPE: 0.299299
MAE: 294.116913
RMSE: 1328.725464
Train Epoch: 159[ 16000/ 37497(43%)]	Learning rate: 0.0005	Loss: 0.004416
Train Epoch: 159[ 32000/ 37497(85%)]	Learning rate: 0.0005	Loss: 0.004414
Test set metrics:
Loss: 2.846787
WAPE: 0.142866
MAPE: 0.369668
SMAPE: 0.299843
MAE: 305.446564
RMSE: 1474.031738
Train Epoch: 160[ 16000/ 37497(43%)]	Learning rate: 0.0005	Loss: 0.004417
Train Epoch: 160[ 32000/ 37497(85%)]	Learning rate: 0.0005	Loss: 0.004419
Test set metrics:
Loss: 2.783552
WAPE: 0.130862
MAPE: 0.394421
SMAPE: 0.289687
MAE: 279.781006
RMSE: 1281.490845
Train Epoch: 161[ 16000/ 37497(43%)]	Learning rate: 0.0005	Loss: 0.004407
Train Epoch: 161[ 32000/ 37497(85%)]	Learning rate: 0.0005	Loss: 0.004416
Test set metrics:
Loss: 2.768696
WAPE: 0.130733
MAPE: 0.383079
SMAPE: 0.313094
MAE: 279.506073
RMSE: 1125.115234
Train Epoch: 162[ 16000/ 37497(43%)]	Learning rate: 0.0005	Loss: 0.004400
Train Epoch: 162[ 32000/ 37497(85%)]	Learning rate: 0.0005	Loss: 0.004411
Test set metrics:
Loss: 2.756785
WAPE: 0.129332
MAPE: 0.431604
SMAPE: 0.287542
MAE: 276.510620
RMSE: 1251.122803
Train Epoch: 163[ 16000/ 37497(43%)]	Learning rate: 0.0005	Loss: 0.004411
Train Epoch: 163[ 32000/ 37497(85%)]	Learning rate: 0.0005	Loss: 0.004416
Test set metrics:
Loss: 2.814043
WAPE: 0.140267
MAPE: 0.355319
SMAPE: 0.301499
MAE: 299.890259
RMSE: 1402.955200
Train Epoch: 164[ 16000/ 37497(43%)]	Learning rate: 0.0005	Loss: 0.004411
Train Epoch: 164[ 32000/ 37497(85%)]	Learning rate: 0.0005	Loss: 0.004403
Test set metrics:
Loss: 2.855563
WAPE: 0.142500
MAPE: 0.394760
SMAPE: 0.306964
MAE: 304.663422
RMSE: 1399.942627
Train Epoch: 165[ 16000/ 37497(43%)]	Learning rate: 0.0005	Loss: 0.004408
Train Epoch: 165[ 32000/ 37497(85%)]	Learning rate: 0.0005	Loss: 0.004414
Test set metrics:
Loss: 2.807066
WAPE: 0.140121
MAPE: 0.384174
SMAPE: 0.311192
MAE: 299.577576
RMSE: 1394.817139
Train Epoch: 166[ 16000/ 37497(43%)]	Learning rate: 0.0005	Loss: 0.004403
Train Epoch: 166[ 32000/ 37497(85%)]	Learning rate: 0.0005	Loss: 0.004407
Test set metrics:
Loss: 2.785380
WAPE: 0.136980
MAPE: 0.383768
SMAPE: 0.311918
MAE: 292.861755
RMSE: 1307.384521
Train Epoch: 167[ 16000/ 37497(43%)]	Learning rate: 0.0005	Loss: 0.004405
Train Epoch: 167[ 32000/ 37497(85%)]	Learning rate: 0.0005	Loss: 0.004382
Test set metrics:
Loss: 2.776015
WAPE: 0.131167
MAPE: 0.376213
SMAPE: 0.284292
MAE: 280.433777
RMSE: 1282.723022
Train Epoch: 168[ 16000/ 37497(43%)]	Learning rate: 0.0005	Loss: 0.004412
Train Epoch: 168[ 32000/ 37497(85%)]	Learning rate: 0.0005	Loss: 0.004400
Test set metrics:
Loss: 2.771070
WAPE: 0.132763
MAPE: 0.455623
SMAPE: 0.289006
MAE: 283.845276
RMSE: 1266.543701
Train Epoch: 169[ 16000/ 37497(43%)]	Learning rate: 0.0005	Loss: 0.004394
Train Epoch: 169[ 32000/ 37497(85%)]	Learning rate: 0.0005	Loss: 0.004413
Test set metrics:
Loss: 2.753860
WAPE: 0.131260
MAPE: 0.366836
SMAPE: 0.287983
MAE: 280.632568
RMSE: 1230.598389
Train Epoch: 170[ 16000/ 37497(43%)]	Learning rate: 0.0005	Loss: 0.004401
Train Epoch: 170[ 32000/ 37497(85%)]	Learning rate: 0.0005	Loss: 0.004396
Test set metrics:
Loss: 2.829474
WAPE: 0.138787
MAPE: 0.421657
SMAPE: 0.295870
MAE: 296.725769
RMSE: 1363.122925
Train Epoch: 171[ 16000/ 37497(43%)]	Learning rate: 0.0005	Loss: 0.004396
Train Epoch: 171[ 32000/ 37497(85%)]	Learning rate: 0.0005	Loss: 0.004407
Test set metrics:
Loss: 2.795761
WAPE: 0.133393
MAPE: 0.373738
SMAPE: 0.311407
MAE: 285.192383
RMSE: 1290.907837
Train Epoch: 172[ 16000/ 37497(43%)]	Learning rate: 0.0005	Loss: 0.004399
Train Epoch: 172[ 32000/ 37497(85%)]	Learning rate: 0.0005	Loss: 0.004403
Test set metrics:
Loss: 2.827266
WAPE: 0.143485
MAPE: 0.398885
SMAPE: 0.298452
MAE: 306.769501
RMSE: 1444.254150
Train Epoch: 173[ 16000/ 37497(43%)]	Learning rate: 0.0005	Loss: 0.004384
Train Epoch: 173[ 32000/ 37497(85%)]	Learning rate: 0.0005	Loss: 0.004403
Test set metrics:
Loss: 2.780870
WAPE: 0.133826
MAPE: 0.363436
SMAPE: 0.300221
MAE: 286.119354
RMSE: 1268.057617
Train Epoch: 174[ 16000/ 37497(43%)]	Learning rate: 0.0005	Loss: 0.004393
Train Epoch: 174[ 32000/ 37497(85%)]	Learning rate: 0.0005	Loss: 0.004403
Test set metrics:
Loss: 2.796597
WAPE: 0.138515
MAPE: 0.389820
SMAPE: 0.306975
MAE: 296.143860
RMSE: 1256.027710
Train Epoch: 175[ 16000/ 37497(43%)]	Learning rate: 0.0005	Loss: 0.004400
Train Epoch: 175[ 32000/ 37497(85%)]	Learning rate: 0.0005	Loss: 0.004396
Test set metrics:
Loss: 2.854348
WAPE: 0.145784
MAPE: 0.374177
SMAPE: 0.302985
MAE: 311.684753
RMSE: 1404.177612
Train Epoch: 176[ 16000/ 37497(43%)]	Learning rate: 0.0005	Loss: 0.004392
Train Epoch: 176[ 32000/ 37497(85%)]	Learning rate: 0.0005	Loss: 0.004394
Test set metrics:
Loss: 2.814154
WAPE: 0.143075
MAPE: 0.398271
SMAPE: 0.300300
MAE: 305.892334
RMSE: 1436.884888
Train Epoch: 177[ 16000/ 37497(43%)]	Learning rate: 0.0005	Loss: 0.004378
Train Epoch: 177[ 32000/ 37497(85%)]	Learning rate: 0.0005	Loss: 0.004399
Test set metrics:
Loss: 2.777395
WAPE: 0.133488
MAPE: 0.369156
SMAPE: 0.302087
MAE: 285.395599
RMSE: 1291.249146
Train Epoch: 178[ 16000/ 37497(43%)]	Learning rate: 0.0005	Loss: 0.004382
Train Epoch: 178[ 32000/ 37497(85%)]	Learning rate: 0.0005	Loss: 0.004392
Test set metrics:
Loss: 2.876973
WAPE: 0.144830
MAPE: 0.365393
SMAPE: 0.292811
MAE: 309.644958
RMSE: 1484.877686
Train Epoch: 179[ 16000/ 37497(43%)]	Learning rate: 0.0005	Loss: 0.004386
Train Epoch: 179[ 32000/ 37497(85%)]	Learning rate: 0.0005	Loss: 0.004387
Test set metrics:
Loss: 2.821331
WAPE: 0.143319
MAPE: 0.372365
SMAPE: 0.303690
MAE: 306.415131
RMSE: 1352.139771
Train Epoch: 180[ 16000/ 37497(43%)]	Learning rate: 0.0005	Loss: 0.004391
Train Epoch: 180[ 32000/ 37497(85%)]	Learning rate: 0.0005	Loss: 0.004377
Test set metrics:
Loss: 2.816627
WAPE: 0.142218
MAPE: 0.395226
SMAPE: 0.316443
MAE: 304.059875
RMSE: 1380.685181
Train Epoch: 181[ 16000/ 37497(43%)]	Learning rate: 0.0005	Loss: 0.004383
Train Epoch: 181[ 32000/ 37497(85%)]	Learning rate: 0.0005	Loss: 0.004388
Test set metrics:
Loss: 2.793436
WAPE: 0.133226
MAPE: 0.354536
SMAPE: 0.302667
MAE: 284.836365
RMSE: 1342.960571
Train Epoch: 182[ 16000/ 37497(43%)]	Learning rate: 0.0005	Loss: 0.004376
Train Epoch: 182[ 32000/ 37497(85%)]	Learning rate: 0.0005	Loss: 0.004397
Test set metrics:
Loss: 2.835628
WAPE: 0.143731
MAPE: 0.366937
SMAPE: 0.310799
MAE: 307.294830
RMSE: 1299.278076
Train Epoch: 183[ 16000/ 37497(43%)]	Learning rate: 0.0005	Loss: 0.004369
Train Epoch: 183[ 32000/ 37497(85%)]	Learning rate: 0.0005	Loss: 0.004377
Test set metrics:
Loss: 2.736407
WAPE: 0.125620
MAPE: 0.382600
SMAPE: 0.299673
MAE: 268.573792
RMSE: 1195.076416
Train Epoch: 184[ 16000/ 37497(43%)]	Learning rate: 0.0005	Loss: 0.004376
Train Epoch: 184[ 32000/ 37497(85%)]	Learning rate: 0.0005	Loss: 0.004379
Test set metrics:
Loss: 2.852688
WAPE: 0.140369
MAPE: 0.394697
SMAPE: 0.289385
MAE: 300.107269
RMSE: 1392.639648
Train Epoch: 185[ 16000/ 37497(43%)]	Learning rate: 0.0005	Loss: 0.004360
Train Epoch: 185[ 32000/ 37497(85%)]	Learning rate: 0.0005	Loss: 0.004369
Test set metrics:
Loss: 2.740004
WAPE: 0.129219
MAPE: 0.404315
SMAPE: 0.292323
MAE: 276.268372
RMSE: 1222.596069
Train Epoch: 186[ 16000/ 37497(43%)]	Learning rate: 0.0005	Loss: 0.004384
Train Epoch: 186[ 32000/ 37497(85%)]	Learning rate: 0.0005	Loss: 0.004359
Test set metrics:
Loss: 2.778692
WAPE: 0.130690
MAPE: 0.404820
SMAPE: 0.285680
MAE: 279.413605
RMSE: 1236.875610
Train Epoch: 187[ 16000/ 37497(43%)]	Learning rate: 0.0005	Loss: 0.004372
Train Epoch: 187[ 32000/ 37497(85%)]	Learning rate: 0.0005	Loss: 0.004366
Test set metrics:
Loss: 2.809059
WAPE: 0.137200
MAPE: 0.437680
SMAPE: 0.291806
MAE: 293.332336
RMSE: 1328.276611
Train Epoch: 188[ 16000/ 37497(43%)]	Learning rate: 0.0005	Loss: 0.004371
Train Epoch: 188[ 32000/ 37497(85%)]	Learning rate: 0.0005	Loss: 0.004354
Test set metrics:
Loss: 2.750218
WAPE: 0.127663
MAPE: 0.411214
SMAPE: 0.280115
MAE: 272.941193
RMSE: 1272.206299
Train Epoch: 189[ 16000/ 37497(43%)]	Learning rate: 0.0005	Loss: 0.004381
Train Epoch: 189[ 32000/ 37497(85%)]	Learning rate: 0.0005	Loss: 0.004379
Test set metrics:
Loss: 2.805244
WAPE: 0.136403
MAPE: 0.371513
SMAPE: 0.292840
MAE: 291.627716
RMSE: 1338.918457
Train Epoch: 190[ 16000/ 37497(43%)]	Learning rate: 0.0005	Loss: 0.004355
Train Epoch: 190[ 32000/ 37497(85%)]	Learning rate: 0.0005	Loss: 0.004381
Test set metrics:
Loss: 2.824254
WAPE: 0.137115
MAPE: 0.397510
SMAPE: 0.286955
MAE: 293.149658
RMSE: 1357.137939
Train Epoch: 191[ 16000/ 37497(43%)]	Learning rate: 0.0005	Loss: 0.004360
Train Epoch: 191[ 32000/ 37497(85%)]	Learning rate: 0.0005	Loss: 0.004363
Test set metrics:
Loss: 2.853075
WAPE: 0.143373
MAPE: 0.387913
SMAPE: 0.292658
MAE: 306.529663
RMSE: 1509.502930
Train Epoch: 192[ 16000/ 37497(43%)]	Learning rate: 0.0005	Loss: 0.004365
Train Epoch: 192[ 32000/ 37497(85%)]	Learning rate: 0.0005	Loss: 0.004360
Test set metrics:
Loss: 2.771011
WAPE: 0.135516
MAPE: 0.391333
SMAPE: 0.308898
MAE: 289.731781
RMSE: 1224.621582
Train Epoch: 193[ 16000/ 37497(43%)]	Learning rate: 0.0005	Loss: 0.004377
Train Epoch: 193[ 32000/ 37497(85%)]	Learning rate: 0.0005	Loss: 0.004363
Test set metrics:
Loss: 2.883228
WAPE: 0.150304
MAPE: 0.384736
SMAPE: 0.310956
MAE: 321.348572
RMSE: 1506.135498
Train Epoch: 194[ 16000/ 37497(43%)]	Learning rate: 0.0005	Loss: 0.004340
Train Epoch: 194[ 32000/ 37497(85%)]	Learning rate: 0.0005	Loss: 0.004401
Test set metrics:
Loss: 2.774347
WAPE: 0.130222
MAPE: 0.397222
SMAPE: 0.294290
MAE: 278.412689
RMSE: 1239.762817
Train Epoch: 195[ 16000/ 37497(43%)]	Learning rate: 0.0005	Loss: 0.004358
Train Epoch: 195[ 32000/ 37497(85%)]	Learning rate: 0.0005	Loss: 0.004362
Test set metrics:
Loss: 2.747927
WAPE: 0.131987
MAPE: 0.369528
SMAPE: 0.292560
MAE: 282.186218
RMSE: 1268.888550
Train Epoch: 196[ 16000/ 37497(43%)]	Learning rate: 0.0005	Loss: 0.004358
Train Epoch: 196[ 32000/ 37497(85%)]	Learning rate: 0.0005	Loss: 0.004350
Test set metrics:
Loss: 2.855739
WAPE: 0.146238
MAPE: 0.374799
SMAPE: 0.322247
MAE: 312.654205
RMSE: 1465.218018
Train Epoch: 197[ 16000/ 37497(43%)]	Learning rate: 0.0005	Loss: 0.004362
Train Epoch: 197[ 32000/ 37497(85%)]	Learning rate: 0.0005	Loss: 0.004356
Test set metrics:
Loss: 2.772536
WAPE: 0.132048
MAPE: 0.371061
SMAPE: 0.293394
MAE: 282.317505
RMSE: 1294.074341
Train Epoch: 198[ 16000/ 37497(43%)]	Learning rate: 0.0005	Loss: 0.004357
Train Epoch: 198[ 32000/ 37497(85%)]	Learning rate: 0.0005	Loss: 0.004361
Test set metrics:
Loss: 2.921810
WAPE: 0.151657
MAPE: 0.365552
SMAPE: 0.298034
MAE: 324.241364
RMSE: 1634.445679
Train Epoch: 199[ 16000/ 37497(43%)]	Learning rate: 0.0005	Loss: 0.004362
Train Epoch: 199[ 32000/ 37497(85%)]	Learning rate: 0.0005	Loss: 0.004363
Test set metrics:
Loss: 2.836306
WAPE: 0.140864
MAPE: 0.354665
SMAPE: 0.307461
MAE: 301.166107
RMSE: 1385.199707
Train Epoch: 200[ 16000/ 37497(43%)]	Learning rate: 0.0005	Loss: 0.004354
Train Epoch: 200[ 32000/ 37497(85%)]	Learning rate: 0.0005	Loss: 0.004352
Test set metrics:
Loss: 2.763940
WAPE: 0.133691
MAPE: 0.383293
SMAPE: 0.308836
MAE: 285.830139
RMSE: 1240.983887
Train Epoch: 201[ 16000/ 37497(43%)]	Learning rate: 0.0005	Loss: 0.004362
Train Epoch: 201[ 32000/ 37497(85%)]	Learning rate: 0.0005	Loss: 0.004344
Test set metrics:
Loss: 2.825611
WAPE: 0.136146
MAPE: 0.388887
SMAPE: 0.288607
MAE: 291.077515
RMSE: 1325.549927
Train Epoch: 202[ 16000/ 37497(43%)]	Learning rate: 0.0005	Loss: 0.004354
Train Epoch: 202[ 32000/ 37497(85%)]	Learning rate: 0.0005	Loss: 0.004351
Test set metrics:
Loss: 2.799153
WAPE: 0.138640
MAPE: 0.466895
SMAPE: 0.302686
MAE: 296.409760
RMSE: 1280.501465
Train Epoch: 203[ 16000/ 37497(43%)]	Learning rate: 0.0005	Loss: 0.004350
Train Epoch: 203[ 32000/ 37497(85%)]	Learning rate: 0.0005	Loss: 0.004369
Test set metrics:
Loss: 2.866421
WAPE: 0.142470
MAPE: 0.422198
SMAPE: 0.297668
MAE: 304.598175
RMSE: 1440.748169
Train Epoch: 204[ 16000/ 37497(43%)]	Learning rate: 0.0005	Loss: 0.004340
Train Epoch: 204[ 32000/ 37497(85%)]	Learning rate: 0.0005	Loss: 0.004356
Test set metrics:
Loss: 2.779592
WAPE: 0.133449
MAPE: 0.363106
SMAPE: 0.296452
MAE: 285.312683
RMSE: 1271.972656
Train Epoch: 205[ 16000/ 37497(43%)]	Learning rate: 0.0005	Loss: 0.004359
Train Epoch: 205[ 32000/ 37497(85%)]	Learning rate: 0.0005	Loss: 0.004335
Test set metrics:
Loss: 2.780332
WAPE: 0.130614
MAPE: 0.363634
SMAPE: 0.289151
MAE: 279.251404
RMSE: 1248.400879
Train Epoch: 206[ 16000/ 37497(43%)]	Learning rate: 0.0005	Loss: 0.004360
Train Epoch: 206[ 32000/ 37497(85%)]	Learning rate: 0.0005	Loss: 0.004336
Test set metrics:
Loss: 2.813721
WAPE: 0.135309
MAPE: 0.425283
SMAPE: 0.298313
MAE: 289.289459
RMSE: 1266.345825
Train Epoch: 207[ 16000/ 37497(43%)]	Learning rate: 0.0005	Loss: 0.004350
Train Epoch: 207[ 32000/ 37497(85%)]	Learning rate: 0.0005	Loss: 0.004346
Test set metrics:
Loss: 2.834574
WAPE: 0.139973
MAPE: 0.369972
SMAPE: 0.291106
MAE: 299.261597
RMSE: 1368.189453
Train Epoch: 208[ 16000/ 37497(43%)]	Learning rate: 0.0005	Loss: 0.004337
Train Epoch: 208[ 32000/ 37497(85%)]	Learning rate: 0.0005	Loss: 0.004345
Test set metrics:
Loss: 2.778170
WAPE: 0.132275
MAPE: 0.389393
SMAPE: 0.305803
MAE: 282.802094
RMSE: 1235.527832
Train Epoch: 209[ 16000/ 37497(43%)]	Learning rate: 0.0005	Loss: 0.004356
Train Epoch: 209[ 32000/ 37497(85%)]	Learning rate: 0.0005	Loss: 0.004338
Test set metrics:
Loss: 2.791876
WAPE: 0.131723
MAPE: 0.405041
SMAPE: 0.285562
MAE: 281.622070
RMSE: 1238.746460
Train Epoch: 210[ 16000/ 37497(43%)]	Learning rate: 0.0005	Loss: 0.004344
Train Epoch: 210[ 32000/ 37497(85%)]	Learning rate: 0.0005	Loss: 0.004340
Test set metrics:
Loss: 2.780596
WAPE: 0.130855
MAPE: 0.372825
SMAPE: 0.288448
MAE: 279.766357
RMSE: 1274.333984
Train Epoch: 211[ 16000/ 37497(43%)]	Learning rate: 0.0005	Loss: 0.004332
Train Epoch: 211[ 32000/ 37497(85%)]	Learning rate: 0.0005	Loss: 0.004340
Test set metrics:
Loss: 2.858258
WAPE: 0.143456
MAPE: 0.414719
SMAPE: 0.295318
MAE: 306.707428
RMSE: 1448.458130
Train Epoch: 212[ 16000/ 37497(43%)]	Learning rate: 0.0005	Loss: 0.004360
Train Epoch: 212[ 32000/ 37497(85%)]	Learning rate: 0.0005	Loss: 0.004316
Test set metrics:
Loss: 2.795900
WAPE: 0.131824
MAPE: 0.368037
SMAPE: 0.302950
MAE: 281.837616
RMSE: 1247.091309
Train Epoch: 213[ 16000/ 37497(43%)]	Learning rate: 0.0005	Loss: 0.004348
Train Epoch: 213[ 32000/ 37497(85%)]	Learning rate: 0.0005	Loss: 0.004328
Test set metrics:
Loss: 2.824508
WAPE: 0.134031
MAPE: 0.399893
SMAPE: 0.291491
MAE: 286.556763
RMSE: 1323.661865
Train Epoch: 214[ 16000/ 37497(43%)]	Learning rate: 0.0005	Loss: 0.004342
Train Epoch: 214[ 32000/ 37497(85%)]	Learning rate: 0.0005	Loss: 0.004338
Test set metrics:
Loss: 2.800235
WAPE: 0.132105
MAPE: 0.456845
SMAPE: 0.284386
MAE: 282.439453
RMSE: 1348.522583
Train Epoch: 215[ 16000/ 37497(43%)]	Learning rate: 0.0005	Loss: 0.004326
Train Epoch: 215[ 32000/ 37497(85%)]	Learning rate: 0.0005	Loss: 0.004340
Test set metrics:
Loss: 2.849316
WAPE: 0.142575
MAPE: 0.378031
SMAPE: 0.315025
MAE: 304.822662
RMSE: 1317.261475
Train Epoch: 216[ 16000/ 37497(43%)]	Learning rate: 0.0005	Loss: 0.004326
Train Epoch: 216[ 32000/ 37497(85%)]	Learning rate: 0.0005	Loss: 0.004337
Test set metrics:
Loss: 2.818589
WAPE: 0.135193
MAPE: 0.362978
SMAPE: 0.294860
MAE: 289.040649
RMSE: 1341.120483
Train Epoch: 217[ 16000/ 37497(43%)]	Learning rate: 0.0005	Loss: 0.004332
Train Epoch: 217[ 32000/ 37497(85%)]	Learning rate: 0.0005	Loss: 0.004335
Test set metrics:
Loss: 2.819958
WAPE: 0.135312
MAPE: 0.438564
SMAPE: 0.293352
MAE: 289.295380
RMSE: 1349.875244
Train Epoch: 218[ 16000/ 37497(43%)]	Learning rate: 0.0005	Loss: 0.004336
Train Epoch: 218[ 32000/ 37497(85%)]	Learning rate: 0.0005	Loss: 0.004338
Test set metrics:
Loss: 2.836471
WAPE: 0.140651
MAPE: 0.363712
SMAPE: 0.307353
MAE: 300.710052
RMSE: 1396.109131
Train Epoch: 219[ 16000/ 37497(43%)]	Learning rate: 0.0005	Loss: 0.004325
Train Epoch: 219[ 32000/ 37497(85%)]	Learning rate: 0.0005	Loss: 0.004345
Test set metrics:
Loss: 2.838003
WAPE: 0.142580
MAPE: 0.407566
SMAPE: 0.300976
MAE: 304.833405
RMSE: 1342.571533
Train Epoch: 220[ 16000/ 37497(43%)]	Learning rate: 0.0005	Loss: 0.004309
Train Epoch: 220[ 32000/ 37497(85%)]	Learning rate: 0.0005	Loss: 0.004319
Test set metrics:
Loss: 2.858155
WAPE: 0.139619
MAPE: 0.374429
SMAPE: 0.287787
MAE: 298.503601
RMSE: 1376.411377
Train Epoch: 221[ 16000/ 37497(43%)]	Learning rate: 0.0005	Loss: 0.004332
Train Epoch: 221[ 32000/ 37497(85%)]	Learning rate: 0.0005	Loss: 0.004318
Test set metrics:
Loss: 2.799718
WAPE: 0.130298
MAPE: 0.379685
SMAPE: 0.294901
MAE: 278.574768
RMSE: 1225.892700
Train Epoch: 222[ 16000/ 37497(43%)]	Learning rate: 0.0005	Loss: 0.004334
Train Epoch: 222[ 32000/ 37497(85%)]	Learning rate: 0.0005	Loss: 0.004326
Test set metrics:
Loss: 2.813599
WAPE: 0.136228
MAPE: 0.382894
SMAPE: 0.299245
MAE: 291.254883
RMSE: 1249.858521
Train Epoch: 223[ 16000/ 37497(43%)]	Learning rate: 0.0005	Loss: 0.004312
Train Epoch: 223[ 32000/ 37497(85%)]	Learning rate: 0.0005	Loss: 0.004323
Test set metrics:
Loss: 2.824427
WAPE: 0.136086
MAPE: 0.401695
SMAPE: 0.308291
MAE: 290.950928
RMSE: 1313.981201
Train Epoch: 224[ 16000/ 37497(43%)]	Learning rate: 0.0005	Loss: 0.004322
Train Epoch: 224[ 32000/ 37497(85%)]	Learning rate: 0.0005	Loss: 0.004330
Test set metrics:
Loss: 2.875501
WAPE: 0.146362
MAPE: 0.368638
SMAPE: 0.307603
MAE: 312.919708
RMSE: 1462.973389
Train Epoch: 225[ 16000/ 37497(43%)]	Learning rate: 0.0005	Loss: 0.004324
Train Epoch: 225[ 32000/ 37497(85%)]	Learning rate: 0.0005	Loss: 0.004314
Test set metrics:
Loss: 2.748510
WAPE: 0.128472
MAPE: 0.347606
SMAPE: 0.291472
MAE: 274.670715
RMSE: 1200.091187
Train Epoch: 226[ 16000/ 37497(43%)]	Learning rate: 0.0005	Loss: 0.004315
Train Epoch: 226[ 32000/ 37497(85%)]	Learning rate: 0.0005	Loss: 0.004323
Test set metrics:
Loss: 2.834519
WAPE: 0.136289
MAPE: 0.353179
SMAPE: 0.291731
MAE: 291.385193
RMSE: 1354.702515
Train Epoch: 227[ 16000/ 37497(43%)]	Learning rate: 0.0005	Loss: 0.004314
Train Epoch: 227[ 32000/ 37497(85%)]	Learning rate: 0.0005	Loss: 0.004311
Test set metrics:
Loss: 2.821218
WAPE: 0.141418
MAPE: 0.407803
SMAPE: 0.304619
MAE: 302.350311
RMSE: 1330.147705
Train Epoch: 228[ 16000/ 37497(43%)]	Learning rate: 0.0005	Loss: 0.004315
Train Epoch: 228[ 32000/ 37497(85%)]	Learning rate: 0.0005	Loss: 0.004319
Test set metrics:
Loss: 2.839876
WAPE: 0.138642
MAPE: 0.370527
SMAPE: 0.291346
MAE: 296.415161
RMSE: 1343.241943
Train Epoch: 229[ 16000/ 37497(43%)]	Learning rate: 0.0005	Loss: 0.004308
Train Epoch: 229[ 32000/ 37497(85%)]	Learning rate: 0.0005	Loss: 0.004309
Test set metrics:
Loss: 2.815670
WAPE: 0.139994
MAPE: 0.354639
SMAPE: 0.297906
MAE: 299.304749
RMSE: 1314.716187
Train Epoch: 230[ 16000/ 37497(43%)]	Learning rate: 0.0005	Loss: 0.004313
Train Epoch: 230[ 32000/ 37497(85%)]	Learning rate: 0.0005	Loss: 0.004310
Test set metrics:
Loss: 2.831201
WAPE: 0.138055
MAPE: 0.380663
SMAPE: 0.300782
MAE: 295.159149
RMSE: 1370.163208
Train Epoch: 231[ 16000/ 37497(43%)]	Learning rate: 0.0005	Loss: 0.004309
Train Epoch: 231[ 32000/ 37497(85%)]	Learning rate: 0.0005	Loss: 0.004314
Test set metrics:
Loss: 2.807636
WAPE: 0.133818
MAPE: 0.426117
SMAPE: 0.297220
MAE: 286.100739
RMSE: 1331.407593
Train Epoch: 232[ 16000/ 37497(43%)]	Learning rate: 0.0005	Loss: 0.004304
Train Epoch: 232[ 32000/ 37497(85%)]	Learning rate: 0.0005	Loss: 0.004311
Test set metrics:
Loss: 2.858501
WAPE: 0.142922
MAPE: 0.351739
SMAPE: 0.297086
MAE: 305.565887
RMSE: 1487.599609
Train Epoch: 233[ 16000/ 37497(43%)]	Learning rate: 0.0005	Loss: 0.004311
Train Epoch: 233[ 32000/ 37497(85%)]	Learning rate: 0.0005	Loss: 0.004301
Test set metrics:
Loss: 2.823211
WAPE: 0.136577
MAPE: 0.369331
SMAPE: 0.301603
MAE: 292.000488
RMSE: 1290.808594
Train Epoch: 234[ 16000/ 37497(43%)]	Learning rate: 0.0005	Loss: 0.004318
Train Epoch: 234[ 32000/ 37497(85%)]	Learning rate: 0.0005	Loss: 0.004308
Test set metrics:
Loss: 2.867246
WAPE: 0.144332
MAPE: 0.416411
SMAPE: 0.300701
MAE: 308.580811
RMSE: 1418.657471
Train Epoch: 235[ 16000/ 37497(43%)]	Learning rate: 0.0005	Loss: 0.004317
Train Epoch: 235[ 32000/ 37497(85%)]	Learning rate: 0.0005	Loss: 0.004312
Test set metrics:
Loss: 2.772762
WAPE: 0.127928
MAPE: 0.413837
SMAPE: 0.290818
MAE: 273.507782
RMSE: 1233.430664
Train Epoch: 236[ 16000/ 37497(43%)]	Learning rate: 0.0005	Loss: 0.004299
Train Epoch: 236[ 32000/ 37497(85%)]	Learning rate: 0.0005	Loss: 0.004304
Test set metrics:
Loss: 2.852272
WAPE: 0.141898
MAPE: 0.411575
SMAPE: 0.293861
MAE: 303.377045
RMSE: 1433.123047
Train Epoch: 237[ 16000/ 37497(43%)]	Learning rate: 0.0005	Loss: 0.004309
Train Epoch: 237[ 32000/ 37497(85%)]	Learning rate: 0.0005	Loss: 0.004325
Test set metrics:
Loss: 2.825689
WAPE: 0.137347
MAPE: 0.401073
SMAPE: 0.300718
MAE: 293.646332
RMSE: 1335.777954
Train Epoch: 238[ 16000/ 37497(43%)]	Learning rate: 0.0005	Loss: 0.004299
Train Epoch: 238[ 32000/ 37497(85%)]	Learning rate: 0.0005	Loss: 0.004313
Test set metrics:
Loss: 2.852340
WAPE: 0.143321
MAPE: 0.360769
SMAPE: 0.308928
MAE: 306.417999
RMSE: 1369.428345
Train Epoch: 239[ 16000/ 37497(43%)]	Learning rate: 0.0005	Loss: 0.004305
Train Epoch: 239[ 32000/ 37497(85%)]	Learning rate: 0.0005	Loss: 0.004307
Test set metrics:
Loss: 2.837202
WAPE: 0.138802
MAPE: 0.366923
SMAPE: 0.292551
MAE: 296.756042
RMSE: 1305.736816
Train Epoch: 240[ 16000/ 37497(43%)]	Learning rate: 0.0005	Loss: 0.004307
Train Epoch: 240[ 32000/ 37497(85%)]	Learning rate: 0.0005	Loss: 0.004304
Test set metrics:
Loss: 2.794668
WAPE: 0.133760
MAPE: 0.416312
SMAPE: 0.292627
MAE: 285.976501
RMSE: 1312.282959
Train Epoch: 241[ 16000/ 37497(43%)]	Learning rate: 0.0005	Loss: 0.004310
Train Epoch: 241[ 32000/ 37497(85%)]	Learning rate: 0.0005	Loss: 0.004316
Test set metrics:
Loss: 2.790102
WAPE: 0.133894
MAPE: 0.369130
SMAPE: 0.308833
MAE: 286.264313
RMSE: 1268.979980
Train Epoch: 242[ 16000/ 37497(43%)]	Learning rate: 0.0005	Loss: 0.004300
Train Epoch: 242[ 32000/ 37497(85%)]	Learning rate: 0.0005	Loss: 0.004296
Test set metrics:
Loss: 2.799673
WAPE: 0.134790
MAPE: 0.368491
SMAPE: 0.292398
MAE: 288.179688
RMSE: 1296.758179
Train Epoch: 243[ 16000/ 37497(43%)]	Learning rate: 0.0005	Loss: 0.004310
Train Epoch: 243[ 32000/ 37497(85%)]	Learning rate: 0.0005	Loss: 0.004304
Test set metrics:
Loss: 2.860085
WAPE: 0.136021
MAPE: 0.366731
SMAPE: 0.288866
MAE: 290.811066
RMSE: 1382.839722
Train Epoch: 244[ 16000/ 37497(43%)]	Learning rate: 0.0005	Loss: 0.004309
Train Epoch: 244[ 32000/ 37497(85%)]	Learning rate: 0.0005	Loss: 0.004281
Test set metrics:
Loss: 2.786242
WAPE: 0.134008
MAPE: 0.407112
SMAPE: 0.293890
MAE: 286.507782
RMSE: 1279.104492
Train Epoch: 245[ 16000/ 37497(43%)]	Learning rate: 0.0005	Loss: 0.004296
Train Epoch: 245[ 32000/ 37497(85%)]	Learning rate: 0.0005	Loss: 0.004298
Test set metrics:
Loss: 2.818306
WAPE: 0.134267
MAPE: 0.378101
SMAPE: 0.294107
MAE: 287.060608
RMSE: 1269.960693
Train Epoch: 246[ 16000/ 37497(43%)]	Learning rate: 0.0005	Loss: 0.004296
Train Epoch: 246[ 32000/ 37497(85%)]	Learning rate: 0.0005	Loss: 0.004308
Test set metrics:
Loss: 2.860257
WAPE: 0.140856
MAPE: 0.359896
SMAPE: 0.293701
MAE: 301.149017
RMSE: 1380.402222
Train Epoch: 247[ 16000/ 37497(43%)]	Learning rate: 0.0005	Loss: 0.004286
Train Epoch: 247[ 32000/ 37497(85%)]	Learning rate: 0.0005	Loss: 0.004303
Test set metrics:
Loss: 2.836414
WAPE: 0.139144
MAPE: 0.388221
SMAPE: 0.303649
MAE: 297.487579
RMSE: 1443.078491
Train Epoch: 248[ 16000/ 37497(43%)]	Learning rate: 0.0005	Loss: 0.004285
Train Epoch: 248[ 32000/ 37497(85%)]	Learning rate: 0.0005	Loss: 0.004306
Test set metrics:
Loss: 2.816499
WAPE: 0.135230
MAPE: 0.404902
SMAPE: 0.293758
MAE: 289.120728
RMSE: 1269.913086
Train Epoch: 249[ 16000/ 37497(43%)]	Learning rate: 0.0005	Loss: 0.004284
Train Epoch: 249[ 32000/ 37497(85%)]	Learning rate: 0.0005	Loss: 0.004293
Test set metrics:
Loss: 2.865482
WAPE: 0.139436
MAPE: 0.359129
SMAPE: 0.300199
MAE: 298.112091
RMSE: 1402.055176
Train Epoch: 250[ 16000/ 37497(43%)]	Learning rate: 0.0005	Loss: 0.004302
Train Epoch: 250[ 32000/ 37497(85%)]	Learning rate: 0.0005	Loss: 0.004278
Test set metrics:
Loss: 2.793229
WAPE: 0.131335
MAPE: 0.349563
SMAPE: 0.292454
MAE: 280.791687
RMSE: 1281.238525
Train Epoch: 251[ 16000/ 37497(43%)]	Learning rate: 0.0005	Loss: 0.004304
Train Epoch: 251[ 32000/ 37497(85%)]	Learning rate: 0.0005	Loss: 0.004299
Test set metrics:
Loss: 2.819932
WAPE: 0.131177
MAPE: 0.362896
SMAPE: 0.281348
MAE: 280.454224
RMSE: 1317.842407
Train Epoch: 252[ 16000/ 37497(43%)]	Learning rate: 0.0005	Loss: 0.004315
Train Epoch: 252[ 32000/ 37497(85%)]	Learning rate: 0.0005	Loss: 0.004274
Test set metrics:
Loss: 2.793684
WAPE: 0.127287
MAPE: 0.356282
SMAPE: 0.291732
MAE: 272.138458
RMSE: 1189.432983
Train Epoch: 253[ 16000/ 37497(43%)]	Learning rate: 0.0005	Loss: 0.004304
Train Epoch: 253[ 32000/ 37497(85%)]	Learning rate: 0.0005	Loss: 0.004293
Test set metrics:
Loss: 2.828297
WAPE: 0.137696
MAPE: 0.363070
SMAPE: 0.300390
MAE: 294.392944
RMSE: 1312.104126
Train Epoch: 254[ 16000/ 37497(43%)]	Learning rate: 0.0005	Loss: 0.004305
Train Epoch: 254[ 32000/ 37497(85%)]	Learning rate: 0.0005	Loss: 0.004288
Test set metrics:
Loss: 2.879913
WAPE: 0.143587
MAPE: 0.390801
SMAPE: 0.306599
MAE: 306.987823
RMSE: 1357.482300
Train Epoch: 255[ 16000/ 37497(43%)]	Learning rate: 0.0005	Loss: 0.004276
Train Epoch: 255[ 32000/ 37497(85%)]	Learning rate: 0.0005	Loss: 0.004296
Test set metrics:
Loss: 2.757887
WAPE: 0.123959
MAPE: 0.384388
SMAPE: 0.285291
MAE: 265.021912
RMSE: 1154.364746
Train Epoch: 256[ 16000/ 37497(43%)]	Learning rate: 0.0005	Loss: 0.004289
Train Epoch: 256[ 32000/ 37497(85%)]	Learning rate: 0.0005	Loss: 0.004298
Test set metrics:
Loss: 2.886109
WAPE: 0.140786
MAPE: 0.365510
SMAPE: 0.318055
MAE: 300.998444
RMSE: 1383.586670
Train Epoch: 257[ 16000/ 37497(43%)]	Learning rate: 0.0005	Loss: 0.004279
Train Epoch: 257[ 32000/ 37497(85%)]	Learning rate: 0.0005	Loss: 0.004286
Test set metrics:
Loss: 2.811199
WAPE: 0.130753
MAPE: 0.376511
SMAPE: 0.294800
MAE: 279.547882
RMSE: 1240.167236
Train Epoch: 258[ 16000/ 37497(43%)]	Learning rate: 0.0005	Loss: 0.004276
Train Epoch: 258[ 32000/ 37497(85%)]	Learning rate: 0.0005	Loss: 0.004270
Test set metrics:
Loss: 2.822754
WAPE: 0.133488
MAPE: 0.403295
SMAPE: 0.294736
MAE: 285.395905
RMSE: 1224.725586
Train Epoch: 259[ 16000/ 37497(43%)]	Learning rate: 0.0005	Loss: 0.004272
Train Epoch: 259[ 32000/ 37497(85%)]	Learning rate: 0.0005	Loss: 0.004299
Test set metrics:
Loss: 2.887000
WAPE: 0.140278
MAPE: 0.418611
SMAPE: 0.289145
MAE: 299.912903
RMSE: 1380.647095
Train Epoch: 260[ 16000/ 37497(43%)]	Learning rate: 0.0005	Loss: 0.004298
Train Epoch: 260[ 32000/ 37497(85%)]	Learning rate: 0.0005	Loss: 0.004274
Test set metrics:
Loss: 2.812397
WAPE: 0.130913
MAPE: 0.435842
SMAPE: 0.279453
MAE: 279.890961
RMSE: 1311.413818
Train Epoch: 261[ 16000/ 37497(43%)]	Learning rate: 0.0005	Loss: 0.004279
Train Epoch: 261[ 32000/ 37497(85%)]	Learning rate: 0.0005	Loss: 0.004293
Test set metrics:
Loss: 2.788069
WAPE: 0.132613
MAPE: 0.376044
SMAPE: 0.298862
MAE: 283.524414
RMSE: 1273.822144
Train Epoch: 262[ 16000/ 37497(43%)]	Learning rate: 0.0005	Loss: 0.004289
Train Epoch: 262[ 32000/ 37497(85%)]	Learning rate: 0.0005	Loss: 0.004274
Test set metrics:
Loss: 2.800663
WAPE: 0.129502
MAPE: 0.402678
SMAPE: 0.280154
MAE: 276.874329
RMSE: 1277.864502
Train Epoch: 263[ 16000/ 37497(43%)]	Learning rate: 0.0005	Loss: 0.004288
Train Epoch: 263[ 32000/ 37497(85%)]	Learning rate: 0.0005	Loss: 0.004287
Test set metrics:
Loss: 2.805279
WAPE: 0.135448
MAPE: 0.362752
SMAPE: 0.306159
MAE: 289.587158
RMSE: 1330.922607
Train Epoch: 264[ 16000/ 37497(43%)]	Learning rate: 0.0005	Loss: 0.004283
Train Epoch: 264[ 32000/ 37497(85%)]	Learning rate: 0.0005	Loss: 0.004275
Test set metrics:
Loss: 2.834500
WAPE: 0.134341
MAPE: 0.364468
SMAPE: 0.298344
MAE: 287.219208
RMSE: 1279.857056
Train Epoch: 265[ 16000/ 37497(43%)]	Learning rate: 0.0005	Loss: 0.004267
Train Epoch: 265[ 32000/ 37497(85%)]	Learning rate: 0.0005	Loss: 0.004290
Test set metrics:
Loss: 2.854060
WAPE: 0.138762
MAPE: 0.364310
SMAPE: 0.297001
MAE: 296.671692
RMSE: 1323.476318
Train Epoch: 266[ 16000/ 37497(43%)]	Learning rate: 0.0005	Loss: 0.004277
Train Epoch: 266[ 32000/ 37497(85%)]	Learning rate: 0.0005	Loss: 0.004283
Test set metrics:
Loss: 2.781293
WAPE: 0.131364
MAPE: 0.363704
SMAPE: 0.304601
MAE: 280.853912
RMSE: 1238.803223
Train Epoch: 267[ 16000/ 37497(43%)]	Learning rate: 0.0005	Loss: 0.004287
Train Epoch: 267[ 32000/ 37497(85%)]	Learning rate: 0.0005	Loss: 0.004277
Test set metrics:
Loss: 2.853657
WAPE: 0.139253
MAPE: 0.376987
SMAPE: 0.293502
MAE: 297.721680
RMSE: 1401.883423
Train Epoch: 268[ 16000/ 37497(43%)]	Learning rate: 0.0005	Loss: 0.004282
Train Epoch: 268[ 32000/ 37497(85%)]	Learning rate: 0.0005	Loss: 0.004284
Test set metrics:
Loss: 2.837278
WAPE: 0.135643
MAPE: 0.375169
SMAPE: 0.298587
MAE: 290.002960
RMSE: 1336.976807
Train Epoch: 269[ 16000/ 37497(43%)]	Learning rate: 0.0005	Loss: 0.004272
Train Epoch: 269[ 32000/ 37497(85%)]	Learning rate: 0.0005	Loss: 0.004284
Test set metrics:
Loss: 2.798600
WAPE: 0.128979
MAPE: 0.372144
SMAPE: 0.286940
MAE: 275.756073
RMSE: 1196.154907
Train Epoch: 270[ 16000/ 37497(43%)]	Learning rate: 0.0005	Loss: 0.004267
Train Epoch: 270[ 32000/ 37497(85%)]	Learning rate: 0.0005	Loss: 0.004277
Test set metrics:
Loss: 2.846250
WAPE: 0.138050
MAPE: 0.366347
SMAPE: 0.297424
MAE: 295.148315
RMSE: 1356.478271
Train Epoch: 271[ 16000/ 37497(43%)]	Learning rate: 0.0005	Loss: 0.004269
Train Epoch: 271[ 32000/ 37497(85%)]	Learning rate: 0.0005	Loss: 0.004276
Test set metrics:
Loss: 2.824559
WAPE: 0.135458
MAPE: 0.395977
SMAPE: 0.295694
MAE: 289.607117
RMSE: 1345.548218
Train Epoch: 272[ 16000/ 37497(43%)]	Learning rate: 0.0005	Loss: 0.004270
Train Epoch: 272[ 32000/ 37497(85%)]	Learning rate: 0.0005	Loss: 0.004282
Test set metrics:
Loss: 2.853067
WAPE: 0.139339
MAPE: 0.372212
SMAPE: 0.295222
MAE: 297.904297
RMSE: 1352.621460
Train Epoch: 273[ 16000/ 37497(43%)]	Learning rate: 0.0005	Loss: 0.004274
Train Epoch: 273[ 32000/ 37497(85%)]	Learning rate: 0.0005	Loss: 0.004281
Test set metrics:
Loss: 2.871048
WAPE: 0.142448
MAPE: 0.376031
SMAPE: 0.298384
MAE: 304.551727
RMSE: 1415.821045
Train Epoch: 274[ 16000/ 37497(43%)]	Learning rate: 0.0005	Loss: 0.004277
Train Epoch: 274[ 32000/ 37497(85%)]	Learning rate: 0.0005	Loss: 0.004271
Test set metrics:
Loss: 2.860321
WAPE: 0.141620
MAPE: 0.418773
SMAPE: 0.306146
MAE: 302.782715
RMSE: 1399.034546
Train Epoch: 275[ 16000/ 37497(43%)]	Learning rate: 0.0005	Loss: 0.004276
Train Epoch: 275[ 32000/ 37497(85%)]	Learning rate: 0.0005	Loss: 0.004253
Test set metrics:
Loss: 2.903674
WAPE: 0.144259
MAPE: 0.393488
SMAPE: 0.316657
MAE: 308.424591
RMSE: 1440.765137
Train Epoch: 276[ 16000/ 37497(43%)]	Learning rate: 0.0005	Loss: 0.004263
Train Epoch: 276[ 32000/ 37497(85%)]	Learning rate: 0.0005	Loss: 0.004267
Test set metrics:
Loss: 2.864463
WAPE: 0.139358
MAPE: 0.431385
SMAPE: 0.299014
MAE: 297.945648
RMSE: 1332.422729
Train Epoch: 277[ 16000/ 37497(43%)]	Learning rate: 0.0005	Loss: 0.004279
Train Epoch: 277[ 32000/ 37497(85%)]	Learning rate: 0.0005	Loss: 0.004266
Test set metrics:
Loss: 2.820274
WAPE: 0.132598
MAPE: 0.362580
SMAPE: 0.300149
MAE: 283.493896
RMSE: 1213.455322
Train Epoch: 278[ 16000/ 37497(43%)]	Learning rate: 0.0005	Loss: 0.004270
Train Epoch: 278[ 32000/ 37497(85%)]	Learning rate: 0.0005	Loss: 0.004274
Test set metrics:
Loss: 2.919761
WAPE: 0.149224
MAPE: 0.388510
SMAPE: 0.310694
MAE: 319.039246
RMSE: 1411.451782
Train Epoch: 279[ 16000/ 37497(43%)]	Learning rate: 0.0005	Loss: 0.004271
Train Epoch: 279[ 32000/ 37497(85%)]	Learning rate: 0.0005	Loss: 0.004273
Test set metrics:
Loss: 2.860658
WAPE: 0.138830
MAPE: 0.373225
SMAPE: 0.306704
MAE: 296.815979
RMSE: 1390.121948
Train Epoch: 280[ 16000/ 37497(43%)]	Learning rate: 0.0005	Loss: 0.004268
Train Epoch: 280[ 32000/ 37497(85%)]	Learning rate: 0.0005	Loss: 0.004258
Test set metrics:
Loss: 2.897875
WAPE: 0.145019
MAPE: 0.416125
SMAPE: 0.313412
MAE: 310.048218
RMSE: 1393.899902
Train Epoch: 281[ 16000/ 37497(43%)]	Learning rate: 0.0005	Loss: 0.004265
Train Epoch: 281[ 32000/ 37497(85%)]	Learning rate: 0.0005	Loss: 0.004273
Test set metrics:
Loss: 2.868587
WAPE: 0.139359
MAPE: 0.398015
SMAPE: 0.304767
MAE: 297.947723
RMSE: 1361.617798
Train Epoch: 282[ 16000/ 37497(43%)]	Learning rate: 0.0005	Loss: 0.004263
Train Epoch: 282[ 32000/ 37497(85%)]	Learning rate: 0.0005	Loss: 0.004277
Test set metrics:
Loss: 2.901865
WAPE: 0.144558
MAPE: 0.446354
SMAPE: 0.297315
MAE: 309.064240
RMSE: 1427.131958
Train Epoch: 283[ 16000/ 37497(43%)]	Learning rate: 0.0005	Loss: 0.004267
Train Epoch: 283[ 32000/ 37497(85%)]	Learning rate: 0.0005	Loss: 0.004263
Test set metrics:
Loss: 2.803325
WAPE: 0.133216
MAPE: 0.372994
SMAPE: 0.297742
MAE: 284.814117
RMSE: 1304.029297
Train Epoch: 284[ 16000/ 37497(43%)]	Learning rate: 0.0005	Loss: 0.004260
Train Epoch: 284[ 32000/ 37497(85%)]	Learning rate: 0.0005	Loss: 0.004265
Test set metrics:
Loss: 2.835846
WAPE: 0.133507
MAPE: 0.408913
SMAPE: 0.293084
MAE: 285.436829
RMSE: 1325.239136
Train Epoch: 285[ 16000/ 37497(43%)]	Learning rate: 0.0005	Loss: 0.004262
Train Epoch: 285[ 32000/ 37497(85%)]	Learning rate: 0.0005	Loss: 0.004244
Test set metrics:
Loss: 2.860461
WAPE: 0.136437
MAPE: 0.362549
SMAPE: 0.296972
MAE: 291.700409
RMSE: 1342.383179
Train Epoch: 286[ 16000/ 37497(43%)]	Learning rate: 0.0005	Loss: 0.004264
Train Epoch: 286[ 32000/ 37497(85%)]	Learning rate: 0.0005	Loss: 0.004253
Test set metrics:
Loss: 2.836723
WAPE: 0.133424
MAPE: 0.373086
SMAPE: 0.295098
MAE: 285.259705
RMSE: 1269.562500
Train Epoch: 287[ 16000/ 37497(43%)]	Learning rate: 0.0005	Loss: 0.004259
Train Epoch: 287[ 32000/ 37497(85%)]	Learning rate: 0.0005	Loss: 0.004268
Test set metrics:
Loss: 2.884578
WAPE: 0.140375
MAPE: 0.379492
SMAPE: 0.297329
MAE: 300.120911
RMSE: 1432.840820
Train Epoch: 288[ 16000/ 37497(43%)]	Learning rate: 0.0005	Loss: 0.004270
Train Epoch: 288[ 32000/ 37497(85%)]	Learning rate: 0.0005	Loss: 0.004262
Test set metrics:
Loss: 2.836829
WAPE: 0.135007
MAPE: 0.404892
SMAPE: 0.290840
MAE: 288.643616
RMSE: 1303.910522
Train Epoch: 289[ 16000/ 37497(43%)]	Learning rate: 0.0005	Loss: 0.004282
Train Epoch: 289[ 32000/ 37497(85%)]	Learning rate: 0.0005	Loss: 0.004254
Test set metrics:
Loss: 2.850910
WAPE: 0.138173
MAPE: 0.388131
SMAPE: 0.294210
MAE: 295.412354
RMSE: 1292.774536
Train Epoch: 290[ 16000/ 37497(43%)]	Learning rate: 0.0005	Loss: 0.004246
Train Epoch: 290[ 32000/ 37497(85%)]	Learning rate: 0.0005	Loss: 0.004269
Test set metrics:
Loss: 2.839320
WAPE: 0.140696
MAPE: 0.371581
SMAPE: 0.297265
MAE: 300.806854
RMSE: 1343.786255
Train Epoch: 291[ 16000/ 37497(43%)]	Learning rate: 0.0005	Loss: 0.004257
Train Epoch: 291[ 32000/ 37497(85%)]	Learning rate: 0.0005	Loss: 0.004255
Test set metrics:
Loss: 2.848685
WAPE: 0.136540
MAPE: 0.368703
SMAPE: 0.289868
MAE: 291.920227
RMSE: 1299.445679
Train Epoch: 292[ 16000/ 37497(43%)]	Learning rate: 0.0005	Loss: 0.004257
Train Epoch: 292[ 32000/ 37497(85%)]	Learning rate: 0.0005	Loss: 0.004247
Test set metrics:
Loss: 2.812497
WAPE: 0.129504
MAPE: 0.377566
SMAPE: 0.289883
MAE: 276.878723
RMSE: 1277.211182
Train Epoch: 293[ 16000/ 37497(43%)]	Learning rate: 0.0005	Loss: 0.004257
Train Epoch: 293[ 32000/ 37497(85%)]	Learning rate: 0.0005	Loss: 0.004258
Test set metrics:
Loss: 2.809632
WAPE: 0.132430
MAPE: 0.381532
SMAPE: 0.307187
MAE: 283.134705
RMSE: 1241.660889
Train Epoch: 294[ 16000/ 37497(43%)]	Learning rate: 0.0005	Loss: 0.004251
Train Epoch: 294[ 32000/ 37497(85%)]	Learning rate: 0.0005	Loss: 0.004248
Test set metrics:
Loss: 2.895699
WAPE: 0.146651
MAPE: 0.490659
SMAPE: 0.298204
MAE: 313.538574
RMSE: 1471.423584
Train Epoch: 295[ 16000/ 37497(43%)]	Learning rate: 0.0005	Loss: 0.004241
Train Epoch: 295[ 32000/ 37497(85%)]	Learning rate: 0.0005	Loss: 0.004248
Test set metrics:
Loss: 2.790431
WAPE: 0.128137
MAPE: 0.362338
SMAPE: 0.286414
MAE: 273.955444
RMSE: 1211.782837
Train Epoch: 296[ 16000/ 37497(43%)]	Learning rate: 0.0005	Loss: 0.004240
Train Epoch: 296[ 32000/ 37497(85%)]	Learning rate: 0.0005	Loss: 0.004259
Test set metrics:
Loss: 2.836066
WAPE: 0.139415
MAPE: 0.377566
SMAPE: 0.310355
MAE: 298.066956
RMSE: 1317.558960
Train Epoch: 297[ 16000/ 37497(43%)]	Learning rate: 0.0005	Loss: 0.004241
Train Epoch: 297[ 32000/ 37497(85%)]	Learning rate: 0.0005	Loss: 0.004260
Test set metrics:
Loss: 2.813870
WAPE: 0.133825
MAPE: 0.395682
SMAPE: 0.298584
MAE: 286.117310
RMSE: 1285.941895
Train Epoch: 298[ 16000/ 37497(43%)]	Learning rate: 0.0005	Loss: 0.004255
Train Epoch: 298[ 32000/ 37497(85%)]	Learning rate: 0.0005	Loss: 0.004255
Test set metrics:
Loss: 2.868875
WAPE: 0.140466
MAPE: 0.357101
SMAPE: 0.296649
MAE: 300.315033
RMSE: 1437.817627
Train Epoch: 299[ 16000/ 37497(43%)]	Learning rate: 0.0005	Loss: 0.004272
Train Epoch: 299[ 32000/ 37497(85%)]	Learning rate: 0.0005	Loss: 0.004246
Test set metrics:
Loss: 2.905238
WAPE: 0.140285
MAPE: 0.408415
SMAPE: 0.292962
MAE: 299.927124
RMSE: 1492.053467
Train Epoch: 300[ 16000/ 37497(43%)]	Learning rate: 0.0005	Loss: 0.004236
Train Epoch: 300[ 32000/ 37497(85%)]	Learning rate: 0.0005	Loss: 0.004243
Test set metrics:
Loss: 2.836502
WAPE: 0.133789
MAPE: 0.395839
SMAPE: 0.284446
MAE: 286.039276
RMSE: 1424.889282
Test set:
Loss: 2.825344
WAPE: 0.133789
MAPE: 0.395839
SMAPE: 0.284446
MAE: 286.039276
RMSE: 1424.889404
Finished Training
