/var/spool/slurmd/job725589/slurm_script: line 12: $'\302\240\302\240': command not found
/var/spool/slurmd/job725589/slurm_script: line 13: echo we are running from this directory: /lustre1/home/erikde/TCN: No such file or directory
/var/spool/slurmd/job725589/slurm_script: line 14: $'echo\302\240 the name of the job is: electricity-pytorch': command not found
/var/spool/slurmd/job725589/slurm_script: line 15: $'echo\302\240Th job ID is 725589': command not found
/var/spool/slurmd/job725589/slurm_script: line 16: $'echo\302\240The job was run on these nodes: compute-4-0-18': command not found
/var/spool/slurmd/job725589/slurm_script: line 17: $'echo\302\240Number of nodes: 1': command not found
/var/spool/slurmd/job725589/slurm_script: line 18: $'echo\302\240We are using 1 cores': command not found
/var/spool/slurmd/job725589/slurm_script: line 19: $'echo\302\240We are using 1 cores per node': command not found
/var/spool/slurmd/job725589/slurm_script: line 20: $'echo\302\240Total of 1 cores': command not found
/var/spool/slurmd/job725589/slurm_script: line 21: $'\302\240': command not found
cuda:0
Creating dataset.
Dimension of X :  torch.Size([370, 8, 25944])
Dimension of Y :  torch.Size([370, 1, 25944])
Dimension of X :  torch.Size([370, 8, 384])
Dimension of Y :  torch.Size([370, 1, 384])
Number of learnable parameters : 67457
Test set:
Loss: 3.310197
WAPE: 0.248769
MAPE: 1.746184
SMAPE: 0.484733
MAE: 520.847534
RMSE: 3630.571289
Finished Training
