/var/spool/slurmd/job732484/slurm_script: line 12: $'\302\240': command not found
train_start          : 2012-01-01
train_end            : 2014-12-16
v_batch_size         : 32
h_batch_size         : 256
num_workers          : 4
time_covariates      : False
one_hot_id           : False
num_layers           : 5
kernel_size          : 7
res_block_size       : 32
bias                 : True
epochs               : 300
lr                   : 0.0005
dropout              : 0.2
stride               : 1
tenacity             : 7
leveledinit          : True
clip                 : True
num_rolling_periods  : 7
length_rolling       : 24
model_save_path      : electricity_dglo_data/models/tcn_li_no_stop.pt
writer_path          : electricity_dglo_data/runs/tcn_li_no_stop
log_interval         : 500
print                : True
cuda:0
Creating dataset.
Receptive field of the model is 385 time points.
Train dataset
Dimension of X :  torch.Size([370, 1, 25944])
Dimension of Y :  torch.Size([370, 1, 25944])
Test dataset
Dimension of X :  torch.Size([370, 1, 576])
Dimension of Y :  torch.Size([370, 1, 576])
25944
576
Number of learnable parameters : 65716
Train Epoch:  1[ 16000/ 37497(43%)]	Learning rate: 0.0005	Loss: 0.026452
Train Epoch:  1[ 32000/ 37497(85%)]	Learning rate: 0.0005	Loss: 0.017908
Test set metrics:
Loss: 4.818702
WAPE: 0.225747
MAPE: 0.654584
SMAPE: 0.431074
MAE: 482.643890
RMSE: 2053.315674
Train Epoch:  2[ 16000/ 37497(43%)]	Learning rate: 0.0005	Loss: 0.009848
Train Epoch:  2[ 32000/ 37497(85%)]	Learning rate: 0.0005	Loss: 0.009080
Test set metrics:
Loss: 4.049407
WAPE: 0.175002
MAPE: 0.604358
SMAPE: 0.337652
MAE: 374.151337
RMSE: 1723.808594
Train Epoch:  3[ 16000/ 37497(43%)]	Learning rate: 0.0005	Loss: 0.008474
Train Epoch:  3[ 32000/ 37497(85%)]	Learning rate: 0.0005	Loss: 0.008186
Test set metrics:
Loss: 3.794010
WAPE: 0.162391
MAPE: 0.670814
SMAPE: 0.348042
MAE: 347.190338
RMSE: 1406.591309
Train Epoch:  4[ 16000/ 37497(43%)]	Learning rate: 0.0005	Loss: 0.007775
Train Epoch:  4[ 32000/ 37497(85%)]	Learning rate: 0.0005	Loss: 0.007582
Test set metrics:
Loss: 3.760259
WAPE: 0.167669
MAPE: 0.555009
SMAPE: 0.399848
MAE: 358.475189
RMSE: 1568.250977
Train Epoch:  5[ 16000/ 37497(43%)]	Learning rate: 0.0005	Loss: 0.007315
Train Epoch:  5[ 32000/ 37497(85%)]	Learning rate: 0.0005	Loss: 0.007158
Test set metrics:
Loss: 3.632748
WAPE: 0.153007
MAPE: 0.498656
SMAPE: 0.365715
MAE: 327.126038
RMSE: 1318.171509
Train Epoch:  6[ 16000/ 37497(43%)]	Learning rate: 0.0005	Loss: 0.006962
Train Epoch:  6[ 32000/ 37497(85%)]	Learning rate: 0.0005	Loss: 0.006853
Test set metrics:
Loss: 3.506150
WAPE: 0.148609
MAPE: 0.534275
SMAPE: 0.346942
MAE: 317.723541
RMSE: 1386.257080
Train Epoch:  7[ 16000/ 37497(43%)]	Learning rate: 0.0005	Loss: 0.006687
Train Epoch:  7[ 32000/ 37497(85%)]	Learning rate: 0.0005	Loss: 0.006610
Test set metrics:
Loss: 3.445505
WAPE: 0.151401
MAPE: 0.584543
SMAPE: 0.336260
MAE: 323.694336
RMSE: 1370.506836
Train Epoch:  8[ 16000/ 37497(43%)]	Learning rate: 0.0005	Loss: 0.006498
Train Epoch:  8[ 32000/ 37497(85%)]	Learning rate: 0.0005	Loss: 0.006398
Test set metrics:
Loss: 3.426463
WAPE: 0.157116
MAPE: 0.631379
SMAPE: 0.348054
MAE: 335.911652
RMSE: 1838.088257
Train Epoch:  9[ 16000/ 37497(43%)]	Learning rate: 0.0005	Loss: 0.006286
Train Epoch:  9[ 32000/ 37497(85%)]	Learning rate: 0.0005	Loss: 0.006242
Test set metrics:
Loss: 3.371064
WAPE: 0.155132
MAPE: 0.653203
SMAPE: 0.359611
MAE: 331.671204
RMSE: 1693.639526
Train Epoch: 10[ 16000/ 37497(43%)]	Learning rate: 0.0005	Loss: 0.006154
Train Epoch: 10[ 32000/ 37497(85%)]	Learning rate: 0.0005	Loss: 0.006098
Test set metrics:
Loss: 3.425369
WAPE: 0.165045
MAPE: 0.538937
SMAPE: 0.388957
MAE: 352.863647
RMSE: 2010.105957
Train Epoch: 11[ 16000/ 37497(43%)]	Learning rate: 0.0005	Loss: 0.006047
Train Epoch: 11[ 32000/ 37497(85%)]	Learning rate: 0.0005	Loss: 0.005981
Test set metrics:
Loss: 3.218487
WAPE: 0.147025
MAPE: 0.502186
SMAPE: 0.330851
MAE: 314.336700
RMSE: 1458.158447
Train Epoch: 12[ 16000/ 37497(43%)]	Learning rate: 0.0005	Loss: 0.005941
Train Epoch: 12[ 32000/ 37497(85%)]	Learning rate: 0.0005	Loss: 0.005884
Test set metrics:
Loss: 3.233593
WAPE: 0.152041
MAPE: 0.444358
SMAPE: 0.353015
MAE: 325.061401
RMSE: 1570.022583
Train Epoch: 13[ 16000/ 37497(43%)]	Learning rate: 0.0005	Loss: 0.005828
Train Epoch: 13[ 32000/ 37497(85%)]	Learning rate: 0.0005	Loss: 0.005798
Test set metrics:
Loss: 3.195356
WAPE: 0.151690
MAPE: 0.461272
SMAPE: 0.371882
MAE: 324.312347
RMSE: 1420.154175
Train Epoch: 14[ 16000/ 37497(43%)]	Learning rate: 0.0005	Loss: 0.005775
Train Epoch: 14[ 32000/ 37497(85%)]	Learning rate: 0.0005	Loss: 0.005743
Test set metrics:
Loss: 3.326854
WAPE: 0.168913
MAPE: 0.507629
SMAPE: 0.384965
MAE: 361.133331
RMSE: 2240.552246
Train Epoch: 15[ 16000/ 37497(43%)]	Learning rate: 0.0005	Loss: 0.005706
Train Epoch: 15[ 32000/ 37497(85%)]	Learning rate: 0.0005	Loss: 0.005695
Test set metrics:
Loss: 3.156123
WAPE: 0.149183
MAPE: 0.545252
SMAPE: 0.371142
MAE: 318.951691
RMSE: 1657.424683
Train Epoch: 16[ 16000/ 37497(43%)]	Learning rate: 0.0005	Loss: 0.005663
Train Epoch: 16[ 32000/ 37497(85%)]	Learning rate: 0.0005	Loss: 0.005648
Test set metrics:
Loss: 3.046184
WAPE: 0.138469
MAPE: 0.462696
SMAPE: 0.318937
MAE: 296.044403
RMSE: 1245.414795
Train Epoch: 17[ 16000/ 37497(43%)]	Learning rate: 0.0005	Loss: 0.005588
Train Epoch: 17[ 32000/ 37497(85%)]	Learning rate: 0.0005	Loss: 0.005604
Test set metrics:
Loss: 3.175902
WAPE: 0.151346
MAPE: 0.526560
SMAPE: 0.344568
MAE: 323.576233
RMSE: 1526.979736
Train Epoch: 18[ 16000/ 37497(43%)]	Learning rate: 0.0005	Loss: 0.005552
Train Epoch: 18[ 32000/ 37497(85%)]	Learning rate: 0.0005	Loss: 0.005534
Test set metrics:
Loss: 3.133962
WAPE: 0.149930
MAPE: 0.496730
SMAPE: 0.391681
MAE: 320.548767
RMSE: 1416.748657
Train Epoch: 19[ 16000/ 37497(43%)]	Learning rate: 0.0005	Loss: 0.005520
Train Epoch: 19[ 32000/ 37497(85%)]	Learning rate: 0.0005	Loss: 0.005510
Test set metrics:
Loss: 3.065339
WAPE: 0.138011
MAPE: 0.545199
SMAPE: 0.318084
MAE: 295.065887
RMSE: 1371.371216
Train Epoch: 20[ 16000/ 37497(43%)]	Learning rate: 0.0005	Loss: 0.005479
Train Epoch: 20[ 32000/ 37497(85%)]	Learning rate: 0.0005	Loss: 0.005450
Test set metrics:
Loss: 3.043506
WAPE: 0.140714
MAPE: 0.636735
SMAPE: 0.313794
MAE: 300.844666
RMSE: 1403.242798
Train Epoch: 21[ 16000/ 37497(43%)]	Learning rate: 0.0005	Loss: 0.005452
Train Epoch: 21[ 32000/ 37497(85%)]	Learning rate: 0.0005	Loss: 0.005428
Test set metrics:
Loss: 3.019320
WAPE: 0.140027
MAPE: 0.460223
SMAPE: 0.361638
MAE: 299.376038
RMSE: 1364.586060
Train Epoch: 22[ 16000/ 37497(43%)]	Learning rate: 0.0005	Loss: 0.005401
Train Epoch: 22[ 32000/ 37497(85%)]	Learning rate: 0.0005	Loss: 0.005387
Test set metrics:
Loss: 3.027513
WAPE: 0.135838
MAPE: 0.439700
SMAPE: 0.320688
MAE: 290.419830
RMSE: 1291.874023
Train Epoch: 23[ 16000/ 37497(43%)]	Learning rate: 0.0005	Loss: 0.005389
Train Epoch: 23[ 32000/ 37497(85%)]	Learning rate: 0.0005	Loss: 0.005395
Test set metrics:
Loss: 3.011050
WAPE: 0.139868
MAPE: 0.514753
SMAPE: 0.306452
MAE: 299.036713
RMSE: 1456.588623
Train Epoch: 24[ 16000/ 37497(43%)]	Learning rate: 0.0005	Loss: 0.005377
Train Epoch: 24[ 32000/ 37497(85%)]	Learning rate: 0.0005	Loss: 0.005357
Test set metrics:
Loss: 3.074309
WAPE: 0.148163
MAPE: 0.475333
SMAPE: 0.338558
MAE: 316.771667
RMSE: 1377.930298
Train Epoch: 25[ 16000/ 37497(43%)]	Learning rate: 0.0005	Loss: 0.005342
Train Epoch: 25[ 32000/ 37497(85%)]	Learning rate: 0.0005	Loss: 0.005332
Test set metrics:
Loss: 3.059895
WAPE: 0.147330
MAPE: 0.460666
SMAPE: 0.361639
MAE: 314.989288
RMSE: 1319.242188
Train Epoch: 26[ 16000/ 37497(43%)]	Learning rate: 0.0005	Loss: 0.005327
Train Epoch: 26[ 32000/ 37497(85%)]	Learning rate: 0.0005	Loss: 0.005302
Test set metrics:
Loss: 3.006137
WAPE: 0.139636
MAPE: 0.473797
SMAPE: 0.309280
MAE: 298.539093
RMSE: 1332.580811
Train Epoch: 27[ 16000/ 37497(43%)]	Learning rate: 0.0005	Loss: 0.005319
Train Epoch: 27[ 32000/ 37497(85%)]	Learning rate: 0.0005	Loss: 0.005274
Test set metrics:
Loss: 3.012868
WAPE: 0.141668
MAPE: 0.606216
SMAPE: 0.338685
MAE: 302.884857
RMSE: 1317.349243
Train Epoch: 28[ 16000/ 37497(43%)]	Learning rate: 0.0005	Loss: 0.005284
Train Epoch: 28[ 32000/ 37497(85%)]	Learning rate: 0.0005	Loss: 0.005268
Test set metrics:
Loss: 3.058787
WAPE: 0.145286
MAPE: 0.474900
SMAPE: 0.351404
MAE: 310.620697
RMSE: 1473.833496
Train Epoch: 29[ 16000/ 37497(43%)]	Learning rate: 0.0005	Loss: 0.005225
Train Epoch: 29[ 32000/ 37497(85%)]	Learning rate: 0.0005	Loss: 0.005240
Test set metrics:
Loss: 3.017968
WAPE: 0.142328
MAPE: 0.533715
SMAPE: 0.350514
MAE: 304.295868
RMSE: 1347.207520
Train Epoch: 30[ 16000/ 37497(43%)]	Learning rate: 0.0005	Loss: 0.005249
Train Epoch: 30[ 32000/ 37497(85%)]	Learning rate: 0.0005	Loss: 0.005213
Test set metrics:
Loss: 2.979589
WAPE: 0.135593
MAPE: 0.546751
SMAPE: 0.317715
MAE: 289.896790
RMSE: 1292.766724
Train Epoch: 31[ 16000/ 37497(43%)]	Learning rate: 0.0005	Loss: 0.005218
Train Epoch: 31[ 32000/ 37497(85%)]	Learning rate: 0.0005	Loss: 0.005198
Test set metrics:
Loss: 3.009804
WAPE: 0.142196
MAPE: 0.552386
SMAPE: 0.316193
MAE: 304.012421
RMSE: 1336.962036
Train Epoch: 32[ 16000/ 37497(43%)]	Learning rate: 0.0005	Loss: 0.005193
Train Epoch: 32[ 32000/ 37497(85%)]	Learning rate: 0.0005	Loss: 0.005173
Test set metrics:
Loss: 2.958792
WAPE: 0.140420
MAPE: 0.523275
SMAPE: 0.342501
MAE: 300.217224
RMSE: 1295.717529
Train Epoch: 33[ 16000/ 37497(43%)]	Learning rate: 0.0005	Loss: 0.005155
Train Epoch: 33[ 32000/ 37497(85%)]	Learning rate: 0.0005	Loss: 0.005151
Test set metrics:
Loss: 2.957893
WAPE: 0.136538
MAPE: 0.440417
SMAPE: 0.319269
MAE: 291.916931
RMSE: 1300.229492
Train Epoch: 34[ 16000/ 37497(43%)]	Learning rate: 0.0005	Loss: 0.005136
Train Epoch: 34[ 32000/ 37497(85%)]	Learning rate: 0.0005	Loss: 0.005154
Test set metrics:
Loss: 2.950463
WAPE: 0.134365
MAPE: 0.474048
SMAPE: 0.324436
MAE: 287.270111
RMSE: 1228.615234
Train Epoch: 35[ 16000/ 37497(43%)]	Learning rate: 0.0005	Loss: 0.005150
Train Epoch: 35[ 32000/ 37497(85%)]	Learning rate: 0.0005	Loss: 0.005136
Test set metrics:
Loss: 2.948401
WAPE: 0.137726
MAPE: 0.476031
SMAPE: 0.324815
MAE: 294.456177
RMSE: 1346.074951
Train Epoch: 36[ 16000/ 37497(43%)]	Learning rate: 0.0005	Loss: 0.005126
Train Epoch: 36[ 32000/ 37497(85%)]	Learning rate: 0.0005	Loss: 0.005110
Test set metrics:
Loss: 2.939236
WAPE: 0.138539
MAPE: 0.514678
SMAPE: 0.322745
MAE: 296.194153
RMSE: 1494.449585
Train Epoch: 37[ 16000/ 37497(43%)]	Learning rate: 0.0005	Loss: 0.005099
Train Epoch: 37[ 32000/ 37497(85%)]	Learning rate: 0.0005	Loss: 0.005090
Test set metrics:
Loss: 2.948849
WAPE: 0.136558
MAPE: 0.437663
SMAPE: 0.308512
MAE: 291.959473
RMSE: 1296.688599
Train Epoch: 38[ 16000/ 37497(43%)]	Learning rate: 0.0005	Loss: 0.005089
Train Epoch: 38[ 32000/ 37497(85%)]	Learning rate: 0.0005	Loss: 0.005076
Test set metrics:
Loss: 2.989156
WAPE: 0.144259
MAPE: 0.534172
SMAPE: 0.316571
MAE: 308.423645
RMSE: 1416.881348
Train Epoch: 39[ 16000/ 37497(43%)]	Learning rate: 0.0005	Loss: 0.005072
Train Epoch: 39[ 32000/ 37497(85%)]	Learning rate: 0.0005	Loss: 0.005073
Test set metrics:
Loss: 2.920174
WAPE: 0.136568
MAPE: 0.475725
SMAPE: 0.328521
MAE: 291.980072
RMSE: 1273.302734
Train Epoch: 40[ 16000/ 37497(43%)]	Learning rate: 0.0005	Loss: 0.005036
Train Epoch: 40[ 32000/ 37497(85%)]	Learning rate: 0.0005	Loss: 0.005048
Test set metrics:
Loss: 2.916164
WAPE: 0.134822
MAPE: 0.443133
SMAPE: 0.301883
MAE: 288.248840
RMSE: 1262.226196
Train Epoch: 41[ 16000/ 37497(43%)]	Learning rate: 0.0005	Loss: 0.005044
Train Epoch: 41[ 32000/ 37497(85%)]	Learning rate: 0.0005	Loss: 0.005035
Test set metrics:
Loss: 2.934162
WAPE: 0.140614
MAPE: 0.450100
SMAPE: 0.325613
MAE: 300.631622
RMSE: 1321.829590
Train Epoch: 42[ 16000/ 37497(43%)]	Learning rate: 0.0005	Loss: 0.005026
Train Epoch: 42[ 32000/ 37497(85%)]	Learning rate: 0.0005	Loss: 0.005020
Test set metrics:
Loss: 2.894151
WAPE: 0.131346
MAPE: 0.495291
SMAPE: 0.303543
MAE: 280.816498
RMSE: 1229.072388
Train Epoch: 43[ 16000/ 37497(43%)]	Learning rate: 0.0005	Loss: 0.005014
Train Epoch: 43[ 32000/ 37497(85%)]	Learning rate: 0.0005	Loss: 0.005011
Test set metrics:
Loss: 2.927961
WAPE: 0.141219
MAPE: 0.456751
SMAPE: 0.331173
MAE: 301.925079
RMSE: 1278.024048
Train Epoch: 44[ 16000/ 37497(43%)]	Learning rate: 0.0005	Loss: 0.004992
Train Epoch: 44[ 32000/ 37497(85%)]	Learning rate: 0.0005	Loss: 0.005004
Test set metrics:
Loss: 2.910789
WAPE: 0.136706
MAPE: 0.436151
SMAPE: 0.332709
MAE: 292.275299
RMSE: 1272.314087
Train Epoch: 45[ 16000/ 37497(43%)]	Learning rate: 0.0005	Loss: 0.004986
Train Epoch: 45[ 32000/ 37497(85%)]	Learning rate: 0.0005	Loss: 0.005004
Test set metrics:
Loss: 2.909316
WAPE: 0.138648
MAPE: 0.465651
SMAPE: 0.338432
MAE: 296.428314
RMSE: 1313.808594
Train Epoch: 46[ 16000/ 37497(43%)]	Learning rate: 0.0005	Loss: 0.004980
Train Epoch: 46[ 32000/ 37497(85%)]	Learning rate: 0.0005	Loss: 0.004976
Test set metrics:
Loss: 2.951767
WAPE: 0.146465
MAPE: 0.464511
SMAPE: 0.326126
MAE: 313.141174
RMSE: 1361.707275
Train Epoch: 47[ 16000/ 37497(43%)]	Learning rate: 0.0005	Loss: 0.004966
Train Epoch: 47[ 32000/ 37497(85%)]	Learning rate: 0.0005	Loss: 0.004970
Test set metrics:
Loss: 2.889160
WAPE: 0.133447
MAPE: 0.568642
SMAPE: 0.303612
MAE: 285.307343
RMSE: 1248.935913
Train Epoch: 48[ 16000/ 37497(43%)]	Learning rate: 0.0005	Loss: 0.004960
Train Epoch: 48[ 32000/ 37497(85%)]	Learning rate: 0.0005	Loss: 0.004953
Test set metrics:
Loss: 2.865476
WAPE: 0.136110
MAPE: 0.481612
SMAPE: 0.298229
MAE: 291.001282
RMSE: 1279.241821
Train Epoch: 49[ 16000/ 37497(43%)]	Learning rate: 0.0005	Loss: 0.004945
Train Epoch: 49[ 32000/ 37497(85%)]	Learning rate: 0.0005	Loss: 0.004932
Test set metrics:
Loss: 2.952836
WAPE: 0.142798
MAPE: 0.549530
SMAPE: 0.321366
MAE: 305.300293
RMSE: 1369.759766
Train Epoch: 50[ 16000/ 37497(43%)]	Learning rate: 0.0005	Loss: 0.004960
Train Epoch: 50[ 32000/ 37497(85%)]	Learning rate: 0.0005	Loss: 0.004913
Test set metrics:
Loss: 2.942159
WAPE: 0.137063
MAPE: 0.463085
SMAPE: 0.301170
MAE: 293.038879
RMSE: 1305.954102
Train Epoch: 51[ 16000/ 37497(43%)]	Learning rate: 0.0005	Loss: 0.004928
Train Epoch: 51[ 32000/ 37497(85%)]	Learning rate: 0.0005	Loss: 0.004924
Test set metrics:
Loss: 2.959343
WAPE: 0.144885
MAPE: 0.558860
SMAPE: 0.335029
MAE: 309.762024
RMSE: 1273.234985
Train Epoch: 52[ 16000/ 37497(43%)]	Learning rate: 0.0005	Loss: 0.004915
Train Epoch: 52[ 32000/ 37497(85%)]	Learning rate: 0.0005	Loss: 0.004907
Test set metrics:
Loss: 2.863906
WAPE: 0.134158
MAPE: 0.457469
SMAPE: 0.352146
MAE: 286.829041
RMSE: 1195.440918
Train Epoch: 53[ 16000/ 37497(43%)]	Learning rate: 0.0005	Loss: 0.004897
Train Epoch: 53[ 32000/ 37497(85%)]	Learning rate: 0.0005	Loss: 0.004901
Test set metrics:
Loss: 2.913776
WAPE: 0.137889
MAPE: 0.434124
SMAPE: 0.321242
MAE: 294.805450
RMSE: 1323.222168
Train Epoch: 54[ 16000/ 37497(43%)]	Learning rate: 0.0005	Loss: 0.004898
Train Epoch: 54[ 32000/ 37497(85%)]	Learning rate: 0.0005	Loss: 0.004887
Test set metrics:
Loss: 2.873754
WAPE: 0.138281
MAPE: 0.476971
SMAPE: 0.356977
MAE: 295.643036
RMSE: 1255.280640
Train Epoch: 55[ 16000/ 37497(43%)]	Learning rate: 0.0005	Loss: 0.004893
Train Epoch: 55[ 32000/ 37497(85%)]	Learning rate: 0.0005	Loss: 0.004888
Test set metrics:
Loss: 2.847210
WAPE: 0.130135
MAPE: 0.474573
SMAPE: 0.312349
MAE: 278.227753
RMSE: 1241.521484
Train Epoch: 56[ 16000/ 37497(43%)]	Learning rate: 0.0005	Loss: 0.004865
Train Epoch: 56[ 32000/ 37497(85%)]	Learning rate: 0.0005	Loss: 0.004884
Test set metrics:
Loss: 2.905408
WAPE: 0.139341
MAPE: 0.513211
SMAPE: 0.326935
MAE: 297.909576
RMSE: 1300.883423
Train Epoch: 57[ 16000/ 37497(43%)]	Learning rate: 0.0005	Loss: 0.004878
Train Epoch: 57[ 32000/ 37497(85%)]	Learning rate: 0.0005	Loss: 0.004865
Test set metrics:
Loss: 2.876607
WAPE: 0.135743
MAPE: 0.443728
SMAPE: 0.314940
MAE: 290.217926
RMSE: 1316.206055
Train Epoch: 58[ 16000/ 37497(43%)]	Learning rate: 0.0005	Loss: 0.004865
Train Epoch: 58[ 32000/ 37497(85%)]	Learning rate: 0.0005	Loss: 0.004845
Test set metrics:
Loss: 2.862204
WAPE: 0.131606
MAPE: 0.465229
SMAPE: 0.309239
MAE: 281.373016
RMSE: 1247.159790
Train Epoch: 59[ 16000/ 37497(43%)]	Learning rate: 0.0005	Loss: 0.004854
Train Epoch: 59[ 32000/ 37497(85%)]	Learning rate: 0.0005	Loss: 0.004858
Test set metrics:
Loss: 2.911962
WAPE: 0.146412
MAPE: 0.510434
SMAPE: 0.375683
MAE: 313.028107
RMSE: 1296.264160
Train Epoch: 60[ 16000/ 37497(43%)]	Learning rate: 0.0005	Loss: 0.004844
Train Epoch: 60[ 32000/ 37497(85%)]	Learning rate: 0.0005	Loss: 0.004845
Test set metrics:
Loss: 2.856961
WAPE: 0.134181
MAPE: 0.439997
SMAPE: 0.311701
MAE: 286.876709
RMSE: 1248.174316
Train Epoch: 61[ 16000/ 37497(43%)]	Learning rate: 0.0005	Loss: 0.004838
Train Epoch: 61[ 32000/ 37497(85%)]	Learning rate: 0.0005	Loss: 0.004843
Test set metrics:
Loss: 2.910897
WAPE: 0.137347
MAPE: 0.441785
SMAPE: 0.322347
MAE: 293.645996
RMSE: 1259.955933
Train Epoch: 62[ 16000/ 37497(43%)]	Learning rate: 0.0005	Loss: 0.004859
Train Epoch: 62[ 32000/ 37497(85%)]	Learning rate: 0.0005	Loss: 0.004823
Test set metrics:
Loss: 2.852046
WAPE: 0.132141
MAPE: 0.463294
SMAPE: 0.323401
MAE: 282.516266
RMSE: 1260.524292
Train Epoch: 63[ 16000/ 37497(43%)]	Learning rate: 0.0005	Loss: 0.004828
Train Epoch: 63[ 32000/ 37497(85%)]	Learning rate: 0.0005	Loss: 0.004826
Test set metrics:
Loss: 2.900470
WAPE: 0.138678
MAPE: 0.527021
SMAPE: 0.326276
MAE: 296.491516
RMSE: 1357.299194
Train Epoch: 64[ 16000/ 37497(43%)]	Learning rate: 0.0005	Loss: 0.004810
Train Epoch: 64[ 32000/ 37497(85%)]	Learning rate: 0.0005	Loss: 0.004845
Test set metrics:
Loss: 2.862847
WAPE: 0.131926
MAPE: 0.486246
SMAPE: 0.314269
MAE: 282.055267
RMSE: 1207.507935
Train Epoch: 65[ 16000/ 37497(43%)]	Learning rate: 0.0005	Loss: 0.004833
Train Epoch: 65[ 32000/ 37497(85%)]	Learning rate: 0.0005	Loss: 0.004814
Test set metrics:
Loss: 2.839984
WAPE: 0.133614
MAPE: 0.449227
SMAPE: 0.349903
MAE: 285.665955
RMSE: 1196.930420
Train Epoch: 66[ 16000/ 37497(43%)]	Learning rate: 0.0005	Loss: 0.004799
Train Epoch: 66[ 32000/ 37497(85%)]	Learning rate: 0.0005	Loss: 0.004801
Test set metrics:
Loss: 2.861796
WAPE: 0.132719
MAPE: 0.451582
SMAPE: 0.319852
MAE: 283.751953
RMSE: 1215.070679
Train Epoch: 67[ 16000/ 37497(43%)]	Learning rate: 0.0005	Loss: 0.004817
Train Epoch: 67[ 32000/ 37497(85%)]	Learning rate: 0.0005	Loss: 0.004794
Test set metrics:
Loss: 2.882557
WAPE: 0.135556
MAPE: 0.443467
SMAPE: 0.311166
MAE: 289.817078
RMSE: 1219.853638
Train Epoch: 68[ 16000/ 37497(43%)]	Learning rate: 0.0005	Loss: 0.004806
Train Epoch: 68[ 32000/ 37497(85%)]	Learning rate: 0.0005	Loss: 0.004793
Test set metrics:
Loss: 2.855693
WAPE: 0.130533
MAPE: 0.479082
SMAPE: 0.325152
MAE: 279.077484
RMSE: 1184.386353
Train Epoch: 69[ 16000/ 37497(43%)]	Learning rate: 0.0005	Loss: 0.004804
Train Epoch: 69[ 32000/ 37497(85%)]	Learning rate: 0.0005	Loss: 0.004793
Test set metrics:
Loss: 2.867761
WAPE: 0.135301
MAPE: 0.481190
SMAPE: 0.311770
MAE: 289.271881
RMSE: 1282.515137
Train Epoch: 70[ 16000/ 37497(43%)]	Learning rate: 0.0005	Loss: 0.004776
Train Epoch: 70[ 32000/ 37497(85%)]	Learning rate: 0.0005	Loss: 0.004794
Test set metrics:
Loss: 2.875430
WAPE: 0.138284
MAPE: 0.536560
SMAPE: 0.326860
MAE: 295.650208
RMSE: 1283.321777
Train Epoch: 71[ 16000/ 37497(43%)]	Learning rate: 0.0005	Loss: 0.004790
Train Epoch: 71[ 32000/ 37497(85%)]	Learning rate: 0.0005	Loss: 0.004796
Test set metrics:
Loss: 2.898388
WAPE: 0.141288
MAPE: 0.468768
SMAPE: 0.319178
MAE: 302.072998
RMSE: 1349.193481
Train Epoch: 72[ 16000/ 37497(43%)]	Learning rate: 0.0005	Loss: 0.004792
Train Epoch: 72[ 32000/ 37497(85%)]	Learning rate: 0.0005	Loss: 0.004770
Test set metrics:
Loss: 2.846182
WAPE: 0.133161
MAPE: 0.512155
SMAPE: 0.312608
MAE: 284.695953
RMSE: 1261.507446
Train Epoch: 73[ 16000/ 37497(43%)]	Learning rate: 0.0005	Loss: 0.004756
Train Epoch: 73[ 32000/ 37497(85%)]	Learning rate: 0.0005	Loss: 0.004794
Test set metrics:
Loss: 2.835664
WAPE: 0.130750
MAPE: 0.426213
SMAPE: 0.316673
MAE: 279.542450
RMSE: 1198.123413
Train Epoch: 74[ 16000/ 37497(43%)]	Learning rate: 0.0005	Loss: 0.004767
Train Epoch: 74[ 32000/ 37497(85%)]	Learning rate: 0.0005	Loss: 0.004764
Test set metrics:
Loss: 2.891321
WAPE: 0.142554
MAPE: 0.453491
SMAPE: 0.311601
MAE: 304.779846
RMSE: 1371.103882
Train Epoch: 75[ 16000/ 37497(43%)]	Learning rate: 0.0005	Loss: 0.004765
Train Epoch: 75[ 32000/ 37497(85%)]	Learning rate: 0.0005	Loss: 0.004759
Test set metrics:
Loss: 2.834912
WAPE: 0.128963
MAPE: 0.456084
SMAPE: 0.305574
MAE: 275.722290
RMSE: 1253.760254
Train Epoch: 76[ 16000/ 37497(43%)]	Learning rate: 0.0005	Loss: 0.004782
Train Epoch: 76[ 32000/ 37497(85%)]	Learning rate: 0.0005	Loss: 0.004755
Test set metrics:
Loss: 2.844349
WAPE: 0.127227
MAPE: 0.422979
SMAPE: 0.309090
MAE: 272.009979
RMSE: 1179.368164
Train Epoch: 77[ 16000/ 37497(43%)]	Learning rate: 0.0005	Loss: 0.004728
Train Epoch: 77[ 32000/ 37497(85%)]	Learning rate: 0.0005	Loss: 0.004759
Test set metrics:
Loss: 2.838044
WAPE: 0.132702
MAPE: 0.443429
SMAPE: 0.324014
MAE: 283.716370
RMSE: 1245.556519
Train Epoch: 78[ 16000/ 37497(43%)]	Learning rate: 0.0005	Loss: 0.004745
Train Epoch: 78[ 32000/ 37497(85%)]	Learning rate: 0.0005	Loss: 0.004739
Test set metrics:
Loss: 2.811045
WAPE: 0.130391
MAPE: 0.444428
SMAPE: 0.306523
MAE: 278.775116
RMSE: 1249.553589
Train Epoch: 79[ 16000/ 37497(43%)]	Learning rate: 0.0005	Loss: 0.004742
Train Epoch: 79[ 32000/ 37497(85%)]	Learning rate: 0.0005	Loss: 0.004746
Test set metrics:
Loss: 2.851245
WAPE: 0.131582
MAPE: 0.570445
SMAPE: 0.308368
MAE: 281.320404
RMSE: 1249.351318
Train Epoch: 80[ 16000/ 37497(43%)]	Learning rate: 0.0005	Loss: 0.004747
Train Epoch: 80[ 32000/ 37497(85%)]	Learning rate: 0.0005	Loss: 0.004738
Test set metrics:
Loss: 2.914899
WAPE: 0.140987
MAPE: 0.492396
SMAPE: 0.324062
MAE: 301.429535
RMSE: 1307.897583
Train Epoch: 81[ 16000/ 37497(43%)]	Learning rate: 0.0005	Loss: 0.004733
Train Epoch: 81[ 32000/ 37497(85%)]	Learning rate: 0.0005	Loss: 0.004733
Test set metrics:
Loss: 2.813486
WAPE: 0.128060
MAPE: 0.480662
SMAPE: 0.315716
MAE: 273.790619
RMSE: 1177.307495
Train Epoch: 82[ 16000/ 37497(43%)]	Learning rate: 0.0005	Loss: 0.004727
Train Epoch: 82[ 32000/ 37497(85%)]	Learning rate: 0.0005	Loss: 0.004738
Test set metrics:
Loss: 2.844989
WAPE: 0.134662
MAPE: 0.437411
SMAPE: 0.324506
MAE: 287.906158
RMSE: 1250.222534
Train Epoch: 83[ 16000/ 37497(43%)]	Learning rate: 0.0005	Loss: 0.004725
Train Epoch: 83[ 32000/ 37497(85%)]	Learning rate: 0.0005	Loss: 0.004733
Test set metrics:
Loss: 2.909955
WAPE: 0.140087
MAPE: 0.505351
SMAPE: 0.343730
MAE: 299.504669
RMSE: 1329.207031
Train Epoch: 84[ 16000/ 37497(43%)]	Learning rate: 0.0005	Loss: 0.004708
Train Epoch: 84[ 32000/ 37497(85%)]	Learning rate: 0.0005	Loss: 0.004721
Test set metrics:
Loss: 2.893719
WAPE: 0.137353
MAPE: 0.429877
SMAPE: 0.311450
MAE: 293.658752
RMSE: 1246.088257
Train Epoch: 85[ 16000/ 37497(43%)]	Learning rate: 0.0005	Loss: 0.004731
Train Epoch: 85[ 32000/ 37497(85%)]	Learning rate: 0.0005	Loss: 0.004723
Test set metrics:
Loss: 2.878469
WAPE: 0.133389
MAPE: 0.422418
SMAPE: 0.314669
MAE: 285.183228
RMSE: 1240.106323
Train Epoch: 86[ 16000/ 37497(43%)]	Learning rate: 0.0005	Loss: 0.004721
Train Epoch: 86[ 32000/ 37497(85%)]	Learning rate: 0.0005	Loss: 0.004709
Test set metrics:
Loss: 2.892540
WAPE: 0.137303
MAPE: 0.434516
SMAPE: 0.322443
MAE: 293.552002
RMSE: 1313.024170
Train Epoch: 87[ 16000/ 37497(43%)]	Learning rate: 0.0005	Loss: 0.004725
Train Epoch: 87[ 32000/ 37497(85%)]	Learning rate: 0.0005	Loss: 0.004708
Test set metrics:
Loss: 2.878136
WAPE: 0.130943
MAPE: 0.474987
SMAPE: 0.301966
MAE: 279.954895
RMSE: 1215.427124
Train Epoch: 88[ 16000/ 37497(43%)]	Learning rate: 0.0005	Loss: 0.004716
Train Epoch: 88[ 32000/ 37497(85%)]	Learning rate: 0.0005	Loss: 0.004690
Test set metrics:
Loss: 2.859345
WAPE: 0.130060
MAPE: 0.477236
SMAPE: 0.332352
MAE: 278.066406
RMSE: 1226.535889
Train Epoch: 89[ 16000/ 37497(43%)]	Learning rate: 0.0005	Loss: 0.004698
Train Epoch: 89[ 32000/ 37497(85%)]	Learning rate: 0.0005	Loss: 0.004706
Test set metrics:
Loss: 2.874882
WAPE: 0.130998
MAPE: 0.514721
SMAPE: 0.333660
MAE: 280.071228
RMSE: 1221.654297
Train Epoch: 90[ 16000/ 37497(43%)]	Learning rate: 0.0005	Loss: 0.004679
Train Epoch: 90[ 32000/ 37497(85%)]	Learning rate: 0.0005	Loss: 0.004704
Test set metrics:
Loss: 2.816873
WAPE: 0.127838
MAPE: 0.420101
SMAPE: 0.315767
MAE: 273.315247
RMSE: 1193.526978
Train Epoch: 91[ 16000/ 37497(43%)]	Learning rate: 0.0005	Loss: 0.004698
Train Epoch: 91[ 32000/ 37497(85%)]	Learning rate: 0.0005	Loss: 0.004707
Test set metrics:
Loss: 2.890783
WAPE: 0.135840
MAPE: 0.502289
SMAPE: 0.312618
MAE: 290.424591
RMSE: 1259.439331
Train Epoch: 92[ 16000/ 37497(43%)]	Learning rate: 0.0005	Loss: 0.004692
Train Epoch: 92[ 32000/ 37497(85%)]	Learning rate: 0.0005	Loss: 0.004684
Test set metrics:
Loss: 2.886319
WAPE: 0.135949
MAPE: 0.475215
SMAPE: 0.332522
MAE: 290.657928
RMSE: 1270.710938
Train Epoch: 93[ 16000/ 37497(43%)]	Learning rate: 0.0005	Loss: 0.004692
Train Epoch: 93[ 32000/ 37497(85%)]	Learning rate: 0.0005	Loss: 0.004694
Test set metrics:
Loss: 2.883459
WAPE: 0.132257
MAPE: 0.489567
SMAPE: 0.324923
MAE: 282.764587
RMSE: 1227.665527
Train Epoch: 94[ 16000/ 37497(43%)]	Learning rate: 0.0005	Loss: 0.004675
Train Epoch: 94[ 32000/ 37497(85%)]	Learning rate: 0.0005	Loss: 0.004692
Test set metrics:
Loss: 2.859424
WAPE: 0.134339
MAPE: 0.415088
SMAPE: 0.316533
MAE: 287.215454
RMSE: 1260.477051
Train Epoch: 95[ 16000/ 37497(43%)]	Learning rate: 0.0005	Loss: 0.004682
Train Epoch: 95[ 32000/ 37497(85%)]	Learning rate: 0.0005	Loss: 0.004673
Test set metrics:
Loss: 2.799441
WAPE: 0.125660
MAPE: 0.465544
SMAPE: 0.294374
MAE: 268.659302
RMSE: 1187.748779
Train Epoch: 96[ 16000/ 37497(43%)]	Learning rate: 0.0005	Loss: 0.004676
Train Epoch: 96[ 32000/ 37497(85%)]	Learning rate: 0.0005	Loss: 0.004695
Test set metrics:
Loss: 2.861690
WAPE: 0.134373
MAPE: 0.414531
SMAPE: 0.314590
MAE: 287.287445
RMSE: 1239.758179
Train Epoch: 97[ 16000/ 37497(43%)]	Learning rate: 0.0005	Loss: 0.004677
Train Epoch: 97[ 32000/ 37497(85%)]	Learning rate: 0.0005	Loss: 0.004670
Test set metrics:
Loss: 2.837575
WAPE: 0.129478
MAPE: 0.418007
SMAPE: 0.312515
MAE: 276.823486
RMSE: 1187.073242
Train Epoch: 98[ 16000/ 37497(43%)]	Learning rate: 0.0005	Loss: 0.004670
Train Epoch: 98[ 32000/ 37497(85%)]	Learning rate: 0.0005	Loss: 0.004670
Test set metrics:
Loss: 2.868209
WAPE: 0.133388
MAPE: 0.438570
SMAPE: 0.303593
MAE: 285.182983
RMSE: 1277.797729
Train Epoch: 99[ 16000/ 37497(43%)]	Learning rate: 0.0005	Loss: 0.004676
Train Epoch: 99[ 32000/ 37497(85%)]	Learning rate: 0.0005	Loss: 0.004671
Test set metrics:
Loss: 2.869748
WAPE: 0.137499
MAPE: 0.439113
SMAPE: 0.313977
MAE: 293.972260
RMSE: 1279.980957
Train Epoch: 100[ 16000/ 37497(43%)]	Learning rate: 0.0005	Loss: 0.004649
Train Epoch: 100[ 32000/ 37497(85%)]	Learning rate: 0.0005	Loss: 0.004664
Test set metrics:
Loss: 2.864210
WAPE: 0.135283
MAPE: 0.440393
SMAPE: 0.339906
MAE: 289.233795
RMSE: 1240.696777
Train Epoch: 101[ 16000/ 37497(43%)]	Learning rate: 0.0005	Loss: 0.004657
Train Epoch: 101[ 32000/ 37497(85%)]	Learning rate: 0.0005	Loss: 0.004663
Test set metrics:
Loss: 2.906871
WAPE: 0.144074
MAPE: 0.445272
SMAPE: 0.360862
MAE: 308.028809
RMSE: 1262.079590
Train Epoch: 102[ 16000/ 37497(43%)]	Learning rate: 0.0005	Loss: 0.004658
Train Epoch: 102[ 32000/ 37497(85%)]	Learning rate: 0.0005	Loss: 0.004665
Test set metrics:
Loss: 2.893795
WAPE: 0.137167
MAPE: 0.535551
SMAPE: 0.305703
MAE: 293.261383
RMSE: 1323.724365
Train Epoch: 103[ 16000/ 37497(43%)]	Learning rate: 0.0005	Loss: 0.004652
Train Epoch: 103[ 32000/ 37497(85%)]	Learning rate: 0.0005	Loss: 0.004646
Test set metrics:
Loss: 2.824803
WAPE: 0.125642
MAPE: 0.437219
SMAPE: 0.306418
MAE: 268.621368
RMSE: 1190.854736
Train Epoch: 104[ 16000/ 37497(43%)]	Learning rate: 0.0005	Loss: 0.004646
Train Epoch: 104[ 32000/ 37497(85%)]	Learning rate: 0.0005	Loss: 0.004647
Test set metrics:
Loss: 2.875584
WAPE: 0.131206
MAPE: 0.468972
SMAPE: 0.305190
MAE: 280.516907
RMSE: 1258.074463
Train Epoch: 105[ 16000/ 37497(43%)]	Learning rate: 0.0005	Loss: 0.004650
Train Epoch: 105[ 32000/ 37497(85%)]	Learning rate: 0.0005	Loss: 0.004630
Test set metrics:
Loss: 2.854342
WAPE: 0.135199
MAPE: 0.429095
SMAPE: 0.319115
MAE: 289.054138
RMSE: 1277.198608
Train Epoch: 106[ 16000/ 37497(43%)]	Learning rate: 0.0005	Loss: 0.004644
Train Epoch: 106[ 32000/ 37497(85%)]	Learning rate: 0.0005	Loss: 0.004648
Test set metrics:
Loss: 2.910822
WAPE: 0.138710
MAPE: 0.437032
SMAPE: 0.319713
MAE: 296.560364
RMSE: 1307.847534
Train Epoch: 107[ 16000/ 37497(43%)]	Learning rate: 0.0005	Loss: 0.004648
Train Epoch: 107[ 32000/ 37497(85%)]	Learning rate: 0.0005	Loss: 0.004642
Test set metrics:
Loss: 2.887057
WAPE: 0.142922
MAPE: 0.429076
SMAPE: 0.329364
MAE: 305.566284
RMSE: 1327.767578
Train Epoch: 108[ 16000/ 37497(43%)]	Learning rate: 0.0005	Loss: 0.004639
Train Epoch: 108[ 32000/ 37497(85%)]	Learning rate: 0.0005	Loss: 0.004640
Test set metrics:
Loss: 2.922951
WAPE: 0.138876
MAPE: 0.465812
SMAPE: 0.326259
MAE: 296.915924
RMSE: 1284.522949
Train Epoch: 109[ 16000/ 37497(43%)]	Learning rate: 0.0005	Loss: 0.004624
Train Epoch: 109[ 32000/ 37497(85%)]	Learning rate: 0.0005	Loss: 0.004624
Test set metrics:
Loss: 2.870233
WAPE: 0.133878
MAPE: 0.415565
SMAPE: 0.315269
MAE: 286.230591
RMSE: 1288.352783
Train Epoch: 110[ 16000/ 37497(43%)]	Learning rate: 0.0005	Loss: 0.004641
Train Epoch: 110[ 32000/ 37497(85%)]	Learning rate: 0.0005	Loss: 0.004626
Test set metrics:
Loss: 2.850509
WAPE: 0.127902
MAPE: 0.409370
SMAPE: 0.303385
MAE: 273.452515
RMSE: 1177.761230
Train Epoch: 111[ 16000/ 37497(43%)]	Learning rate: 0.0005	Loss: 0.004623
Train Epoch: 111[ 32000/ 37497(85%)]	Learning rate: 0.0005	Loss: 0.004651
Test set metrics:
Loss: 2.851382
WAPE: 0.134609
MAPE: 0.446097
SMAPE: 0.315705
MAE: 287.791748
RMSE: 1266.816162
Train Epoch: 112[ 16000/ 37497(43%)]	Learning rate: 0.0005	Loss: 0.004631
Train Epoch: 112[ 32000/ 37497(85%)]	Learning rate: 0.0005	Loss: 0.004642
Test set metrics:
Loss: 2.895602
WAPE: 0.139370
MAPE: 0.421069
SMAPE: 0.332600
MAE: 297.971741
RMSE: 1292.998657
Train Epoch: 113[ 16000/ 37497(43%)]	Learning rate: 0.0005	Loss: 0.004628
Train Epoch: 113[ 32000/ 37497(85%)]	Learning rate: 0.0005	Loss: 0.004625
Test set metrics:
Loss: 2.918780
WAPE: 0.134900
MAPE: 0.425130
SMAPE: 0.316857
MAE: 288.414917
RMSE: 1237.548096
Train Epoch: 114[ 16000/ 37497(43%)]	Learning rate: 0.0005	Loss: 0.004623
Train Epoch: 114[ 32000/ 37497(85%)]	Learning rate: 0.0005	Loss: 0.004631
Test set metrics:
Loss: 2.855861
WAPE: 0.133148
MAPE: 0.421896
SMAPE: 0.303859
MAE: 284.669678
RMSE: 1276.189575
Train Epoch: 115[ 16000/ 37497(43%)]	Learning rate: 0.0005	Loss: 0.004613
Train Epoch: 115[ 32000/ 37497(85%)]	Learning rate: 0.0005	Loss: 0.004626
Test set metrics:
Loss: 2.919716
WAPE: 0.141081
MAPE: 0.408445
SMAPE: 0.314764
MAE: 301.629730
RMSE: 1340.267456
Train Epoch: 116[ 16000/ 37497(43%)]	Learning rate: 0.0005	Loss: 0.004642
Train Epoch: 116[ 32000/ 37497(85%)]	Learning rate: 0.0005	Loss: 0.004617
Test set metrics:
Loss: 2.864577
WAPE: 0.128934
MAPE: 0.419828
SMAPE: 0.323261
MAE: 275.658356
RMSE: 1168.453491
Train Epoch: 117[ 16000/ 37497(43%)]	Learning rate: 0.0005	Loss: 0.004621
Train Epoch: 117[ 32000/ 37497(85%)]	Learning rate: 0.0005	Loss: 0.004626
Test set metrics:
Loss: 2.902597
WAPE: 0.140603
MAPE: 0.420595
SMAPE: 0.336994
MAE: 300.607025
RMSE: 1274.421997
Train Epoch: 118[ 16000/ 37497(43%)]	Learning rate: 0.0005	Loss: 0.004615
Train Epoch: 118[ 32000/ 37497(85%)]	Learning rate: 0.0005	Loss: 0.004609
Test set metrics:
Loss: 2.887064
WAPE: 0.134340
MAPE: 0.431822
SMAPE: 0.318262
MAE: 287.216339
RMSE: 1237.466553
Train Epoch: 119[ 16000/ 37497(43%)]	Learning rate: 0.0005	Loss: 0.004610
Train Epoch: 119[ 32000/ 37497(85%)]	Learning rate: 0.0005	Loss: 0.004591
Test set metrics:
Loss: 2.909766
WAPE: 0.142796
MAPE: 0.469487
SMAPE: 0.323298
MAE: 305.295959
RMSE: 1333.610840
Train Epoch: 120[ 16000/ 37497(43%)]	Learning rate: 0.0005	Loss: 0.004600
Train Epoch: 120[ 32000/ 37497(85%)]	Learning rate: 0.0005	Loss: 0.004612
Test set metrics:
Loss: 2.929837
WAPE: 0.135962
MAPE: 0.413881
SMAPE: 0.321915
MAE: 290.685028
RMSE: 1262.918701
Train Epoch: 121[ 16000/ 37497(43%)]	Learning rate: 0.0005	Loss: 0.004630
Train Epoch: 121[ 32000/ 37497(85%)]	Learning rate: 0.0005	Loss: 0.004595
Test set metrics:
Loss: 2.845647
WAPE: 0.132367
MAPE: 0.466691
SMAPE: 0.326414
MAE: 282.999359
RMSE: 1246.313843
Train Epoch: 122[ 16000/ 37497(43%)]	Learning rate: 0.0005	Loss: 0.004579
Train Epoch: 122[ 32000/ 37497(85%)]	Learning rate: 0.0005	Loss: 0.004618
Test set metrics:
Loss: 2.832543
WAPE: 0.130113
MAPE: 0.459169
SMAPE: 0.317324
MAE: 278.180481
RMSE: 1217.729980
Train Epoch: 123[ 16000/ 37497(43%)]	Learning rate: 0.0005	Loss: 0.004596
Train Epoch: 123[ 32000/ 37497(85%)]	Learning rate: 0.0005	Loss: 0.004598
Test set metrics:
Loss: 2.813587
WAPE: 0.130595
MAPE: 0.436854
SMAPE: 0.334372
MAE: 279.210876
RMSE: 1160.197021
Train Epoch: 124[ 16000/ 37497(43%)]	Learning rate: 0.0005	Loss: 0.004591
Train Epoch: 124[ 32000/ 37497(85%)]	Learning rate: 0.0005	Loss: 0.004598
Test set metrics:
Loss: 2.896313
WAPE: 0.129463
MAPE: 0.422183
SMAPE: 0.299002
MAE: 276.789825
RMSE: 1259.242920
Train Epoch: 125[ 16000/ 37497(43%)]	Learning rate: 0.0005	Loss: 0.004610
Train Epoch: 125[ 32000/ 37497(85%)]	Learning rate: 0.0005	Loss: 0.004582
Test set metrics:
Loss: 2.877275
WAPE: 0.133977
MAPE: 0.562849
SMAPE: 0.317583
MAE: 286.440704
RMSE: 1274.712646
Train Epoch: 126[ 16000/ 37497(43%)]	Learning rate: 0.0005	Loss: 0.004598
Train Epoch: 126[ 32000/ 37497(85%)]	Learning rate: 0.0005	Loss: 0.004583
Test set metrics:
Loss: 2.826464
WAPE: 0.128276
MAPE: 0.488752
SMAPE: 0.305983
MAE: 274.252045
RMSE: 1193.685303
Train Epoch: 127[ 16000/ 37497(43%)]	Learning rate: 0.0005	Loss: 0.004589
Train Epoch: 127[ 32000/ 37497(85%)]	Learning rate: 0.0005	Loss: 0.004615
Test set metrics:
Loss: 2.834260
WAPE: 0.126778
MAPE: 0.456474
SMAPE: 0.323464
MAE: 271.050262
RMSE: 1169.770996
Train Epoch: 128[ 16000/ 37497(43%)]	Learning rate: 0.0005	Loss: 0.004590
Train Epoch: 128[ 32000/ 37497(85%)]	Learning rate: 0.0005	Loss: 0.004574
Test set metrics:
Loss: 2.820950
WAPE: 0.126335
MAPE: 0.423806
SMAPE: 0.309175
MAE: 270.102844
RMSE: 1182.668335
Train Epoch: 129[ 16000/ 37497(43%)]	Learning rate: 0.0005	Loss: 0.004582
Train Epoch: 129[ 32000/ 37497(85%)]	Learning rate: 0.0005	Loss: 0.004588
Test set metrics:
Loss: 2.891015
WAPE: 0.139728
MAPE: 0.432339
SMAPE: 0.310898
MAE: 298.737244
RMSE: 1260.902466
Train Epoch: 130[ 16000/ 37497(43%)]	Learning rate: 0.0005	Loss: 0.004580
Train Epoch: 130[ 32000/ 37497(85%)]	Learning rate: 0.0005	Loss: 0.004571
Test set metrics:
Loss: 2.860201
WAPE: 0.134517
MAPE: 0.427302
SMAPE: 0.326558
MAE: 287.594940
RMSE: 1232.605225
Train Epoch: 131[ 16000/ 37497(43%)]	Learning rate: 0.0005	Loss: 0.004583
Train Epoch: 131[ 32000/ 37497(85%)]	Learning rate: 0.0005	Loss: 0.004575
Test set metrics:
Loss: 2.855626
WAPE: 0.132922
MAPE: 0.425469
SMAPE: 0.305471
MAE: 284.184875
RMSE: 1245.938354
Train Epoch: 132[ 16000/ 37497(43%)]	Learning rate: 0.0005	Loss: 0.004578
Train Epoch: 132[ 32000/ 37497(85%)]	Learning rate: 0.0005	Loss: 0.004579
Test set metrics:
Loss: 2.871878
WAPE: 0.131341
MAPE: 0.446127
SMAPE: 0.304589
MAE: 280.805450
RMSE: 1214.902344
Train Epoch: 133[ 16000/ 37497(43%)]	Learning rate: 0.0005	Loss: 0.004582
Train Epoch: 133[ 32000/ 37497(85%)]	Learning rate: 0.0005	Loss: 0.004558
Test set metrics:
Loss: 2.862816
WAPE: 0.134214
MAPE: 0.442309
SMAPE: 0.309502
MAE: 286.947540
RMSE: 1238.254395
Train Epoch: 134[ 16000/ 37497(43%)]	Learning rate: 0.0005	Loss: 0.004571
Train Epoch: 134[ 32000/ 37497(85%)]	Learning rate: 0.0005	Loss: 0.004565
Test set metrics:
Loss: 2.901185
WAPE: 0.138137
MAPE: 0.411085
SMAPE: 0.318691
MAE: 295.335968
RMSE: 1389.500488
Train Epoch: 135[ 16000/ 37497(43%)]	Learning rate: 0.0005	Loss: 0.004567
Train Epoch: 135[ 32000/ 37497(85%)]	Learning rate: 0.0005	Loss: 0.004586
Test set metrics:
Loss: 2.890136
WAPE: 0.132516
MAPE: 0.406983
SMAPE: 0.314996
MAE: 283.316620
RMSE: 1329.789429
Train Epoch: 136[ 16000/ 37497(43%)]	Learning rate: 0.0005	Loss: 0.004568
Train Epoch: 136[ 32000/ 37497(85%)]	Learning rate: 0.0005	Loss: 0.004575
Test set metrics:
Loss: 2.887267
WAPE: 0.133415
MAPE: 0.412946
SMAPE: 0.324826
MAE: 285.239258
RMSE: 1243.682739
Train Epoch: 137[ 16000/ 37497(43%)]	Learning rate: 0.0005	Loss: 0.004570
Train Epoch: 137[ 32000/ 37497(85%)]	Learning rate: 0.0005	Loss: 0.004554
Test set metrics:
Loss: 2.852220
WAPE: 0.134757
MAPE: 0.462196
SMAPE: 0.331662
MAE: 288.109741
RMSE: 1249.366943
Train Epoch: 138[ 16000/ 37497(43%)]	Learning rate: 0.0005	Loss: 0.004568
Train Epoch: 138[ 32000/ 37497(85%)]	Learning rate: 0.0005	Loss: 0.004560
Test set metrics:
Loss: 2.841200
WAPE: 0.131062
MAPE: 0.422575
SMAPE: 0.308480
MAE: 280.209045
RMSE: 1204.760498
Train Epoch: 139[ 16000/ 37497(43%)]	Learning rate: 0.0005	Loss: 0.004549
Train Epoch: 139[ 32000/ 37497(85%)]	Learning rate: 0.0005	Loss: 0.004583
Test set metrics:
Loss: 2.936407
WAPE: 0.139703
MAPE: 0.428306
SMAPE: 0.316862
MAE: 298.683624
RMSE: 1381.323853
Train Epoch: 140[ 16000/ 37497(43%)]	Learning rate: 0.0005	Loss: 0.004560
Train Epoch: 140[ 32000/ 37497(85%)]	Learning rate: 0.0005	Loss: 0.004563
Test set metrics:
Loss: 2.814247
WAPE: 0.128802
MAPE: 0.466970
SMAPE: 0.302271
MAE: 275.377686
RMSE: 1209.903809
Train Epoch: 141[ 16000/ 37497(43%)]	Learning rate: 0.0005	Loss: 0.004550
Train Epoch: 141[ 32000/ 37497(85%)]	Learning rate: 0.0005	Loss: 0.004541
Test set metrics:
Loss: 2.884439
WAPE: 0.136182
MAPE: 0.471246
SMAPE: 0.316244
MAE: 291.156372
RMSE: 1228.385254
Train Epoch: 142[ 16000/ 37497(43%)]	Learning rate: 0.0005	Loss: 0.004558
Train Epoch: 142[ 32000/ 37497(85%)]	Learning rate: 0.0005	Loss: 0.004561
Test set metrics:
Loss: 2.869505
WAPE: 0.132582
MAPE: 0.482948
SMAPE: 0.323356
MAE: 283.459534
RMSE: 1232.832275
Train Epoch: 143[ 16000/ 37497(43%)]	Learning rate: 0.0005	Loss: 0.004544
Train Epoch: 143[ 32000/ 37497(85%)]	Learning rate: 0.0005	Loss: 0.004554
Test set metrics:
Loss: 2.873158
WAPE: 0.134424
MAPE: 0.498034
SMAPE: 0.305886
MAE: 287.397675
RMSE: 1259.541016
Train Epoch: 144[ 16000/ 37497(43%)]	Learning rate: 0.0005	Loss: 0.004555
Train Epoch: 144[ 32000/ 37497(85%)]	Learning rate: 0.0005	Loss: 0.004554
Test set metrics:
Loss: 2.830916
WAPE: 0.128618
MAPE: 0.417668
SMAPE: 0.323075
MAE: 274.984833
RMSE: 1144.825073
Train Epoch: 145[ 16000/ 37497(43%)]	Learning rate: 0.0005	Loss: 0.004532
Train Epoch: 145[ 32000/ 37497(85%)]	Learning rate: 0.0005	Loss: 0.004562
Test set metrics:
Loss: 2.869245
WAPE: 0.133941
MAPE: 0.411743
SMAPE: 0.325768
MAE: 286.364532
RMSE: 1229.442261
Train Epoch: 146[ 16000/ 37497(43%)]	Learning rate: 0.0005	Loss: 0.004534
Train Epoch: 146[ 32000/ 37497(85%)]	Learning rate: 0.0005	Loss: 0.004541
Test set metrics:
Loss: 2.855211
WAPE: 0.128505
MAPE: 0.454683
SMAPE: 0.307198
MAE: 274.742828
RMSE: 1170.651733
Train Epoch: 147[ 16000/ 37497(43%)]	Learning rate: 0.0005	Loss: 0.004562
Train Epoch: 147[ 32000/ 37497(85%)]	Learning rate: 0.0005	Loss: 0.004536
Test set metrics:
Loss: 2.873983
WAPE: 0.136780
MAPE: 0.421149
SMAPE: 0.318926
MAE: 292.434906
RMSE: 1219.606934
Train Epoch: 148[ 16000/ 37497(43%)]	Learning rate: 0.0005	Loss: 0.004551
Train Epoch: 148[ 32000/ 37497(85%)]	Learning rate: 0.0005	Loss: 0.004562
Test set metrics:
Loss: 2.889516
WAPE: 0.132299
MAPE: 0.407010
SMAPE: 0.315943
MAE: 282.853607
RMSE: 1276.291748
Train Epoch: 149[ 16000/ 37497(43%)]	Learning rate: 0.0005	Loss: 0.004542
Train Epoch: 149[ 32000/ 37497(85%)]	Learning rate: 0.0005	Loss: 0.004537
Test set metrics:
Loss: 2.872920
WAPE: 0.138556
MAPE: 0.444472
SMAPE: 0.328542
MAE: 296.230316
RMSE: 1284.075562
Train Epoch: 150[ 16000/ 37497(43%)]	Learning rate: 0.0005	Loss: 0.004533
Train Epoch: 150[ 32000/ 37497(85%)]	Learning rate: 0.0005	Loss: 0.004537
Test set metrics:
Loss: 2.824731
WAPE: 0.126784
MAPE: 0.505633
SMAPE: 0.308867
MAE: 271.063416
RMSE: 1128.957886
Train Epoch: 151[ 16000/ 37497(43%)]	Learning rate: 0.0005	Loss: 0.004566
Train Epoch: 151[ 32000/ 37497(85%)]	Learning rate: 0.0005	Loss: 0.004532
Test set metrics:
Loss: 2.812621
WAPE: 0.127238
MAPE: 0.464887
SMAPE: 0.308712
MAE: 272.033142
RMSE: 1124.906006
Train Epoch: 152[ 16000/ 37497(43%)]	Learning rate: 0.0005	Loss: 0.004537
Train Epoch: 152[ 32000/ 37497(85%)]	Learning rate: 0.0005	Loss: 0.004554
Test set metrics:
Loss: 2.859046
WAPE: 0.134008
MAPE: 0.518770
SMAPE: 0.315111
MAE: 286.507355
RMSE: 1227.222168
Train Epoch: 153[ 16000/ 37497(43%)]	Learning rate: 0.0005	Loss: 0.004532
Train Epoch: 153[ 32000/ 37497(85%)]	Learning rate: 0.0005	Loss: 0.004534
Test set metrics:
Loss: 2.862119
WAPE: 0.133296
MAPE: 0.406404
SMAPE: 0.313974
MAE: 284.986053
RMSE: 1231.522827
Train Epoch: 154[ 16000/ 37497(43%)]	Learning rate: 0.0005	Loss: 0.004526
Train Epoch: 154[ 32000/ 37497(85%)]	Learning rate: 0.0005	Loss: 0.004539
Test set metrics:
Loss: 2.875067
WAPE: 0.131745
MAPE: 0.407934
SMAPE: 0.295909
MAE: 281.670013
RMSE: 1272.871460
Train Epoch: 155[ 16000/ 37497(43%)]	Learning rate: 0.0005	Loss: 0.004543
Train Epoch: 155[ 32000/ 37497(85%)]	Learning rate: 0.0005	Loss: 0.004526
Test set metrics:
Loss: 2.847974
WAPE: 0.132677
MAPE: 0.420419
SMAPE: 0.311794
MAE: 283.661530
RMSE: 1224.866333
Train Epoch: 156[ 16000/ 37497(43%)]	Learning rate: 0.0005	Loss: 0.004522
Train Epoch: 156[ 32000/ 37497(85%)]	Learning rate: 0.0005	Loss: 0.004536
Test set metrics:
Loss: 2.866808
WAPE: 0.130444
MAPE: 0.435791
SMAPE: 0.309182
MAE: 278.886871
RMSE: 1230.530029
Train Epoch: 157[ 16000/ 37497(43%)]	Learning rate: 0.0005	Loss: 0.004530
Train Epoch: 157[ 32000/ 37497(85%)]	Learning rate: 0.0005	Loss: 0.004508
Test set metrics:
Loss: 2.875304
WAPE: 0.138217
MAPE: 0.436858
SMAPE: 0.334423
MAE: 295.506592
RMSE: 1232.749634
Train Epoch: 158[ 16000/ 37497(43%)]	Learning rate: 0.0005	Loss: 0.004536
Train Epoch: 158[ 32000/ 37497(85%)]	Learning rate: 0.0005	Loss: 0.004504
Test set metrics:
Loss: 2.849175
WAPE: 0.131772
MAPE: 0.487829
SMAPE: 0.316513
MAE: 281.727539
RMSE: 1212.077515
Train Epoch: 159[ 16000/ 37497(43%)]	Learning rate: 0.0005	Loss: 0.004534
Train Epoch: 159[ 32000/ 37497(85%)]	Learning rate: 0.0005	Loss: 0.004511
Test set metrics:
Loss: 2.848341
WAPE: 0.127855
MAPE: 0.456679
SMAPE: 0.320271
MAE: 273.352448
RMSE: 1157.194946
Train Epoch: 160[ 16000/ 37497(43%)]	Learning rate: 0.0005	Loss: 0.004516
Train Epoch: 160[ 32000/ 37497(85%)]	Learning rate: 0.0005	Loss: 0.004541
Test set metrics:
Loss: 2.903147
WAPE: 0.134970
MAPE: 0.465972
SMAPE: 0.301111
MAE: 288.565216
RMSE: 1220.338501
Train Epoch: 161[ 16000/ 37497(43%)]	Learning rate: 0.0005	Loss: 0.004529
Train Epoch: 161[ 32000/ 37497(85%)]	Learning rate: 0.0005	Loss: 0.004513
Test set metrics:
Loss: 2.863473
WAPE: 0.131212
MAPE: 0.400936
SMAPE: 0.312128
MAE: 280.529358
RMSE: 1202.465698
Train Epoch: 162[ 16000/ 37497(43%)]	Learning rate: 0.0005	Loss: 0.004523
Train Epoch: 162[ 32000/ 37497(85%)]	Learning rate: 0.0005	Loss: 0.004515
Test set metrics:
Loss: 2.822497
WAPE: 0.125951
MAPE: 0.426934
SMAPE: 0.298175
MAE: 269.282471
RMSE: 1159.144043
Train Epoch: 163[ 16000/ 37497(43%)]	Learning rate: 0.0005	Loss: 0.004520
Train Epoch: 163[ 32000/ 37497(85%)]	Learning rate: 0.0005	Loss: 0.004497
Test set metrics:
Loss: 2.873002
WAPE: 0.128429
MAPE: 0.410247
SMAPE: 0.306519
MAE: 274.579163
RMSE: 1178.091431
Train Epoch: 164[ 16000/ 37497(43%)]	Learning rate: 0.0005	Loss: 0.004508
Train Epoch: 164[ 32000/ 37497(85%)]	Learning rate: 0.0005	Loss: 0.004510
Test set metrics:
Loss: 2.914423
WAPE: 0.139069
MAPE: 0.413722
SMAPE: 0.313202
MAE: 297.327087
RMSE: 1297.755493
Train Epoch: 165[ 16000/ 37497(43%)]	Learning rate: 0.0005	Loss: 0.004501
Train Epoch: 165[ 32000/ 37497(85%)]	Learning rate: 0.0005	Loss: 0.004497
Test set metrics:
Loss: 2.938661
WAPE: 0.143292
MAPE: 0.412496
SMAPE: 0.329142
MAE: 306.355591
RMSE: 1366.636108
Train Epoch: 166[ 16000/ 37497(43%)]	Learning rate: 0.0005	Loss: 0.004520
Train Epoch: 166[ 32000/ 37497(85%)]	Learning rate: 0.0005	Loss: 0.004510
Test set metrics:
Loss: 2.902507
WAPE: 0.139694
MAPE: 0.406060
SMAPE: 0.322231
MAE: 298.664917
RMSE: 1281.893921
Train Epoch: 167[ 16000/ 37497(43%)]	Learning rate: 0.0005	Loss: 0.004518
Train Epoch: 167[ 32000/ 37497(85%)]	Learning rate: 0.0005	Loss: 0.004500
Test set metrics:
Loss: 2.844836
WAPE: 0.130371
MAPE: 0.444629
SMAPE: 0.311533
MAE: 278.731201
RMSE: 1197.781494
Train Epoch: 168[ 16000/ 37497(43%)]	Learning rate: 0.0005	Loss: 0.004514
Train Epoch: 168[ 32000/ 37497(85%)]	Learning rate: 0.0005	Loss: 0.004512
Test set metrics:
Loss: 2.842885
WAPE: 0.125552
MAPE: 0.466421
SMAPE: 0.321875
MAE: 268.429718
RMSE: 1118.277466
Train Epoch: 169[ 16000/ 37497(43%)]	Learning rate: 0.0005	Loss: 0.004491
Train Epoch: 169[ 32000/ 37497(85%)]	Learning rate: 0.0005	Loss: 0.004513
Test set metrics:
Loss: 2.863170
WAPE: 0.134213
MAPE: 0.432732
SMAPE: 0.318469
MAE: 286.945160
RMSE: 1245.058228
Train Epoch: 170[ 16000/ 37497(43%)]	Learning rate: 0.0005	Loss: 0.004518
Train Epoch: 170[ 32000/ 37497(85%)]	Learning rate: 0.0005	Loss: 0.004492
Test set metrics:
Loss: 2.862182
WAPE: 0.132705
MAPE: 0.407555
SMAPE: 0.322313
MAE: 283.721588
RMSE: 1218.156494
Train Epoch: 171[ 16000/ 37497(43%)]	Learning rate: 0.0005	Loss: 0.004497
Train Epoch: 171[ 32000/ 37497(85%)]	Learning rate: 0.0005	Loss: 0.004515
Test set metrics:
Loss: 2.829280
WAPE: 0.130601
MAPE: 0.404026
SMAPE: 0.300580
MAE: 279.222595
RMSE: 1299.051392
Train Epoch: 172[ 16000/ 37497(43%)]	Learning rate: 0.0005	Loss: 0.004510
Train Epoch: 172[ 32000/ 37497(85%)]	Learning rate: 0.0005	Loss: 0.004503
Test set metrics:
Loss: 2.823878
WAPE: 0.126692
MAPE: 0.418967
SMAPE: 0.322608
MAE: 270.866791
RMSE: 1154.323242
Train Epoch: 173[ 16000/ 37497(43%)]	Learning rate: 0.0005	Loss: 0.004495
Train Epoch: 173[ 32000/ 37497(85%)]	Learning rate: 0.0005	Loss: 0.004485
Test set metrics:
Loss: 2.864778
WAPE: 0.136260
MAPE: 0.414602
SMAPE: 0.311551
MAE: 291.321320
RMSE: 1274.666260
Train Epoch: 174[ 16000/ 37497(43%)]	Learning rate: 0.0005	Loss: 0.004481
Train Epoch: 174[ 32000/ 37497(85%)]	Learning rate: 0.0005	Loss: 0.004512
Test set metrics:
Loss: 2.883105
WAPE: 0.135899
MAPE: 0.533827
SMAPE: 0.315937
MAE: 290.549927
RMSE: 1225.834351
Train Epoch: 175[ 16000/ 37497(43%)]	Learning rate: 0.0005	Loss: 0.004505
Train Epoch: 175[ 32000/ 37497(85%)]	Learning rate: 0.0005	Loss: 0.004495
Test set metrics:
Loss: 2.834749
WAPE: 0.126703
MAPE: 0.435056
SMAPE: 0.296959
MAE: 270.889435
RMSE: 1158.863281
Train Epoch: 176[ 16000/ 37497(43%)]	Learning rate: 0.0005	Loss: 0.004488
Train Epoch: 176[ 32000/ 37497(85%)]	Learning rate: 0.0005	Loss: 0.004500
Test set metrics:
Loss: 2.873994
WAPE: 0.129709
MAPE: 0.538029
SMAPE: 0.301536
MAE: 277.316833
RMSE: 1227.037964
Train Epoch: 177[ 16000/ 37497(43%)]	Learning rate: 0.0005	Loss: 0.004488
Train Epoch: 177[ 32000/ 37497(85%)]	Learning rate: 0.0005	Loss: 0.004502
Test set metrics:
Loss: 2.901942
WAPE: 0.133549
MAPE: 0.487430
SMAPE: 0.309798
MAE: 285.526428
RMSE: 1204.534912
Train Epoch: 178[ 16000/ 37497(43%)]	Learning rate: 0.0005	Loss: 0.004493
Train Epoch: 178[ 32000/ 37497(85%)]	Learning rate: 0.0005	Loss: 0.004498
Test set metrics:
Loss: 2.861949
WAPE: 0.133740
MAPE: 0.415966
SMAPE: 0.307783
MAE: 285.934692
RMSE: 1244.185669
Train Epoch: 179[ 16000/ 37497(43%)]	Learning rate: 0.0005	Loss: 0.004483
Train Epoch: 179[ 32000/ 37497(85%)]	Learning rate: 0.0005	Loss: 0.004491
Test set metrics:
Loss: 2.871318
WAPE: 0.134021
MAPE: 0.554300
SMAPE: 0.303592
MAE: 286.535339
RMSE: 1211.131104
Train Epoch: 180[ 16000/ 37497(43%)]	Learning rate: 0.0005	Loss: 0.004502
Train Epoch: 180[ 32000/ 37497(85%)]	Learning rate: 0.0005	Loss: 0.004481
Test set metrics:
Loss: 2.865240
WAPE: 0.135214
MAPE: 0.415682
SMAPE: 0.334074
MAE: 289.085571
RMSE: 1288.094482
Train Epoch: 181[ 16000/ 37497(43%)]	Learning rate: 0.0005	Loss: 0.004483
Train Epoch: 181[ 32000/ 37497(85%)]	Learning rate: 0.0005	Loss: 0.004483
Test set metrics:
Loss: 2.885884
WAPE: 0.134932
MAPE: 0.423094
SMAPE: 0.307749
MAE: 288.483490
RMSE: 1258.512329
Train Epoch: 182[ 16000/ 37497(43%)]	Learning rate: 0.0005	Loss: 0.004494
Train Epoch: 182[ 32000/ 37497(85%)]	Learning rate: 0.0005	Loss: 0.004491
Test set metrics:
Loss: 2.862885
WAPE: 0.135928
MAPE: 0.399069
SMAPE: 0.322877
MAE: 290.611969
RMSE: 1229.107544
Train Epoch: 183[ 16000/ 37497(43%)]	Learning rate: 0.0005	Loss: 0.004497
Train Epoch: 183[ 32000/ 37497(85%)]	Learning rate: 0.0005	Loss: 0.004474
Test set metrics:
Loss: 2.835426
WAPE: 0.130355
MAPE: 0.453280
SMAPE: 0.309775
MAE: 278.697784
RMSE: 1179.534180
Train Epoch: 184[ 16000/ 37497(43%)]	Learning rate: 0.0005	Loss: 0.004482
Train Epoch: 184[ 32000/ 37497(85%)]	Learning rate: 0.0005	Loss: 0.004478
Test set metrics:
Loss: 2.826142
WAPE: 0.128859
MAPE: 0.423779
SMAPE: 0.329669
MAE: 275.500031
RMSE: 1178.054443
Train Epoch: 185[ 16000/ 37497(43%)]	Learning rate: 0.0005	Loss: 0.004474
Train Epoch: 185[ 32000/ 37497(85%)]	Learning rate: 0.0005	Loss: 0.004477
Test set metrics:
Loss: 2.886718
WAPE: 0.132802
MAPE: 0.406510
SMAPE: 0.306841
MAE: 283.929321
RMSE: 1324.356567
Train Epoch: 186[ 16000/ 37497(43%)]	Learning rate: 0.0005	Loss: 0.004477
Train Epoch: 186[ 32000/ 37497(85%)]	Learning rate: 0.0005	Loss: 0.004479
Test set metrics:
Loss: 2.862308
WAPE: 0.130354
MAPE: 0.405249
SMAPE: 0.306676
MAE: 278.694397
RMSE: 1211.608521
Train Epoch: 187[ 16000/ 37497(43%)]	Learning rate: 0.0005	Loss: 0.004487
Train Epoch: 187[ 32000/ 37497(85%)]	Learning rate: 0.0005	Loss: 0.004459
Test set metrics:
Loss: 2.883412
WAPE: 0.131022
MAPE: 0.413860
SMAPE: 0.306398
MAE: 280.123810
RMSE: 1210.824097
Train Epoch: 188[ 16000/ 37497(43%)]	Learning rate: 0.0005	Loss: 0.004466
Train Epoch: 188[ 32000/ 37497(85%)]	Learning rate: 0.0005	Loss: 0.004476
Test set metrics:
Loss: 2.859813
WAPE: 0.131930
MAPE: 0.459930
SMAPE: 0.331526
MAE: 282.063873
RMSE: 1242.897461
Train Epoch: 189[ 16000/ 37497(43%)]	Learning rate: 0.0005	Loss: 0.004482
Train Epoch: 189[ 32000/ 37497(85%)]	Learning rate: 0.0005	Loss: 0.004480
Test set metrics:
Loss: 2.889352
WAPE: 0.141011
MAPE: 0.416475
SMAPE: 0.339273
MAE: 301.479645
RMSE: 1237.835693
Train Epoch: 190[ 16000/ 37497(43%)]	Learning rate: 0.0005	Loss: 0.004475
Train Epoch: 190[ 32000/ 37497(85%)]	Learning rate: 0.0005	Loss: 0.004459
Test set metrics:
Loss: 2.837921
WAPE: 0.130591
MAPE: 0.417535
SMAPE: 0.305358
MAE: 279.201691
RMSE: 1227.451538
Train Epoch: 191[ 16000/ 37497(43%)]	Learning rate: 0.0005	Loss: 0.004469
Train Epoch: 191[ 32000/ 37497(85%)]	Learning rate: 0.0005	Loss: 0.004481
Test set metrics:
Loss: 2.830457
WAPE: 0.126394
MAPE: 0.412720
SMAPE: 0.308105
MAE: 270.228821
RMSE: 1142.211914
Train Epoch: 192[ 16000/ 37497(43%)]	Learning rate: 0.0005	Loss: 0.004462
Train Epoch: 192[ 32000/ 37497(85%)]	Learning rate: 0.0005	Loss: 0.004481
Test set metrics:
Loss: 2.825727
WAPE: 0.129405
MAPE: 0.440582
SMAPE: 0.316227
MAE: 276.666992
RMSE: 1151.040283
Train Epoch: 193[ 16000/ 37497(43%)]	Learning rate: 0.0005	Loss: 0.004463
Train Epoch: 193[ 32000/ 37497(85%)]	Learning rate: 0.0005	Loss: 0.004471
Test set metrics:
Loss: 2.843733
WAPE: 0.129201
MAPE: 0.400111
SMAPE: 0.305659
MAE: 276.229340
RMSE: 1182.517456
Train Epoch: 194[ 16000/ 37497(43%)]	Learning rate: 0.0005	Loss: 0.004462
Train Epoch: 194[ 32000/ 37497(85%)]	Learning rate: 0.0005	Loss: 0.004479
Test set metrics:
Loss: 2.880237
WAPE: 0.132623
MAPE: 0.411250
SMAPE: 0.304091
MAE: 283.546173
RMSE: 1256.214233
Train Epoch: 195[ 16000/ 37497(43%)]	Learning rate: 0.0005	Loss: 0.004465
Train Epoch: 195[ 32000/ 37497(85%)]	Learning rate: 0.0005	Loss: 0.004470
Test set metrics:
Loss: 2.896777
WAPE: 0.135480
MAPE: 0.402780
SMAPE: 0.313389
MAE: 289.655060
RMSE: 1208.478760
Train Epoch: 196[ 16000/ 37497(43%)]	Learning rate: 0.0005	Loss: 0.004464
Train Epoch: 196[ 32000/ 37497(85%)]	Learning rate: 0.0005	Loss: 0.004484
Test set metrics:
Loss: 2.856614
WAPE: 0.130177
MAPE: 0.459450
SMAPE: 0.319092
MAE: 278.316376
RMSE: 1201.294922
Train Epoch: 197[ 16000/ 37497(43%)]	Learning rate: 0.0005	Loss: 0.004451
Train Epoch: 197[ 32000/ 37497(85%)]	Learning rate: 0.0005	Loss: 0.004462
Test set metrics:
Loss: 2.878587
WAPE: 0.134564
MAPE: 0.436900
SMAPE: 0.321708
MAE: 287.697266
RMSE: 1189.140869
Train Epoch: 198[ 16000/ 37497(43%)]	Learning rate: 0.0005	Loss: 0.004468
Train Epoch: 198[ 32000/ 37497(85%)]	Learning rate: 0.0005	Loss: 0.004471
Test set metrics:
Loss: 2.876371
WAPE: 0.132754
MAPE: 0.474352
SMAPE: 0.309001
MAE: 283.825623
RMSE: 1236.212036
Train Epoch: 199[ 16000/ 37497(43%)]	Learning rate: 0.0005	Loss: 0.004451
Train Epoch: 199[ 32000/ 37497(85%)]	Learning rate: 0.0005	Loss: 0.004456
Test set metrics:
Loss: 2.832975
WAPE: 0.125855
MAPE: 0.431783
SMAPE: 0.295801
MAE: 269.076660
RMSE: 1135.793945
Train Epoch: 200[ 16000/ 37497(43%)]	Learning rate: 0.0005	Loss: 0.004451
Train Epoch: 200[ 32000/ 37497(85%)]	Learning rate: 0.0005	Loss: 0.004440
Test set metrics:
Loss: 2.854610
WAPE: 0.134321
MAPE: 0.458523
SMAPE: 0.310952
MAE: 287.176941
RMSE: 1230.132324
Train Epoch: 201[ 16000/ 37497(43%)]	Learning rate: 0.0005	Loss: 0.004462
Train Epoch: 201[ 32000/ 37497(85%)]	Learning rate: 0.0005	Loss: 0.004463
Test set metrics:
Loss: 2.882362
WAPE: 0.133387
MAPE: 0.502720
SMAPE: 0.311598
MAE: 285.180084
RMSE: 1198.334473
Train Epoch: 202[ 16000/ 37497(43%)]	Learning rate: 0.0005	Loss: 0.004449
Train Epoch: 202[ 32000/ 37497(85%)]	Learning rate: 0.0005	Loss: 0.004454
Test set metrics:
Loss: 2.884674
WAPE: 0.129886
MAPE: 0.410899
SMAPE: 0.311586
MAE: 277.694275
RMSE: 1285.848755
Train Epoch: 203[ 16000/ 37497(43%)]	Learning rate: 0.0005	Loss: 0.004463
Train Epoch: 203[ 32000/ 37497(85%)]	Learning rate: 0.0005	Loss: 0.004454
Test set metrics:
Loss: 2.811593
WAPE: 0.126803
MAPE: 0.394950
SMAPE: 0.314802
MAE: 271.104004
RMSE: 1152.754517
Train Epoch: 204[ 16000/ 37497(43%)]	Learning rate: 0.0005	Loss: 0.004459
Train Epoch: 204[ 32000/ 37497(85%)]	Learning rate: 0.0005	Loss: 0.004466
Test set metrics:
Loss: 2.887152
WAPE: 0.138824
MAPE: 0.429263
SMAPE: 0.318991
MAE: 296.804108
RMSE: 1302.490479
Train Epoch: 205[ 16000/ 37497(43%)]	Learning rate: 0.0005	Loss: 0.004449
Train Epoch: 205[ 32000/ 37497(85%)]	Learning rate: 0.0005	Loss: 0.004461
Test set metrics:
Loss: 2.872072
WAPE: 0.134271
MAPE: 0.422975
SMAPE: 0.317635
MAE: 287.070343
RMSE: 1208.308472
Train Epoch: 206[ 16000/ 37497(43%)]	Learning rate: 0.0005	Loss: 0.004460
Train Epoch: 206[ 32000/ 37497(85%)]	Learning rate: 0.0005	Loss: 0.004434
Test set metrics:
Loss: 2.839821
WAPE: 0.126652
MAPE: 0.462372
SMAPE: 0.302264
MAE: 270.780945
RMSE: 1153.680664
Train Epoch: 207[ 16000/ 37497(43%)]	Learning rate: 0.0005	Loss: 0.004440
Train Epoch: 207[ 32000/ 37497(85%)]	Learning rate: 0.0005	Loss: 0.004450
Test set metrics:
Loss: 2.919386
WAPE: 0.142065
MAPE: 0.436387
SMAPE: 0.323769
MAE: 303.733521
RMSE: 1301.203247
Train Epoch: 208[ 16000/ 37497(43%)]	Learning rate: 0.0005	Loss: 0.004468
Train Epoch: 208[ 32000/ 37497(85%)]	Learning rate: 0.0005	Loss: 0.004446
Test set metrics:
Loss: 2.855547
WAPE: 0.133214
MAPE: 0.458016
SMAPE: 0.308909
MAE: 284.810059
RMSE: 1210.182373
Train Epoch: 209[ 16000/ 37497(43%)]	Learning rate: 0.0005	Loss: 0.004447
Train Epoch: 209[ 32000/ 37497(85%)]	Learning rate: 0.0005	Loss: 0.004447
Test set metrics:
Loss: 2.877718
WAPE: 0.134072
MAPE: 0.401177
SMAPE: 0.307875
MAE: 286.645355
RMSE: 1205.812134
Train Epoch: 210[ 16000/ 37497(43%)]	Learning rate: 0.0005	Loss: 0.004448
Train Epoch: 210[ 32000/ 37497(85%)]	Learning rate: 0.0005	Loss: 0.004447
Test set metrics:
Loss: 2.825282
WAPE: 0.126488
MAPE: 0.400054
SMAPE: 0.295985
MAE: 270.430267
RMSE: 1163.100098
Train Epoch: 211[ 16000/ 37497(43%)]	Learning rate: 0.0005	Loss: 0.004460
Train Epoch: 211[ 32000/ 37497(85%)]	Learning rate: 0.0005	Loss: 0.004431
Test set metrics:
Loss: 2.887975
WAPE: 0.137283
MAPE: 0.432027
SMAPE: 0.314682
MAE: 293.509125
RMSE: 1253.687622
Train Epoch: 212[ 16000/ 37497(43%)]	Learning rate: 0.0005	Loss: 0.004449
Train Epoch: 212[ 32000/ 37497(85%)]	Learning rate: 0.0005	Loss: 0.004456
Test set metrics:
Loss: 2.810381
WAPE: 0.124293
MAPE: 0.399454
SMAPE: 0.304435
MAE: 265.737152
RMSE: 1159.113159
Train Epoch: 213[ 16000/ 37497(43%)]	Learning rate: 0.0005	Loss: 0.004461
Train Epoch: 213[ 32000/ 37497(85%)]	Learning rate: 0.0005	Loss: 0.004441
Test set metrics:
Loss: 2.881803
WAPE: 0.132454
MAPE: 0.483923
SMAPE: 0.303884
MAE: 283.184265
RMSE: 1228.107910
Train Epoch: 214[ 16000/ 37497(43%)]	Learning rate: 0.0005	Loss: 0.004434
Train Epoch: 214[ 32000/ 37497(85%)]	Learning rate: 0.0005	Loss: 0.004457
Test set metrics:
Loss: 2.872270
WAPE: 0.128646
MAPE: 0.400501
SMAPE: 0.300820
MAE: 275.044556
RMSE: 1164.397461
Train Epoch: 215[ 16000/ 37497(43%)]	Learning rate: 0.0005	Loss: 0.004424
Train Epoch: 215[ 32000/ 37497(85%)]	Learning rate: 0.0005	Loss: 0.004450
Test set metrics:
Loss: 2.872552
WAPE: 0.135292
MAPE: 0.458948
SMAPE: 0.304453
MAE: 289.252838
RMSE: 1261.829346
Train Epoch: 216[ 16000/ 37497(43%)]	Learning rate: 0.0005	Loss: 0.004441
Train Epoch: 216[ 32000/ 37497(85%)]	Learning rate: 0.0005	Loss: 0.004449
Test set metrics:
Loss: 2.905477
WAPE: 0.135922
MAPE: 0.431387
SMAPE: 0.329922
MAE: 290.599060
RMSE: 1201.767090
Train Epoch: 217[ 16000/ 37497(43%)]	Learning rate: 0.0005	Loss: 0.004431
Train Epoch: 217[ 32000/ 37497(85%)]	Learning rate: 0.0005	Loss: 0.004447
Test set metrics:
Loss: 2.835119
WAPE: 0.125044
MAPE: 0.410426
SMAPE: 0.312888
MAE: 267.342468
RMSE: 1149.050659
Train Epoch: 218[ 16000/ 37497(43%)]	Learning rate: 0.0005	Loss: 0.004435
Train Epoch: 218[ 32000/ 37497(85%)]	Learning rate: 0.0005	Loss: 0.004448
Test set metrics:
Loss: 2.831798
WAPE: 0.127542
MAPE: 0.439954
SMAPE: 0.301169
MAE: 272.683746
RMSE: 1157.666016
Train Epoch: 219[ 16000/ 37497(43%)]	Learning rate: 0.0005	Loss: 0.004465
Train Epoch: 219[ 32000/ 37497(85%)]	Learning rate: 0.0005	Loss: 0.004433
Test set metrics:
Loss: 2.819228
WAPE: 0.127763
MAPE: 0.456188
SMAPE: 0.299141
MAE: 273.154938
RMSE: 1169.325317
Train Epoch: 220[ 16000/ 37497(43%)]	Learning rate: 0.0005	Loss: 0.004430
Train Epoch: 220[ 32000/ 37497(85%)]	Learning rate: 0.0005	Loss: 0.004440
Test set metrics:
Loss: 2.896927
WAPE: 0.135556
MAPE: 0.468052
SMAPE: 0.312668
MAE: 289.817932
RMSE: 1227.951904
Train Epoch: 221[ 16000/ 37497(43%)]	Learning rate: 0.0005	Loss: 0.004444
Train Epoch: 221[ 32000/ 37497(85%)]	Learning rate: 0.0005	Loss: 0.004427
Test set metrics:
Loss: 2.910983
WAPE: 0.142733
MAPE: 0.421087
SMAPE: 0.336667
MAE: 305.162415
RMSE: 1367.784302
Train Epoch: 222[ 16000/ 37497(43%)]	Learning rate: 0.0005	Loss: 0.004419
Train Epoch: 222[ 32000/ 37497(85%)]	Learning rate: 0.0005	Loss: 0.004448
Test set metrics:
Loss: 2.808121
WAPE: 0.124874
MAPE: 0.451544
SMAPE: 0.299930
MAE: 266.979950
RMSE: 1100.685181
Train Epoch: 223[ 16000/ 37497(43%)]	Learning rate: 0.0005	Loss: 0.004420
Train Epoch: 223[ 32000/ 37497(85%)]	Learning rate: 0.0005	Loss: 0.004435
Test set metrics:
Loss: 2.859689
WAPE: 0.129461
MAPE: 0.407546
SMAPE: 0.295888
MAE: 276.785950
RMSE: 1154.949829
Train Epoch: 224[ 16000/ 37497(43%)]	Learning rate: 0.0005	Loss: 0.004443
Train Epoch: 224[ 32000/ 37497(85%)]	Learning rate: 0.0005	Loss: 0.004436
Test set metrics:
Loss: 2.877865
WAPE: 0.133950
MAPE: 0.402832
SMAPE: 0.310925
MAE: 286.383392
RMSE: 1239.794434
Train Epoch: 225[ 16000/ 37497(43%)]	Learning rate: 0.0005	Loss: 0.004439
Train Epoch: 225[ 32000/ 37497(85%)]	Learning rate: 0.0005	Loss: 0.004432
Test set metrics:
Loss: 2.858936
WAPE: 0.129611
MAPE: 0.445355
SMAPE: 0.297129
MAE: 277.107758
RMSE: 1181.047974
Train Epoch: 226[ 16000/ 37497(43%)]	Learning rate: 0.0005	Loss: 0.004435
Train Epoch: 226[ 32000/ 37497(85%)]	Learning rate: 0.0005	Loss: 0.004431
Test set metrics:
Loss: 2.872679
WAPE: 0.129973
MAPE: 0.506790
SMAPE: 0.299496
MAE: 277.881592
RMSE: 1183.356323
Train Epoch: 227[ 16000/ 37497(43%)]	Learning rate: 0.0005	Loss: 0.004425
Train Epoch: 227[ 32000/ 37497(85%)]	Learning rate: 0.0005	Loss: 0.004425
Test set metrics:
Loss: 2.848499
WAPE: 0.132545
MAPE: 0.458622
SMAPE: 0.312609
MAE: 283.380066
RMSE: 1203.468384
Train Epoch: 228[ 16000/ 37497(43%)]	Learning rate: 0.0005	Loss: 0.004421
Train Epoch: 228[ 32000/ 37497(85%)]	Learning rate: 0.0005	Loss: 0.004428
Test set metrics:
Loss: 2.821482
WAPE: 0.127450
MAPE: 0.427001
SMAPE: 0.305654
MAE: 272.485626
RMSE: 1151.246948
Train Epoch: 229[ 16000/ 37497(43%)]	Learning rate: 0.0005	Loss: 0.004417
Train Epoch: 229[ 32000/ 37497(85%)]	Learning rate: 0.0005	Loss: 0.004442
Test set metrics:
Loss: 2.835028
WAPE: 0.130876
MAPE: 0.409699
SMAPE: 0.327318
MAE: 279.812103
RMSE: 1175.921997
Train Epoch: 230[ 16000/ 37497(43%)]	Learning rate: 0.0005	Loss: 0.004436
Train Epoch: 230[ 32000/ 37497(85%)]	Learning rate: 0.0005	Loss: 0.004437
Test set metrics:
Loss: 2.814017
WAPE: 0.126318
MAPE: 0.452238
SMAPE: 0.298732
MAE: 270.066254
RMSE: 1188.525146
Train Epoch: 231[ 16000/ 37497(43%)]	Learning rate: 0.0005	Loss: 0.004413
Train Epoch: 231[ 32000/ 37497(85%)]	Learning rate: 0.0005	Loss: 0.004440
Test set metrics:
Loss: 2.889221
WAPE: 0.134565
MAPE: 0.411011
SMAPE: 0.313691
MAE: 287.697906
RMSE: 1220.437866
Train Epoch: 232[ 16000/ 37497(43%)]	Learning rate: 0.0005	Loss: 0.004419
Train Epoch: 232[ 32000/ 37497(85%)]	Learning rate: 0.0005	Loss: 0.004431
Test set metrics:
Loss: 2.899158
WAPE: 0.137105
MAPE: 0.511227
SMAPE: 0.312133
MAE: 293.129486
RMSE: 1234.141602
Train Epoch: 233[ 16000/ 37497(43%)]	Learning rate: 0.0005	Loss: 0.004429
Train Epoch: 233[ 32000/ 37497(85%)]	Learning rate: 0.0005	Loss: 0.004407
Test set metrics:
Loss: 2.914301
WAPE: 0.137395
MAPE: 0.431029
SMAPE: 0.321942
MAE: 293.749176
RMSE: 1317.569458
Train Epoch: 234[ 16000/ 37497(43%)]	Learning rate: 0.0005	Loss: 0.004422
Train Epoch: 234[ 32000/ 37497(85%)]	Learning rate: 0.0005	Loss: 0.004429
Test set metrics:
Loss: 2.870182
WAPE: 0.130092
MAPE: 0.470114
SMAPE: 0.301913
MAE: 278.136139
RMSE: 1225.861938
Train Epoch: 235[ 16000/ 37497(43%)]	Learning rate: 0.0005	Loss: 0.004410
Train Epoch: 235[ 32000/ 37497(85%)]	Learning rate: 0.0005	Loss: 0.004422
Test set metrics:
Loss: 2.854755
WAPE: 0.133652
MAPE: 0.405125
SMAPE: 0.322628
MAE: 285.747284
RMSE: 1193.622803
Train Epoch: 236[ 16000/ 37497(43%)]	Learning rate: 0.0005	Loss: 0.004415
Train Epoch: 236[ 32000/ 37497(85%)]	Learning rate: 0.0005	Loss: 0.004431
Test set metrics:
Loss: 2.867938
WAPE: 0.132132
MAPE: 0.460739
SMAPE: 0.320442
MAE: 282.496704
RMSE: 1171.563110
Train Epoch: 237[ 16000/ 37497(43%)]	Learning rate: 0.0005	Loss: 0.004422
Train Epoch: 237[ 32000/ 37497(85%)]	Learning rate: 0.0005	Loss: 0.004418
Test set metrics:
Loss: 2.827329
WAPE: 0.125997
MAPE: 0.429965
SMAPE: 0.300861
MAE: 269.380707
RMSE: 1137.025513
Train Epoch: 238[ 16000/ 37497(43%)]	Learning rate: 0.0005	Loss: 0.004420
Train Epoch: 238[ 32000/ 37497(85%)]	Learning rate: 0.0005	Loss: 0.004420
Test set metrics:
Loss: 2.814347
WAPE: 0.122800
MAPE: 0.553831
SMAPE: 0.297198
MAE: 262.544525
RMSE: 1120.574951
Train Epoch: 239[ 16000/ 37497(43%)]	Learning rate: 0.0005	Loss: 0.004421
Train Epoch: 239[ 32000/ 37497(85%)]	Learning rate: 0.0005	Loss: 0.004414
Test set metrics:
Loss: 2.882168
WAPE: 0.131177
MAPE: 0.428853
SMAPE: 0.305416
MAE: 280.454041
RMSE: 1185.500366
Train Epoch: 240[ 16000/ 37497(43%)]	Learning rate: 0.0005	Loss: 0.004413
Train Epoch: 240[ 32000/ 37497(85%)]	Learning rate: 0.0005	Loss: 0.004421
Test set metrics:
Loss: 2.832880
WAPE: 0.126937
MAPE: 0.425879
SMAPE: 0.321610
MAE: 271.390411
RMSE: 1170.407471
Train Epoch: 241[ 16000/ 37497(43%)]	Learning rate: 0.0005	Loss: 0.004409
Train Epoch: 241[ 32000/ 37497(85%)]	Learning rate: 0.0005	Loss: 0.004433
Test set metrics:
Loss: 2.875977
WAPE: 0.134143
MAPE: 0.454426
SMAPE: 0.340060
MAE: 286.795654
RMSE: 1196.527954
Train Epoch: 242[ 16000/ 37497(43%)]	Learning rate: 0.0005	Loss: 0.004407
Train Epoch: 242[ 32000/ 37497(85%)]	Learning rate: 0.0005	Loss: 0.004413
Test set metrics:
Loss: 2.833722
WAPE: 0.128307
MAPE: 0.441119
SMAPE: 0.313490
MAE: 274.318970
RMSE: 1147.688110
Train Epoch: 243[ 16000/ 37497(43%)]	Learning rate: 0.0005	Loss: 0.004418
Train Epoch: 243[ 32000/ 37497(85%)]	Learning rate: 0.0005	Loss: 0.004414
Test set metrics:
Loss: 2.873050
WAPE: 0.130494
MAPE: 0.408147
SMAPE: 0.299712
MAE: 278.993744
RMSE: 1221.624268
Train Epoch: 244[ 16000/ 37497(43%)]	Learning rate: 0.0005	Loss: 0.004414
Train Epoch: 244[ 32000/ 37497(85%)]	Learning rate: 0.0005	Loss: 0.004416
Test set metrics:
Loss: 2.824099
WAPE: 0.126838
MAPE: 0.483530
SMAPE: 0.299520
MAE: 271.177368
RMSE: 1184.069092
Train Epoch: 245[ 16000/ 37497(43%)]	Learning rate: 0.0005	Loss: 0.004404
Train Epoch: 245[ 32000/ 37497(85%)]	Learning rate: 0.0005	Loss: 0.004424
Test set metrics:
Loss: 2.805373
WAPE: 0.125801
MAPE: 0.404690
SMAPE: 0.310916
MAE: 268.960266
RMSE: 1111.074585
Train Epoch: 246[ 16000/ 37497(43%)]	Learning rate: 0.0005	Loss: 0.004409
Train Epoch: 246[ 32000/ 37497(85%)]	Learning rate: 0.0005	Loss: 0.004414
Test set metrics:
Loss: 2.815113
WAPE: 0.122420
MAPE: 0.392531
SMAPE: 0.302596
MAE: 261.731995
RMSE: 1096.984131
Train Epoch: 247[ 16000/ 37497(43%)]	Learning rate: 0.0005	Loss: 0.004423
Train Epoch: 247[ 32000/ 37497(85%)]	Learning rate: 0.0005	Loss: 0.004395
Test set metrics:
Loss: 2.883048
WAPE: 0.130598
MAPE: 0.413887
SMAPE: 0.320512
MAE: 279.216553
RMSE: 1191.296021
Train Epoch: 248[ 16000/ 37497(43%)]	Learning rate: 0.0005	Loss: 0.004393
Train Epoch: 248[ 32000/ 37497(85%)]	Learning rate: 0.0005	Loss: 0.004420
Test set metrics:
Loss: 2.861622
WAPE: 0.128913
MAPE: 0.452707
SMAPE: 0.298323
MAE: 275.613770
RMSE: 1156.736816
Train Epoch: 249[ 16000/ 37497(43%)]	Learning rate: 0.0005	Loss: 0.004414
Train Epoch: 249[ 32000/ 37497(85%)]	Learning rate: 0.0005	Loss: 0.004413
Test set metrics:
Loss: 2.855700
WAPE: 0.126283
MAPE: 0.453930
SMAPE: 0.288848
MAE: 269.992523
RMSE: 1160.644043
Train Epoch: 250[ 16000/ 37497(43%)]	Learning rate: 0.0005	Loss: 0.004408
Train Epoch: 250[ 32000/ 37497(85%)]	Learning rate: 0.0005	Loss: 0.004402
Test set metrics:
Loss: 2.851206
WAPE: 0.126377
MAPE: 0.403514
SMAPE: 0.311675
MAE: 270.191772
RMSE: 1115.222290
Train Epoch: 251[ 16000/ 37497(43%)]	Learning rate: 0.0005	Loss: 0.004420
Train Epoch: 251[ 32000/ 37497(85%)]	Learning rate: 0.0005	Loss: 0.004396
Test set metrics:
Loss: 2.850938
WAPE: 0.130955
MAPE: 0.457950
SMAPE: 0.314959
MAE: 279.981232
RMSE: 1169.870239
Train Epoch: 252[ 16000/ 37497(43%)]	Learning rate: 0.0005	Loss: 0.004406
Train Epoch: 252[ 32000/ 37497(85%)]	Learning rate: 0.0005	Loss: 0.004413
Test set metrics:
Loss: 2.873891
WAPE: 0.133259
MAPE: 0.433203
SMAPE: 0.312001
MAE: 284.905670
RMSE: 1192.352905
Train Epoch: 253[ 16000/ 37497(43%)]	Learning rate: 0.0005	Loss: 0.004380
Train Epoch: 253[ 32000/ 37497(85%)]	Learning rate: 0.0005	Loss: 0.004412
Test set metrics:
Loss: 2.816123
WAPE: 0.124209
MAPE: 0.433074
SMAPE: 0.328670
MAE: 265.557922
RMSE: 1118.037842
Train Epoch: 254[ 16000/ 37497(43%)]	Learning rate: 0.0005	Loss: 0.004395
Train Epoch: 254[ 32000/ 37497(85%)]	Learning rate: 0.0005	Loss: 0.004410
Test set metrics:
Loss: 2.869072
WAPE: 0.131993
MAPE: 0.410051
SMAPE: 0.307200
MAE: 282.199738
RMSE: 1208.253906
Train Epoch: 255[ 16000/ 37497(43%)]	Learning rate: 0.0005	Loss: 0.004408
Train Epoch: 255[ 32000/ 37497(85%)]	Learning rate: 0.0005	Loss: 0.004385
Test set metrics:
Loss: 2.909932
WAPE: 0.134098
MAPE: 0.443567
SMAPE: 0.311785
MAE: 286.699646
RMSE: 1238.556152
Train Epoch: 256[ 16000/ 37497(43%)]	Learning rate: 0.0005	Loss: 0.004402
Train Epoch: 256[ 32000/ 37497(85%)]	Learning rate: 0.0005	Loss: 0.004398
Test set metrics:
Loss: 2.880124
WAPE: 0.135831
MAPE: 0.396299
SMAPE: 0.310673
MAE: 290.404480
RMSE: 1217.299683
Train Epoch: 257[ 16000/ 37497(43%)]	Learning rate: 0.0005	Loss: 0.004402
Train Epoch: 257[ 32000/ 37497(85%)]	Learning rate: 0.0005	Loss: 0.004400
Test set metrics:
Loss: 2.874636
WAPE: 0.131892
MAPE: 0.403181
SMAPE: 0.309676
MAE: 281.982574
RMSE: 1212.304443
Train Epoch: 258[ 16000/ 37497(43%)]	Learning rate: 0.0005	Loss: 0.004398
Train Epoch: 258[ 32000/ 37497(85%)]	Learning rate: 0.0005	Loss: 0.004383
Test set metrics:
Loss: 2.871998
WAPE: 0.132100
MAPE: 0.397437
SMAPE: 0.308369
MAE: 282.428314
RMSE: 1211.999512
Train Epoch: 259[ 16000/ 37497(43%)]	Learning rate: 0.0005	Loss: 0.004398
Train Epoch: 259[ 32000/ 37497(85%)]	Learning rate: 0.0005	Loss: 0.004398
Test set metrics:
Loss: 2.874606
WAPE: 0.131644
MAPE: 0.441049
SMAPE: 0.292228
MAE: 281.452515
RMSE: 1229.255005
Train Epoch: 260[ 16000/ 37497(43%)]	Learning rate: 0.0005	Loss: 0.004390
Train Epoch: 260[ 32000/ 37497(85%)]	Learning rate: 0.0005	Loss: 0.004389
Test set metrics:
Loss: 2.872937
WAPE: 0.131879
MAPE: 0.424298
SMAPE: 0.311747
MAE: 281.955109
RMSE: 1168.907837
Train Epoch: 261[ 16000/ 37497(43%)]	Learning rate: 0.0005	Loss: 0.004395
Train Epoch: 261[ 32000/ 37497(85%)]	Learning rate: 0.0005	Loss: 0.004402
Test set metrics:
Loss: 2.887785
WAPE: 0.131369
MAPE: 0.580955
SMAPE: 0.298575
MAE: 280.865845
RMSE: 1216.899414
Train Epoch: 262[ 16000/ 37497(43%)]	Learning rate: 0.0005	Loss: 0.004399
Train Epoch: 262[ 32000/ 37497(85%)]	Learning rate: 0.0005	Loss: 0.004400
Test set metrics:
Loss: 2.798830
WAPE: 0.124423
MAPE: 0.455543
SMAPE: 0.306043
MAE: 266.015076
RMSE: 1135.559326
Train Epoch: 263[ 16000/ 37497(43%)]	Learning rate: 0.0005	Loss: 0.004392
Train Epoch: 263[ 32000/ 37497(85%)]	Learning rate: 0.0005	Loss: 0.004397
Test set metrics:
Loss: 2.877264
WAPE: 0.135511
MAPE: 0.399047
SMAPE: 0.313954
MAE: 289.720490
RMSE: 1250.665283
Train Epoch: 264[ 16000/ 37497(43%)]	Learning rate: 0.0005	Loss: 0.004391
Train Epoch: 264[ 32000/ 37497(85%)]	Learning rate: 0.0005	Loss: 0.004398
Test set metrics:
Loss: 2.873659
WAPE: 0.133839
MAPE: 0.425442
SMAPE: 0.305566
MAE: 286.146515
RMSE: 1241.288086
Train Epoch: 265[ 16000/ 37497(43%)]	Learning rate: 0.0005	Loss: 0.004372
Train Epoch: 265[ 32000/ 37497(85%)]	Learning rate: 0.0005	Loss: 0.004390
Test set metrics:
Loss: 2.808715
WAPE: 0.123507
MAPE: 0.404607
SMAPE: 0.299553
MAE: 264.055664
RMSE: 1114.397949
Train Epoch: 266[ 16000/ 37497(43%)]	Learning rate: 0.0005	Loss: 0.004394
Train Epoch: 266[ 32000/ 37497(85%)]	Learning rate: 0.0005	Loss: 0.004387
Test set metrics:
Loss: 2.833746
WAPE: 0.127112
MAPE: 0.406412
SMAPE: 0.301659
MAE: 271.763275
RMSE: 1137.190674
Train Epoch: 267[ 16000/ 37497(43%)]	Learning rate: 0.0005	Loss: 0.004388
Train Epoch: 267[ 32000/ 37497(85%)]	Learning rate: 0.0005	Loss: 0.004388
Test set metrics:
Loss: 2.877493
WAPE: 0.132787
MAPE: 0.438347
SMAPE: 0.323927
MAE: 283.896240
RMSE: 1229.178955
Train Epoch: 268[ 16000/ 37497(43%)]	Learning rate: 0.0005	Loss: 0.004390
Train Epoch: 268[ 32000/ 37497(85%)]	Learning rate: 0.0005	Loss: 0.004380
Test set metrics:
Loss: 2.883830
WAPE: 0.132939
MAPE: 0.474787
SMAPE: 0.308345
MAE: 284.221893
RMSE: 1230.398071
Train Epoch: 269[ 16000/ 37497(43%)]	Learning rate: 0.0005	Loss: 0.004402
Train Epoch: 269[ 32000/ 37497(85%)]	Learning rate: 0.0005	Loss: 0.004378
Test set metrics:
Loss: 2.864094
WAPE: 0.129312
MAPE: 0.490311
SMAPE: 0.315901
MAE: 276.467285
RMSE: 1215.000854
Train Epoch: 270[ 16000/ 37497(43%)]	Learning rate: 0.0005	Loss: 0.004397
Train Epoch: 270[ 32000/ 37497(85%)]	Learning rate: 0.0005	Loss: 0.004383
Test set metrics:
Loss: 2.834769
WAPE: 0.128766
MAPE: 0.406044
SMAPE: 0.307271
MAE: 275.300385
RMSE: 1164.943848
Train Epoch: 271[ 16000/ 37497(43%)]	Learning rate: 0.0005	Loss: 0.004400
Train Epoch: 271[ 32000/ 37497(85%)]	Learning rate: 0.0005	Loss: 0.004366
Test set metrics:
Loss: 2.871489
WAPE: 0.131921
MAPE: 0.443492
SMAPE: 0.316939
MAE: 282.044586
RMSE: 1216.929810
Train Epoch: 272[ 16000/ 37497(43%)]	Learning rate: 0.0005	Loss: 0.004393
Train Epoch: 272[ 32000/ 37497(85%)]	Learning rate: 0.0005	Loss: 0.004394
Test set metrics:
Loss: 2.874953
WAPE: 0.137535
MAPE: 0.462818
SMAPE: 0.312226
MAE: 294.048981
RMSE: 1251.289429
Train Epoch: 273[ 16000/ 37497(43%)]	Learning rate: 0.0005	Loss: 0.004408
Train Epoch: 273[ 32000/ 37497(85%)]	Learning rate: 0.0005	Loss: 0.004386
Test set metrics:
Loss: 2.876114
WAPE: 0.130511
MAPE: 0.395242
SMAPE: 0.309413
MAE: 279.030457
RMSE: 1197.647827
Train Epoch: 274[ 16000/ 37497(43%)]	Learning rate: 0.0005	Loss: 0.004383
Train Epoch: 274[ 32000/ 37497(85%)]	Learning rate: 0.0005	Loss: 0.004394
Test set metrics:
Loss: 2.890049
WAPE: 0.135598
MAPE: 0.434219
SMAPE: 0.314949
MAE: 289.905975
RMSE: 1223.832275
Train Epoch: 275[ 16000/ 37497(43%)]	Learning rate: 0.0005	Loss: 0.004392
Train Epoch: 275[ 32000/ 37497(85%)]	Learning rate: 0.0005	Loss: 0.004381
Test set metrics:
Loss: 2.831059
WAPE: 0.126608
MAPE: 0.403966
SMAPE: 0.301535
MAE: 270.686279
RMSE: 1119.626099
Train Epoch: 276[ 16000/ 37497(43%)]	Learning rate: 0.0005	Loss: 0.004395
Train Epoch: 276[ 32000/ 37497(85%)]	Learning rate: 0.0005	Loss: 0.004384
Test set metrics:
Loss: 2.809645
WAPE: 0.123504
MAPE: 0.449941
SMAPE: 0.296080
MAE: 264.049225
RMSE: 1096.115356
Train Epoch: 277[ 16000/ 37497(43%)]	Learning rate: 0.0005	Loss: 0.004366
Train Epoch: 277[ 32000/ 37497(85%)]	Learning rate: 0.0005	Loss: 0.004373
Test set metrics:
Loss: 2.817890
WAPE: 0.124643
MAPE: 0.396169
SMAPE: 0.298995
MAE: 266.484467
RMSE: 1120.792236
Train Epoch: 278[ 16000/ 37497(43%)]	Learning rate: 0.0005	Loss: 0.004388
Train Epoch: 278[ 32000/ 37497(85%)]	Learning rate: 0.0005	Loss: 0.004384
Test set metrics:
Loss: 2.865583
WAPE: 0.132902
MAPE: 0.405611
SMAPE: 0.314648
MAE: 284.142456
RMSE: 1189.174438
Train Epoch: 279[ 16000/ 37497(43%)]	Learning rate: 0.0005	Loss: 0.004359
Train Epoch: 279[ 32000/ 37497(85%)]	Learning rate: 0.0005	Loss: 0.004389
Test set metrics:
Loss: 2.860277
WAPE: 0.130944
MAPE: 0.465633
SMAPE: 0.303091
MAE: 279.957458
RMSE: 1151.881104
Train Epoch: 280[ 16000/ 37497(43%)]	Learning rate: 0.0005	Loss: 0.004363
Train Epoch: 280[ 32000/ 37497(85%)]	Learning rate: 0.0005	Loss: 0.004384
Test set metrics:
Loss: 2.858888
WAPE: 0.127959
MAPE: 0.431727
SMAPE: 0.294624
MAE: 273.573975
RMSE: 1197.818359
Train Epoch: 281[ 16000/ 37497(43%)]	Learning rate: 0.0005	Loss: 0.004378
Train Epoch: 281[ 32000/ 37497(85%)]	Learning rate: 0.0005	Loss: 0.004380
Test set metrics:
Loss: 2.842009
WAPE: 0.129994
MAPE: 0.396023
SMAPE: 0.298959
MAE: 277.925323
RMSE: 1218.559082
Train Epoch: 282[ 16000/ 37497(43%)]	Learning rate: 0.0005	Loss: 0.004385
Train Epoch: 282[ 32000/ 37497(85%)]	Learning rate: 0.0005	Loss: 0.004392
Test set metrics:
Loss: 2.835205
WAPE: 0.129800
MAPE: 0.393019
SMAPE: 0.314242
MAE: 277.511383
RMSE: 1147.594238
Train Epoch: 283[ 16000/ 37497(43%)]	Learning rate: 0.0005	Loss: 0.004383
Train Epoch: 283[ 32000/ 37497(85%)]	Learning rate: 0.0005	Loss: 0.004373
Test set metrics:
Loss: 2.873360
WAPE: 0.131588
MAPE: 0.445598
SMAPE: 0.305695
MAE: 281.333130
RMSE: 1181.197388
Train Epoch: 284[ 16000/ 37497(43%)]	Learning rate: 0.0005	Loss: 0.004385
Train Epoch: 284[ 32000/ 37497(85%)]	Learning rate: 0.0005	Loss: 0.004378
Test set metrics:
Loss: 2.867793
WAPE: 0.133423
MAPE: 0.434145
SMAPE: 0.331375
MAE: 285.256927
RMSE: 1292.235474
Train Epoch: 285[ 16000/ 37497(43%)]	Learning rate: 0.0005	Loss: 0.004380
Train Epoch: 285[ 32000/ 37497(85%)]	Learning rate: 0.0005	Loss: 0.004379
Test set metrics:
Loss: 2.851600
WAPE: 0.131639
MAPE: 0.406010
SMAPE: 0.300070
MAE: 281.441772
RMSE: 1206.975098
Train Epoch: 286[ 16000/ 37497(43%)]	Learning rate: 0.0005	Loss: 0.004379
Train Epoch: 286[ 32000/ 37497(85%)]	Learning rate: 0.0005	Loss: 0.004365
Test set metrics:
Loss: 2.837992
WAPE: 0.128490
MAPE: 0.405454
SMAPE: 0.314922
MAE: 274.709229
RMSE: 1142.699951
Train Epoch: 287[ 16000/ 37497(43%)]	Learning rate: 0.0005	Loss: 0.004375
Train Epoch: 287[ 32000/ 37497(85%)]	Learning rate: 0.0005	Loss: 0.004363
Test set metrics:
Loss: 2.840695
WAPE: 0.124340
MAPE: 0.432687
SMAPE: 0.310771
MAE: 265.837097
RMSE: 1116.190796
Train Epoch: 288[ 16000/ 37497(43%)]	Learning rate: 0.0005	Loss: 0.004373
Train Epoch: 288[ 32000/ 37497(85%)]	Learning rate: 0.0005	Loss: 0.004371
Test set metrics:
Loss: 2.839002
WAPE: 0.131457
MAPE: 0.390403
SMAPE: 0.304774
MAE: 281.052704
RMSE: 1237.613281
Train Epoch: 289[ 16000/ 37497(43%)]	Learning rate: 0.0005	Loss: 0.004368
Train Epoch: 289[ 32000/ 37497(85%)]	Learning rate: 0.0005	Loss: 0.004367
Test set metrics:
Loss: 2.835363
WAPE: 0.127070
MAPE: 0.444844
SMAPE: 0.299079
MAE: 271.673553
RMSE: 1174.825928
Train Epoch: 290[ 16000/ 37497(43%)]	Learning rate: 0.0005	Loss: 0.004380
Train Epoch: 290[ 32000/ 37497(85%)]	Learning rate: 0.0005	Loss: 0.004351
Test set metrics:
Loss: 2.843526
WAPE: 0.124532
MAPE: 0.399130
SMAPE: 0.315670
MAE: 266.247650
RMSE: 1162.492065
Train Epoch: 291[ 16000/ 37497(43%)]	Learning rate: 0.0005	Loss: 0.004370
Train Epoch: 291[ 32000/ 37497(85%)]	Learning rate: 0.0005	Loss: 0.004371
Test set metrics:
Loss: 2.850069
WAPE: 0.129127
MAPE: 0.426882
SMAPE: 0.303852
MAE: 276.071289
RMSE: 1167.189575
Train Epoch: 292[ 16000/ 37497(43%)]	Learning rate: 0.0005	Loss: 0.004366
Train Epoch: 292[ 32000/ 37497(85%)]	Learning rate: 0.0005	Loss: 0.004359
Test set metrics:
Loss: 2.872636
WAPE: 0.132595
MAPE: 0.408695
SMAPE: 0.311816
MAE: 283.486511
RMSE: 1241.940430
Train Epoch: 293[ 16000/ 37497(43%)]	Learning rate: 0.0005	Loss: 0.004377
Train Epoch: 293[ 32000/ 37497(85%)]	Learning rate: 0.0005	Loss: 0.004359
Test set metrics:
Loss: 2.865085
WAPE: 0.131245
MAPE: 0.411388
SMAPE: 0.303000
MAE: 280.601288
RMSE: 1190.531860
Train Epoch: 294[ 16000/ 37497(43%)]	Learning rate: 0.0005	Loss: 0.004367
Train Epoch: 294[ 32000/ 37497(85%)]	Learning rate: 0.0005	Loss: 0.004369
Test set metrics:
Loss: 2.890093
WAPE: 0.132804
MAPE: 0.387456
SMAPE: 0.313165
MAE: 283.933746
RMSE: 1219.640625
Train Epoch: 295[ 16000/ 37497(43%)]	Learning rate: 0.0005	Loss: 0.004378
Train Epoch: 295[ 32000/ 37497(85%)]	Learning rate: 0.0005	Loss: 0.004360
Test set metrics:
Loss: 2.877902
WAPE: 0.129808
MAPE: 0.423995
SMAPE: 0.296966
MAE: 277.527252
RMSE: 1235.609131
Train Epoch: 296[ 16000/ 37497(43%)]	Learning rate: 0.0005	Loss: 0.004351
Train Epoch: 296[ 32000/ 37497(85%)]	Learning rate: 0.0005	Loss: 0.004369
Test set metrics:
Loss: 2.792048
WAPE: 0.126319
MAPE: 0.396293
SMAPE: 0.313500
MAE: 270.069244
RMSE: 1148.064697
Train Epoch: 297[ 16000/ 37497(43%)]	Learning rate: 0.0005	Loss: 0.004348
Train Epoch: 297[ 32000/ 37497(85%)]	Learning rate: 0.0005	Loss: 0.004369
Test set metrics:
Loss: 2.839407
WAPE: 0.126137
MAPE: 0.489557
SMAPE: 0.289410
MAE: 269.678528
RMSE: 1160.152100
Train Epoch: 298[ 16000/ 37497(43%)]	Learning rate: 0.0005	Loss: 0.004351
Train Epoch: 298[ 32000/ 37497(85%)]	Learning rate: 0.0005	Loss: 0.004371
Test set metrics:
Loss: 2.874709
WAPE: 0.131570
MAPE: 0.438175
SMAPE: 0.303597
MAE: 281.294312
RMSE: 1258.623047
Train Epoch: 299[ 16000/ 37497(43%)]	Learning rate: 0.0005	Loss: 0.004377
Train Epoch: 299[ 32000/ 37497(85%)]	Learning rate: 0.0005	Loss: 0.004341
Test set metrics:
Loss: 2.895934
WAPE: 0.130915
MAPE: 0.385333
SMAPE: 0.305733
MAE: 279.894501
RMSE: 1194.681030
Train Epoch: 300[ 16000/ 37497(43%)]	Learning rate: 0.0005	Loss: 0.004370
Train Epoch: 300[ 32000/ 37497(85%)]	Learning rate: 0.0005	Loss: 0.004367
Test set metrics:
Loss: 2.849203
WAPE: 0.129501
MAPE: 0.447988
SMAPE: 0.315572
MAE: 276.871124
RMSE: 1161.874756
Test set:
Loss: 2.844325
WAPE: 0.129501
MAPE: 0.447988
SMAPE: 0.315572
MAE: 276.871124
RMSE: 1161.874756
Finished Training
