/var/spool/slurmd/job736107/slurm_script: line 12: $'\302\240': command not found
train_start          : 2012-01-01
train_end            : 2014-12-16
v_batch_size         : 32
h_batch_size         : 256
num_workers          : 4
time_covariates      : True
one_hot_id           : False
num_layers           : 5
kernel_size          : 7
res_block_size       : 32
bias                 : True
epochs               : 100
lr                   : 0.0005
dropout              : 0.2
stride               : 1
tenacity             : 7
leveledinit          : True
clip                 : True
num_rolling_periods  : 7
length_rolling       : 24
model_save_path      : electricity_dglo_data/models/tcn_small_li_tc.pt
writer_path          : electricity_dglo_data/runs/tcn_small_li_tc
log_interval         : 500
print                : True
cuda:0
Creating dataset.
Receptive field of the model is 385 time points.
Train dataset
Dimension of X :  torch.Size([370, 8, 25944])
Dimension of Y :  torch.Size([370, 1, 25944])
Test dataset
Dimension of X :  torch.Size([370, 8, 576])
Dimension of Y :  torch.Size([370, 1, 576])
25944
576
Number of learnable parameters : 67508
Train Epoch:  1[ 16000/ 37497(43%)]	Learning rate: 0.0005	Loss: 0.025033
Train Epoch:  1[ 32000/ 37497(85%)]	Learning rate: 0.0005	Loss: 0.012595
Test set metrics:
Loss: 4.568583
WAPE: 0.204658
MAPE: 0.672507
SMAPE: 0.385184
MAE: 437.556915
RMSE: 2132.328369
Train Epoch:  2[ 16000/ 37497(43%)]	Learning rate: 0.0005	Loss: 0.009135
Train Epoch:  2[ 32000/ 37497(85%)]	Learning rate: 0.0005	Loss: 0.008572
Test set metrics:
Loss: 4.116060
WAPE: 0.199861
MAPE: 0.654745
SMAPE: 0.351629
MAE: 427.299591
RMSE: 2232.433350
Train Epoch:  3[ 16000/ 37497(43%)]	Learning rate: 0.0005	Loss: 0.008016
Train Epoch:  3[ 32000/ 37497(85%)]	Learning rate: 0.0005	Loss: 0.007662
Test set metrics:
Loss: 3.815553
WAPE: 0.170193
MAPE: 0.662819
SMAPE: 0.346102
MAE: 363.870209
RMSE: 1689.878052
Train Epoch:  4[ 16000/ 37497(43%)]	Learning rate: 0.0005	Loss: 0.007336
Train Epoch:  4[ 32000/ 37497(85%)]	Learning rate: 0.0005	Loss: 0.007162
Test set metrics:
Loss: 3.847058
WAPE: 0.174872
MAPE: 0.555870
SMAPE: 0.410019
MAE: 373.873779
RMSE: 1729.219727
Train Epoch:  5[ 16000/ 37497(43%)]	Learning rate: 0.0005	Loss: 0.006917
Train Epoch:  5[ 32000/ 37497(85%)]	Learning rate: 0.0005	Loss: 0.006790
Test set metrics:
Loss: 3.562546
WAPE: 0.147114
MAPE: 0.642829
SMAPE: 0.317682
MAE: 314.527405
RMSE: 1377.295532
Train Epoch:  6[ 16000/ 37497(43%)]	Learning rate: 0.0005	Loss: 0.006659
Train Epoch:  6[ 32000/ 37497(85%)]	Learning rate: 0.0005	Loss: 0.006557
Test set metrics:
Loss: 3.544040
WAPE: 0.148734
MAPE: 0.521658
SMAPE: 0.345749
MAE: 317.992615
RMSE: 1370.934692
Train Epoch:  7[ 16000/ 37497(43%)]	Learning rate: 0.0005	Loss: 0.006479
Train Epoch:  7[ 32000/ 37497(85%)]	Learning rate: 0.0005	Loss: 0.006370
Test set metrics:
Loss: 3.382460
WAPE: 0.140010
MAPE: 0.504282
SMAPE: 0.306729
MAE: 299.339691
RMSE: 1294.169312
Train Epoch:  8[ 16000/ 37497(43%)]	Learning rate: 0.0005	Loss: 0.006293
Train Epoch:  8[ 32000/ 37497(85%)]	Learning rate: 0.0005	Loss: 0.006238
Test set metrics:
Loss: 3.455165
WAPE: 0.150374
MAPE: 0.503006
SMAPE: 0.373270
MAE: 321.497681
RMSE: 1383.267578
Train Epoch:  9[ 16000/ 37497(43%)]	Learning rate: 0.0005	Loss: 0.006159
Train Epoch:  9[ 32000/ 37497(85%)]	Learning rate: 0.0005	Loss: 0.006097
Test set metrics:
Loss: 3.281004
WAPE: 0.144917
MAPE: 0.473331
SMAPE: 0.311783
MAE: 309.829865
RMSE: 1429.015015
Train Epoch: 10[ 16000/ 37497(43%)]	Learning rate: 0.0005	Loss: 0.006036
Train Epoch: 10[ 32000/ 37497(85%)]	Learning rate: 0.0005	Loss: 0.005965
Test set metrics:
Loss: 3.372778
WAPE: 0.156659
MAPE: 0.480925
SMAPE: 0.353936
MAE: 334.935883
RMSE: 1701.980591
Train Epoch: 11[ 16000/ 37497(43%)]	Learning rate: 0.0005	Loss: 0.005911
Train Epoch: 11[ 32000/ 37497(85%)]	Learning rate: 0.0005	Loss: 0.005878
Test set metrics:
Loss: 3.208569
WAPE: 0.145499
MAPE: 0.463894
SMAPE: 0.339078
MAE: 311.075684
RMSE: 1378.590576
Train Epoch: 12[ 16000/ 37497(43%)]	Learning rate: 0.0005	Loss: 0.005805
Train Epoch: 12[ 32000/ 37497(85%)]	Learning rate: 0.0005	Loss: 0.005805
Test set metrics:
Loss: 3.186735
WAPE: 0.141049
MAPE: 0.514657
SMAPE: 0.326418
MAE: 301.561890
RMSE: 1354.064697
Train Epoch: 13[ 16000/ 37497(43%)]	Learning rate: 0.0005	Loss: 0.005748
Train Epoch: 13[ 32000/ 37497(85%)]	Learning rate: 0.0005	Loss: 0.005713
Test set metrics:
Loss: 3.132915
WAPE: 0.137418
MAPE: 0.637224
SMAPE: 0.295076
MAE: 293.797058
RMSE: 1300.082642
Train Epoch: 14[ 16000/ 37497(43%)]	Learning rate: 0.0005	Loss: 0.005695
Train Epoch: 14[ 32000/ 37497(85%)]	Learning rate: 0.0005	Loss: 0.005671
Test set metrics:
Loss: 3.302414
WAPE: 0.163359
MAPE: 0.552809
SMAPE: 0.373959
MAE: 349.260681
RMSE: 1639.183228
Train Epoch: 15[ 16000/ 37497(43%)]	Learning rate: 0.0005	Loss: 0.005602
Train Epoch: 15[ 32000/ 37497(85%)]	Learning rate: 0.0005	Loss: 0.005598
Test set metrics:
Loss: 3.165073
WAPE: 0.146599
MAPE: 0.499727
SMAPE: 0.320832
MAE: 313.427277
RMSE: 1356.442505
Train Epoch: 16[ 16000/ 37497(43%)]	Learning rate: 0.0005	Loss: 0.005557
Train Epoch: 16[ 32000/ 37497(85%)]	Learning rate: 0.0005	Loss: 0.005556
Test set metrics:
Loss: 3.075396
WAPE: 0.140061
MAPE: 0.562731
SMAPE: 0.300440
MAE: 299.448578
RMSE: 1418.530762
Train Epoch: 17[ 16000/ 37497(43%)]	Learning rate: 0.0005	Loss: 0.005497
Train Epoch: 17[ 32000/ 37497(85%)]	Learning rate: 0.0005	Loss: 0.005489
Test set metrics:
Loss: 3.195238
WAPE: 0.150098
MAPE: 0.508600
SMAPE: 0.347796
MAE: 320.907532
RMSE: 1318.884155
Train Epoch: 18[ 16000/ 37497(43%)]	Learning rate: 0.0005	Loss: 0.005464
Train Epoch: 18[ 32000/ 37497(85%)]	Learning rate: 0.0005	Loss: 0.005469
Test set metrics:
Loss: 3.053977
WAPE: 0.134355
MAPE: 0.445126
SMAPE: 0.317287
MAE: 287.248932
RMSE: 1207.500488
Train Epoch: 19[ 16000/ 37497(43%)]	Learning rate: 0.0005	Loss: 0.005422
Train Epoch: 19[ 32000/ 37497(85%)]	Learning rate: 0.0005	Loss: 0.005418
Test set metrics:
Loss: 3.096171
WAPE: 0.144388
MAPE: 0.447865
SMAPE: 0.342088
MAE: 308.699738
RMSE: 1363.968384
Train Epoch: 20[ 16000/ 37497(43%)]	Learning rate: 0.0005	Loss: 0.005413
Train Epoch: 20[ 32000/ 37497(85%)]	Learning rate: 0.0005	Loss: 0.005373
Test set metrics:
Loss: 3.010094
WAPE: 0.134513
MAPE: 0.668125
SMAPE: 0.303220
MAE: 287.586365
RMSE: 1229.109497
Train Epoch: 21[ 16000/ 37497(43%)]	Learning rate: 0.0005	Loss: 0.005359
Train Epoch: 21[ 32000/ 37497(85%)]	Learning rate: 0.0005	Loss: 0.005354
Test set metrics:
Loss: 3.060124
WAPE: 0.145821
MAPE: 0.493338
SMAPE: 0.346992
MAE: 311.764160
RMSE: 1325.373047
Train Epoch: 22[ 16000/ 37497(43%)]	Learning rate: 0.0005	Loss: 0.005326
Train Epoch: 22[ 32000/ 37497(85%)]	Learning rate: 0.0005	Loss: 0.005304
Test set metrics:
Loss: 3.055478
WAPE: 0.138144
MAPE: 0.533814
SMAPE: 0.330457
MAE: 295.349731
RMSE: 1263.778320
Train Epoch: 23[ 16000/ 37497(43%)]	Learning rate: 0.0005	Loss: 0.005326
Train Epoch: 23[ 32000/ 37497(85%)]	Learning rate: 0.0005	Loss: 0.005274
Test set metrics:
Loss: 3.068804
WAPE: 0.144369
MAPE: 0.453034
SMAPE: 0.332068
MAE: 308.658630
RMSE: 1319.870117
Train Epoch: 24[ 16000/ 37497(43%)]	Learning rate: 0.0005	Loss: 0.005278
Train Epoch: 24[ 32000/ 37497(85%)]	Learning rate: 0.0005	Loss: 0.005269
Test set metrics:
Loss: 3.091066
WAPE: 0.149352
MAPE: 0.537548
SMAPE: 0.367630
MAE: 319.313416
RMSE: 1260.588135
Train Epoch: 25[ 16000/ 37497(43%)]	Learning rate: 0.0005	Loss: 0.005223
Train Epoch: 25[ 32000/ 37497(85%)]	Learning rate: 0.0005	Loss: 0.005253
Test set metrics:
Loss: 2.981533
WAPE: 0.134161
MAPE: 0.631911
SMAPE: 0.298029
MAE: 286.835510
RMSE: 1260.210205
Train Epoch: 26[ 16000/ 37497(43%)]	Learning rate: 0.0005	Loss: 0.005232
Train Epoch: 26[ 32000/ 37497(85%)]	Learning rate: 0.0005	Loss: 0.005200
Test set metrics:
Loss: 2.961627
WAPE: 0.131126
MAPE: 0.483739
SMAPE: 0.298105
MAE: 280.344940
RMSE: 1189.041992
Train Epoch: 27[ 16000/ 37497(43%)]	Learning rate: 0.0005	Loss: 0.005190
Train Epoch: 27[ 32000/ 37497(85%)]	Learning rate: 0.0005	Loss: 0.005220
Test set metrics:
Loss: 3.002560
WAPE: 0.140133
MAPE: 0.518147
SMAPE: 0.314788
MAE: 299.602905
RMSE: 1435.421631
Train Epoch: 28[ 16000/ 37497(43%)]	Learning rate: 0.0005	Loss: 0.005177
Train Epoch: 28[ 32000/ 37497(85%)]	Learning rate: 0.0005	Loss: 0.005180
Test set metrics:
Loss: 3.007247
WAPE: 0.137583
MAPE: 0.536533
SMAPE: 0.322938
MAE: 294.150452
RMSE: 1173.782349
Train Epoch: 29[ 16000/ 37497(43%)]	Learning rate: 0.0005	Loss: 0.005158
Train Epoch: 29[ 32000/ 37497(85%)]	Learning rate: 0.0005	Loss: 0.005133
Test set metrics:
Loss: 3.025459
WAPE: 0.140956
MAPE: 0.603389
SMAPE: 0.313810
MAE: 301.361603
RMSE: 1301.265015
Train Epoch: 30[ 16000/ 37497(43%)]	Learning rate: 0.0005	Loss: 0.005143
Train Epoch: 30[ 32000/ 37497(85%)]	Learning rate: 0.0005	Loss: 0.005143
Test set metrics:
Loss: 2.990555
WAPE: 0.137199
MAPE: 0.488356
SMAPE: 0.315594
MAE: 293.329834
RMSE: 1200.933716
Train Epoch: 31[ 16000/ 37497(43%)]	Learning rate: 0.0005	Loss: 0.005115
Train Epoch: 31[ 32000/ 37497(85%)]	Learning rate: 0.0005	Loss: 0.005094
Test set metrics:
Loss: 2.997797
WAPE: 0.138715
MAPE: 0.498112
SMAPE: 0.317195
MAE: 296.570648
RMSE: 1218.562012
Train Epoch: 32[ 16000/ 37497(43%)]	Learning rate: 0.0005	Loss: 0.005064
Train Epoch: 32[ 32000/ 37497(85%)]	Learning rate: 0.0005	Loss: 0.005120
Test set metrics:
Loss: 2.968331
WAPE: 0.137326
MAPE: 0.410318
SMAPE: 0.322079
MAE: 293.602325
RMSE: 1181.255737
Train Epoch: 33[ 16000/ 37497(43%)]	Learning rate: 0.0005	Loss: 0.005086
Train Epoch: 33[ 32000/ 37497(85%)]	Learning rate: 0.0005	Loss: 0.005063
Test set metrics:
Loss: 2.894284
WAPE: 0.127799
MAPE: 0.431291
SMAPE: 0.316009
MAE: 273.233307
RMSE: 1149.235840
Train Epoch: 34[ 16000/ 37497(43%)]	Learning rate: 0.0005	Loss: 0.005052
Train Epoch: 34[ 32000/ 37497(85%)]	Learning rate: 0.0005	Loss: 0.005053
Test set metrics:
Loss: 2.944484
WAPE: 0.133160
MAPE: 0.545644
SMAPE: 0.300889
MAE: 284.694458
RMSE: 1221.638916
Train Epoch: 35[ 16000/ 37497(43%)]	Learning rate: 0.0005	Loss: 0.005045
Train Epoch: 35[ 32000/ 37497(85%)]	Learning rate: 0.0005	Loss: 0.005054
Test set metrics:
Loss: 3.033689
WAPE: 0.147327
MAPE: 0.433889
SMAPE: 0.326283
MAE: 314.982391
RMSE: 1306.207397
Train Epoch: 36[ 16000/ 37497(43%)]	Learning rate: 0.0005	Loss: 0.005033
Train Epoch: 36[ 32000/ 37497(85%)]	Learning rate: 0.0005	Loss: 0.005024
Test set metrics:
Loss: 2.943946
WAPE: 0.134166
MAPE: 0.430606
SMAPE: 0.316541
MAE: 286.845581
RMSE: 1235.532837
Train Epoch: 37[ 16000/ 37497(43%)]	Learning rate: 0.0005	Loss: 0.005026
Train Epoch: 37[ 32000/ 37497(85%)]	Learning rate: 0.0005	Loss: 0.005011
Test set metrics:
Loss: 2.954881
WAPE: 0.135916
MAPE: 0.460892
SMAPE: 0.334482
MAE: 290.585968
RMSE: 1260.470581
Train Epoch: 38[ 16000/ 37497(43%)]	Learning rate: 0.0005	Loss: 0.005011
Train Epoch: 38[ 32000/ 37497(85%)]	Learning rate: 0.0005	Loss: 0.005004
Test set metrics:
Loss: 2.910577
WAPE: 0.131739
MAPE: 0.479245
SMAPE: 0.307009
MAE: 281.656219
RMSE: 1166.651123
Train Epoch: 39[ 16000/ 37497(43%)]	Learning rate: 0.0005	Loss: 0.004989
Train Epoch: 39[ 32000/ 37497(85%)]	Learning rate: 0.0005	Loss: 0.004988
Test set metrics:
Loss: 2.897305
WAPE: 0.132162
MAPE: 0.398885
SMAPE: 0.314603
MAE: 282.561340
RMSE: 1188.891602
Train Epoch: 40[ 16000/ 37497(43%)]	Learning rate: 0.0005	Loss: 0.004991
Train Epoch: 40[ 32000/ 37497(85%)]	Learning rate: 0.0005	Loss: 0.004963
Test set metrics:
Loss: 2.961257
WAPE: 0.137757
MAPE: 0.424996
SMAPE: 0.319079
MAE: 294.523804
RMSE: 1203.517700
Train Epoch: 41[ 16000/ 37497(43%)]	Learning rate: 0.0005	Loss: 0.004969
Train Epoch: 41[ 32000/ 37497(85%)]	Learning rate: 0.0005	Loss: 0.004955
Test set metrics:
Loss: 2.886166
WAPE: 0.131714
MAPE: 0.474617
SMAPE: 0.309596
MAE: 281.603424
RMSE: 1157.855469
Train Epoch: 42[ 16000/ 37497(43%)]	Learning rate: 0.0005	Loss: 0.004953
Train Epoch: 42[ 32000/ 37497(85%)]	Learning rate: 0.0005	Loss: 0.004958
Test set metrics:
Loss: 2.899318
WAPE: 0.130187
MAPE: 0.442119
SMAPE: 0.318416
MAE: 278.339325
RMSE: 1130.789307
Train Epoch: 43[ 16000/ 37497(43%)]	Learning rate: 0.0005	Loss: 0.004934
Train Epoch: 43[ 32000/ 37497(85%)]	Learning rate: 0.0005	Loss: 0.004946
Test set metrics:
Loss: 2.893797
WAPE: 0.129257
MAPE: 0.454774
SMAPE: 0.306586
MAE: 276.349731
RMSE: 1198.542725
Train Epoch: 44[ 16000/ 37497(43%)]	Learning rate: 0.0005	Loss: 0.004921
Train Epoch: 44[ 32000/ 37497(85%)]	Learning rate: 0.0005	Loss: 0.004911
Test set metrics:
Loss: 2.985134
WAPE: 0.144508
MAPE: 0.479406
SMAPE: 0.322903
MAE: 308.957153
RMSE: 1321.750732
Train Epoch: 45[ 16000/ 37497(43%)]	Learning rate: 0.0005	Loss: 0.004916
Train Epoch: 45[ 32000/ 37497(85%)]	Learning rate: 0.0005	Loss: 0.004928
Test set metrics:
Loss: 2.859490
WAPE: 0.128906
MAPE: 0.461376
SMAPE: 0.315073
MAE: 275.598724
RMSE: 1144.198608
Train Epoch: 46[ 16000/ 37497(43%)]	Learning rate: 0.0005	Loss: 0.004912
Train Epoch: 46[ 32000/ 37497(85%)]	Learning rate: 0.0005	Loss: 0.004902
Test set metrics:
Loss: 2.924324
WAPE: 0.138156
MAPE: 0.421431
SMAPE: 0.335940
MAE: 295.375580
RMSE: 1221.556763
Train Epoch: 47[ 16000/ 37497(43%)]	Learning rate: 0.0005	Loss: 0.004883
Train Epoch: 47[ 32000/ 37497(85%)]	Learning rate: 0.0005	Loss: 0.004880
Test set metrics:
Loss: 2.937628
WAPE: 0.137658
MAPE: 0.525298
SMAPE: 0.324645
MAE: 294.311066
RMSE: 1216.462036
Train Epoch: 48[ 16000/ 37497(43%)]	Learning rate: 0.0005	Loss: 0.004891
Train Epoch: 48[ 32000/ 37497(85%)]	Learning rate: 0.0005	Loss: 0.004864
Test set metrics:
Loss: 2.913280
WAPE: 0.132926
MAPE: 0.445194
SMAPE: 0.300148
MAE: 284.194885
RMSE: 1259.134766
Train Epoch: 49[ 16000/ 37497(43%)]	Learning rate: 0.0005	Loss: 0.004873
Train Epoch: 49[ 32000/ 37497(85%)]	Learning rate: 0.0005	Loss: 0.004876
Test set metrics:
Loss: 2.961547
WAPE: 0.139548
MAPE: 0.458562
SMAPE: 0.317001
MAE: 298.351929
RMSE: 1243.951050
Train Epoch: 50[ 16000/ 37497(43%)]	Learning rate: 0.0005	Loss: 0.004862
Train Epoch: 50[ 32000/ 37497(85%)]	Learning rate: 0.0005	Loss: 0.004853
Test set metrics:
Loss: 2.915943
WAPE: 0.137997
MAPE: 0.434787
SMAPE: 0.330718
MAE: 295.035614
RMSE: 1250.688965
Train Epoch: 51[ 16000/ 37497(43%)]	Learning rate: 0.0005	Loss: 0.004847
Train Epoch: 51[ 32000/ 37497(85%)]	Learning rate: 0.0005	Loss: 0.004854
Test set metrics:
Loss: 2.871401
WAPE: 0.131802
MAPE: 0.423487
SMAPE: 0.310973
MAE: 281.791718
RMSE: 1198.738403
Train Epoch: 52[ 16000/ 37497(43%)]	Learning rate: 0.0005	Loss: 0.004839
Train Epoch: 52[ 32000/ 37497(85%)]	Learning rate: 0.0005	Loss: 0.004820
Test set metrics:
Loss: 2.849307
WAPE: 0.130660
MAPE: 0.407051
SMAPE: 0.329616
MAE: 279.349365
RMSE: 1206.942505
Train Epoch: 53[ 16000/ 37497(43%)]	Learning rate: 0.0005	Loss: 0.004838
Train Epoch: 53[ 32000/ 37497(85%)]	Learning rate: 0.0005	Loss: 0.004818
Test set metrics:
Loss: 2.877289
WAPE: 0.130502
MAPE: 0.393682
SMAPE: 0.300438
MAE: 279.012024
RMSE: 1184.218384
Train Epoch: 54[ 16000/ 37497(43%)]	Learning rate: 0.0005	Loss: 0.004820
Train Epoch: 54[ 32000/ 37497(85%)]	Learning rate: 0.0005	Loss: 0.004831
Test set metrics:
Loss: 2.905661
WAPE: 0.134370
MAPE: 0.441185
SMAPE: 0.319196
MAE: 287.281433
RMSE: 1201.337280
Train Epoch: 55[ 16000/ 37497(43%)]	Learning rate: 0.0005	Loss: 0.004832
Train Epoch: 55[ 32000/ 37497(85%)]	Learning rate: 0.0005	Loss: 0.004842
Test set metrics:
Loss: 2.941278
WAPE: 0.138076
MAPE: 0.491845
SMAPE: 0.301480
MAE: 295.204712
RMSE: 1336.328491
Train Epoch: 56[ 16000/ 37497(43%)]	Learning rate: 0.0005	Loss: 0.004815
Train Epoch: 56[ 32000/ 37497(85%)]	Learning rate: 0.0005	Loss: 0.004804
Test set metrics:
Loss: 2.876663
WAPE: 0.130621
MAPE: 0.406790
SMAPE: 0.306601
MAE: 279.266510
RMSE: 1176.451050
Train Epoch: 57[ 16000/ 37497(43%)]	Learning rate: 0.0005	Loss: 0.004811
Train Epoch: 57[ 32000/ 37497(85%)]	Learning rate: 0.0005	Loss: 0.004797
Test set metrics:
Loss: 2.874377
WAPE: 0.135284
MAPE: 0.394797
SMAPE: 0.312548
MAE: 289.235687
RMSE: 1249.325806
Train Epoch: 58[ 16000/ 37497(43%)]	Learning rate: 0.0005	Loss: 0.004800
Train Epoch: 58[ 32000/ 37497(85%)]	Learning rate: 0.0005	Loss: 0.004795
Test set metrics:
Loss: 2.913763
WAPE: 0.139562
MAPE: 0.399416
SMAPE: 0.305665
MAE: 298.381134
RMSE: 1289.603394
Train Epoch: 59[ 16000/ 37497(43%)]	Learning rate: 0.0005	Loss: 0.004775
Train Epoch: 59[ 32000/ 37497(85%)]	Learning rate: 0.0005	Loss: 0.004778
Test set metrics:
Loss: 2.857356
WAPE: 0.131249
MAPE: 0.426961
SMAPE: 0.324083
MAE: 280.609222
RMSE: 1193.340576
Train Epoch: 60[ 16000/ 37497(43%)]	Learning rate: 0.0005	Loss: 0.004781
Train Epoch: 60[ 32000/ 37497(85%)]	Learning rate: 0.0005	Loss: 0.004774
Test set metrics:
Loss: 2.819652
WAPE: 0.128640
MAPE: 0.429756
SMAPE: 0.313189
MAE: 275.031006
RMSE: 1148.425659
Train Epoch: 61[ 16000/ 37497(43%)]	Learning rate: 0.0005	Loss: 0.004784
Train Epoch: 61[ 32000/ 37497(85%)]	Learning rate: 0.0005	Loss: 0.004764
Test set metrics:
Loss: 2.842056
WAPE: 0.130844
MAPE: 0.444330
SMAPE: 0.318391
MAE: 279.743103
RMSE: 1173.285645
Train Epoch: 62[ 16000/ 37497(43%)]	Learning rate: 0.0005	Loss: 0.004766
Train Epoch: 62[ 32000/ 37497(85%)]	Learning rate: 0.0005	Loss: 0.004776
Test set metrics:
Loss: 2.873476
WAPE: 0.129740
MAPE: 0.405617
SMAPE: 0.311173
MAE: 277.382233
RMSE: 1187.690918
Train Epoch: 63[ 16000/ 37497(43%)]	Learning rate: 0.0005	Loss: 0.004764
Train Epoch: 63[ 32000/ 37497(85%)]	Learning rate: 0.0005	Loss: 0.004748
Test set metrics:
Loss: 2.866985
WAPE: 0.132145
MAPE: 0.475607
SMAPE: 0.301380
MAE: 282.523499
RMSE: 1158.563843
Train Epoch: 64[ 16000/ 37497(43%)]	Learning rate: 0.0005	Loss: 0.004741
Train Epoch: 64[ 32000/ 37497(85%)]	Learning rate: 0.0005	Loss: 0.004748
Test set metrics:
Loss: 2.928478
WAPE: 0.141374
MAPE: 0.452502
SMAPE: 0.313593
MAE: 302.256104
RMSE: 1404.702393
Train Epoch: 65[ 16000/ 37497(43%)]	Learning rate: 0.0005	Loss: 0.004733
Train Epoch: 65[ 32000/ 37497(85%)]	Learning rate: 0.0005	Loss: 0.004754
Test set metrics:
Loss: 2.969893
WAPE: 0.146126
MAPE: 0.430114
SMAPE: 0.314779
MAE: 312.416412
RMSE: 1413.074585
Train Epoch: 66[ 16000/ 37497(43%)]	Learning rate: 0.0005	Loss: 0.004745
Train Epoch: 66[ 32000/ 37497(85%)]	Learning rate: 0.0005	Loss: 0.004739
Test set metrics:
Loss: 2.820086
WAPE: 0.129891
MAPE: 0.429415
SMAPE: 0.313953
MAE: 277.705322
RMSE: 1233.603516
Train Epoch: 67[ 16000/ 37497(43%)]	Learning rate: 0.0005	Loss: 0.004716
Train Epoch: 67[ 32000/ 37497(85%)]	Learning rate: 0.0005	Loss: 0.004716
Test set metrics:
Loss: 2.852031
WAPE: 0.129959
MAPE: 0.408569
SMAPE: 0.312462
MAE: 277.850891
RMSE: 1181.170288
Train Epoch: 68[ 16000/ 37497(43%)]	Learning rate: 0.0005	Loss: 0.004697
Train Epoch: 68[ 32000/ 37497(85%)]	Learning rate: 0.0005	Loss: 0.004725
Test set metrics:
Loss: 2.818333
WAPE: 0.129322
MAPE: 0.401626
SMAPE: 0.311754
MAE: 276.488739
RMSE: 1143.546387
Train Epoch: 69[ 16000/ 37497(43%)]	Learning rate: 0.0005	Loss: 0.004716
Train Epoch: 69[ 32000/ 37497(85%)]	Learning rate: 0.0005	Loss: 0.004696
Test set metrics:
Loss: 2.883874
WAPE: 0.137402
MAPE: 0.428707
SMAPE: 0.322030
MAE: 293.763885
RMSE: 1246.059937
Train Epoch: 70[ 16000/ 37497(43%)]	Learning rate: 0.0005	Loss: 0.004699
Train Epoch: 70[ 32000/ 37497(85%)]	Learning rate: 0.0005	Loss: 0.004711
Test set metrics:
Loss: 2.900886
WAPE: 0.142477
MAPE: 0.481911
SMAPE: 0.328114
MAE: 304.614014
RMSE: 1302.457153
Train Epoch: 71[ 16000/ 37497(43%)]	Learning rate: 0.0005	Loss: 0.004696
Train Epoch: 71[ 32000/ 37497(85%)]	Learning rate: 0.0005	Loss: 0.004684
Test set metrics:
Loss: 2.841253
WAPE: 0.128205
MAPE: 0.454362
SMAPE: 0.294944
MAE: 274.100494
RMSE: 1207.759155
Train Epoch: 72[ 16000/ 37497(43%)]	Learning rate: 0.0005	Loss: 0.004688
Train Epoch: 72[ 32000/ 37497(85%)]	Learning rate: 0.0005	Loss: 0.004672
Test set metrics:
Loss: 2.862817
WAPE: 0.134236
MAPE: 0.379634
SMAPE: 0.305199
MAE: 286.995850
RMSE: 1210.844116
Train Epoch: 73[ 16000/ 37497(43%)]	Learning rate: 0.0005	Loss: 0.004689
Train Epoch: 73[ 32000/ 37497(85%)]	Learning rate: 0.0005	Loss: 0.004666
Test set metrics:
Loss: 2.885607
WAPE: 0.141448
MAPE: 0.416213
SMAPE: 0.323717
MAE: 302.414276
RMSE: 1294.423096
Train Epoch: 74[ 16000/ 37497(43%)]	Learning rate: 0.0005	Loss: 0.004677
Train Epoch: 74[ 32000/ 37497(85%)]	Learning rate: 0.0005	Loss: 0.004669
Test set metrics:
Loss: 2.888889
WAPE: 0.138495
MAPE: 0.481757
SMAPE: 0.306090
MAE: 296.100677
RMSE: 1345.071167
Train Epoch: 75[ 16000/ 37497(43%)]	Learning rate: 0.0005	Loss: 0.004679
Train Epoch: 75[ 32000/ 37497(85%)]	Learning rate: 0.0005	Loss: 0.004671
Test set metrics:
Loss: 2.830942
WAPE: 0.129323
MAPE: 0.479900
SMAPE: 0.315734
MAE: 276.490753
RMSE: 1193.478027
Train Epoch: 76[ 16000/ 37497(43%)]	Learning rate: 0.0005	Loss: 0.004663
Train Epoch: 76[ 32000/ 37497(85%)]	Learning rate: 0.0005	Loss: 0.004683
Test set metrics:
Loss: 2.832461
WAPE: 0.131634
MAPE: 0.386299
SMAPE: 0.308150
MAE: 281.432556
RMSE: 1208.659668
Train Epoch: 77[ 16000/ 37497(43%)]	Learning rate: 0.0005	Loss: 0.004674
Train Epoch: 77[ 32000/ 37497(85%)]	Learning rate: 0.0005	Loss: 0.004657
Test set metrics:
Loss: 2.883904
WAPE: 0.140289
MAPE: 0.396004
SMAPE: 0.307732
MAE: 299.935944
RMSE: 1268.899536
Train Epoch: 78[ 16000/ 37497(43%)]	Learning rate: 0.0005	Loss: 0.004658
Train Epoch: 78[ 32000/ 37497(85%)]	Learning rate: 0.0005	Loss: 0.004662
Test set metrics:
Loss: 2.792045
WAPE: 0.127284
MAPE: 0.388790
SMAPE: 0.296608
MAE: 272.132080
RMSE: 1134.589722
Train Epoch: 79[ 16000/ 37497(43%)]	Learning rate: 0.0005	Loss: 0.004647
Train Epoch: 79[ 32000/ 37497(85%)]	Learning rate: 0.0005	Loss: 0.004654
Test set metrics:
Loss: 2.822918
WAPE: 0.133478
MAPE: 0.388830
SMAPE: 0.313563
MAE: 285.373566
RMSE: 1168.788818
Train Epoch: 80[ 16000/ 37497(43%)]	Learning rate: 0.0005	Loss: 0.004658
Train Epoch: 80[ 32000/ 37497(85%)]	Learning rate: 0.0005	Loss: 0.004645
Test set metrics:
Loss: 2.875840
WAPE: 0.138337
MAPE: 0.397986
SMAPE: 0.301985
MAE: 295.761871
RMSE: 1296.682129
Train Epoch: 81[ 16000/ 37497(43%)]	Learning rate: 0.0005	Loss: 0.004644
Train Epoch: 81[ 32000/ 37497(85%)]	Learning rate: 0.0005	Loss: 0.004636
Test set metrics:
Loss: 2.876967
WAPE: 0.140307
MAPE: 0.409918
SMAPE: 0.311965
MAE: 299.975128
RMSE: 1361.640869
Train Epoch: 82[ 16000/ 37497(43%)]	Learning rate: 0.0005	Loss: 0.004624
Train Epoch: 82[ 32000/ 37497(85%)]	Learning rate: 0.0005	Loss: 0.004638
Test set metrics:
Loss: 2.943659
WAPE: 0.149872
MAPE: 0.458188
SMAPE: 0.317499
MAE: 320.424255
RMSE: 1362.056396
Train Epoch: 83[ 16000/ 37497(43%)]	Learning rate: 0.0005	Loss: 0.004644
Train Epoch: 83[ 32000/ 37497(85%)]	Learning rate: 0.0005	Loss: 0.004620
Test set metrics:
Loss: 2.840728
WAPE: 0.139253
MAPE: 0.390566
SMAPE: 0.328147
MAE: 297.720795
RMSE: 1269.212280
Train Epoch: 84[ 16000/ 37497(43%)]	Learning rate: 0.0005	Loss: 0.004626
Train Epoch: 84[ 32000/ 37497(85%)]	Learning rate: 0.0005	Loss: 0.004614
Test set metrics:
Loss: 2.845797
WAPE: 0.136871
MAPE: 0.404232
SMAPE: 0.303763
MAE: 292.628174
RMSE: 1250.047607
Train Epoch: 85[ 16000/ 37497(43%)]	Learning rate: 0.0005	Loss: 0.004613
Train Epoch: 85[ 32000/ 37497(85%)]	Learning rate: 0.0005	Loss: 0.004620
Test set metrics:
Loss: 2.822550
WAPE: 0.132821
MAPE: 0.393921
SMAPE: 0.298643
MAE: 283.970276
RMSE: 1237.672729
Train Epoch: 86[ 16000/ 37497(43%)]	Learning rate: 0.0005	Loss: 0.004611
Train Epoch: 86[ 32000/ 37497(85%)]	Learning rate: 0.0005	Loss: 0.004607
Test set metrics:
Loss: 2.825742
WAPE: 0.133199
MAPE: 0.473891
SMAPE: 0.311381
MAE: 284.777313
RMSE: 1166.001709
Train Epoch: 87[ 16000/ 37497(43%)]	Learning rate: 0.0005	Loss: 0.004627
Train Epoch: 87[ 32000/ 37497(85%)]	Learning rate: 0.0005	Loss: 0.004606
Test set metrics:
Loss: 2.945254
WAPE: 0.148277
MAPE: 0.475381
SMAPE: 0.305744
MAE: 317.013550
RMSE: 1369.614990
Train Epoch: 88[ 16000/ 37497(43%)]	Learning rate: 0.0005	Loss: 0.004603
Train Epoch: 88[ 32000/ 37497(85%)]	Learning rate: 0.0005	Loss: 0.004617
Test set metrics:
Loss: 2.875917
WAPE: 0.142949
MAPE: 0.382063
SMAPE: 0.329930
MAE: 305.623840
RMSE: 1336.074585
Train Epoch: 89[ 16000/ 37497(43%)]	Learning rate: 0.0005	Loss: 0.004596
Train Epoch: 89[ 32000/ 37497(85%)]	Learning rate: 0.0005	Loss: 0.004597
Test set metrics:
Loss: 2.789655
WAPE: 0.134609
MAPE: 0.499269
SMAPE: 0.315830
MAE: 287.792206
RMSE: 1165.920776
Train Epoch: 90[ 16000/ 37497(43%)]	Learning rate: 0.0005	Loss: 0.004591
Train Epoch: 90[ 32000/ 37497(85%)]	Learning rate: 0.0005	Loss: 0.004584
Test set metrics:
Loss: 2.870210
WAPE: 0.134661
MAPE: 0.501297
SMAPE: 0.291345
MAE: 287.902893
RMSE: 1233.430786
Train Epoch: 91[ 16000/ 37497(43%)]	Learning rate: 0.0005	Loss: 0.004579
Train Epoch: 91[ 32000/ 37497(85%)]	Learning rate: 0.0005	Loss: 0.004617
Test set metrics:
Loss: 2.782853
WAPE: 0.127238
MAPE: 0.371789
SMAPE: 0.291422
MAE: 272.032440
RMSE: 1230.012573
Train Epoch: 92[ 16000/ 37497(43%)]	Learning rate: 0.0005	Loss: 0.004577
Train Epoch: 92[ 32000/ 37497(85%)]	Learning rate: 0.0005	Loss: 0.004600
Test set metrics:
Loss: 2.855963
WAPE: 0.139194
MAPE: 0.403128
SMAPE: 0.323236
MAE: 297.594238
RMSE: 1266.880859
Train Epoch: 93[ 16000/ 37497(43%)]	Learning rate: 0.0005	Loss: 0.004596
Train Epoch: 93[ 32000/ 37497(85%)]	Learning rate: 0.0005	Loss: 0.004611
Test set metrics:
Loss: 2.811952
WAPE: 0.132654
MAPE: 0.498625
SMAPE: 0.295603
MAE: 283.612488
RMSE: 1253.171631
Train Epoch: 94[ 16000/ 37497(43%)]	Learning rate: 0.0005	Loss: 0.004593
Train Epoch: 94[ 32000/ 37497(85%)]	Learning rate: 0.0005	Loss: 0.004574
Test set metrics:
Loss: 2.755449
WAPE: 0.127446
MAPE: 0.381956
SMAPE: 0.313923
MAE: 272.477234
RMSE: 1155.297119
Train Epoch: 95[ 16000/ 37497(43%)]	Learning rate: 0.0005	Loss: 0.004573
Train Epoch: 95[ 32000/ 37497(85%)]	Learning rate: 0.0005	Loss: 0.004583
Test set metrics:
Loss: 2.823529
WAPE: 0.135747
MAPE: 0.414035
SMAPE: 0.318521
MAE: 290.226379
RMSE: 1174.207764
Train Epoch: 96[ 16000/ 37497(43%)]	Learning rate: 0.0005	Loss: 0.004571
Train Epoch: 96[ 32000/ 37497(85%)]	Learning rate: 0.0005	Loss: 0.004584
Test set metrics:
Loss: 2.807369
WAPE: 0.134073
MAPE: 0.424799
SMAPE: 0.319858
MAE: 286.646271
RMSE: 1199.795410
Train Epoch: 97[ 16000/ 37497(43%)]	Learning rate: 0.0005	Loss: 0.004564
Train Epoch: 97[ 32000/ 37497(85%)]	Learning rate: 0.0005	Loss: 0.004570
Test set metrics:
Loss: 2.819959
WAPE: 0.135544
MAPE: 0.427505
SMAPE: 0.327985
MAE: 289.790649
RMSE: 1172.773071
Train Epoch: 98[ 16000/ 37497(43%)]	Learning rate: 0.0005	Loss: 0.004561
Train Epoch: 98[ 32000/ 37497(85%)]	Learning rate: 0.0005	Loss: 0.004565
Test set metrics:
Loss: 2.807391
WAPE: 0.134026
MAPE: 0.482308
SMAPE: 0.296253
MAE: 286.545258
RMSE: 1253.448853
Train Epoch: 99[ 16000/ 37497(43%)]	Learning rate: 0.0005	Loss: 0.004555
Train Epoch: 99[ 32000/ 37497(85%)]	Learning rate: 0.0005	Loss: 0.004546
Test set metrics:
Loss: 2.790071
WAPE: 0.134717
MAPE: 0.380374
SMAPE: 0.303027
MAE: 288.023895
RMSE: 1229.039429
Train Epoch: 100[ 16000/ 37497(43%)]	Learning rate: 0.0005	Loss: 0.004555
Train Epoch: 100[ 32000/ 37497(85%)]	Learning rate: 0.0005	Loss: 0.004570
Test set metrics:
Loss: 2.875299
WAPE: 0.143224
MAPE: 0.394385
SMAPE: 0.312504
MAE: 306.210968
RMSE: 1319.713501
Test set:
Loss: 2.880974
WAPE: 0.143224
MAPE: 0.394385
SMAPE: 0.312504
MAE: 306.210968
RMSE: 1319.713501
Finished Training
